#
# A fatal error has been detected by the Java Runtime Environment:
#
#  EXCEPTION_ACCESS_VIOLATION (0xc0000005) at pc=0x65605ad9, pid=15988, tid=12676
#
# JRE version: 7.0_25-b16
# Java VM: Java HotSpot(TM) Client VM (23.25-b01 mixed mode, sharing windows-x86 )
# Problematic frame:
# V  [jvm.dll+0xa5ad9]
#
# Failed to write core dump. Minidumps are not enabled by default on client versions of Windows
#
# If you would like to submit a bug report, please visit:
#   http://bugreport.sun.com/bugreport/crash.jsp
#

---------------  T H R E A D  ---------------

Current thread (0x03ecdc00):  JavaThread "Thread-2" daemon [_thread_in_vm, id=12676, stack(0x062c0000,0x06310000)]

siginfo: ExceptionCode=0xc0000005, reading address 0x00000000

Registers:
EAX=0x00000000, EBX=0x03e7dc01, ECX=0x00000000, EDX=0x00000000
ESP=0x0630ef1c, EBP=0x0630ef28, ESI=0x03ecdc00, EDI=0x03e7dc10
EIP=0x65605ad9, EFLAGS=0x00010202

Top of Stack: (sp=0x0630ef1c)
0x0630ef1c:   0630efc0 00000000 03e7dc10 0630f1a8
0x0630ef2c:   062542a8 03ecdd28 03e7dc10 00000000
0x0630ef3c:   06254220 0630efb0 0630efb8 00000020
0x0630ef4c:   06254220 65563d83 03ecdc00 00000020
0x0630ef5c:   0630ef90 65563d83 03ecdc00 00000020
0x0630ef6c:   0625420c 0630efa4 65563d83 03ecdc00
0x0630ef7c:   723b6c85 00000002 03ecdc00 0630f1e0
0x0630ef8c:   0630ef7c 0630efa0 0630f89c 723b6c85 

Instructions: (pc=0x65605ad9)
0x65605ab9:   8e 09 00 33 f6 eb 02 8b f1 6a 06 56 e8 46 e3 f5
0x65605ac9:   ff 8b 7d 0c 83 c4 08 b3 01 85 ff 74 3d 8b 45 10
0x65605ad9:   8b 00 50 32 db e8 3d 8f f7 ff 83 c4 04 85 c0 74
0x65605ae9:   29 8b 0f 8b 49 04 8b 50 10 83 c1 08 39 44 0a f8 


Register to memory mapping:

EAX=0x00000000 is an unknown value
EBX=0x03e7dc01 is an unknown value
ECX=0x00000000 is an unknown value
EDX=0x00000000 is an unknown value
ESP=0x0630ef1c is pointing into the stack for thread: 0x03ecdc00
EBP=0x0630ef28 is pointing into the stack for thread: 0x03ecdc00
ESI=0x03ecdc00 is a thread
EDI=0x03e7dc10 is an unknown value


Stack: [0x062c0000,0x06310000],  sp=0x0630ef1c,  free space=315k
Native frames: (J=compiled Java code, j=interpreted, Vv=VM code, C=native code)
V  [jvm.dll+0xa5ad9]
C  [jna4852672506279874700.dll+0x42a8]  Java_com_sun_jna_Pointer__1getString+0x778
C  [jna4852672506279874700.dll+0x4d2e]  Java_com_sun_jna_Function_invokeInt+0x2e
J  com.sun.jna.Function.invokeInt(I[Ljava/lang/Object;)I
J  com.sun.jna.Function.invoke([Ljava/lang/Object;Ljava/lang/Class;Z)Ljava/lang/Object;
V  [jvm.dll+0x124afa]
V  [jvm.dll+0x1d224e]
V  [jvm.dll+0x124caf]
V  [jvm.dll+0x124d17]
V  [jvm.dll+0xcf06f]
V  [jvm.dll+0x144447]
V  [jvm.dll+0x1445b0]
V  [jvm.dll+0x177bb9]
C  [msvcr100.dll+0x5c6de]  endthreadex+0x3a
C  [msvcr100.dll+0x5c788]  endthreadex+0xe4
C  [kernel32.dll+0x4ed6c]  BaseThreadInitThunk+0x12
C  [ntdll.dll+0x637eb]  RtlInitializeExceptionChain+0xef
C  [ntdll.dll+0x637be]  RtlInitializeExceptionChain+0xc2

Java frames: (J=compiled Java code, j=interpreted, Vv=VM code)
J  com.sun.jna.Function.invokeInt(I[Ljava/lang/Object;)I
J  com.sun.jna.Function.invoke([Ljava/lang/Object;Ljava/lang/Class;Z)Ljava/lang/Object;
J  com.sun.jna.Function.invoke(Ljava/lang/Class;[Ljava/lang/Object;Ljava/util/Map;)Ljava/lang/Object;
J  com.sun.jna.Library$Handler.invoke(Ljava/lang/Object;Ljava/lang/reflect/Method;[Ljava/lang/Object;)Ljava/lang/Object;
J  com.sun.proxy.$Proxy0.EE_DataGetNumberOfSample(Lcom/sun/jna/Pointer;Lcom/sun/jna/ptr/IntByReference;)I
J  com.lw.eeg.EEGLog.EEGLog$Thread_EEG.run()V
v  ~StubRoutines::call_stub

---------------  P R O C E S S  ---------------

Java Threads: ( => current thread )
  0x05397c00 JavaThread "Thread-0" daemon [_thread_in_native, id=16164, stack(0x06840000,0x06890000)]
=>0x03ecdc00 JavaThread "Thread-2" daemon [_thread_in_vm, id=12676, stack(0x062c0000,0x06310000)]
  0x03ecd800 JavaThread "TimerQueue" daemon [_thread_blocked, id=15928, stack(0x063e0000,0x06430000)]
  0x03e9c800 JavaThread "Image Fetcher 0" daemon [_thread_blocked, id=15296, stack(0x05040000,0x05090000)]
  0x013ab800 JavaThread "DestroyJavaVM" [_thread_blocked, id=15648, stack(0x012d0000,0x01320000)]
  0x03e4f400 JavaThread "AWT-EventQueue-0" [_thread_blocked, id=16008, stack(0x042c0000,0x04310000)]
  0x03e45400 JavaThread "AWT-Shutdown" [_thread_blocked, id=13148, stack(0x04410000,0x04460000)]
  0x03e42800 JavaThread "Java2D Disposer" daemon [_thread_blocked, id=12720, stack(0x04310000,0x04360000)]
  0x01c25400 JavaThread "Service Thread" daemon [_thread_blocked, id=16148, stack(0x03fa0000,0x03ff0000)]
  0x01c18c00 JavaThread "C1 CompilerThread0" daemon [_thread_blocked, id=14664, stack(0x04250000,0x042a0000)]
  0x01c17800 JavaThread "Attach Listener" daemon [_thread_blocked, id=15376, stack(0x041d0000,0x04220000)]
  0x01c3f800 JavaThread "Signal Dispatcher" daemon [_thread_blocked, id=14780, stack(0x04050000,0x040a0000)]
  0x01bf4400 JavaThread "Finalizer" daemon [_thread_blocked, id=16188, stack(0x03c50000,0x03ca0000)]
  0x01bf2c00 JavaThread "Reference Handler" daemon [_thread_blocked, id=13976, stack(0x03cb0000,0x03d00000)]

Other Threads:
  0x01bf1400 VMThread [stack: 0x03d20000,0x03d70000] [id=14648]
  0x01c26c00 WatcherThread [stack: 0x04380000,0x043d0000] [id=15428]

VM state:not at safepoint (normal execution)

VM Mutex/Monitor currently owned by a thread: None

Heap
 def new generation   total 4928K, used 1185K [0x23cf0000, 0x24240000, 0x29240000)
  eden space 4416K,  26% used [0x23cf0000, 0x23e16c30, 0x24140000)
  from space 512K,   1% used [0x24140000, 0x241418e0, 0x241c0000)
  to   space 512K,   0% used [0x241c0000, 0x241c0000, 0x24240000)
 tenured generation   total 10944K, used 9835K [0x29240000, 0x29cf0000, 0x33cf0000)
   the space 10944K,  89% used [0x29240000, 0x29bdae60, 0x29bdb000, 0x29cf0000)
 compacting perm gen  total 12288K, used 3148K [0x33cf0000, 0x348f0000, 0x37cf0000)
   the space 12288K,  25% used [0x33cf0000, 0x34003338, 0x34003400, 0x348f0000)
    ro space 10240K,  45% used [0x37cf0000, 0x38179b28, 0x38179c00, 0x386f0000)
    rw space 12288K,  54% used [0x386f0000, 0x38d7d0e8, 0x38d7d200, 0x392f0000)

Card table byte_map: [0x013b0000,0x01460000] byte_map_base: 0x01291880

Polling page: 0x00550000

Code Cache  [0x01c40000, 0x01e00000, 0x03c40000)
 total_blobs=902 nmethods=650 adapters=187 free_code_cache=31007Kb largest_free_block=31750528

Compilation events (10 events):
Event: 3.086 Thread 0x01c18c00  651             java.lang.Long::stringSize (38 bytes)
Event: 3.086 Thread 0x01c18c00 nmethod 651 0x01df6ac8 code [0x01df6bc0, 0x01df6cb0]
Event: 3.108 Thread 0x01c18c00  652             java.util.concurrent.locks.AbstractQueuedSynchronizer::isOnSyncQueue (33 bytes)
Event: 3.108 Thread 0x01c18c00 nmethod 652 0x01df6d08 code [0x01df6e10, 0x01df6f10]
Event: 3.230 Thread 0x01c18c00  653             javax.swing.Timer::getLock (5 bytes)
Event: 3.230 Thread 0x01c18c00 nmethod 653 0x01df6fc8 code [0x01df70c0, 0x01df7140]
Event: 3.251 Thread 0x01c18c00  654             java.util.PriorityQueue::peek (16 bytes)
Event: 3.251 Thread 0x01c18c00 nmethod 654 0x01df7188 code [0x01df7280, 0x01df7340]
Event: 3.356 Thread 0x01c18c00  655             java.lang.ref.Reference::<init> (7 bytes)
Event: 3.357 Thread 0x01c18c00 nmethod 655 0x01df7408 code [0x01df7500, 0x01df75c0]

GC Heap History (10 events):
Event: 3.165 GC heap before
{Heap before GC invocations=23 (full 0):
 def new generation   total 4928K, used 4422K [0x23cf0000, 0x24240000, 0x29240000)
  eden space 4416K, 100% used [0x23cf0000, 0x24140000, 0x24140000)
  from space 512K,   1% used [0x241c0000, 0x241c1878, 0x24240000)
  to   space 512K,   0% used [0x24140000, 0x24140000, 0x241c0000)
 tenured generation   total 10944K, used 9834K [0x29240000, 0x29cf0000, 0x33cf0000)
   the space 10944K,  89% used [0x29240000, 0x29bda858, 0x29bdaa00, 0x29cf0000)
 compacting perm gen  total 12288K, used 3126K [0x33cf0000, 0x348f0000, 0x37cf0000)
   the space 12288K,  25% used [0x33cf0000, 0x33ffda50, 0x33ffdc00, 0x348f0000)
    ro space 10240K,  45% used [0x37cf0000, 0x38179b28, 0x38179c00, 0x386f0000)
    rw space 12288K,  54% used [0x386f0000, 0x38d7d0e8, 0x38d7d200, 0x392f0000)
Event: 3.165 GC heap after
Heap after GC invocations=24 (full 0):
 def new generation   total 4928K, used 6K [0x23cf0000, 0x24240000, 0x29240000)
  eden space 4416K,   0% used [0x23cf0000, 0x23cf0000, 0x24140000)
  from space 512K,   1% used [0x24140000, 0x24141878, 0x241c0000)
  to   space 512K,   0% used [0x241c0000, 0x241c0000, 0x24240000)
 tenured generation   total 10944K, used 9834K [0x29240000, 0x29cf0000, 0x33cf0000)
   the space 10944K,  89% used [0x29240000, 0x29bda958, 0x29bdaa00, 0x29cf0000)
 compacting perm gen  total 12288K, used 3126K [0x33cf0000, 0x348f0000, 0x37cf0000)
   the space 12288K,  25% used [0x33cf0000, 0x33ffda50, 0x33ffdc00, 0x348f0000)
    ro space 10240K,  45% used [0x37cf0000, 0x38179b28, 0x38179c00, 0x386f0000)
    rw space 12288K,  54% used [0x386f0000, 0x38d7d0e8, 0x38d7d200, 0x392f0000)
}
Event: 3.212 GC heap before
{Heap before GC invocations=24 (full 0):
 def new generation   total 4928K, used 4422K [0x23cf0000, 0x24240000, 0x29240000)
  eden space 4416K, 100% used [0x23cf0000, 0x24140000, 0x24140000)
  from space 512K,   1% used [0x24140000, 0x24141878, 0x241c0000)
  to   space 512K,   0% used [0x241c0000, 0x241c0000, 0x24240000)
 tenured generation   total 10944K, used 9834K [0x29240000, 0x29cf0000, 0x33cf0000)
   the space 10944K,  89% used [0x29240000, 0x29bda958, 0x29bdaa00, 0x29cf0000)
 compacting perm gen  total 12288K, used 3126K [0x33cf0000, 0x348f0000, 0x37cf0000)
   the space 12288K,  25% used [0x33cf0000, 0x33ffda50, 0x33ffdc00, 0x348f0000)
    ro space 10240K,  45% used [0x37cf0000, 0x38179b28, 0x38179c00, 0x386f0000)
    rw space 12288K,  54% used [0x386f0000, 0x38d7d0e8, 0x38d7d200, 0x392f0000)
Event: 3.212 GC heap after
Heap after GC invocations=25 (full 0):
 def new generation   total 4928K, used 6K [0x23cf0000, 0x24240000, 0x29240000)
  eden space 4416K,   0% used [0x23cf0000, 0x23cf0000, 0x24140000)
  from space 512K,   1% used [0x241c0000, 0x241c1838, 0x24240000)
  to   space 512K,   0% used [0x24140000, 0x24140000, 0x241c0000)
 tenured generation   total 10944K, used 9834K [0x29240000, 0x29cf0000, 0x33cf0000)
   the space 10944K,  89% used [0x29240000, 0x29bdaad8, 0x29bdac00, 0x29cf0000)
 compacting perm gen  total 12288K, used 3126K [0x33cf0000, 0x348f0000, 0x37cf0000)
   the space 12288K,  25% used [0x33cf0000, 0x33ffda50, 0x33ffdc00, 0x348f0000)
    ro space 10240K,  45% used [0x37cf0000, 0x38179b28, 0x38179c00, 0x386f0000)
    rw space 12288K,  54% used [0x386f0000, 0x38d7d0e8, 0x38d7d200, 0x392f0000)
}
Event: 3.257 GC heap before
{Heap before GC invocations=25 (full 0):
 def new generation   total 4928K, used 4422K [0x23cf0000, 0x24240000, 0x29240000)
  eden space 4416K, 100% used [0x23cf0000, 0x24140000, 0x24140000)
  from space 512K,   1% used [0x241c0000, 0x241c1838, 0x24240000)
  to   space 512K,   0% used [0x24140000, 0x24140000, 0x241c0000)
 tenured generation   total 10944K, used 9834K [0x29240000, 0x29cf0000, 0x33cf0000)
   the space 10944K,  89% used [0x29240000, 0x29bdaad8, 0x29bdac00, 0x29cf0000)
 compacting perm gen  total 12288K, used 3126K [0x33cf0000, 0x348f0000, 0x37cf0000)
   the space 12288K,  25% used [0x33cf0000, 0x33ffda50, 0x33ffdc00, 0x348f0000)
    ro space 10240K,  45% used [0x37cf0000, 0x38179b28, 0x38179c00, 0x386f0000)
    rw space 12288K,  54% used [0x386f0000, 0x38d7d0e8, 0x38d7d200, 0x392f0000)
Event: 3.258 GC heap after
Heap after GC invocations=26 (full 0):
 def new generation   total 4928K, used 6K [0x23cf0000, 0x24240000, 0x29240000)
  eden space 4416K,   0% used [0x23cf0000, 0x23cf0000, 0x24140000)
  from space 512K,   1% used [0x24140000, 0x24141a68, 0x241c0000)
  to   space 512K,   0% used [0x241c0000, 0x241c0000, 0x24240000)
 tenured generation   total 10944K, used 9834K [0x29240000, 0x29cf0000, 0x33cf0000)
   the space 10944K,  89% used [0x29240000, 0x29bdab58, 0x29bdac00, 0x29cf0000)
 compacting perm gen  total 12288K, used 3126K [0x33cf0000, 0x348f0000, 0x37cf0000)
   the space 12288K,  25% used [0x33cf0000, 0x33ffda50, 0x33ffdc00, 0x348f0000)
    ro space 10240K,  45% used [0x37cf0000, 0x38179b28, 0x38179c00, 0x386f0000)
    rw space 12288K,  54% used [0x386f0000, 0x38d7d0e8, 0x38d7d200, 0x392f0000)
}
Event: 3.301 GC heap before
{Heap before GC invocations=26 (full 0):
 def new generation   total 4928K, used 4422K [0x23cf0000, 0x24240000, 0x29240000)
  eden space 4416K, 100% used [0x23cf0000, 0x24140000, 0x24140000)
  from space 512K,   1% used [0x24140000, 0x24141a68, 0x241c0000)
  to   space 512K,   0% used [0x241c0000, 0x241c0000, 0x24240000)
 tenured generation   total 10944K, used 9834K [0x29240000, 0x29cf0000, 0x33cf0000)
   the space 10944K,  89% used [0x29240000, 0x29bdab58, 0x29bdac00, 0x29cf0000)
 compacting perm gen  total 12288K, used 3126K [0x33cf0000, 0x348f0000, 0x37cf0000)
   the space 12288K,  25% used [0x33cf0000, 0x33ffda50, 0x33ffdc00, 0x348f0000)
    ro space 10240K,  45% used [0x37cf0000, 0x38179b28, 0x38179c00, 0x386f0000)
    rw space 12288K,  54% used [0x386f0000, 0x38d7d0e8, 0x38d7d200, 0x392f0000)
Event: 3.301 GC heap after
Heap after GC invocations=27 (full 0):
 def new generation   total 4928K, used 6K [0x23cf0000, 0x24240000, 0x29240000)
  eden space 4416K,   0% used [0x23cf0000, 0x23cf0000, 0x24140000)
  from space 512K,   1% used [0x241c0000, 0x241c18b0, 0x24240000)
  to   space 512K,   0% used [0x24140000, 0x24140000, 0x241c0000)
 tenured generation   total 10944K, used 9835K [0x29240000, 0x29cf0000, 0x33cf0000)
   the space 10944K,  89% used [0x29240000, 0x29bdad60, 0x29bdae00, 0x29cf0000)
 compacting perm gen  total 12288K, used 3126K [0x33cf0000, 0x348f0000, 0x37cf0000)
   the space 12288K,  25% used [0x33cf0000, 0x33ffda50, 0x33ffdc00, 0x348f0000)
    ro space 10240K,  45% used [0x37cf0000, 0x38179b28, 0x38179c00, 0x386f0000)
    rw space 12288K,  54% used [0x386f0000, 0x38d7d0e8, 0x38d7d200, 0x392f0000)
}
Event: 3.346 GC heap before
{Heap before GC invocations=27 (full 0):
 def new generation   total 4928K, used 4422K [0x23cf0000, 0x24240000, 0x29240000)
  eden space 4416K, 100% used [0x23cf0000, 0x24140000, 0x24140000)
  from space 512K,   1% used [0x241c0000, 0x241c18b0, 0x24240000)
  to   space 512K,   0% used [0x24140000, 0x24140000, 0x241c0000)
 tenured generation   total 10944K, used 9835K [0x29240000, 0x29cf0000, 0x33cf0000)
   the space 10944K,  89% used [0x29240000, 0x29bdad60, 0x29bdae00, 0x29cf0000)
 compacting perm gen  total 12288K, used 3126K [0x33cf0000, 0x348f0000, 0x37cf0000)
   the space 12288K,  25% used [0x33cf0000, 0x33ffda50, 0x33ffdc00, 0x348f0000)
    ro space 10240K,  45% used [0x37cf0000, 0x38179b28, 0x38179c00, 0x386f0000)
    rw space 12288K,  54% used [0x386f0000, 0x38d7d0e8, 0x38d7d200, 0x392f0000)
Event: 3.347 GC heap after
Heap after GC invocations=28 (full 0):
 def new generation   total 4928K, used 6K [0x23cf0000, 0x24240000, 0x29240000)
  eden space 4416K,   0% used [0x23cf0000, 0x23cf0000, 0x24140000)
  from space 512K,   1% used [0x24140000, 0x241418e0, 0x241c0000)
  to   space 512K,   0% used [0x241c0000, 0x241c0000, 0x24240000)
 tenured generation   total 10944K, used 9835K [0x29240000, 0x29cf0000, 0x33cf0000)
   the space 10944K,  89% used [0x29240000, 0x29bdae60, 0x29bdb000, 0x29cf0000)
 compacting perm gen  total 12288K, used 3126K [0x33cf0000, 0x348f0000, 0x37cf0000)
   the space 12288K,  25% used [0x33cf0000, 0x33ffda50, 0x33ffdc00, 0x348f0000)
    ro space 10240K,  45% used [0x37cf0000, 0x38179b28, 0x38179c00, 0x386f0000)
    rw space 12288K,  54% used [0x386f0000, 0x38d7d0e8, 0x38d7d200, 0x392f0000)
}

Deoptimization events (0 events):
No events

Internal exceptions (10 events):
Event: 2.274 Thread 0x03e4f400 Threw 0x23dc44d0 at C:\jdk7u2_32P\jdk7u25\hotspot\src\share\vm\prims\jvm.cpp:1235
Event: 2.275 Thread 0x03e4f400 Threw 0x23dca440 at C:\jdk7u2_32P\jdk7u25\hotspot\src\share\vm\prims\jvm.cpp:1235
Event: 2.275 Thread 0x03e4f400 Threw 0x23dd5848 at C:\jdk7u2_32P\jdk7u25\hotspot\src\share\vm\prims\jvm.cpp:1235
Event: 2.275 Thread 0x03e4f400 Threw 0x23dd8b80 at C:\jdk7u2_32P\jdk7u25\hotspot\src\share\vm\prims\jvm.cpp:1235
Event: 2.279 Thread 0x03e4f400 Threw 0x23dde7c0 at C:\jdk7u2_32P\jdk7u25\hotspot\src\share\vm\prims\jvm.cpp:1235
Event: 2.280 Thread 0x03e4f400 Threw 0x23deee90 at C:\jdk7u2_32P\jdk7u25\hotspot\src\share\vm\prims\jvm.cpp:1235
Event: 2.280 Thread 0x03e4f400 Threw 0x23e08090 at C:\jdk7u2_32P\jdk7u25\hotspot\src\share\vm\prims\jvm.cpp:1235
Event: 2.281 Thread 0x03e4f400 Threw 0x23e22280 at C:\jdk7u2_32P\jdk7u25\hotspot\src\share\vm\prims\jvm.cpp:1235
Event: 2.282 Thread 0x03e4f400 Threw 0x23e33dd8 at C:\jdk7u2_32P\jdk7u25\hotspot\src\share\vm\prims\jvm.cpp:1235
Event: 2.285 Thread 0x03e4f400 Threw 0x23e3a9b0 at C:\jdk7u2_32P\jdk7u25\hotspot\src\share\vm\prims\jvm.cpp:1239

Events (10 events):
Event: 3.301 Executing VM operation: GenCollectForAllocation
Event: 3.302 Executing VM operation: GenCollectForAllocation done
Event: 3.346 Executing VM operation: GenCollectForAllocation
Event: 3.347 Executing VM operation: GenCollectForAllocation done
Event: 3.356 Thread 0x05397000 Thread added: 0x05397000
Event: 3.356 Thread 0x05397800 Thread added: 0x05397800
Event: 3.356 Thread 0x05397c00 Thread added: 0x05397c00
Event: 3.356 Thread 0x05397800 Thread exited: 0x05397800
Event: 3.357 loading class 0x39312800
Event: 3.357 loading class 0x39312800 done


Dynamic libraries:
0x01250000 - 0x0127f000 	C:\Program Files\Java\jdk1.7.0_25\bin\javaw.exe
0x77810000 - 0x7794c000 	C:\Windows\SYSTEM32\ntdll.dll
0x77520000 - 0x775f4000 	C:\Windows\system32\kernel32.dll
0x75ab0000 - 0x75afb000 	C:\Windows\system32\KERNELBASE.dll
0x76d40000 - 0x76de0000 	C:\Windows\system32\ADVAPI32.dll
0x77460000 - 0x7750c000 	C:\Windows\system32\msvcrt.dll
0x77220000 - 0x77239000 	C:\Windows\SYSTEM32\sechost.dll
0x75bb0000 - 0x75c52000 	C:\Windows\system32\RPCRT4.dll
0x77300000 - 0x773c9000 	C:\Windows\system32\USER32.dll
0x76f70000 - 0x76fbe000 	C:\Windows\system32\GDI32.dll
0x77510000 - 0x7751a000 	C:\Windows\system32\LPK.dll
0x779a0000 - 0x77a3d000 	C:\Windows\system32\USP10.dll
0x74bf0000 - 0x74d8e000 	C:\Windows\WinSxS\x86_microsoft.windows.common-controls_6595b64144ccf1df_6.0.7601.17514_none_41e6975e2bd6f2b2\COMCTL32.dll
0x76fc0000 - 0x77017000 	C:\Windows\system32\SHLWAPI.dll
0x76de0000 - 0x76dff000 	C:\Windows\system32\IMM32.DLL
0x75eb0000 - 0x75f7c000 	C:\Windows\system32\MSCTF.dll
0x6d9e0000 - 0x6da9e000 	C:\Program Files\Java\jdk1.7.0_25\jre\bin\msvcr100.dll
0x65560000 - 0x658a2000 	C:\Program Files\Java\jdk1.7.0_25\jre\bin\client\jvm.dll
0x72d30000 - 0x72d37000 	C:\Windows\system32\WSOCK32.dll
0x77240000 - 0x77275000 	C:\Windows\system32\WS2_32.dll
0x76f60000 - 0x76f66000 	C:\Windows\system32\NSI.dll
0x74440000 - 0x74472000 	C:\Windows\system32\WINMM.dll
0x76d30000 - 0x76d35000 	C:\Windows\system32\PSAPI.DLL
0x73fa0000 - 0x73fac000 	C:\Program Files\Java\jdk1.7.0_25\jre\bin\verify.dll
0x73610000 - 0x73630000 	C:\Program Files\Java\jdk1.7.0_25\jre\bin\java.dll
0x73630000 - 0x73643000 	C:\Program Files\Java\jdk1.7.0_25\jre\bin\zip.dll
0x5ce40000 - 0x5cf84000 	C:\Program Files\Java\jdk1.7.0_25\jre\bin\awt.dll
0x75e20000 - 0x75eaf000 	C:\Windows\system32\OLEAUT32.dll
0x76bd0000 - 0x76d2c000 	C:\Windows\system32\ole32.dll
0x73e10000 - 0x73e50000 	C:\Windows\system32\uxtheme.dll
0x71db0000 - 0x71e4f000 	C:\ProgramData\Tencent\TSVulFw\TSVulFW.DAT
0x74960000 - 0x74969000 	C:\Windows\system32\VERSION.dll
0x75f80000 - 0x76bca000 	C:\Windows\system32\SHELL32.dll
0x73c00000 - 0x73c13000 	C:\Windows\system32\dwmapi.dll
0x757d0000 - 0x757dc000 	C:\Windows\system32\CRYPTBASE.dll
0x10000000 - 0x1000f000 	D:\Users\Leslie\AppData\Local\Youdao\Dict\5.4.43.3217\WordStrokeHelper32.dll
0x72940000 - 0x72971000 	C:\Program Files\Java\jdk1.7.0_25\jre\bin\fontmanager.dll
0x72980000 - 0x72994000 	C:\Program Files\Java\jdk1.7.0_25\jre\bin\net.dll
0x752a0000 - 0x752dc000 	C:\Windows\system32\mswsock.dll
0x75290000 - 0x75296000 	C:\Windows\System32\wship6.dll
0x73fb0000 - 0x73fbf000 	C:\Program Files\Java\jdk1.7.0_25\jre\bin\nio.dll
0x73250000 - 0x73280000 	C:\Program Files\Java\jdk1.7.0_25\jre\bin\t2k.dll
0x773d0000 - 0x77453000 	C:\Windows\system32\CLBCatQ.DLL
0x75300000 - 0x75316000 	C:\Windows\system32\CRYPTSP.dll
0x75080000 - 0x750bb000 	C:\Windows\system32\rsaenh.dll
0x747d0000 - 0x747e7000 	C:\Windows\system32\USERENV.dll
0x75850000 - 0x7585b000 	C:\Windows\system32\profapi.dll
0x73ad0000 - 0x73ae0000 	C:\Windows\system32\NLAapi.dll
0x724b0000 - 0x724c0000 	C:\Windows\system32\napinsp.dll
0x72470000 - 0x72482000 	C:\Windows\system32\pnrpnsp.dll
0x75160000 - 0x751a4000 	C:\Windows\system32\DNSAPI.dll
0x72460000 - 0x72468000 	C:\Windows\System32\winrnr.dll
0x72450000 - 0x7245d000 	C:\Windows\system32\wshbth.dll
0x72420000 - 0x72447000 	C:\Program Files\Common Files\Microsoft Shared\Windows Live\WLIDNSP.DLL
0x723f0000 - 0x72411000 	C:\Program Files\Bonjour\mdnsNSP.dll
0x74530000 - 0x7454c000 	C:\Windows\system32\Iphlpapi.DLL
0x74520000 - 0x74527000 	C:\Windows\system32\WINNSI.DLL
0x04fe0000 - 0x04ff7000 	C:\Program Files\Common Files\Thunder Network\NetMon\net_monitor2.0.2.9.dll
0x7c3a0000 - 0x7c41b000 	C:\Windows\system32\MSVCP71.dll
0x7c340000 - 0x7c396000 	C:\Windows\system32\MSVCR71.dll
0x74420000 - 0x74426000 	C:\Windows\System32\wshqos.dll
0x74410000 - 0x74415000 	C:\Windows\system32\wshtcpip.DLL
0x72300000 - 0x72306000 	C:\Windows\system32\rasadhlp.dll
0x70dd0000 - 0x70e08000 	C:\Windows\System32\fwpuclnt.dll
0x06250000 - 0x062a5000 	C:\Users\Leslie\AppData\Local\Temp\jna4852672506279874700.dll
0x54260000 - 0x5447f000 	E:\workspace\android\MSCPROJECT\EEGAnalysis\edk.dll
0x53ef0000 - 0x540e2000 	E:\workspace\android\MSCPROJECT\EEGAnalysis\edk_utils.dll
0x6fa80000 - 0x6fae9000 	C:\Windows\system32\MSVCP100.dll
0x77020000 - 0x771bd000 	C:\Windows\system32\SETUPAPI.dll
0x75a80000 - 0x75aa7000 	C:\Windows\system32\CFGMGR32.dll
0x75b90000 - 0x75ba2000 	C:\Windows\system32\DEVOBJ.dll
0x73ba0000 - 0x73ba9000 	C:\Windows\system32\HID.DLL
0x75a40000 - 0x75a6e000 	C:\Windows\system32\WINTRUST.dll
0x75920000 - 0x75a40000 	C:\Windows\system32\CRYPT32.dll
0x758c0000 - 0x758cc000 	C:\Windows\system32\MSASN1.dll
0x06370000 - 0x063cf000 	D:\Users\Leslie\AppData\Local\Youdao\Dict\5.4.43.3217\TextExtractorImpl32.dll
0x73290000 - 0x732cc000 	C:\Windows\system32\OLEACC.dll
0x72d50000 - 0x72e3b000 	C:\Windows\system32\dbghelp.dll
0x75780000 - 0x757cc000 	C:\Windows\system32\apphelp.dll

VM Arguments:
jvm_args: -Dfile.encoding=GBK 
java_command: com.lw.eeg.Main.EEGAnalysis
Launcher Type: SUN_STANDARD

Environment Variables:
JAVA_HOME=C:\Program Files\Java\jdk1.7.0_25
CLASSPATH=.;.;C:\PROGRA~1\JMF21~1.1E\lib\sound.jar;C:\PROGRA~1\JMF21~1.1E\lib\jmf.jar;C:\PROGRA~1\JMF21~1.1E\lib;
PATH=C:/Program Files/Java/jre7/bin/client;C:/Program Files/Java/jre7/bin;C:/Program Files/Java/jre7/lib/i386;C:\Windows\system32;C:\Windows\System32;C:\Program Files\Java\jdk1.7.0_25\bin;D:\Program Files\LaTex\miktex\bin\;E:\dvlTools\adt-bundle-windows-x86-20130522\eclipse;
USERNAME=Leslie
OS=Windows_NT
PROCESSOR_IDENTIFIER=x86 Family 6 Model 58 Stepping 9, GenuineIntel



---------------  S Y S T E M  ---------------

OS: Windows 7 Build 7601 Service Pack 1

CPU:total 4 (2 cores per cpu, 2 threads per core) family 6 model 58 stepping 9, cmov, cx8, fxsr, mmx, sse, sse2, sse3, ssse3, sse4.1, sse4.2, popcnt, avx, ht, tsc, tscinvbit, tscinv

Memory: 4k page, physical 3412076k(1053724k free), swap 6822400k(3312744k free)

vm_info: Java HotSpot(TM) Client VM (23.25-b01) for windows-x86 JRE (1.7.0_25-b16), built on Jun 12 2013 20:29:09 by "java_re" with unknown MS VC++:1600

time: Sat Aug 31 19:05:54 2013
elapsed time: 3 seconds

