#
# A fatal error has been detected by the Java Runtime Environment:
#
#  EXCEPTION_ACCESS_VIOLATION (0xc0000005) at pc=0x513f5ad9, pid=11648, tid=12904
#
# JRE version: 7.0_25-b16
# Java VM: Java HotSpot(TM) Client VM (23.25-b01 mixed mode, sharing windows-x86 )
# Problematic frame:
# V  [jvm.dll+0xa5ad9]
#
# Failed to write core dump. Minidumps are not enabled by default on client versions of Windows
#
# If you would like to submit a bug report, please visit:
#   http://bugreport.sun.com/bugreport/crash.jsp
#

---------------  T H R E A D  ---------------

Current thread (0x040c8800):  JavaThread "Thread-0" daemon [_thread_in_vm, id=12904, stack(0x03ee0000,0x03f30000)]

siginfo: ExceptionCode=0xc0000005, reading address 0x00000000

Registers:
EAX=0x00000000, EBX=0x01ad4401, ECX=0x00000000, EDX=0x00000000
ESP=0x03f2eedc, EBP=0x03f2eee8, ESI=0x040c8800, EDI=0x01ad4430
EIP=0x513f5ad9, EFLAGS=0x00010206

Top of Stack: (sp=0x03f2eedc)
0x03f2eedc:   03f2ef70 00000000 01ad4430 03f2f158
0x03f2eeec:   03df42a8 040c8928 01ad4430 00000000
0x03f2eefc:   03f2ef10 03f2ef30 00000001 00000020
0x03f2ef0c:   03df4220 51353d83 040c8800 8b35020c
0x03f2ef1c:   00000000 03f2ef54 51353d83 00000020
0x03f2ef2c:   03df420c 00000001 040c8800 03f2f190
0x03f2ef3c:   03f2ef2c 03f2ef50 03f2f81c 8b350218
0x03f2ef4c:   03df41ee fffffffe 03f2ef68 513f5dad 

Instructions: (pc=0x513f5ad9)
0x513f5ab9:   8e 09 00 33 f6 eb 02 8b f1 6a 06 56 e8 46 e3 f5
0x513f5ac9:   ff 8b 7d 0c 83 c4 08 b3 01 85 ff 74 3d 8b 45 10
0x513f5ad9:   8b 00 50 32 db e8 3d 8f f7 ff 83 c4 04 85 c0 74
0x513f5ae9:   29 8b 0f 8b 49 04 8b 50 10 83 c1 08 39 44 0a f8 


Register to memory mapping:

EAX=0x00000000 is an unknown value
EBX=0x01ad4401 is an unknown value
ECX=0x00000000 is an unknown value
EDX=0x00000000 is an unknown value
ESP=0x03f2eedc is pointing into the stack for thread: 0x040c8800
EBP=0x03f2eee8 is pointing into the stack for thread: 0x040c8800
ESI=0x040c8800 is a thread
EDI=0x01ad4430 is an unknown value


Stack: [0x03ee0000,0x03f30000],  sp=0x03f2eedc,  free space=315k
Native frames: (J=compiled Java code, j=interpreted, Vv=VM code, C=native code)
V  [jvm.dll+0xa5ad9]
C  0x03df42a8
C  0x03df4d2e
J  com.sun.jna.Function.invokeInt(I[Ljava/lang/Object;)I
J  com.sun.jna.Function.invoke([Ljava/lang/Object;Ljava/lang/Class;Z)Ljava/lang/Object;
V  [jvm.dll+0x124afa]
V  [jvm.dll+0x1d224e]
V  [jvm.dll+0x124caf]
V  [jvm.dll+0x124d17]
V  [jvm.dll+0xcf06f]
V  [jvm.dll+0x144447]
V  [jvm.dll+0x1445b0]
V  [jvm.dll+0x177bb9]
C  [msvcr100.dll+0x5c6de]  endthreadex+0x3a
C  [msvcr100.dll+0x5c788]  endthreadex+0xe4
C  [kernel32.dll+0x4ed6c]  BaseThreadInitThunk+0x12
C  [ntdll.dll+0x637eb]  RtlInitializeExceptionChain+0xef
C  [ntdll.dll+0x637be]  RtlInitializeExceptionChain+0xc2

Java frames: (J=compiled Java code, j=interpreted, Vv=VM code)
J  com.sun.jna.Function.invokeInt(I[Ljava/lang/Object;)I
J  com.sun.jna.Function.invoke([Ljava/lang/Object;Ljava/lang/Class;Z)Ljava/lang/Object;
J  com.sun.jna.Function.invoke(Ljava/lang/Class;[Ljava/lang/Object;Ljava/util/Map;)Ljava/lang/Object;
J  com.sun.jna.Library$Handler.invoke(Ljava/lang/Object;Ljava/lang/reflect/Method;[Ljava/lang/Object;)Ljava/lang/Object;
J  com.sun.proxy.$Proxy0.EE_EngineGetNextEvent(Lcom/sun/jna/Pointer;)I
J  com.lw.eeg.EEGLog.EEGLog$Thread_EEG.run()V
v  ~StubRoutines::call_stub

---------------  P R O C E S S  ---------------

Java Threads: ( => current thread )
  0x019fb400 JavaThread "DestroyJavaVM" [_thread_blocked, id=12304, stack(0x01b00000,0x01b50000)]
=>0x040c8800 JavaThread "Thread-0" daemon [_thread_in_vm, id=12904, stack(0x03ee0000,0x03f30000)]
  0x01ae3c00 JavaThread "Service Thread" daemon [_thread_blocked, id=13548, stack(0x01230000,0x01280000)]
  0x01ad9c00 JavaThread "C1 CompilerThread0" daemon [_thread_blocked, id=14116, stack(0x04050000,0x040a0000)]
  0x01ad8800 JavaThread "Attach Listener" daemon [_thread_blocked, id=14240, stack(0x03fc0000,0x04010000)]
  0x01aff800 JavaThread "Signal Dispatcher" daemon [_thread_blocked, id=12792, stack(0x03d10000,0x03d60000)]
  0x01ab7400 JavaThread "Finalizer" daemon [_thread_blocked, id=13980, stack(0x03f30000,0x03f80000)]
  0x01ab2800 JavaThread "Reference Handler" daemon [_thread_blocked, id=10696, stack(0x03e50000,0x03ea0000)]

Other Threads:
  0x01ab1400 VMThread [stack: 0x03da0000,0x03df0000] [id=13680]
  0x040b3400 WatcherThread [stack: 0x042f0000,0x04340000] [id=12388]

VM state:not at safepoint (normal execution)

VM Mutex/Monitor currently owned by a thread: None

Heap
 def new generation   total 78656K, used 69958K [0x23cf0000, 0x29240000, 0x29240000)
  eden space 69952K, 100% used [0x23cf0000, 0x28140000, 0x28140000)
  from space 8704K,   0% used [0x289c0000, 0x289c19e8, 0x29240000)
  to   space 8704K,   0% used [0x28140000, 0x28140000, 0x289c0000)
 tenured generation   total 174784K, used 174783K [0x29240000, 0x33cf0000, 0x33cf0000)
   the space 174784K,  99% used [0x29240000, 0x33cefff8, 0x33cf0000, 0x33cf0000)
 compacting perm gen  total 12288K, used 1342K [0x33cf0000, 0x348f0000, 0x37cf0000)
   the space 12288K,  10% used [0x33cf0000, 0x33e3f9c0, 0x33e3fa00, 0x348f0000)
    ro space 10240K,  45% used [0x37cf0000, 0x38179b28, 0x38179c00, 0x386f0000)
    rw space 12288K,  54% used [0x386f0000, 0x38d7d0e8, 0x38d7d200, 0x392f0000)

Card table byte_map: [0x03c10000,0x03cc0000] byte_map_base: 0x03af1880

Polling page: 0x00240000

Code Cache  [0x01c10000, 0x01d60000, 0x03c10000)
 total_blobs=404 nmethods=240 adapters=99 free_code_cache=31449Kb largest_free_block=32204544

Compilation events (10 events):
Event: 27.909 Thread 0x01ad9c00  228             java.util.TreeMap::fixAfterInsertion (267 bytes)
Event: 27.910 Thread 0x01ad9c00 nmethod 228 0x01d57508 code [0x01d576c0, 0x01d57ca0]
Event: 27.910 Thread 0x01ad9c00  229             java.util.TreeMap::parentOf (13 bytes)
Event: 27.910 Thread 0x01ad9c00 nmethod 229 0x01d58508 code [0x01d58600, 0x01d58690]
Event: 27.910 Thread 0x01ad9c00  230             java.lang.String::compareTo (78 bytes)
Event: 27.911 Thread 0x01ad9c00 nmethod 230 0x01d58708 code [0x01d58810, 0x01d58930]
Event: 27.911 Thread 0x01ad9c00  231   !         sun.misc.URLClassPath$JarLoader::getResource (91 bytes)
Event: 27.912 Thread 0x01ad9c00 nmethod 231 0x01d58b88 code [0x01d58d30, 0x01d591d0]
Event: 27.917 Thread 0x01ad9c00  232             java.lang.StringBuilder::toString (17 bytes)
Event: 27.918 Thread 0x01ad9c00 nmethod 232 0x01d59688 code [0x01d59790, 0x01d5987c]

GC Heap History (10 events):
Event: 25.989 GC heap before
{Heap before GC invocations=85 (full 56):
 def new generation   total 78656K, used 78656K [0x23cf0000, 0x29240000, 0x29240000)
  eden space 69952K, 100% used [0x23cf0000, 0x28140000, 0x28140000)
  from space 8704K, 100% used [0x289c0000, 0x29240000, 0x29240000)
  to   space 8704K,   0% used [0x28140000, 0x28140000, 0x289c0000)
 tenured generation   total 174784K, used 174783K [0x29240000, 0x33cf0000, 0x33cf0000)
   the space 174784K,  99% used [0x29240000, 0x33cefff8, 0x33cf0000, 0x33cf0000)
 compacting perm gen  total 12288K, used 975K [0x33cf0000, 0x348f0000, 0x37cf0000)
   the space 12288K,   7% used [0x33cf0000, 0x33de3c60, 0x33de3e00, 0x348f0000)
    ro space 10240K,  45% used [0x37cf0000, 0x38179b28, 0x38179c00, 0x386f0000)
    rw space 12288K,  54% used [0x386f0000, 0x38d7d0e8, 0x38d7d200, 0x392f0000)
Event: 26.261 GC heap after
Heap after GC invocations=86 (full 57):
 def new generation   total 78656K, used 46655K [0x23cf0000, 0x29240000, 0x29240000)
  eden space 69952K,  66% used [0x23cf0000, 0x26a7fdc8, 0x28140000)
  from space 8704K,   0% used [0x289c0000, 0x289c0000, 0x29240000)
  to   space 8704K,   0% used [0x28140000, 0x28140000, 0x289c0000)
 tenured generation   total 174784K, used 174783K [0x29240000, 0x33cf0000, 0x33cf0000)
   the space 174784K,  99% used [0x29240000, 0x33cefff8, 0x33cf0000, 0x33cf0000)
 compacting perm gen  total 12288K, used 975K [0x33cf0000, 0x348f0000, 0x37cf0000)
   the space 12288K,   7% used [0x33cf0000, 0x33de3c60, 0x33de3e00, 0x348f0000)
    ro space 10240K,  45% used [0x37cf0000, 0x38179b28, 0x38179c00, 0x386f0000)
    rw space 12288K,  54% used [0x386f0000, 0x38d7d0e8, 0x38d7d200, 0x392f0000)
}
Event: 26.382 GC heap before
{Heap before GC invocations=86 (full 57):
 def new generation   total 78656K, used 78656K [0x23cf0000, 0x29240000, 0x29240000)
  eden space 69952K, 100% used [0x23cf0000, 0x28140000, 0x28140000)
  from space 8704K, 100% used [0x289c0000, 0x29240000, 0x29240000)
  to   space 8704K,   0% used [0x28140000, 0x28140000, 0x289c0000)
 tenured generation   total 174784K, used 174783K [0x29240000, 0x33cf0000, 0x33cf0000)
   the space 174784K,  99% used [0x29240000, 0x33cefff8, 0x33cf0000, 0x33cf0000)
 compacting perm gen  total 12288K, used 975K [0x33cf0000, 0x348f0000, 0x37cf0000)
   the space 12288K,   7% used [0x33cf0000, 0x33de3c60, 0x33de3e00, 0x348f0000)
    ro space 10240K,  45% used [0x37cf0000, 0x38179b28, 0x38179c00, 0x386f0000)
    rw space 12288K,  54% used [0x386f0000, 0x38d7d0e8, 0x38d7d200, 0x392f0000)
Event: 26.660 GC heap after
Heap after GC invocations=87 (full 58):
 def new generation   total 78656K, used 46655K [0x23cf0000, 0x29240000, 0x29240000)
  eden space 69952K,  66% used [0x23cf0000, 0x26a7fd60, 0x28140000)
  from space 8704K,   0% used [0x289c0000, 0x289c0000, 0x29240000)
  to   space 8704K,   0% used [0x28140000, 0x28140000, 0x289c0000)
 tenured generation   total 174784K, used 174783K [0x29240000, 0x33cf0000, 0x33cf0000)
   the space 174784K,  99% used [0x29240000, 0x33cefff8, 0x33cf0000, 0x33cf0000)
 compacting perm gen  total 12288K, used 975K [0x33cf0000, 0x348f0000, 0x37cf0000)
   the space 12288K,   7% used [0x33cf0000, 0x33de3c60, 0x33de3e00, 0x348f0000)
    ro space 10240K,  45% used [0x37cf0000, 0x38179b28, 0x38179c00, 0x386f0000)
    rw space 12288K,  54% used [0x386f0000, 0x38d7d0e8, 0x38d7d200, 0x392f0000)
}
Event: 26.772 GC heap before
{Heap before GC invocations=87 (full 58):
 def new generation   total 78656K, used 78656K [0x23cf0000, 0x29240000, 0x29240000)
  eden space 69952K, 100% used [0x23cf0000, 0x28140000, 0x28140000)
  from space 8704K, 100% used [0x289c0000, 0x29240000, 0x29240000)
  to   space 8704K,   0% used [0x28140000, 0x28140000, 0x289c0000)
 tenured generation   total 174784K, used 174783K [0x29240000, 0x33cf0000, 0x33cf0000)
   the space 174784K,  99% used [0x29240000, 0x33cefff8, 0x33cf0000, 0x33cf0000)
 compacting perm gen  total 12288K, used 975K [0x33cf0000, 0x348f0000, 0x37cf0000)
   the space 12288K,   7% used [0x33cf0000, 0x33de3c60, 0x33de3e00, 0x348f0000)
    ro space 10240K,  45% used [0x37cf0000, 0x38179b28, 0x38179c00, 0x386f0000)
    rw space 12288K,  54% used [0x386f0000, 0x38d7d0e8, 0x38d7d200, 0x392f0000)
Event: 27.047 GC heap after
Heap after GC invocations=88 (full 59):
 def new generation   total 78656K, used 46655K [0x23cf0000, 0x29240000, 0x29240000)
  eden space 69952K,  66% used [0x23cf0000, 0x26a7fdd8, 0x28140000)
  from space 8704K,   0% used [0x289c0000, 0x289c0000, 0x29240000)
  to   space 8704K,   0% used [0x28140000, 0x28140000, 0x289c0000)
 tenured generation   total 174784K, used 174783K [0x29240000, 0x33cf0000, 0x33cf0000)
   the space 174784K,  99% used [0x29240000, 0x33cefff8, 0x33cf0000, 0x33cf0000)
 compacting perm gen  total 12288K, used 975K [0x33cf0000, 0x348f0000, 0x37cf0000)
   the space 12288K,   7% used [0x33cf0000, 0x33de3c60, 0x33de3e00, 0x348f0000)
    ro space 10240K,  45% used [0x37cf0000, 0x38179b28, 0x38179c00, 0x386f0000)
    rw space 12288K,  54% used [0x386f0000, 0x38d7d0e8, 0x38d7d200, 0x392f0000)
}
Event: 27.160 GC heap before
{Heap before GC invocations=88 (full 59):
 def new generation   total 78656K, used 78655K [0x23cf0000, 0x29240000, 0x29240000)
  eden space 69952K, 100% used [0x23cf0000, 0x28140000, 0x28140000)
  from space 8704K,  99% used [0x289c0000, 0x2923ffe8, 0x29240000)
  to   space 8704K,   0% used [0x28140000, 0x28140000, 0x289c0000)
 tenured generation   total 174784K, used 174783K [0x29240000, 0x33cf0000, 0x33cf0000)
   the space 174784K,  99% used [0x29240000, 0x33cefff8, 0x33cf0000, 0x33cf0000)
 compacting perm gen  total 12288K, used 975K [0x33cf0000, 0x348f0000, 0x37cf0000)
   the space 12288K,   7% used [0x33cf0000, 0x33de3c60, 0x33de3e00, 0x348f0000)
    ro space 10240K,  45% used [0x37cf0000, 0x38179b28, 0x38179c00, 0x386f0000)
    rw space 12288K,  54% used [0x386f0000, 0x38d7d0e8, 0x38d7d200, 0x392f0000)
Event: 27.433 GC heap after
Heap after GC invocations=89 (full 60):
 def new generation   total 78656K, used 46655K [0x23cf0000, 0x29240000, 0x29240000)
  eden space 69952K,  66% used [0x23cf0000, 0x26a7fd60, 0x28140000)
  from space 8704K,   0% used [0x289c0000, 0x289c0000, 0x29240000)
  to   space 8704K,   0% used [0x28140000, 0x28140000, 0x289c0000)
 tenured generation   total 174784K, used 174783K [0x29240000, 0x33cf0000, 0x33cf0000)
   the space 174784K,  99% used [0x29240000, 0x33ceffe0, 0x33cf0000, 0x33cf0000)
 compacting perm gen  total 12288K, used 975K [0x33cf0000, 0x348f0000, 0x37cf0000)
   the space 12288K,   7% used [0x33cf0000, 0x33de3c60, 0x33de3e00, 0x348f0000)
    ro space 10240K,  45% used [0x37cf0000, 0x38179b28, 0x38179c00, 0x386f0000)
    rw space 12288K,  54% used [0x386f0000, 0x38d7d0e8, 0x38d7d200, 0x392f0000)
}
Event: 27.590 GC heap before
{Heap before GC invocations=89 (full 60):
 def new generation   total 78656K, used 78655K [0x23cf0000, 0x29240000, 0x29240000)
  eden space 69952K, 100% used [0x23cf0000, 0x28140000, 0x28140000)
  from space 8704K,  99% used [0x289c0000, 0x2923fff8, 0x29240000)
  to   space 8704K,   0% used [0x28140000, 0x28140000, 0x289c0000)
 tenured generation   total 174784K, used 174783K [0x29240000, 0x33cf0000, 0x33cf0000)
   the space 174784K,  99% used [0x29240000, 0x33cefff8, 0x33cf0000, 0x33cf0000)
 compacting perm gen  total 12288K, used 975K [0x33cf0000, 0x348f0000, 0x37cf0000)
   the space 12288K,   7% used [0x33cf0000, 0x33de3c60, 0x33de3e00, 0x348f0000)
    ro space 10240K,  45% used [0x37cf0000, 0x38179b28, 0x38179c00, 0x386f0000)
    rw space 12288K,  54% used [0x386f0000, 0x38d7d0e8, 0x38d7d200, 0x392f0000)
Event: 27.871 GC heap after
Heap after GC invocations=90 (full 61):
 def new generation   total 78656K, used 46655K [0x23cf0000, 0x29240000, 0x29240000)
  eden space 69952K,  66% used [0x23cf0000, 0x26a7fde0, 0x28140000)
  from space 8704K,   0% used [0x289c0000, 0x289c0000, 0x29240000)
  to   space 8704K,   0% used [0x28140000, 0x28140000, 0x289c0000)
 tenured generation   total 174784K, used 174783K [0x29240000, 0x33cf0000, 0x33cf0000)
   the space 174784K,  99% used [0x29240000, 0x33cefff8, 0x33cf0000, 0x33cf0000)
 compacting perm gen  total 12288K, used 975K [0x33cf0000, 0x348f0000, 0x37cf0000)
   the space 12288K,   7% used [0x33cf0000, 0x33de3c60, 0x33de3e00, 0x348f0000)
    ro space 10240K,  45% used [0x37cf0000, 0x38179b28, 0x38179c00, 0x386f0000)
    rw space 12288K,  54% used [0x386f0000, 0x38d7d0e8, 0x38d7d200, 0x392f0000)
}

Deoptimization events (0 events):
No events

Internal exceptions (10 events):
Event: 27.918 Thread 0x019fb400 Threw 0x273d33d8 at C:\jdk7u2_32P\jdk7u25\hotspot\src\share\vm\prims\jvm.cpp:1235
Event: 27.922 Thread 0x019fb400 Threw 0x273fa1d8 at C:\jdk7u2_32P\jdk7u25\hotspot\src\share\vm\prims\jvm.cpp:1235
Event: 27.923 Thread 0x019fb400 Threw 0x274011a0 at C:\jdk7u2_32P\jdk7u25\hotspot\src\share\vm\prims\jvm.cpp:1235
Event: 27.924 Thread 0x019fb400 Threw 0x274124e0 at C:\jdk7u2_32P\jdk7u25\hotspot\src\share\vm\prims\jvm.cpp:1235
Event: 27.924 Thread 0x019fb400 Threw 0x274157e8 at C:\jdk7u2_32P\jdk7u25\hotspot\src\share\vm\prims\jvm.cpp:1235
Event: 27.926 Thread 0x019fb400 Threw 0x2741bab0 at C:\jdk7u2_32P\jdk7u25\hotspot\src\share\vm\prims\jvm.cpp:1235
Event: 27.926 Thread 0x019fb400 Threw 0x2741f628 at C:\jdk7u2_32P\jdk7u25\hotspot\src\share\vm\prims\jvm.cpp:1235
Event: 27.931 Thread 0x019fb400 Threw 0x27443be8 at C:\jdk7u2_32P\jdk7u25\hotspot\src\share\vm\prims\jvm.cpp:1235
Event: 27.932 Thread 0x019fb400 Threw 0x27446a00 at C:\jdk7u2_32P\jdk7u25\hotspot\src\share\vm\prims\jvm.cpp:1235
Event: 27.932 Thread 0x019fb400 Threw 0x27449668 at C:\jdk7u2_32P\jdk7u25\hotspot\src\share\vm\prims\jvm.cpp:1235

Events (10 events):
Event: 27.932 loading class 0x04192f28 done
Event: 27.934 loading class 0x392fd838
Event: 27.934 loading class 0x392fd9e0
Event: 27.934 loading class 0x392fd9e0 done
Event: 27.934 loading class 0x392fd838 done
Event: 27.934 Thread 0x019fb400 Thread exited: 0x019fb400
Event: 27.934 Thread 0x019fb400 Thread added: 0x019fb400
Event: 27.934 Thread 0x05557c00 Thread added: 0x05557c00
Event: 27.936 loading class 0x39312800
Event: 27.936 loading class 0x39312800 done


Dynamic libraries:
0x01280000 - 0x012af000 	C:\Program Files\Java\jdk1.7.0_25\bin\javaw.exe
0x772c0000 - 0x773fc000 	C:\Windows\SYSTEM32\ntdll.dll
0x76fb0000 - 0x77084000 	C:\Windows\system32\kernel32.dll
0x755e0000 - 0x7562b000 	C:\Windows\system32\KERNELBASE.dll
0x77220000 - 0x772c0000 	C:\Windows\system32\ADVAPI32.dll
0x76d40000 - 0x76dec000 	C:\Windows\system32\msvcrt.dll
0x77160000 - 0x77179000 	C:\Windows\SYSTEM32\sechost.dll
0x76c90000 - 0x76d32000 	C:\Windows\system32\RPCRT4.dll
0x77410000 - 0x774d9000 	C:\Windows\system32\USER32.dll
0x75eb0000 - 0x75efe000 	C:\Windows\system32\GDI32.dll
0x774e0000 - 0x774ea000 	C:\Windows\system32\LPK.dll
0x75db0000 - 0x75e4d000 	C:\Windows\system32\USP10.dll
0x746a0000 - 0x7483e000 	C:\Windows\WinSxS\x86_microsoft.windows.common-controls_6595b64144ccf1df_6.0.7601.17514_none_41e6975e2bd6f2b2\COMCTL32.dll
0x77180000 - 0x771d7000 	C:\Windows\system32\SHLWAPI.dll
0x75660000 - 0x7567f000 	C:\Windows\system32\IMM32.DLL
0x77090000 - 0x7715c000 	C:\Windows\system32\MSCTF.dll
0x65c20000 - 0x65cde000 	C:\Program Files\Java\jdk1.7.0_25\jre\bin\msvcr100.dll
0x51350000 - 0x51692000 	C:\Program Files\Java\jdk1.7.0_25\jre\bin\client\jvm.dll
0x73210000 - 0x73217000 	C:\Windows\system32\WSOCK32.dll
0x771e0000 - 0x77215000 	C:\Windows\system32\WS2_32.dll
0x75f00000 - 0x75f06000 	C:\Windows\system32\NSI.dll
0x73180000 - 0x731b2000 	C:\Windows\system32\WINMM.dll
0x75960000 - 0x75965000 	C:\Windows\system32\PSAPI.DLL
0x721f0000 - 0x721fc000 	C:\Program Files\Java\jdk1.7.0_25\jre\bin\verify.dll
0x66940000 - 0x66960000 	C:\Program Files\Java\jdk1.7.0_25\jre\bin\java.dll
0x660f0000 - 0x66103000 	C:\Program Files\Java\jdk1.7.0_25\jre\bin\zip.dll
0x74db0000 - 0x74dc6000 	C:\Windows\system32\CRYPTSP.dll
0x74b50000 - 0x74b8b000 	C:\Windows\system32\rsaenh.dll
0x74280000 - 0x74297000 	C:\Windows\system32\USERENV.dll
0x75300000 - 0x7530b000 	C:\Windows\system32\profapi.dll
0x75280000 - 0x7528c000 	C:\Windows\system32\CRYPTBASE.dll
0x66070000 - 0x66084000 	C:\Program Files\Java\jdk1.7.0_25\jre\bin\net.dll
0x74d70000 - 0x74dac000 	C:\Windows\system32\mswsock.dll
0x74d60000 - 0x74d66000 	C:\Windows\System32\wship6.dll
0x73550000 - 0x73560000 	C:\Windows\system32\NLAapi.dll
0x71e00000 - 0x71e10000 	C:\Windows\system32\napinsp.dll
0x71de0000 - 0x71df2000 	C:\Windows\system32\pnrpnsp.dll
0x74c30000 - 0x74c74000 	C:\Windows\system32\DNSAPI.dll
0x71d30000 - 0x71d38000 	C:\Windows\System32\winrnr.dll
0x71d20000 - 0x71d2d000 	C:\Windows\system32\wshbth.dll
0x71cb0000 - 0x71cd7000 	C:\Program Files\Common Files\Microsoft Shared\Windows Live\WLIDNSP.DLL
0x71c60000 - 0x71c81000 	C:\Program Files\Bonjour\mdnsNSP.dll
0x73fe0000 - 0x73ffc000 	C:\Windows\system32\Iphlpapi.DLL
0x73fd0000 - 0x73fd7000 	C:\Windows\system32\WINNSI.DLL
0x10000000 - 0x10017000 	C:\Program Files\Common Files\Thunder Network\NetMon\net_monitor2.0.2.9.dll
0x75f10000 - 0x76b5a000 	C:\Windows\system32\SHELL32.dll
0x75c50000 - 0x75dac000 	C:\Windows\system32\ole32.dll
0x7c3a0000 - 0x7c41b000 	C:\Windows\system32\MSVCP71.dll
0x7c340000 - 0x7c396000 	C:\Windows\system32\MSVCR71.dll
0x74410000 - 0x74419000 	C:\Windows\system32\VERSION.dll
0x73ed0000 - 0x73ed6000 	C:\Windows\System32\wshqos.dll
0x73ec0000 - 0x73ec5000 	C:\Windows\system32\wshtcpip.DLL
0x71950000 - 0x71956000 	C:\Windows\system32\rasadhlp.dll
0x72a50000 - 0x72a88000 	C:\Windows\System32\fwpuclnt.dll
0x6d840000 - 0x6d84f000 	C:\Program Files\Java\jdk1.7.0_25\jre\bin\nio.dll
0x5d9b0000 - 0x5dbcf000 	E:\workspace\android\MSCPROJECT\EEGAnalysis\edk.dll
0x517f0000 - 0x519e2000 	E:\workspace\android\MSCPROJECT\EEGAnalysis\edk_utils.dll
0x6f730000 - 0x6f799000 	C:\Windows\system32\MSVCP100.dll
0x759a0000 - 0x75b3d000 	C:\Windows\system32\SETUPAPI.dll
0x755b0000 - 0x755d7000 	C:\Windows\system32\CFGMGR32.dll
0x75bc0000 - 0x75c4f000 	C:\Windows\system32\OLEAUT32.dll
0x75410000 - 0x75422000 	C:\Windows\system32\DEVOBJ.dll
0x73660000 - 0x73669000 	C:\Windows\system32\HID.DLL
0x737a0000 - 0x737e0000 	C:\Windows\system32\uxtheme.dll
0x70840000 - 0x708df000 	C:\ProgramData\Tencent\TSVulFw\TSVulFW.DAT
0x75630000 - 0x7565e000 	C:\Windows\system32\WINTRUST.dll
0x75440000 - 0x75560000 	C:\Windows\system32\CRYPT32.dll
0x75370000 - 0x7537c000 	C:\Windows\system32\MSASN1.dll
0x73230000 - 0x7331b000 	C:\Windows\system32\dbghelp.dll

VM Arguments:
jvm_args: -Dfile.encoding=GBK 
java_command: com.lw.eeg.Main.EEGAnalysis
Launcher Type: SUN_STANDARD

Environment Variables:
JAVA_HOME=C:\Program Files\Java\jdk1.7.0_25
CLASSPATH=.;C:\Program Files\Java\jdk1.7.0_25\lib
PATH=C:/Program Files/Java/jre7/bin/client;C:/Program Files/Java/jre7/bin;C:/Program Files/Java/jre7/lib/i386;C:\Windows\system32;C:\Windows\System32;C:\Program Files\Java\jdk1.7.0_25\bin;E:\dvlTools\adt-bundle-windows-x86-20130522\eclipse;
USERNAME=Leslie
OS=Windows_NT
PROCESSOR_IDENTIFIER=x86 Family 6 Model 58 Stepping 9, GenuineIntel



---------------  S Y S T E M  ---------------

OS: Windows 7 Build 7601 Service Pack 1

CPU:total 4 (2 cores per cpu, 2 threads per core) family 6 model 58 stepping 9, cmov, cx8, fxsr, mmx, sse, sse2, sse3, ssse3, sse4.1, sse4.2, popcnt, avx, ht, tsc, tscinvbit, tscinv

Memory: 4k page, physical 3412076k(727276k free), swap 6822400k(2483548k free)

vm_info: Java HotSpot(TM) Client VM (23.25-b01) for windows-x86 JRE (1.7.0_25-b16), built on Jun 12 2013 20:29:09 by "java_re" with unknown MS VC++:1600

time: Wed Aug 21 13:23:55 2013
elapsed time: 27 seconds

