#
# A fatal error has been detected by the Java Runtime Environment:
#
#  EXCEPTION_ACCESS_VIOLATION (0xc0000005) at pc=0x59855ad9, pid=6916, tid=1544
#
# JRE version: 7.0_25-b16
# Java VM: Java HotSpot(TM) Client VM (23.25-b01 mixed mode, sharing windows-x86 )
# Problematic frame:
# V  [jvm.dll+0xa5ad9]
#
# Failed to write core dump. Minidumps are not enabled by default on client versions of Windows
#
# If you would like to submit a bug report, please visit:
#   http://bugreport.sun.com/bugreport/crash.jsp
#

---------------  T H R E A D  ---------------

Current thread (0x040fe400):  JavaThread "Thread-2" daemon [_thread_in_vm, id=1544, stack(0x06bb0000,0x06c00000)]

siginfo: ExceptionCode=0xc0000005, reading address 0x00000000

Registers:
EAX=0x00000000, EBX=0x04206b01, ECX=0x00000000, EDX=0x00000000
ESP=0x06bff07c, EBP=0x06bff088, ESI=0x040fe400, EDI=0x04206be8
EIP=0x59855ad9, EFLAGS=0x00010206

Top of Stack: (sp=0x06bff07c)
0x06bff07c:   06bff110 00000000 04206be8 06bff2f8
0x06bff08c:   06ab42a8 040fe528 04206be8 00000000
0x06bff09c:   06bff0b0 06bff0d0 06bff118 00000020
0x06bff0ac:   06ab4220 597b3d83 040fe400 e8c11454
0x06bff0bc:   00000000 06bff0f4 597b3d83 00000020
0x06bff0cc:   06ab420c 00000001 040fe400 06bff330
0x06bff0dc:   06bff0cc 06bff0f0 06bffa0c e8c11440
0x06bff0ec:   06ab41ee fffffffe 06bff108 59855dad 

Instructions: (pc=0x59855ad9)
0x59855ab9:   8e 09 00 33 f6 eb 02 8b f1 6a 06 56 e8 46 e3 f5
0x59855ac9:   ff 8b 7d 0c 83 c4 08 b3 01 85 ff 74 3d 8b 45 10
0x59855ad9:   8b 00 50 32 db e8 3d 8f f7 ff 83 c4 04 85 c0 74
0x59855ae9:   29 8b 0f 8b 49 04 8b 50 10 83 c1 08 39 44 0a f8 


Register to memory mapping:

EAX=0x00000000 is an unknown value
EBX=0x04206b01 is an unknown value
ECX=0x00000000 is an unknown value
EDX=0x00000000 is an unknown value
ESP=0x06bff07c is pointing into the stack for thread: 0x040fe400
EBP=0x06bff088 is pointing into the stack for thread: 0x040fe400
ESI=0x040fe400 is a thread
EDI=0x04206be8 is an unknown value


Stack: [0x06bb0000,0x06c00000],  sp=0x06bff07c,  free space=316k
Native frames: (J=compiled Java code, j=interpreted, Vv=VM code, C=native code)
V  [jvm.dll+0xa5ad9]
C  [jna6138955130795177644.dll+0x42a8]  Java_com_sun_jna_Pointer__1getString+0x778
C  [jna6138955130795177644.dll+0x4d2e]  Java_com_sun_jna_Function_invokeInt+0x2e
J  com.sun.jna.Function.invokeInt(I[Ljava/lang/Object;)I
J  com.sun.jna.Function.invoke([Ljava/lang/Object;Ljava/lang/Class;Z)Ljava/lang/Object;
V  [jvm.dll+0x124afa]
V  [jvm.dll+0x1d224e]
V  [jvm.dll+0x124caf]
V  [jvm.dll+0x124d17]
V  [jvm.dll+0xcf06f]
V  [jvm.dll+0x144447]
V  [jvm.dll+0x1445b0]
V  [jvm.dll+0x177bb9]
C  [msvcr100.dll+0x5c6de]  endthreadex+0x3a
C  [msvcr100.dll+0x5c788]  endthreadex+0xe4
C  [kernel32.dll+0x4ed6c]  BaseThreadInitThunk+0x12
C  [ntdll.dll+0x637eb]  RtlInitializeExceptionChain+0xef
C  [ntdll.dll+0x637be]  RtlInitializeExceptionChain+0xc2

Java frames: (J=compiled Java code, j=interpreted, Vv=VM code)
J  com.sun.jna.Function.invokeInt(I[Ljava/lang/Object;)I
J  com.sun.jna.Function.invoke([Ljava/lang/Object;Ljava/lang/Class;Z)Ljava/lang/Object;
J  com.sun.jna.Function.invoke(Ljava/lang/Class;[Ljava/lang/Object;Ljava/util/Map;)Ljava/lang/Object;
J  com.sun.jna.Library$Handler.invoke(Ljava/lang/Object;Ljava/lang/reflect/Method;[Ljava/lang/Object;)Ljava/lang/Object;
J  com.sun.proxy.$Proxy0.EE_EngineGetNextEvent(Lcom/sun/jna/Pointer;)I
J  com.lw.eeg.EEGLog.EEGLog$Thread_EEG.run()V
v  ~StubRoutines::call_stub

---------------  P R O C E S S  ---------------

Java Threads: ( => current thread )
  0x05522c00 JavaThread "Thread-3" daemon [_thread_in_native, id=10936, stack(0x07c50000,0x07ca0000)]
  0x054fbc00 JavaThread "Thread-5" daemon [_thread_in_vm, id=10784, stack(0x07090000,0x070e0000)]
  0x05551000 JavaThread "Thread-4" daemon [_thread_in_vm, id=11116, stack(0x06f40000,0x06f90000)]
=>0x040fe400 JavaThread "Thread-2" daemon [_thread_in_vm, id=1544, stack(0x06bb0000,0x06c00000)]
  0x04226400 JavaThread "TimerQueue" daemon [_thread_blocked, id=11924, stack(0x06a00000,0x06a50000)]
  0x0048b800 JavaThread "DestroyJavaVM" [_thread_blocked, id=10060, stack(0x00490000,0x004e0000)]
  0x041b1000 JavaThread "AWT-EventQueue-0" [_thread_blocked, id=10708, stack(0x04be0000,0x04c30000)]
  0x041a2000 JavaThread "AWT-Shutdown" [_thread_blocked, id=12252, stack(0x04490000,0x044e0000)]
  0x0419f800 JavaThread "Java2D Disposer" daemon [_thread_blocked, id=11948, stack(0x03f70000,0x03fc0000)]
  0x01bc0400 JavaThread "Service Thread" daemon [_thread_blocked, id=11368, stack(0x04320000,0x04370000)]
  0x01bbb400 JavaThread "C1 CompilerThread0" daemon [_thread_blocked, id=10624, stack(0x040a0000,0x040f0000)]
  0x01bb9c00 JavaThread "Attach Listener" daemon [_thread_blocked, id=9728, stack(0x04020000,0x04070000)]
  0x01bb7000 JavaThread "Signal Dispatcher" daemon [_thread_blocked, id=11492, stack(0x03fd0000,0x04020000)]
  0x01b94000 JavaThread "Finalizer" daemon [_thread_blocked, id=11800, stack(0x03ca0000,0x03cf0000)]
  0x01b92c00 JavaThread "Reference Handler" daemon [_thread_blocked, id=11432, stack(0x03d30000,0x03d80000)]

Other Threads:
  0x01b91400 VMThread [stack: 0x03e50000,0x03ea0000] [id=11284]
  0x01bc1400 WatcherThread [stack: 0x03dc0000,0x03e10000] [id=9896]

VM state:not at safepoint (normal execution)

VM Mutex/Monitor currently owned by a thread: None

Heap
 def new generation   total 12352K, used 4003K [0x23cf0000, 0x24a50000, 0x29240000)
  eden space 11008K,  30% used [0x23cf0000, 0x2402b090, 0x247b0000)
  from space 1344K,  51% used [0x24900000, 0x249ade18, 0x24a50000)
  to   space 1344K,   0% used [0x247b0000, 0x247b0000, 0x24900000)
 tenured generation   total 27332K, used 22732K [0x29240000, 0x2acf1000, 0x33cf0000)
   the space 27332K,  83% used [0x29240000, 0x2a8730b8, 0x2a873200, 0x2acf1000)
 compacting perm gen  total 12288K, used 3611K [0x33cf0000, 0x348f0000, 0x37cf0000)
   the space 12288K,  29% used [0x33cf0000, 0x34076cf8, 0x34076e00, 0x348f0000)
    ro space 10240K,  45% used [0x37cf0000, 0x38179b28, 0x38179c00, 0x386f0000)
    rw space 12288K,  54% used [0x386f0000, 0x38d7d0e8, 0x38d7d200, 0x392f0000)

Card table byte_map: [0x03be0000,0x03c90000] byte_map_base: 0x03ac1880

Polling page: 0x00240000

Code Cache  [0x01be0000, 0x01e70000, 0x03be0000)
 total_blobs=1291 nmethods=1020 adapters=205 free_code_cache=30162Kb largest_free_block=30885312

Compilation events (10 events):
Event: 19.211 Thread 0x01bbb400 1022   !         javax.swing.JComponent::_paintImmediately (891 bytes)
Event: 19.222 Thread 0x01bbb400 nmethod 1022 0x01e65448 code [0x01e65860, 0x01e67300]
Event: 19.485 Thread 0x01bbb400 1023             java.util.EnumMap::unmaskNull (13 bytes)
Event: 19.485 Thread 0x01bbb400 nmethod 1023 0x01e6a808 code [0x01e6a900, 0x01e6a990]
Event: 19.485 Thread 0x01bbb400 1024             javax.swing.JComponent::getGraphics (33 bytes)
Event: 19.485 Thread 0x01bbb400 nmethod 1024 0x01e6a9c8 code [0x01e6aaf0, 0x01e6ac50]
Event: 19.486 Thread 0x01bbb400 1025             java.awt.Component::getBackground (29 bytes)
Event: 19.486 Thread 0x01bbb400 nmethod 1025 0x01e6ad48 code [0x01e6ae50, 0x01e6af1c]
Event: 19.502 Thread 0x01bbb400 1026   !         java.io.PrintStream::write (83 bytes)
Event: 19.503 Thread 0x01bbb400 nmethod 1026 0x01e6af88 code [0x01e6b100, 0x01e6b4f4]

GC Heap History (10 events):
Event: 18.860 GC heap before
{Heap before GC invocations=33 (full 2):
 def new generation   total 12352K, used 9757K [0x23cf0000, 0x24a50000, 0x29240000)
  eden space 11008K,  83% used [0x23cf0000, 0x245efda0, 0x247b0000)
  from space 1344K,  40% used [0x247b0000, 0x248378f0, 0x24900000)
  to   space 1344K,   0% used [0x24900000, 0x24900000, 0x24a50000)
 tenured generation   total 27332K, used 20066K [0x29240000, 0x2acf1000, 0x33cf0000)
   the space 27332K,  73% used [0x29240000, 0x2a5d8838, 0x2a5d8a00, 0x2acf1000)
 compacting perm gen  total 12288K, used 3590K [0x33cf0000, 0x348f0000, 0x37cf0000)
   the space 12288K,  29% used [0x33cf0000, 0x34071ae0, 0x34071c00, 0x348f0000)
    ro space 10240K,  45% used [0x37cf0000, 0x38179b28, 0x38179c00, 0x386f0000)
    rw space 12288K,  54% used [0x386f0000, 0x38d7d0e8, 0x38d7d200, 0x392f0000)
Event: 18.864 GC heap after
Heap after GC invocations=34 (full 2):
 def new generation   total 12352K, used 582K [0x23cf0000, 0x24a50000, 0x29240000)
  eden space 11008K,   0% used [0x23cf0000, 0x23cf0000, 0x247b0000)
  from space 1344K,  43% used [0x24900000, 0x24991b18, 0x24a50000)
  to   space 1344K,   0% used [0x247b0000, 0x247b0000, 0x24900000)
 tenured generation   total 27332K, used 20066K [0x29240000, 0x2acf1000, 0x33cf0000)
   the space 27332K,  73% used [0x29240000, 0x2a5d8838, 0x2a5d8a00, 0x2acf1000)
 compacting perm gen  total 12288K, used 3590K [0x33cf0000, 0x348f0000, 0x37cf0000)
   the space 12288K,  29% used [0x33cf0000, 0x34071ae0, 0x34071c00, 0x348f0000)
    ro space 10240K,  45% used [0x37cf0000, 0x38179b28, 0x38179c00, 0x386f0000)
    rw space 12288K,  54% used [0x386f0000, 0x38d7d0e8, 0x38d7d200, 0x392f0000)
}
Event: 19.043 GC heap before
{Heap before GC invocations=34 (full 2):
 def new generation   total 12352K, used 11651K [0x23cf0000, 0x24a50000, 0x29240000)
  eden space 11008K, 100% used [0x23cf0000, 0x247b0000, 0x247b0000)
  from space 1344K,  47% used [0x24900000, 0x249a0f78, 0x24a50000)
  to   space 1344K,   0% used [0x247b0000, 0x247b0000, 0x24900000)
 tenured generation   total 27332K, used 20066K [0x29240000, 0x2acf1000, 0x33cf0000)
   the space 27332K,  73% used [0x29240000, 0x2a5d8838, 0x2a5d8a00, 0x2acf1000)
 compacting perm gen  total 12288K, used 3590K [0x33cf0000, 0x348f0000, 0x37cf0000)
   the space 12288K,  29% used [0x33cf0000, 0x34071b90, 0x34071c00, 0x348f0000)
    ro space 10240K,  45% used [0x37cf0000, 0x38179b28, 0x38179c00, 0x386f0000)
    rw space 12288K,  54% used [0x386f0000, 0x38d7d0e8, 0x38d7d200, 0x392f0000)
Event: 19.054 GC heap after
Heap after GC invocations=35 (full 2):
 def new generation   total 12352K, used 877K [0x23cf0000, 0x24a50000, 0x29240000)
  eden space 11008K,   0% used [0x23cf0000, 0x23cf0000, 0x247b0000)
  from space 1344K,  65% used [0x247b0000, 0x2488b7f0, 0x24900000)
  to   space 1344K,   0% used [0x24900000, 0x24900000, 0x24a50000)
 tenured generation   total 27332K, used 22464K [0x29240000, 0x2acf1000, 0x33cf0000)
   the space 27332K,  82% used [0x29240000, 0x2a830398, 0x2a830400, 0x2acf1000)
 compacting perm gen  total 12288K, used 3590K [0x33cf0000, 0x348f0000, 0x37cf0000)
   the space 12288K,  29% used [0x33cf0000, 0x34071b90, 0x34071c00, 0x348f0000)
    ro space 10240K,  45% used [0x37cf0000, 0x38179b28, 0x38179c00, 0x386f0000)
    rw space 12288K,  54% used [0x386f0000, 0x38d7d0e8, 0x38d7d200, 0x392f0000)
}
Event: 19.055 GC heap before
{Heap before GC invocations=35 (full 2):
 def new generation   total 12352K, used 1985K [0x23cf0000, 0x24a50000, 0x29240000)
  eden space 11008K,  10% used [0x23cf0000, 0x23e04ff8, 0x247b0000)
  from space 1344K,  65% used [0x247b0000, 0x2488b7f0, 0x24900000)
  to   space 1344K,   0% used [0x24900000, 0x24900000, 0x24a50000)
 tenured generation   total 27332K, used 22464K [0x29240000, 0x2acf1000, 0x33cf0000)
   the space 27332K,  82% used [0x29240000, 0x2a830398, 0x2a830400, 0x2acf1000)
 compacting perm gen  total 12288K, used 3590K [0x33cf0000, 0x348f0000, 0x37cf0000)
   the space 12288K,  29% used [0x33cf0000, 0x34071b90, 0x34071c00, 0x348f0000)
    ro space 10240K,  45% used [0x37cf0000, 0x38179b28, 0x38179c00, 0x386f0000)
    rw space 12288K,  54% used [0x386f0000, 0x38d7d0e8, 0x38d7d200, 0x392f0000)
Event: 19.062 GC heap after
Heap after GC invocations=36 (full 2):
 def new generation   total 12352K, used 651K [0x23cf0000, 0x24a50000, 0x29240000)
  eden space 11008K,   0% used [0x23cf0000, 0x23cf0000, 0x247b0000)
  from space 1344K,  48% used [0x24900000, 0x249a2ed8, 0x24a50000)
  to   space 1344K,   0% used [0x247b0000, 0x247b0000, 0x24900000)
 tenured generation   total 27332K, used 22692K [0x29240000, 0x2acf1000, 0x33cf0000)
   the space 27332K,  83% used [0x29240000, 0x2a8691b8, 0x2a869200, 0x2acf1000)
 compacting perm gen  total 12288K, used 3590K [0x33cf0000, 0x348f0000, 0x37cf0000)
   the space 12288K,  29% used [0x33cf0000, 0x34071b90, 0x34071c00, 0x348f0000)
    ro space 10240K,  45% used [0x37cf0000, 0x38179b28, 0x38179c00, 0x386f0000)
    rw space 12288K,  54% used [0x386f0000, 0x38d7d0e8, 0x38d7d200, 0x392f0000)
}
Event: 19.316 GC heap before
{Heap before GC invocations=36 (full 2):
 def new generation   total 12352K, used 11659K [0x23cf0000, 0x24a50000, 0x29240000)
  eden space 11008K, 100% used [0x23cf0000, 0x247b0000, 0x247b0000)
  from space 1344K,  48% used [0x24900000, 0x249a2ed8, 0x24a50000)
  to   space 1344K,   0% used [0x247b0000, 0x247b0000, 0x24900000)
 tenured generation   total 27332K, used 22692K [0x29240000, 0x2acf1000, 0x33cf0000)
   the space 27332K,  83% used [0x29240000, 0x2a8691b8, 0x2a869200, 0x2acf1000)
 compacting perm gen  total 12288K, used 3590K [0x33cf0000, 0x348f0000, 0x37cf0000)
   the space 12288K,  29% used [0x33cf0000, 0x34071bc0, 0x34071c00, 0x348f0000)
    ro space 10240K,  45% used [0x37cf0000, 0x38179b28, 0x38179c00, 0x386f0000)
    rw space 12288K,  54% used [0x386f0000, 0x38d7d0e8, 0x38d7d200, 0x392f0000)
Event: 19.320 GC heap after
Heap after GC invocations=37 (full 2):
 def new generation   total 12352K, used 699K [0x23cf0000, 0x24a50000, 0x29240000)
  eden space 11008K,   0% used [0x23cf0000, 0x23cf0000, 0x247b0000)
  from space 1344K,  52% used [0x247b0000, 0x2485ee68, 0x24900000)
  to   space 1344K,   0% used [0x24900000, 0x24900000, 0x24a50000)
 tenured generation   total 27332K, used 22692K [0x29240000, 0x2acf1000, 0x33cf0000)
   the space 27332K,  83% used [0x29240000, 0x2a8691b8, 0x2a869200, 0x2acf1000)
 compacting perm gen  total 12288K, used 3590K [0x33cf0000, 0x348f0000, 0x37cf0000)
   the space 12288K,  29% used [0x33cf0000, 0x34071bc0, 0x34071c00, 0x348f0000)
    ro space 10240K,  45% used [0x37cf0000, 0x38179b28, 0x38179c00, 0x386f0000)
    rw space 12288K,  54% used [0x386f0000, 0x38d7d0e8, 0x38d7d200, 0x392f0000)
}
Event: 19.551 GC heap before
{Heap before GC invocations=37 (full 2):
 def new generation   total 12352K, used 11707K [0x23cf0000, 0x24a50000, 0x29240000)
  eden space 11008K, 100% used [0x23cf0000, 0x247b0000, 0x247b0000)
  from space 1344K,  52% used [0x247b0000, 0x2485ee68, 0x24900000)
  to   space 1344K,   0% used [0x24900000, 0x24900000, 0x24a50000)
 tenured generation   total 27332K, used 22692K [0x29240000, 0x2acf1000, 0x33cf0000)
   the space 27332K,  83% used [0x29240000, 0x2a8691b8, 0x2a869200, 0x2acf1000)
 compacting perm gen  total 12288K, used 3590K [0x33cf0000, 0x348f0000, 0x37cf0000)
   the space 12288K,  29% used [0x33cf0000, 0x34071bc0, 0x34071c00, 0x348f0000)
    ro space 10240K,  45% used [0x37cf0000, 0x38179b28, 0x38179c00, 0x386f0000)
    rw space 12288K,  54% used [0x386f0000, 0x38d7d0e8, 0x38d7d200, 0x392f0000)
Event: 19.556 GC heap after
Heap after GC invocations=38 (full 2):
 def new generation   total 12352K, used 695K [0x23cf0000, 0x24a50000, 0x29240000)
  eden space 11008K,   0% used [0x23cf0000, 0x23cf0000, 0x247b0000)
  from space 1344K,  51% used [0x24900000, 0x249ade18, 0x24a50000)
  to   space 1344K,   0% used [0x247b0000, 0x247b0000, 0x24900000)
 tenured generation   total 27332K, used 22732K [0x29240000, 0x2acf1000, 0x33cf0000)
   the space 27332K,  83% used [0x29240000, 0x2a8730b8, 0x2a873200, 0x2acf1000)
 compacting perm gen  total 12288K, used 3590K [0x33cf0000, 0x348f0000, 0x37cf0000)
   the space 12288K,  29% used [0x33cf0000, 0x34071bc0, 0x34071c00, 0x348f0000)
    ro space 10240K,  45% used [0x37cf0000, 0x38179b28, 0x38179c00, 0x386f0000)
    rw space 12288K,  54% used [0x386f0000, 0x38d7d0e8, 0x38d7d200, 0x392f0000)
}

Deoptimization events (0 events):
No events

Internal exceptions (10 events):
Event: 11.264 Thread 0x041b1000 Threw 0x24172ea0 at C:\jdk7u2_32P\jdk7u25\hotspot\src\share\vm\prims\jvm.cpp:1235
Event: 11.307 Thread 0x041b1000 Threw 0x2417cf98 at C:\jdk7u2_32P\jdk7u25\hotspot\src\share\vm\prims\jvm.cpp:1235
Event: 11.309 Thread 0x041b1000 Threw 0x24180648 at C:\jdk7u2_32P\jdk7u25\hotspot\src\share\vm\prims\jvm.cpp:1235
Event: 11.310 Thread 0x041b1000 Threw 0x24184990 at C:\jdk7u2_32P\jdk7u25\hotspot\src\share\vm\prims\jvm.cpp:1235
Event: 11.311 Thread 0x041b1000 Threw 0x24187fd8 at C:\jdk7u2_32P\jdk7u25\hotspot\src\share\vm\prims\jvm.cpp:1235
Event: 11.323 Thread 0x040fe400 Threw 0x2413f670 at C:\jdk7u2_32P\jdk7u25\hotspot\src\share\vm\prims\jvm.cpp:1235
Event: 11.324 Thread 0x040fe400 Threw 0x24141dc8 at C:\jdk7u2_32P\jdk7u25\hotspot\src\share\vm\prims\jvm.cpp:1235
Event: 11.356 Thread 0x040fe400 Threw 0x241b6898 at C:\jdk7u2_32P\jdk7u25\hotspot\src\share\vm\prims\jvm.cpp:1235
Event: 11.441 Thread 0x040fe400 Threw 0x24292e30 at C:\jdk7u2_32P\jdk7u25\hotspot\src\share\vm\prims\jvm.cpp:1235
Event: 11.448 Thread 0x040fe400 Threw 0x242a7198 at C:\jdk7u2_32P\jdk7u25\hotspot\src\share\vm\prims\jvm.cpp:1235

Events (10 events):
Event: 19.551 Executing VM operation: GenCollectForAllocation
Event: 19.556 Executing VM operation: GenCollectForAllocation done
Event: 19.606 Thread 0x05522c00 Thread added: 0x05522c00
Event: 19.607 Thread 0x05523400 Thread added: 0x05523400
Event: 19.607 Thread 0x0555a000 Thread added: 0x0555a000
Event: 19.610 loading class 0x39312800
Event: 19.610 loading class 0x39312800 done
Event: 19.612 loading class 0x393267f0
Event: 19.612 Thread 0x05523400 Thread exited: 0x05523400
Event: 19.625 Thread 0x041a2c00 Thread exited: 0x041a2c00


Dynamic libraries:
0x013e0000 - 0x0140f000 	C:\Program Files\Java\jdk1.7.0_25\bin\javaw.exe
0x77160000 - 0x7729c000 	C:\Windows\SYSTEM32\ntdll.dll
0x76f20000 - 0x76ff4000 	C:\Windows\system32\kernel32.dll
0x75240000 - 0x7528b000 	C:\Windows\system32\KERNELBASE.dll
0x76020000 - 0x760c0000 	C:\Windows\system32\ADVAPI32.dll
0x75df0000 - 0x75e9c000 	C:\Windows\system32\msvcrt.dll
0x75fd0000 - 0x75fe9000 	C:\Windows\SYSTEM32\sechost.dll
0x76e30000 - 0x76ed2000 	C:\Windows\system32\RPCRT4.dll
0x75640000 - 0x75709000 	C:\Windows\system32\USER32.dll
0x75500000 - 0x7554e000 	C:\Windows\system32\GDI32.dll
0x75c30000 - 0x75c3a000 	C:\Windows\system32\LPK.dll
0x755a0000 - 0x7563d000 	C:\Windows\system32\USP10.dll
0x74540000 - 0x746de000 	C:\Windows\WinSxS\x86_microsoft.windows.common-controls_6595b64144ccf1df_6.0.7601.17514_none_41e6975e2bd6f2b2\COMCTL32.dll
0x77330000 - 0x77387000 	C:\Windows\system32\SHLWAPI.dll
0x772b0000 - 0x772cf000 	C:\Windows\system32\IMM32.DLL
0x75960000 - 0x75a2c000 	C:\Windows\system32\MSCTF.dll
0x65490000 - 0x6554e000 	C:\Program Files\Java\jdk1.7.0_25\jre\bin\msvcr100.dll
0x597b0000 - 0x59af2000 	C:\Program Files\Java\jdk1.7.0_25\jre\bin\client\jvm.dll
0x73dd0000 - 0x73dd7000 	C:\Windows\system32\WSOCK32.dll
0x76ee0000 - 0x76f15000 	C:\Windows\system32\WS2_32.dll
0x772a0000 - 0x772a6000 	C:\Windows\system32\NSI.dll
0x73260000 - 0x73292000 	C:\Windows\system32\WINMM.dll
0x75de0000 - 0x75de5000 	C:\Windows\system32\PSAPI.DLL
0x73690000 - 0x7369c000 	C:\Program Files\Java\jdk1.7.0_25\jre\bin\verify.dll
0x729b0000 - 0x729d0000 	C:\Program Files\Java\jdk1.7.0_25\jre\bin\java.dll
0x71f30000 - 0x71f43000 	C:\Program Files\Java\jdk1.7.0_25\jre\bin\zip.dll
0x5acf0000 - 0x5ae34000 	C:\Program Files\Java\jdk1.7.0_25\jre\bin\awt.dll
0x76150000 - 0x761df000 	C:\Windows\system32\OLEAUT32.dll
0x77000000 - 0x7715c000 	C:\Windows\system32\ole32.dll
0x73630000 - 0x73670000 	C:\Windows\system32\uxtheme.dll
0x67780000 - 0x6781f000 	C:\ProgramData\Tencent\TSVulFw\TSVulFW.DAT
0x742b0000 - 0x742b9000 	C:\Windows\system32\VERSION.dll
0x761e0000 - 0x76e2a000 	C:\Windows\system32\SHELL32.dll
0x73440000 - 0x73453000 	C:\Windows\system32\dwmapi.dll
0x75120000 - 0x7512c000 	C:\Windows\system32\CRYPTBASE.dll
0x10000000 - 0x1000f000 	D:\Users\Leslie\AppData\Local\Youdao\Dict\5.4.43.3217\WordStrokeHelper32.dll
0x71ef0000 - 0x71f21000 	C:\Program Files\Java\jdk1.7.0_25\jre\bin\fontmanager.dll
0x71e90000 - 0x71ea4000 	C:\Program Files\Java\jdk1.7.0_25\jre\bin\net.dll
0x74c10000 - 0x74c4c000 	C:\Windows\system32\mswsock.dll
0x74c00000 - 0x74c06000 	C:\Windows\System32\wship6.dll
0x71ed0000 - 0x71edf000 	C:\Program Files\Java\jdk1.7.0_25\jre\bin\nio.dll
0x760c0000 - 0x76143000 	C:\Windows\system32\CLBCatQ.DLL
0x732a0000 - 0x733d0000 	C:\Windows\system32\WindowsCodecs.dll
0x750d0000 - 0x7511c000 	C:\Windows\system32\apphelp.dll
0x050c0000 - 0x05109000 	D:\Program Files\QvodPlayer\QvodExtend\5.0.91.0\QvodExtend.dll
0x757a0000 - 0x75958000 	C:\Windows\system32\WININET.dll
0x75340000 - 0x75344000 	C:\Windows\system32\api-ms-win-downlevel-user32-l1-1-0.dll
0x75320000 - 0x75325000 	C:\Windows\system32\api-ms-win-downlevel-advapi32-l1-1-0.dll
0x75230000 - 0x75234000 	C:\Windows\system32\api-ms-win-downlevel-shlwapi-l1-1-0.dll
0x75330000 - 0x75334000 	C:\Windows\system32\api-ms-win-downlevel-version-l1-1-0.dll
0x75220000 - 0x75223000 	C:\Windows\system32\api-ms-win-downlevel-normaliz-l1-1-0.dll
0x75790000 - 0x75793000 	C:\Windows\system32\normaliz.DLL
0x75a30000 - 0x75c28000 	C:\Windows\system32\iertutil.dll
0x6cfc0000 - 0x6cff1000 	C:\Windows\system32\EhStorShell.dll
0x75c40000 - 0x75ddd000 	C:\Windows\system32\SETUPAPI.dll
0x75350000 - 0x75377000 	C:\Windows\system32\CFGMGR32.dll
0x754d0000 - 0x754e2000 	C:\Windows\system32\DEVOBJ.dll
0x73980000 - 0x73a75000 	C:\Windows\system32\PROPSYS.dll
0x6bd50000 - 0x6c156000 	C:\PROGRA~1\MICROS~4\Office14\GROOVEEX.DLL
0x74020000 - 0x740c3000 	C:\Windows\WinSxS\x86_microsoft.vc90.crt_1fc8b3b9a1e18e3b_9.0.30729.6161_none_50934f2ebcb7eb57\MSVCR90.dll
0x6fc50000 - 0x6fcde000 	C:\Windows\WinSxS\x86_microsoft.vc90.crt_1fc8b3b9a1e18e3b_9.0.30729.6161_none_50934f2ebcb7eb57\MSVCP90.dll
0x6cf90000 - 0x6cfbb000 	C:\Windows\WinSxS\x86_microsoft.vc90.atl_1fc8b3b9a1e18e3b_9.0.30729.6161_none_51cd0a7abbe4e19b\ATL90.DLL
0x6cb70000 - 0x6cf8a000 	C:\PROGRA~1\COMMON~1\MICROS~1\OFFICE14\Cultures\office.odf
0x6b540000 - 0x6bd50000 	C:\PROGRA~1\MICROS~4\Office14\2052\GrooveIntlResource.dll
0x6cb00000 - 0x6cb70000 	C:\Windows\system32\ntshrui.dll
0x74ff0000 - 0x75009000 	C:\Windows\system32\srvcli.dll
0x6e900000 - 0x6e90b000 	C:\Windows\system32\cscapi.dll
0x731e0000 - 0x731ea000 	C:\Windows\system32\slc.dll
0x71250000 - 0x71280000 	C:\Program Files\Java\jdk1.7.0_25\jre\bin\t2k.dll
0x06a50000 - 0x06aaf000 	D:\Users\Leslie\AppData\Local\Youdao\Dict\5.4.43.3217\TextExtractorImpl32.dll
0x729d0000 - 0x72a0c000 	C:\Windows\system32\OLEACC.dll
0x74c50000 - 0x74c66000 	C:\Windows\system32\CRYPTSP.dll
0x749f0000 - 0x74a2b000 	C:\Windows\system32\rsaenh.dll
0x74120000 - 0x74137000 	C:\Windows\system32\USERENV.dll
0x751a0000 - 0x751ab000 	C:\Windows\system32\profapi.dll
0x73400000 - 0x73410000 	C:\Windows\system32\NLAapi.dll
0x71940000 - 0x71950000 	C:\Windows\system32\napinsp.dll
0x71920000 - 0x71932000 	C:\Windows\system32\pnrpnsp.dll
0x74ad0000 - 0x74b14000 	C:\Windows\system32\DNSAPI.dll
0x71910000 - 0x71918000 	C:\Windows\System32\winrnr.dll
0x71900000 - 0x7190d000 	C:\Windows\system32\wshbth.dll
0x718d0000 - 0x718f7000 	C:\Program Files\Common Files\Microsoft Shared\Windows Live\WLIDNSP.DLL
0x718a0000 - 0x718c1000 	C:\Program Files\Bonjour\mdnsNSP.dll
0x73e80000 - 0x73e9c000 	C:\Windows\system32\Iphlpapi.DLL
0x73e70000 - 0x73e77000 	C:\Windows\system32\WINNSI.DLL
0x04fc0000 - 0x04fd7000 	C:\Program Files\Common Files\Thunder Network\NetMon\net_monitor2.0.2.9.dll
0x7c3a0000 - 0x7c41b000 	C:\Windows\system32\MSVCP71.dll
0x7c340000 - 0x7c396000 	C:\Windows\system32\MSVCR71.dll
0x73d70000 - 0x73d76000 	C:\Windows\System32\wshqos.dll
0x73d60000 - 0x73d65000 	C:\Windows\system32\wshtcpip.DLL
0x71890000 - 0x71896000 	C:\Windows\system32\rasadhlp.dll
0x72870000 - 0x728a8000 	C:\Windows\System32\fwpuclnt.dll
0x06ab0000 - 0x06b05000 	C:\Users\Leslie\AppData\Local\Temp\jna6138955130795177644.dll
0x59590000 - 0x597af000 	E:\workspace\android\MSCPROJECT\EEGAnalysis\edk.dll
0x59390000 - 0x59582000 	E:\workspace\android\MSCPROJECT\EEGAnalysis\edk_utils.dll
0x6f750000 - 0x6f7b9000 	C:\Windows\system32\MSVCP100.dll
0x73970000 - 0x73979000 	C:\Windows\system32\HID.DLL
0x6d7d0000 - 0x6d7f4000 	C:\Program Files\Java\jdk1.7.0_25\jre\bin\dcpr.dll
0x754a0000 - 0x754ce000 	C:\Windows\system32\WINTRUST.dll
0x75380000 - 0x754a0000 	C:\Windows\system32\CRYPT32.dll
0x75210000 - 0x7521c000 	C:\Windows\system32\MSASN1.dll
0x72ec0000 - 0x72fab000 	C:\Windows\system32\dbghelp.dll

VM Arguments:
jvm_args: -Dfile.encoding=GBK 
java_command: com.lw.eeg.Main.EEGAnalysis
Launcher Type: SUN_STANDARD

Environment Variables:
JAVA_HOME=C:\Program Files\Java\jdk1.7.0_25
CLASSPATH=.;.;C:\PROGRA~1\JMF21~1.1E\lib\sound.jar;C:\PROGRA~1\JMF21~1.1E\lib\jmf.jar;C:\PROGRA~1\JMF21~1.1E\lib;
PATH=C:/Program Files/Java/jre7/bin/client;C:/Program Files/Java/jre7/bin;C:/Program Files/Java/jre7/lib/i386;C:\Windows\system32;C:\Windows\System32;C:\Program Files\Java\jdk1.7.0_25\bin;D:\Program Files\LaTex\miktex\bin\;E:\dvlTools\adt-bundle-windows-x86-20130522\eclipse;
USERNAME=Leslie
OS=Windows_NT
PROCESSOR_IDENTIFIER=x86 Family 6 Model 58 Stepping 9, GenuineIntel



---------------  S Y S T E M  ---------------

OS: Windows 7 Build 7601 Service Pack 1

CPU:total 4 (2 cores per cpu, 2 threads per core) family 6 model 58 stepping 9, cmov, cx8, fxsr, mmx, sse, sse2, sse3, ssse3, sse4.1, sse4.2, popcnt, avx, ht, tsc, tscinvbit, tscinv

Memory: 4k page, physical 3412076k(1136388k free), swap 6822400k(3308044k free)

vm_info: Java HotSpot(TM) Client VM (23.25-b01) for windows-x86 JRE (1.7.0_25-b16), built on Jun 12 2013 20:29:09 by "java_re" with unknown MS VC++:1600

time: Mon Sep 02 12:46:23 2013
elapsed time: 19 seconds

