#
# A fatal error has been detected by the Java Runtime Environment:
#
#  EXCEPTION_ACCESS_VIOLATION (0xc0000005) at pc=0x65605ad9, pid=21896, tid=21220
#
# JRE version: 7.0_25-b16
# Java VM: Java HotSpot(TM) Client VM (23.25-b01 mixed mode, sharing windows-x86 )
# Problematic frame:
# V  [jvm.dll+0xa5ad9]
#
# Failed to write core dump. Minidumps are not enabled by default on client versions of Windows
#
# If you would like to submit a bug report, please visit:
#   http://bugreport.sun.com/bugreport/crash.jsp
#

---------------  T H R E A D  ---------------

Current thread (0x042aa800):  JavaThread "Thread-2" daemon [_thread_in_vm, id=21220, stack(0x06b30000,0x06b80000)]

siginfo: ExceptionCode=0xc0000005, reading address 0x00000000

Registers:
EAX=0x00000000, EBX=0x04254101, ECX=0x00000000, EDX=0x00000000
ESP=0x06b7f06c, EBP=0x06b7f078, ESI=0x042aa800, EDI=0x042541f8
EIP=0x65605ad9, EFLAGS=0x00010202

Top of Stack: (sp=0x06b7f06c)
0x06b7f06c:   06b7f110 00000000 042541f8 06b7f2f8
0x06b7f07c:   069342a8 042aa928 042541f8 00000000
0x06b7f08c:   00000000 06b7f0e0 00000001 00000020
0x06b7f09c:   06934220 06b7f2c0 542e1570 06b7f324
0x06b7f0ac:   06b7f0e0 65563d83 042aa800 00000020
0x06b7f0bc:   0693420c 06b7f0f4 65563d83 042aa800
0x06b7f0cc:   32f9cc67 00000002 042aa800 06b7f330
0x06b7f0dc:   06b7f0cc 06b7f0f0 06b7fa1c 32f9cc67 

Instructions: (pc=0x65605ad9)
0x65605ab9:   8e 09 00 33 f6 eb 02 8b f1 6a 06 56 e8 46 e3 f5
0x65605ac9:   ff 8b 7d 0c 83 c4 08 b3 01 85 ff 74 3d 8b 45 10
0x65605ad9:   8b 00 50 32 db e8 3d 8f f7 ff 83 c4 04 85 c0 74
0x65605ae9:   29 8b 0f 8b 49 04 8b 50 10 83 c1 08 39 44 0a f8 


Register to memory mapping:

EAX=0x00000000 is an unknown value
EBX=0x04254101 is an unknown value
ECX=0x00000000 is an unknown value
EDX=0x00000000 is an unknown value
ESP=0x06b7f06c is pointing into the stack for thread: 0x042aa800
EBP=0x06b7f078 is pointing into the stack for thread: 0x042aa800
ESI=0x042aa800 is a thread
EDI=0x042541f8 is an unknown value


Stack: [0x06b30000,0x06b80000],  sp=0x06b7f06c,  free space=316k
Native frames: (J=compiled Java code, j=interpreted, Vv=VM code, C=native code)
V  [jvm.dll+0xa5ad9]
C  [jna2936622079098592886.dll+0x42a8]  Java_com_sun_jna_Pointer__1getString+0x778
C  [jna2936622079098592886.dll+0x4d2e]  Java_com_sun_jna_Function_invokeInt+0x2e
J  com.sun.jna.Function.invokeInt(I[Ljava/lang/Object;)I
J  com.sun.jna.Function.invoke([Ljava/lang/Object;Ljava/lang/Class;Z)Ljava/lang/Object;
V  [jvm.dll+0x124afa]
V  [jvm.dll+0x1d224e]
V  [jvm.dll+0x124caf]
V  [jvm.dll+0x124d17]
V  [jvm.dll+0xcf06f]
V  [jvm.dll+0x144447]
V  [jvm.dll+0x1445b0]
V  [jvm.dll+0x177bb9]
C  [msvcr100.dll+0x5c6de]  endthreadex+0x3a
C  [msvcr100.dll+0x5c788]  endthreadex+0xe4
C  [kernel32.dll+0x4ed6c]  BaseThreadInitThunk+0x12
C  [ntdll.dll+0x637eb]  RtlInitializeExceptionChain+0xef
C  [ntdll.dll+0x637be]  RtlInitializeExceptionChain+0xc2

Java frames: (J=compiled Java code, j=interpreted, Vv=VM code)
J  com.sun.jna.Function.invokeInt(I[Ljava/lang/Object;)I
J  com.sun.jna.Function.invoke([Ljava/lang/Object;Ljava/lang/Class;Z)Ljava/lang/Object;
J  com.sun.jna.Function.invoke(Ljava/lang/Class;[Ljava/lang/Object;Ljava/util/Map;)Ljava/lang/Object;
J  com.sun.jna.Library$Handler.invoke(Ljava/lang/Object;Ljava/lang/reflect/Method;[Ljava/lang/Object;)Ljava/lang/Object;
J  com.sun.proxy.$Proxy0.EE_DataUpdateHandle(ILcom/sun/jna/Pointer;)I
J  com.lw.eeg.EEGLog.EEGLog$Thread_EEG.run()V
v  ~StubRoutines::call_stub

---------------  P R O C E S S  ---------------

Java Threads: ( => current thread )
  0x05375c00 JavaThread "Thread-0" daemon [_thread_in_native, id=18544, stack(0x04950000,0x049a0000)]
=>0x042aa800 JavaThread "Thread-2" daemon [_thread_in_vm, id=21220, stack(0x06b30000,0x06b80000)]
  0x042a3800 JavaThread "TimerQueue" daemon [_thread_blocked, id=20952, stack(0x06a10000,0x06a60000)]
  0x010bb800 JavaThread "DestroyJavaVM" [_thread_blocked, id=22168, stack(0x00730000,0x00780000)]
  0x041fc400 JavaThread "AWT-EventQueue-0" [_thread_blocked, id=18572, stack(0x044b0000,0x04500000)]
  0x041f3400 JavaThread "AWT-Shutdown" [_thread_blocked, id=20908, stack(0x01140000,0x01190000)]
  0x041f0c00 JavaThread "Java2D Disposer" daemon [_thread_blocked, id=18600, stack(0x04430000,0x04480000)]
  0x00fb5000 JavaThread "Service Thread" daemon [_thread_blocked, id=20796, stack(0x040f0000,0x04140000)]
  0x00fab000 JavaThread "C1 CompilerThread0" daemon [_thread_blocked, id=18940, stack(0x04030000,0x04080000)]
  0x00fa9c00 JavaThread "Attach Listener" daemon [_thread_blocked, id=20608, stack(0x03f30000,0x03f80000)]
  0x00fa7000 JavaThread "Signal Dispatcher" daemon [_thread_blocked, id=21092, stack(0x03fd0000,0x04020000)]
  0x00f87800 JavaThread "Finalizer" daemon [_thread_blocked, id=21976, stack(0x011c0000,0x01210000)]
  0x00f82c00 JavaThread "Reference Handler" daemon [_thread_blocked, id=19584, stack(0x03eb0000,0x03f00000)]

Other Threads:
  0x00f81400 VMThread [stack: 0x007a0000,0x007f0000] [id=18896]
  0x04158400 WatcherThread [stack: 0x043d0000,0x04420000] [id=20428]

VM state:not at safepoint (normal execution)

VM Mutex/Monitor currently owned by a thread: None

Heap
 def new generation   total 12736K, used 11233K [0x23cf0000, 0x24ac0000, 0x29240000)
  eden space 11328K,  93% used [0x23cf0000, 0x2474aac8, 0x24800000)
  from space 1408K,  44% used [0x24960000, 0x249fdbb8, 0x24ac0000)
  to   space 1408K,   0% used [0x24800000, 0x24800000, 0x24960000)
 tenured generation   total 28184K, used 20619K [0x29240000, 0x2adc6000, 0x33cf0000)
   the space 28184K,  73% used [0x29240000, 0x2a662f08, 0x2a663000, 0x2adc6000)
 compacting perm gen  total 12288K, used 3609K [0x33cf0000, 0x348f0000, 0x37cf0000)
   the space 12288K,  29% used [0x33cf0000, 0x34076578, 0x34076600, 0x348f0000)
    ro space 10240K,  45% used [0x37cf0000, 0x38179b28, 0x38179c00, 0x386f0000)
    rw space 12288K,  54% used [0x386f0000, 0x38d7d0e8, 0x38d7d200, 0x392f0000)

Card table byte_map: [0x00fd0000,0x01080000] byte_map_base: 0x00eb1880

Polling page: 0x001f0000

Code Cache  [0x01e80000, 0x020a0000, 0x03e80000)
 total_blobs=1101 nmethods=831 adapters=205 free_code_cache=30621Kb largest_free_block=31356032

Compilation events (10 events):
Event: 14.465 Thread 0x00fab000  833             java.lang.Long::toString (52 bytes)
Event: 14.465 Thread 0x00fab000 nmethod 833 0x02096b08 code [0x02096c30, 0x02096e34]
Event: 75.280 Thread 0x00fab000  834             javax.swing.plaf.basic.BasicGraphicsUtils::drawDashedRect (81 bytes)
Event: 75.280 Thread 0x00fab000 nmethod 834 0x02096f48 code [0x02097080, 0x02097230]
Event: 75.604 Thread 0x00fab000  835             java.awt.EventQueue::getNextEventPrivate (76 bytes)
Event: 75.604 Thread 0x00fab000 nmethod 835 0x02097388 code [0x020974a0, 0x020975dc]
Event: 75.950 Thread 0x00fab000  836             java.awt.EventQueue::noEvents (29 bytes)
Event: 75.950 Thread 0x00fab000 nmethod 836 0x02097a88 code [0x02097b90, 0x02097c70]
Event: 76.068 Thread 0x00fab000  837             java.awt.Toolkit$SelectiveAWTEventListener::eventDispatched (745 bytes)
Event: 76.070 Thread 0x00fab000 nmethod 837 0x02097d48 code [0x02097e80, 0x020986bc]

GC Heap History (10 events):
Event: 75.670 GC heap before
{Heap before GC invocations=597 (full 2):
 def new generation   total 12736K, used 11770K [0x23cf0000, 0x24ac0000, 0x29240000)
  eden space 11328K, 100% used [0x23cf0000, 0x24800000, 0x24800000)
  from space 1408K,  31% used [0x24800000, 0x2486eba0, 0x24960000)
  to   space 1408K,   0% used [0x24960000, 0x24960000, 0x24ac0000)
 tenured generation   total 28184K, used 20476K [0x29240000, 0x2adc6000, 0x33cf0000)
   the space 28184K,  72% used [0x29240000, 0x2a63f310, 0x2a63f400, 0x2adc6000)
 compacting perm gen  total 12288K, used 3562K [0x33cf0000, 0x348f0000, 0x37cf0000)
   the space 12288K,  28% used [0x33cf0000, 0x3406aaa8, 0x3406ac00, 0x348f0000)
    ro space 10240K,  45% used [0x37cf0000, 0x38179b28, 0x38179c00, 0x386f0000)
    rw space 12288K,  54% used [0x386f0000, 0x38d7d0e8, 0x38d7d200, 0x392f0000)
Event: 75.671 GC heap after
Heap after GC invocations=598 (full 2):
 def new generation   total 12736K, used 544K [0x23cf0000, 0x24ac0000, 0x29240000)
  eden space 11328K,   0% used [0x23cf0000, 0x23cf0000, 0x24800000)
  from space 1408K,  38% used [0x24960000, 0x249e8038, 0x24ac0000)
  to   space 1408K,   0% used [0x24800000, 0x24800000, 0x24960000)
 tenured generation   total 28184K, used 20507K [0x29240000, 0x2adc6000, 0x33cf0000)
   the space 28184K,  72% used [0x29240000, 0x2a646f78, 0x2a647000, 0x2adc6000)
 compacting perm gen  total 12288K, used 3562K [0x33cf0000, 0x348f0000, 0x37cf0000)
   the space 12288K,  28% used [0x33cf0000, 0x3406aaa8, 0x3406ac00, 0x348f0000)
    ro space 10240K,  45% used [0x37cf0000, 0x38179b28, 0x38179c00, 0x386f0000)
    rw space 12288K,  54% used [0x386f0000, 0x38d7d0e8, 0x38d7d200, 0x392f0000)
}
Event: 75.854 GC heap before
{Heap before GC invocations=598 (full 2):
 def new generation   total 12736K, used 11872K [0x23cf0000, 0x24ac0000, 0x29240000)
  eden space 11328K, 100% used [0x23cf0000, 0x24800000, 0x24800000)
  from space 1408K,  38% used [0x24960000, 0x249e8038, 0x24ac0000)
  to   space 1408K,   0% used [0x24800000, 0x24800000, 0x24960000)
 tenured generation   total 28184K, used 20507K [0x29240000, 0x2adc6000, 0x33cf0000)
   the space 28184K,  72% used [0x29240000, 0x2a646f78, 0x2a647000, 0x2adc6000)
 compacting perm gen  total 12288K, used 3584K [0x33cf0000, 0x348f0000, 0x37cf0000)
   the space 12288K,  29% used [0x33cf0000, 0x34070388, 0x34070400, 0x348f0000)
    ro space 10240K,  45% used [0x37cf0000, 0x38179b28, 0x38179c00, 0x386f0000)
    rw space 12288K,  54% used [0x386f0000, 0x38d7d0e8, 0x38d7d200, 0x392f0000)
Event: 75.856 GC heap after
Heap after GC invocations=599 (full 2):
 def new generation   total 12736K, used 633K [0x23cf0000, 0x24ac0000, 0x29240000)
  eden space 11328K,   0% used [0x23cf0000, 0x23cf0000, 0x24800000)
  from space 1408K,  45% used [0x24800000, 0x2489e7b0, 0x24960000)
  to   space 1408K,   0% used [0x24960000, 0x24960000, 0x24ac0000)
 tenured generation   total 28184K, used 20533K [0x29240000, 0x2adc6000, 0x33cf0000)
   the space 28184K,  72% used [0x29240000, 0x2a64d490, 0x2a64d600, 0x2adc6000)
 compacting perm gen  total 12288K, used 3584K [0x33cf0000, 0x348f0000, 0x37cf0000)
   the space 12288K,  29% used [0x33cf0000, 0x34070388, 0x34070400, 0x348f0000)
    ro space 10240K,  45% used [0x37cf0000, 0x38179b28, 0x38179c00, 0x386f0000)
    rw space 12288K,  54% used [0x386f0000, 0x38d7d0e8, 0x38d7d200, 0x392f0000)
}
Event: 76.037 GC heap before
{Heap before GC invocations=599 (full 2):
 def new generation   total 12736K, used 11961K [0x23cf0000, 0x24ac0000, 0x29240000)
  eden space 11328K, 100% used [0x23cf0000, 0x24800000, 0x24800000)
  from space 1408K,  45% used [0x24800000, 0x2489e7b0, 0x24960000)
  to   space 1408K,   0% used [0x24960000, 0x24960000, 0x24ac0000)
 tenured generation   total 28184K, used 20533K [0x29240000, 0x2adc6000, 0x33cf0000)
   the space 28184K,  72% used [0x29240000, 0x2a64d490, 0x2a64d600, 0x2adc6000)
 compacting perm gen  total 12288K, used 3584K [0x33cf0000, 0x348f0000, 0x37cf0000)
   the space 12288K,  29% used [0x33cf0000, 0x34070388, 0x34070400, 0x348f0000)
    ro space 10240K,  45% used [0x37cf0000, 0x38179b28, 0x38179c00, 0x386f0000)
    rw space 12288K,  54% used [0x386f0000, 0x38d7d0e8, 0x38d7d200, 0x392f0000)
Event: 76.039 GC heap after
Heap after GC invocations=600 (full 2):
 def new generation   total 12736K, used 640K [0x23cf0000, 0x24ac0000, 0x29240000)
  eden space 11328K,   0% used [0x23cf0000, 0x23cf0000, 0x24800000)
  from space 1408K,  45% used [0x24960000, 0x24a00398, 0x24ac0000)
  to   space 1408K,   0% used [0x24800000, 0x24800000, 0x24960000)
 tenured generation   total 28184K, used 20563K [0x29240000, 0x2adc6000, 0x33cf0000)
   the space 28184K,  72% used [0x29240000, 0x2a654f40, 0x2a655000, 0x2adc6000)
 compacting perm gen  total 12288K, used 3584K [0x33cf0000, 0x348f0000, 0x37cf0000)
   the space 12288K,  29% used [0x33cf0000, 0x34070388, 0x34070400, 0x348f0000)
    ro space 10240K,  45% used [0x37cf0000, 0x38179b28, 0x38179c00, 0x386f0000)
    rw space 12288K,  54% used [0x386f0000, 0x38d7d0e8, 0x38d7d200, 0x392f0000)
}
Event: 76.187 GC heap before
{Heap before GC invocations=600 (full 2):
 def new generation   total 12736K, used 11968K [0x23cf0000, 0x24ac0000, 0x29240000)
  eden space 11328K, 100% used [0x23cf0000, 0x24800000, 0x24800000)
  from space 1408K,  45% used [0x24960000, 0x24a00398, 0x24ac0000)
  to   space 1408K,   0% used [0x24800000, 0x24800000, 0x24960000)
 tenured generation   total 28184K, used 20563K [0x29240000, 0x2adc6000, 0x33cf0000)
   the space 28184K,  72% used [0x29240000, 0x2a654f40, 0x2a655000, 0x2adc6000)
 compacting perm gen  total 12288K, used 3584K [0x33cf0000, 0x348f0000, 0x37cf0000)
   the space 12288K,  29% used [0x33cf0000, 0x34070398, 0x34070400, 0x348f0000)
    ro space 10240K,  45% used [0x37cf0000, 0x38179b28, 0x38179c00, 0x386f0000)
    rw space 12288K,  54% used [0x386f0000, 0x38d7d0e8, 0x38d7d200, 0x392f0000)
Event: 76.188 GC heap after
Heap after GC invocations=601 (full 2):
 def new generation   total 12736K, used 640K [0x23cf0000, 0x24ac0000, 0x29240000)
  eden space 11328K,   0% used [0x23cf0000, 0x23cf0000, 0x24800000)
  from space 1408K,  45% used [0x24800000, 0x248a03c0, 0x24960000)
  to   space 1408K,   0% used [0x24960000, 0x24960000, 0x24ac0000)
 tenured generation   total 28184K, used 20589K [0x29240000, 0x2adc6000, 0x33cf0000)
   the space 28184K,  73% used [0x29240000, 0x2a65b610, 0x2a65b800, 0x2adc6000)
 compacting perm gen  total 12288K, used 3584K [0x33cf0000, 0x348f0000, 0x37cf0000)
   the space 12288K,  29% used [0x33cf0000, 0x34070398, 0x34070400, 0x348f0000)
    ro space 10240K,  45% used [0x37cf0000, 0x38179b28, 0x38179c00, 0x386f0000)
    rw space 12288K,  54% used [0x386f0000, 0x38d7d0e8, 0x38d7d200, 0x392f0000)
}
Event: 76.339 GC heap before
{Heap before GC invocations=601 (full 2):
 def new generation   total 12736K, used 11968K [0x23cf0000, 0x24ac0000, 0x29240000)
  eden space 11328K, 100% used [0x23cf0000, 0x24800000, 0x24800000)
  from space 1408K,  45% used [0x24800000, 0x248a03c0, 0x24960000)
  to   space 1408K,   0% used [0x24960000, 0x24960000, 0x24ac0000)
 tenured generation   total 28184K, used 20589K [0x29240000, 0x2adc6000, 0x33cf0000)
   the space 28184K,  73% used [0x29240000, 0x2a65b610, 0x2a65b800, 0x2adc6000)
 compacting perm gen  total 12288K, used 3584K [0x33cf0000, 0x348f0000, 0x37cf0000)
   the space 12288K,  29% used [0x33cf0000, 0x34070398, 0x34070400, 0x348f0000)
    ro space 10240K,  45% used [0x37cf0000, 0x38179b28, 0x38179c00, 0x386f0000)
    rw space 12288K,  54% used [0x386f0000, 0x38d7d0e8, 0x38d7d200, 0x392f0000)
Event: 76.340 GC heap after
Heap after GC invocations=602 (full 2):
 def new generation   total 12736K, used 630K [0x23cf0000, 0x24ac0000, 0x29240000)
  eden space 11328K,   0% used [0x23cf0000, 0x23cf0000, 0x24800000)
  from space 1408K,  44% used [0x24960000, 0x249fdbb8, 0x24ac0000)
  to   space 1408K,   0% used [0x24800000, 0x24800000, 0x24960000)
 tenured generation   total 28184K, used 20619K [0x29240000, 0x2adc6000, 0x33cf0000)
   the space 28184K,  73% used [0x29240000, 0x2a662f08, 0x2a663000, 0x2adc6000)
 compacting perm gen  total 12288K, used 3584K [0x33cf0000, 0x348f0000, 0x37cf0000)
   the space 12288K,  29% used [0x33cf0000, 0x34070398, 0x34070400, 0x348f0000)
    ro space 10240K,  45% used [0x37cf0000, 0x38179b28, 0x38179c00, 0x386f0000)
    rw space 12288K,  54% used [0x386f0000, 0x38d7d0e8, 0x38d7d200, 0x392f0000)
}

Deoptimization events (0 events):
No events

Internal exceptions (10 events):
Event: 3.615 Thread 0x041fc400 Threw 0x24086990 at C:\jdk7u2_32P\jdk7u25\hotspot\src\share\vm\prims\jvm.cpp:1235
Event: 3.616 Thread 0x041fc400 Threw 0x24090938 at C:\jdk7u2_32P\jdk7u25\hotspot\src\share\vm\prims\jvm.cpp:1235
Event: 3.621 Thread 0x041fc400 Threw 0x240be9b0 at C:\jdk7u2_32P\jdk7u25\hotspot\src\share\vm\prims\jvm.cpp:1235
Event: 3.623 Thread 0x041fc400 Threw 0x240c80f0 at C:\jdk7u2_32P\jdk7u25\hotspot\src\share\vm\prims\jvm.cpp:1235
Event: 3.625 Thread 0x041fc400 Threw 0x240dcd60 at C:\jdk7u2_32P\jdk7u25\hotspot\src\share\vm\prims\jvm.cpp:1235
Event: 3.697 Thread 0x041fc400 Threw 0x23dc74d0 at C:\jdk7u2_32P\jdk7u25\hotspot\src\share\vm\prims\jvm.cpp:1235
Event: 3.724 Thread 0x041fc400 Threw 0x23df09b0 at C:\jdk7u2_32P\jdk7u25\hotspot\src\share\vm\prims\jvm.cpp:1235
Event: 3.729 Thread 0x041fc400 Threw 0x23df4008 at C:\jdk7u2_32P\jdk7u25\hotspot\src\share\vm\prims\jvm.cpp:1235
Event: 3.730 Thread 0x041fc400 Threw 0x23df8350 at C:\jdk7u2_32P\jdk7u25\hotspot\src\share\vm\prims\jvm.cpp:1235
Event: 3.730 Thread 0x041fc400 Threw 0x23e24128 at C:\jdk7u2_32P\jdk7u25\hotspot\src\share\vm\prims\jvm.cpp:1235

Events (10 events):
Event: 76.476 loading class 0x39418ca0
Event: 76.477 loading class 0x39418ca0 done
Event: 76.477 loading class 0x3941bc40
Event: 76.477 loading class 0x3941bc40 done
Event: 76.478 Thread 0x0550a800 Thread added: 0x0550a800
Event: 76.478 Thread 0x05375c00 Thread added: 0x05375c00
Event: 76.478 Thread 0x05376000 Thread added: 0x05376000
Event: 76.478 Thread 0x0550a800 Thread exited: 0x0550a800
Event: 76.479 loading class 0x39312800
Event: 76.479 loading class 0x39312800 done


Dynamic libraries:
0x01250000 - 0x0127f000 	C:\Program Files\Java\jdk1.7.0_25\bin\javaw.exe
0x77810000 - 0x7794c000 	C:\Windows\SYSTEM32\ntdll.dll
0x77520000 - 0x775f4000 	C:\Windows\system32\kernel32.dll
0x75ab0000 - 0x75afb000 	C:\Windows\system32\KERNELBASE.dll
0x76d40000 - 0x76de0000 	C:\Windows\system32\ADVAPI32.dll
0x77460000 - 0x7750c000 	C:\Windows\system32\msvcrt.dll
0x77220000 - 0x77239000 	C:\Windows\SYSTEM32\sechost.dll
0x75bb0000 - 0x75c52000 	C:\Windows\system32\RPCRT4.dll
0x77300000 - 0x773c9000 	C:\Windows\system32\USER32.dll
0x76f70000 - 0x76fbe000 	C:\Windows\system32\GDI32.dll
0x77510000 - 0x7751a000 	C:\Windows\system32\LPK.dll
0x779a0000 - 0x77a3d000 	C:\Windows\system32\USP10.dll
0x74bf0000 - 0x74d8e000 	C:\Windows\WinSxS\x86_microsoft.windows.common-controls_6595b64144ccf1df_6.0.7601.17514_none_41e6975e2bd6f2b2\COMCTL32.dll
0x76fc0000 - 0x77017000 	C:\Windows\system32\SHLWAPI.dll
0x76de0000 - 0x76dff000 	C:\Windows\system32\IMM32.DLL
0x75eb0000 - 0x75f7c000 	C:\Windows\system32\MSCTF.dll
0x6d9e0000 - 0x6da9e000 	C:\Program Files\Java\jdk1.7.0_25\jre\bin\msvcr100.dll
0x65560000 - 0x658a2000 	C:\Program Files\Java\jdk1.7.0_25\jre\bin\client\jvm.dll
0x72d30000 - 0x72d37000 	C:\Windows\system32\WSOCK32.dll
0x77240000 - 0x77275000 	C:\Windows\system32\WS2_32.dll
0x76f60000 - 0x76f66000 	C:\Windows\system32\NSI.dll
0x74440000 - 0x74472000 	C:\Windows\system32\WINMM.dll
0x76d30000 - 0x76d35000 	C:\Windows\system32\PSAPI.DLL
0x73fa0000 - 0x73fac000 	C:\Program Files\Java\jdk1.7.0_25\jre\bin\verify.dll
0x73610000 - 0x73630000 	C:\Program Files\Java\jdk1.7.0_25\jre\bin\java.dll
0x73630000 - 0x73643000 	C:\Program Files\Java\jdk1.7.0_25\jre\bin\zip.dll
0x50150000 - 0x50294000 	C:\Program Files\Java\jdk1.7.0_25\jre\bin\awt.dll
0x75e20000 - 0x75eaf000 	C:\Windows\system32\OLEAUT32.dll
0x76bd0000 - 0x76d2c000 	C:\Windows\system32\ole32.dll
0x73e10000 - 0x73e50000 	C:\Windows\system32\uxtheme.dll
0x71db0000 - 0x71e4f000 	C:\ProgramData\Tencent\TSVulFw\TSVulFW.DAT
0x74960000 - 0x74969000 	C:\Windows\system32\VERSION.dll
0x75f80000 - 0x76bca000 	C:\Windows\system32\SHELL32.dll
0x73c00000 - 0x73c13000 	C:\Windows\system32\dwmapi.dll
0x757d0000 - 0x757dc000 	C:\Windows\system32\CRYPTBASE.dll
0x10000000 - 0x1000f000 	D:\Users\Leslie\AppData\Local\Youdao\Dict\5.4.43.3217\WordStrokeHelper32.dll
0x65420000 - 0x65451000 	C:\Program Files\Java\jdk1.7.0_25\jre\bin\fontmanager.dll
0x72980000 - 0x72994000 	C:\Program Files\Java\jdk1.7.0_25\jre\bin\net.dll
0x752a0000 - 0x752dc000 	C:\Windows\system32\mswsock.dll
0x75290000 - 0x75296000 	C:\Windows\System32\wship6.dll
0x73fb0000 - 0x73fbf000 	C:\Program Files\Java\jdk1.7.0_25\jre\bin\nio.dll
0x773d0000 - 0x77453000 	C:\Windows\system32\CLBCatQ.DLL
0x73980000 - 0x73ab0000 	C:\Windows\system32\WindowsCodecs.dll
0x75780000 - 0x757cc000 	C:\Windows\system32\apphelp.dll
0x050a0000 - 0x050e9000 	D:\Program Files\QvodPlayer\QvodExtend\5.0.91.0\QvodExtend.dll
0x75c60000 - 0x75e18000 	C:\Windows\system32\WININET.dll
0x758d0000 - 0x758d4000 	C:\Windows\system32\api-ms-win-downlevel-user32-l1-1-0.dll
0x75a70000 - 0x75a75000 	C:\Windows\system32\api-ms-win-downlevel-advapi32-l1-1-0.dll
0x758e0000 - 0x758e4000 	C:\Windows\system32\api-ms-win-downlevel-shlwapi-l1-1-0.dll
0x758f0000 - 0x758f4000 	C:\Windows\system32\api-ms-win-downlevel-version-l1-1-0.dll
0x75900000 - 0x75903000 	C:\Windows\system32\api-ms-win-downlevel-normaliz-l1-1-0.dll
0x77600000 - 0x77603000 	C:\Windows\system32\normaliz.DLL
0x77610000 - 0x77808000 	C:\Windows\system32\iertutil.dll
0x671d0000 - 0x67201000 	C:\Windows\system32\EhStorShell.dll
0x77020000 - 0x771bd000 	C:\Windows\system32\SETUPAPI.dll
0x75a80000 - 0x75aa7000 	C:\Windows\system32\CFGMGR32.dll
0x75b90000 - 0x75ba2000 	C:\Windows\system32\DEVOBJ.dll
0x73e80000 - 0x73f75000 	C:\Windows\system32\PROPSYS.dll
0x66130000 - 0x66536000 	C:\PROGRA~1\MICROS~4\Office14\GROOVEEX.DLL
0x746d0000 - 0x74773000 	C:\Windows\WinSxS\x86_microsoft.vc90.crt_1fc8b3b9a1e18e3b_9.0.30729.6161_none_50934f2ebcb7eb57\MSVCR90.dll
0x70c70000 - 0x70cfe000 	C:\Windows\WinSxS\x86_microsoft.vc90.crt_1fc8b3b9a1e18e3b_9.0.30729.6161_none_50934f2ebcb7eb57\MSVCP90.dll
0x671a0000 - 0x671cb000 	C:\Windows\WinSxS\x86_microsoft.vc90.atl_1fc8b3b9a1e18e3b_9.0.30729.6161_none_51cd0a7abbe4e19b\ATL90.DLL
0x66d80000 - 0x6719a000 	C:\PROGRA~1\COMMON~1\MICROS~1\OFFICE14\Cultures\office.odf
0x65920000 - 0x66130000 	C:\PROGRA~1\MICROS~4\Office14\2052\GrooveIntlResource.dll
0x66d10000 - 0x66d80000 	C:\Windows\system32\ntshrui.dll
0x755a0000 - 0x755b9000 	C:\Windows\system32\srvcli.dll
0x6f0a0000 - 0x6f0ab000 	C:\Windows\system32\cscapi.dll
0x73740000 - 0x7374a000 	C:\Windows\system32\slc.dll
0x65470000 - 0x654a0000 	C:\Program Files\Java\jdk1.7.0_25\jre\bin\t2k.dll
0x06890000 - 0x068ef000 	D:\Users\Leslie\AppData\Local\Youdao\Dict\5.4.43.3217\TextExtractorImpl32.dll
0x73290000 - 0x732cc000 	C:\Windows\system32\OLEACC.dll
0x75300000 - 0x75316000 	C:\Windows\system32\CRYPTSP.dll
0x75080000 - 0x750bb000 	C:\Windows\system32\rsaenh.dll
0x747d0000 - 0x747e7000 	C:\Windows\system32\USERENV.dll
0x75850000 - 0x7585b000 	C:\Windows\system32\profapi.dll
0x73ad0000 - 0x73ae0000 	C:\Windows\system32\NLAapi.dll
0x724b0000 - 0x724c0000 	C:\Windows\system32\napinsp.dll
0x72470000 - 0x72482000 	C:\Windows\system32\pnrpnsp.dll
0x75160000 - 0x751a4000 	C:\Windows\system32\DNSAPI.dll
0x72460000 - 0x72468000 	C:\Windows\System32\winrnr.dll
0x72450000 - 0x7245d000 	C:\Windows\system32\wshbth.dll
0x72420000 - 0x72447000 	C:\Program Files\Common Files\Microsoft Shared\Windows Live\WLIDNSP.DLL
0x723f0000 - 0x72411000 	C:\Program Files\Bonjour\mdnsNSP.dll
0x74530000 - 0x7454c000 	C:\Windows\system32\Iphlpapi.DLL
0x74520000 - 0x74527000 	C:\Windows\system32\WINNSI.DLL
0x066d0000 - 0x066e7000 	C:\Program Files\Common Files\Thunder Network\NetMon\net_monitor2.0.2.9.dll
0x7c3a0000 - 0x7c41b000 	C:\Windows\system32\MSVCP71.dll
0x7c340000 - 0x7c396000 	C:\Windows\system32\MSVCR71.dll
0x74420000 - 0x74426000 	C:\Windows\System32\wshqos.dll
0x74410000 - 0x74415000 	C:\Windows\system32\wshtcpip.DLL
0x72300000 - 0x72306000 	C:\Windows\system32\rasadhlp.dll
0x70dd0000 - 0x70e08000 	C:\Windows\System32\fwpuclnt.dll
0x06930000 - 0x06985000 	C:\Users\Leslie\AppData\Local\Temp\jna2936622079098592886.dll
0x54260000 - 0x5447f000 	E:\workspace\android\MSCPROJECT\EEGAnalysis\edk.dll
0x0f610000 - 0x0f802000 	E:\workspace\android\MSCPROJECT\EEGAnalysis\edk_utils.dll
0x6fa80000 - 0x6fae9000 	C:\Windows\system32\MSVCP100.dll
0x73ba0000 - 0x73ba9000 	C:\Windows\system32\HID.DLL
0x75a40000 - 0x75a6e000 	C:\Windows\system32\WINTRUST.dll
0x75920000 - 0x75a40000 	C:\Windows\system32\CRYPT32.dll
0x758c0000 - 0x758cc000 	C:\Windows\system32\MSASN1.dll
0x63c70000 - 0x63c94000 	C:\Program Files\Java\jdk1.7.0_25\jre\bin\dcpr.dll
0x72d50000 - 0x72e3b000 	C:\Windows\system32\dbghelp.dll

VM Arguments:
jvm_args: -Dfile.encoding=GBK 
java_command: com.lw.eeg.Main.EEGAnalysis
Launcher Type: SUN_STANDARD

Environment Variables:
JAVA_HOME=C:\Program Files\Java\jdk1.7.0_25
CLASSPATH=.;.;C:\PROGRA~1\JMF21~1.1E\lib\sound.jar;C:\PROGRA~1\JMF21~1.1E\lib\jmf.jar;C:\PROGRA~1\JMF21~1.1E\lib;
PATH=C:/Program Files/Java/jre7/bin/client;C:/Program Files/Java/jre7/bin;C:/Program Files/Java/jre7/lib/i386;C:\Windows\system32;C:\Windows\System32;C:\Program Files\Java\jdk1.7.0_25\bin;D:\Program Files\LaTex\miktex\bin\;E:\dvlTools\adt-bundle-windows-x86-20130522\eclipse;
USERNAME=Leslie
OS=Windows_NT
PROCESSOR_IDENTIFIER=x86 Family 6 Model 58 Stepping 9, GenuineIntel



---------------  S Y S T E M  ---------------

OS: Windows 7 Build 7601 Service Pack 1

CPU:total 4 (2 cores per cpu, 2 threads per core) family 6 model 58 stepping 9, cmov, cx8, fxsr, mmx, sse, sse2, sse3, ssse3, sse4.1, sse4.2, popcnt, avx, ht, tsc, tscinvbit, tscinv

Memory: 4k page, physical 3412076k(859060k free), swap 6822400k(2387924k free)

vm_info: Java HotSpot(TM) Client VM (23.25-b01) for windows-x86 JRE (1.7.0_25-b16), built on Jun 12 2013 20:29:09 by "java_re" with unknown MS VC++:1600

time: Sat Aug 31 23:59:15 2013
elapsed time: 76 seconds

