#
# A fatal error has been detected by the Java Runtime Environment:
#
#  EXCEPTION_ACCESS_VIOLATION (0xc0000005) at pc=0x581d5ad9, pid=15432, tid=15276
#
# JRE version: 7.0_25-b16
# Java VM: Java HotSpot(TM) Client VM (23.25-b01 mixed mode, sharing windows-x86 )
# Problematic frame:
# V  [jvm.dll+0xa5ad9]
#
# Failed to write core dump. Minidumps are not enabled by default on client versions of Windows
#
# If you would like to submit a bug report, please visit:
#   http://bugreport.sun.com/bugreport/crash.jsp
#

---------------  T H R E A D  ---------------

Current thread (0x041b9400):  JavaThread "Thread-2" daemon [_thread_in_vm, id=15276, stack(0x06a20000,0x06a70000)]

siginfo: ExceptionCode=0xc0000005, reading address 0x00000000

Registers:
EAX=0x00000000, EBX=0x04188801, ECX=0x00000000, EDX=0x00000000
ESP=0x06a6efdc, EBP=0x06a6efe8, ESI=0x041b9400, EDI=0x04188838
EIP=0x581d5ad9, EFLAGS=0x00010202

Top of Stack: (sp=0x06a6efdc)
0x06a6efdc:   06a6f080 00000000 04188838 06a6f268
0x06a6efec:   068242a8 041b9528 04188838 00000000
0x06a6effc:   06824220 06a6f070 06a6f078 00000020
0x06a6f00c:   06824220 58133d83 041b9400 00000020
0x06a6f01c:   06a6f050 58133d83 041b9400 00000020
0x06a6f02c:   0682420c 06a6f064 58133d83 041b9400
0x06a6f03c:   74cee485 00000002 041b9400 06a6f2a0
0x06a6f04c:   06a6f03c 06a6f060 06a6f97c 74cee485 

Instructions: (pc=0x581d5ad9)
0x581d5ab9:   8e 09 00 33 f6 eb 02 8b f1 6a 06 56 e8 46 e3 f5
0x581d5ac9:   ff 8b 7d 0c 83 c4 08 b3 01 85 ff 74 3d 8b 45 10
0x581d5ad9:   8b 00 50 32 db e8 3d 8f f7 ff 83 c4 04 85 c0 74
0x581d5ae9:   29 8b 0f 8b 49 04 8b 50 10 83 c1 08 39 44 0a f8 


Register to memory mapping:

EAX=0x00000000 is an unknown value
EBX=0x04188801 is an unknown value
ECX=0x00000000 is an unknown value
EDX=0x00000000 is an unknown value
ESP=0x06a6efdc is pointing into the stack for thread: 0x041b9400
EBP=0x06a6efe8 is pointing into the stack for thread: 0x041b9400
ESI=0x041b9400 is a thread
EDI=0x04188838 is an unknown value


Stack: [0x06a20000,0x06a70000],  sp=0x06a6efdc,  free space=315k
Native frames: (J=compiled Java code, j=interpreted, Vv=VM code, C=native code)
V  [jvm.dll+0xa5ad9]
C  [jna7709582466205150230.dll+0x42a8]  Java_com_sun_jna_Pointer__1getString+0x778
C  [jna7709582466205150230.dll+0x4d2e]  Java_com_sun_jna_Function_invokeInt+0x2e
J  com.sun.jna.Function.invokeInt(I[Ljava/lang/Object;)I
J  com.sun.jna.Function.invoke([Ljava/lang/Object;Ljava/lang/Class;Z)Ljava/lang/Object;
V  [jvm.dll+0x124afa]
V  [jvm.dll+0x1d224e]
V  [jvm.dll+0x124caf]
V  [jvm.dll+0x124d17]
V  [jvm.dll+0xcf06f]
V  [jvm.dll+0x144447]
V  [jvm.dll+0x1445b0]
V  [jvm.dll+0x177bb9]
C  [msvcr100.dll+0x5c6de]  endthreadex+0x3a
C  [msvcr100.dll+0x5c788]  endthreadex+0xe4
C  [kernel32.dll+0x4ed6c]  BaseThreadInitThunk+0x12
C  [ntdll.dll+0x637eb]  RtlInitializeExceptionChain+0xef
C  [ntdll.dll+0x637be]  RtlInitializeExceptionChain+0xc2

Java frames: (J=compiled Java code, j=interpreted, Vv=VM code)
J  com.sun.jna.Function.invokeInt(I[Ljava/lang/Object;)I
J  com.sun.jna.Function.invoke([Ljava/lang/Object;Ljava/lang/Class;Z)Ljava/lang/Object;
J  com.sun.jna.Function.invoke(Ljava/lang/Class;[Ljava/lang/Object;Ljava/util/Map;)Ljava/lang/Object;
J  com.sun.jna.Library$Handler.invoke(Ljava/lang/Object;Ljava/lang/reflect/Method;[Ljava/lang/Object;)Ljava/lang/Object;
J  com.sun.proxy.$Proxy0.EE_DataGetNumberOfSample(Lcom/sun/jna/Pointer;Lcom/sun/jna/ptr/IntByReference;)I
J  com.lw.eeg.EEGLog.EEGLog$Thread_EEG.run()V
v  ~StubRoutines::call_stub

---------------  P R O C E S S  ---------------

Java Threads: ( => current thread )
  0x040d7c00 JavaThread "Thread-3" daemon [_thread_in_vm, id=15752, stack(0x04920000,0x04970000)]
=>0x041b9400 JavaThread "Thread-2" daemon [_thread_in_vm, id=15276, stack(0x06a20000,0x06a70000)]
  0x050a6c00 JavaThread "TimerQueue" daemon [_thread_blocked, id=15064, stack(0x06960000,0x069b0000)]
  0x00eeb800 JavaThread "DestroyJavaVM" [_thread_blocked, id=13208, stack(0x00640000,0x00690000)]
  0x04142000 JavaThread "AWT-EventQueue-0" [_thread_blocked, id=13380, stack(0x03d70000,0x03dc0000)]
  0x04134400 JavaThread "AWT-Shutdown" [_thread_blocked, id=14824, stack(0x04480000,0x044d0000)]
  0x04131c00 JavaThread "Java2D Disposer" daemon [_thread_blocked, id=14948, stack(0x04270000,0x042c0000)]
  0x00fcec00 JavaThread "Service Thread" daemon [_thread_blocked, id=15296, stack(0x04010000,0x04060000)]
  0x00fca400 JavaThread "C1 CompilerThread0" daemon [_thread_blocked, id=16112, stack(0x03ed0000,0x03f20000)]
  0x00fc9000 JavaThread "Attach Listener" daemon [_thread_blocked, id=15184, stack(0x002d0000,0x00320000)]
  0x00fc6000 JavaThread "Signal Dispatcher" daemon [_thread_blocked, id=15108, stack(0x03df0000,0x03e40000)]
  0x00fa7800 JavaThread "Finalizer" daemon [_thread_blocked, id=15252, stack(0x03f30000,0x03f80000)]
  0x00fa2c00 JavaThread "Reference Handler" daemon [_thread_blocked, id=4944, stack(0x03e60000,0x03eb0000)]

Other Threads:
  0x00fa1400 VMThread [stack: 0x03cd0000,0x03d20000] [id=16004]
  0x00fd0400 WatcherThread [stack: 0x042f0000,0x04340000] [id=16168]

VM state:not at safepoint (normal execution)

VM Mutex/Monitor currently owned by a thread: None

Heap
 def new generation   total 18560K, used 11751K [0x23cf0000, 0x25110000, 0x29240000)
  eden space 16512K,  70% used [0x23cf0000, 0x24845da8, 0x24d10000)
  from space 2048K,   7% used [0x24f10000, 0x24f34168, 0x25110000)
  to   space 2048K,   0% used [0x24d10000, 0x24d10000, 0x24f10000)
 tenured generation   total 41156K, used 35572K [0x29240000, 0x2ba71000, 0x33cf0000)
   the space 41156K,  86% used [0x29240000, 0x2b4fd098, 0x2b4fd200, 0x2ba71000)
 compacting perm gen  total 12288K, used 3197K [0x33cf0000, 0x348f0000, 0x37cf0000)
   the space 12288K,  26% used [0x33cf0000, 0x3400f448, 0x3400f600, 0x348f0000)
    ro space 10240K,  45% used [0x37cf0000, 0x38179b28, 0x38179c00, 0x386f0000)
    rw space 12288K,  54% used [0x386f0000, 0x38d7d0e8, 0x38d7d200, 0x392f0000)

Card table byte_map: [0x00ff0000,0x010a0000] byte_map_base: 0x00ed1880

Polling page: 0x00240000

Code Cache  [0x01cd0000, 0x01e98000, 0x03cd0000)
 total_blobs=933 nmethods=680 adapters=188 free_code_cache=30962Kb largest_free_block=31704384

Compilation events (10 events):
Event: 10.785 Thread 0x00fca400  684             java.lang.String::<init> (15 bytes)
Event: 10.785 Thread 0x00fca400 nmethod 684 0x01e91e48 code [0x01e91f40, 0x01e91fd0]
Event: 11.099 Thread 0x00fca400  685             java.util.ArrayList::grow (45 bytes)
Event: 11.099 Thread 0x00fca400 nmethod 685 0x01e92008 code [0x01e92120, 0x01e92288]
Event: 13.023 Thread 0x00fca400  686   !         java.io.PrintStream::write (83 bytes)
Event: 13.024 Thread 0x00fca400 nmethod 686 0x01e923c8 code [0x01e92540, 0x01e92934]
Event: 14.495 Thread 0x00fca400  687             java.lang.AbstractStringBuilder::append (62 bytes)
Event: 14.495 Thread 0x00fca400 nmethod 687 0x01e92e88 code [0x01e92fc0, 0x01e93174]
Event: 15.741 Thread 0x00fca400  688             java.lang.Long::toString (52 bytes)
Event: 15.742 Thread 0x00fca400 nmethod 688 0x01e93408 code [0x01e93530, 0x01e93734]

GC Heap History (10 events):
Event: 4647.266 GC heap before
{Heap before GC invocations=24242 (full 3):
 def new generation   total 18560K, used 16656K [0x23cf0000, 0x25110000, 0x29240000)
  eden space 16512K, 100% used [0x23cf0000, 0x24d10000, 0x24d10000)
  from space 2048K,   7% used [0x24d10000, 0x24d342b8, 0x24f10000)
  to   space 2048K,   0% used [0x24f10000, 0x24f10000, 0x25110000)
 tenured generation   total 41156K, used 35572K [0x29240000, 0x2ba71000, 0x33cf0000)
   the space 41156K,  86% used [0x29240000, 0x2b4fd098, 0x2b4fd200, 0x2ba71000)
 compacting perm gen  total 12288K, used 3174K [0x33cf0000, 0x348f0000, 0x37cf0000)
   the space 12288K,  25% used [0x33cf0000, 0x34009b60, 0x34009c00, 0x348f0000)
    ro space 10240K,  45% used [0x37cf0000, 0x38179b28, 0x38179c00, 0x386f0000)
    rw space 12288K,  54% used [0x386f0000, 0x38d7d0e8, 0x38d7d200, 0x392f0000)
Event: 4647.266 GC heap after
Heap after GC invocations=24243 (full 3):
 def new generation   total 18560K, used 144K [0x23cf0000, 0x25110000, 0x29240000)
  eden space 16512K,   0% used [0x23cf0000, 0x23cf0000, 0x24d10000)
  from space 2048K,   7% used [0x24f10000, 0x24f34330, 0x25110000)
  to   space 2048K,   0% used [0x24d10000, 0x24d10000, 0x24f10000)
 tenured generation   total 41156K, used 35572K [0x29240000, 0x2ba71000, 0x33cf0000)
   the space 41156K,  86% used [0x29240000, 0x2b4fd098, 0x2b4fd200, 0x2ba71000)
 compacting perm gen  total 12288K, used 3174K [0x33cf0000, 0x348f0000, 0x37cf0000)
   the space 12288K,  25% used [0x33cf0000, 0x34009b60, 0x34009c00, 0x348f0000)
    ro space 10240K,  45% used [0x37cf0000, 0x38179b28, 0x38179c00, 0x386f0000)
    rw space 12288K,  54% used [0x386f0000, 0x38d7d0e8, 0x38d7d200, 0x392f0000)
}
Event: 4647.469 GC heap before
{Heap before GC invocations=24243 (full 3):
 def new generation   total 18560K, used 16656K [0x23cf0000, 0x25110000, 0x29240000)
  eden space 16512K, 100% used [0x23cf0000, 0x24d10000, 0x24d10000)
  from space 2048K,   7% used [0x24f10000, 0x24f34330, 0x25110000)
  to   space 2048K,   0% used [0x24d10000, 0x24d10000, 0x24f10000)
 tenured generation   total 41156K, used 35572K [0x29240000, 0x2ba71000, 0x33cf0000)
   the space 41156K,  86% used [0x29240000, 0x2b4fd098, 0x2b4fd200, 0x2ba71000)
 compacting perm gen  total 12288K, used 3174K [0x33cf0000, 0x348f0000, 0x37cf0000)
   the space 12288K,  25% used [0x33cf0000, 0x34009b60, 0x34009c00, 0x348f0000)
    ro space 10240K,  45% used [0x37cf0000, 0x38179b28, 0x38179c00, 0x386f0000)
    rw space 12288K,  54% used [0x386f0000, 0x38d7d0e8, 0x38d7d200, 0x392f0000)
Event: 4647.469 GC heap after
Heap after GC invocations=24244 (full 3):
 def new generation   total 18560K, used 144K [0x23cf0000, 0x25110000, 0x29240000)
  eden space 16512K,   0% used [0x23cf0000, 0x23cf0000, 0x24d10000)
  from space 2048K,   7% used [0x24d10000, 0x24d342f8, 0x24f10000)
  to   space 2048K,   0% used [0x24f10000, 0x24f10000, 0x25110000)
 tenured generation   total 41156K, used 35572K [0x29240000, 0x2ba71000, 0x33cf0000)
   the space 41156K,  86% used [0x29240000, 0x2b4fd098, 0x2b4fd200, 0x2ba71000)
 compacting perm gen  total 12288K, used 3174K [0x33cf0000, 0x348f0000, 0x37cf0000)
   the space 12288K,  25% used [0x33cf0000, 0x34009b60, 0x34009c00, 0x348f0000)
    ro space 10240K,  45% used [0x37cf0000, 0x38179b28, 0x38179c00, 0x386f0000)
    rw space 12288K,  54% used [0x386f0000, 0x38d7d0e8, 0x38d7d200, 0x392f0000)
}
Event: 4647.646 GC heap before
{Heap before GC invocations=24244 (full 3):
 def new generation   total 18560K, used 16656K [0x23cf0000, 0x25110000, 0x29240000)
  eden space 16512K, 100% used [0x23cf0000, 0x24d10000, 0x24d10000)
  from space 2048K,   7% used [0x24d10000, 0x24d342f8, 0x24f10000)
  to   space 2048K,   0% used [0x24f10000, 0x24f10000, 0x25110000)
 tenured generation   total 41156K, used 35572K [0x29240000, 0x2ba71000, 0x33cf0000)
   the space 41156K,  86% used [0x29240000, 0x2b4fd098, 0x2b4fd200, 0x2ba71000)
 compacting perm gen  total 12288K, used 3174K [0x33cf0000, 0x348f0000, 0x37cf0000)
   the space 12288K,  25% used [0x33cf0000, 0x34009b60, 0x34009c00, 0x348f0000)
    ro space 10240K,  45% used [0x37cf0000, 0x38179b28, 0x38179c00, 0x386f0000)
    rw space 12288K,  54% used [0x386f0000, 0x38d7d0e8, 0x38d7d200, 0x392f0000)
Event: 4647.647 GC heap after
Heap after GC invocations=24245 (full 3):
 def new generation   total 18560K, used 144K [0x23cf0000, 0x25110000, 0x29240000)
  eden space 16512K,   0% used [0x23cf0000, 0x23cf0000, 0x24d10000)
  from space 2048K,   7% used [0x24f10000, 0x24f34188, 0x25110000)
  to   space 2048K,   0% used [0x24d10000, 0x24d10000, 0x24f10000)
 tenured generation   total 41156K, used 35572K [0x29240000, 0x2ba71000, 0x33cf0000)
   the space 41156K,  86% used [0x29240000, 0x2b4fd098, 0x2b4fd200, 0x2ba71000)
 compacting perm gen  total 12288K, used 3174K [0x33cf0000, 0x348f0000, 0x37cf0000)
   the space 12288K,  25% used [0x33cf0000, 0x34009b60, 0x34009c00, 0x348f0000)
    ro space 10240K,  45% used [0x37cf0000, 0x38179b28, 0x38179c00, 0x386f0000)
    rw space 12288K,  54% used [0x386f0000, 0x38d7d0e8, 0x38d7d200, 0x392f0000)
}
Event: 4647.822 GC heap before
{Heap before GC invocations=24245 (full 3):
 def new generation   total 18560K, used 16656K [0x23cf0000, 0x25110000, 0x29240000)
  eden space 16512K, 100% used [0x23cf0000, 0x24d10000, 0x24d10000)
  from space 2048K,   7% used [0x24f10000, 0x24f34188, 0x25110000)
  to   space 2048K,   0% used [0x24d10000, 0x24d10000, 0x24f10000)
 tenured generation   total 41156K, used 35572K [0x29240000, 0x2ba71000, 0x33cf0000)
   the space 41156K,  86% used [0x29240000, 0x2b4fd098, 0x2b4fd200, 0x2ba71000)
 compacting perm gen  total 12288K, used 3174K [0x33cf0000, 0x348f0000, 0x37cf0000)
   the space 12288K,  25% used [0x33cf0000, 0x34009b60, 0x34009c00, 0x348f0000)
    ro space 10240K,  45% used [0x37cf0000, 0x38179b28, 0x38179c00, 0x386f0000)
    rw space 12288K,  54% used [0x386f0000, 0x38d7d0e8, 0x38d7d200, 0x392f0000)
Event: 4647.822 GC heap after
Heap after GC invocations=24246 (full 3):
 def new generation   total 18560K, used 144K [0x23cf0000, 0x25110000, 0x29240000)
  eden space 16512K,   0% used [0x23cf0000, 0x23cf0000, 0x24d10000)
  from space 2048K,   7% used [0x24d10000, 0x24d34198, 0x24f10000)
  to   space 2048K,   0% used [0x24f10000, 0x24f10000, 0x25110000)
 tenured generation   total 41156K, used 35572K [0x29240000, 0x2ba71000, 0x33cf0000)
   the space 41156K,  86% used [0x29240000, 0x2b4fd098, 0x2b4fd200, 0x2ba71000)
 compacting perm gen  total 12288K, used 3174K [0x33cf0000, 0x348f0000, 0x37cf0000)
   the space 12288K,  25% used [0x33cf0000, 0x34009b60, 0x34009c00, 0x348f0000)
    ro space 10240K,  45% used [0x37cf0000, 0x38179b28, 0x38179c00, 0x386f0000)
    rw space 12288K,  54% used [0x386f0000, 0x38d7d0e8, 0x38d7d200, 0x392f0000)
}
Event: 4648.003 GC heap before
{Heap before GC invocations=24246 (full 3):
 def new generation   total 18560K, used 16656K [0x23cf0000, 0x25110000, 0x29240000)
  eden space 16512K, 100% used [0x23cf0000, 0x24d10000, 0x24d10000)
  from space 2048K,   7% used [0x24d10000, 0x24d34198, 0x24f10000)
  to   space 2048K,   0% used [0x24f10000, 0x24f10000, 0x25110000)
 tenured generation   total 41156K, used 35572K [0x29240000, 0x2ba71000, 0x33cf0000)
   the space 41156K,  86% used [0x29240000, 0x2b4fd098, 0x2b4fd200, 0x2ba71000)
 compacting perm gen  total 12288K, used 3174K [0x33cf0000, 0x348f0000, 0x37cf0000)
   the space 12288K,  25% used [0x33cf0000, 0x34009b60, 0x34009c00, 0x348f0000)
    ro space 10240K,  45% used [0x37cf0000, 0x38179b28, 0x38179c00, 0x386f0000)
    rw space 12288K,  54% used [0x386f0000, 0x38d7d0e8, 0x38d7d200, 0x392f0000)
Event: 4648.003 GC heap after
Heap after GC invocations=24247 (full 3):
 def new generation   total 18560K, used 144K [0x23cf0000, 0x25110000, 0x29240000)
  eden space 16512K,   0% used [0x23cf0000, 0x23cf0000, 0x24d10000)
  from space 2048K,   7% used [0x24f10000, 0x24f34168, 0x25110000)
  to   space 2048K,   0% used [0x24d10000, 0x24d10000, 0x24f10000)
 tenured generation   total 41156K, used 35572K [0x29240000, 0x2ba71000, 0x33cf0000)
   the space 41156K,  86% used [0x29240000, 0x2b4fd098, 0x2b4fd200, 0x2ba71000)
 compacting perm gen  total 12288K, used 3174K [0x33cf0000, 0x348f0000, 0x37cf0000)
   the space 12288K,  25% used [0x33cf0000, 0x34009b60, 0x34009c00, 0x348f0000)
    ro space 10240K,  45% used [0x37cf0000, 0x38179b28, 0x38179c00, 0x386f0000)
    rw space 12288K,  54% used [0x386f0000, 0x38d7d0e8, 0x38d7d200, 0x392f0000)
}

Deoptimization events (0 events):
No events

Internal exceptions (10 events):
Event: 4.403 Thread 0x04142000 Threw 0x23d4b158 at C:\jdk7u2_32P\jdk7u25\hotspot\src\share\vm\prims\jvm.cpp:1235
Event: 4.403 Thread 0x04142000 Threw 0x23d4db48 at C:\jdk7u2_32P\jdk7u25\hotspot\src\share\vm\prims\jvm.cpp:1235
Event: 4.403 Thread 0x04142000 Threw 0x23d4f938 at C:\jdk7u2_32P\jdk7u25\hotspot\src\share\vm\prims\jvm.cpp:1235
Event: 4.404 Thread 0x04142000 Threw 0x23d52a68 at C:\jdk7u2_32P\jdk7u25\hotspot\src\share\vm\prims\jvm.cpp:1235
Event: 4.404 Thread 0x04142000 Threw 0x23d56f40 at C:\jdk7u2_32P\jdk7u25\hotspot\src\share\vm\prims\jvm.cpp:1235
Event: 4.404 Thread 0x04142000 Threw 0x23d59f08 at C:\jdk7u2_32P\jdk7u25\hotspot\src\share\vm\prims\jvm.cpp:1235
Event: 4.405 Thread 0x04142000 Threw 0x23d5dfb0 at C:\jdk7u2_32P\jdk7u25\hotspot\src\share\vm\prims\jvm.cpp:1235
Event: 4.405 Thread 0x04142000 Threw 0x23d63e20 at C:\jdk7u2_32P\jdk7u25\hotspot\src\share\vm\prims\jvm.cpp:1235
Event: 4.407 Thread 0x04142000 Threw 0x23d69110 at C:\jdk7u2_32P\jdk7u25\hotspot\src\share\vm\prims\jvm.cpp:1235
Event: 4.407 Thread 0x04142000 Threw 0x23d744b8 at C:\jdk7u2_32P\jdk7u25\hotspot\src\share\vm\prims\jvm.cpp:1235

Events (10 events):
Event: 4648.108 Thread 0x040d8000 Thread added: 0x040d8000
Event: 4648.108 Thread 0x040d8800 Thread added: 0x040d8800
Event: 4648.109 loading class 0x39312800
Event: 4648.109 Thread 0x040d8800 Thread exited: 0x040d8800
Event: 4648.113 Thread 0x04135000 Thread exited: 0x04135000
Event: 4648.128 loading class 0x39312800 done
Event: 4648.129 loading class 0x393267f0
Event: 4648.211 Thread 0x040d8000 Thread exited: 0x040d8000
Event: 4648.278 loading class 0x393267f0 done
Event: 4648.278 loading class 0x05267310


Dynamic libraries:
0x010a0000 - 0x010cf000 	C:\Program Files\Java\jdk1.7.0_25\bin\javaw.exe
0x77b70000 - 0x77cac000 	C:\Windows\SYSTEM32\ntdll.dll
0x77580000 - 0x77654000 	C:\Windows\system32\kernel32.dll
0x75cd0000 - 0x75d1b000 	C:\Windows\system32\KERNELBASE.dll
0x76290000 - 0x76330000 	C:\Windows\system32\ADVAPI32.dll
0x76400000 - 0x764ac000 	C:\Windows\system32\msvcrt.dll
0x77cc0000 - 0x77cd9000 	C:\Windows\SYSTEM32\sechost.dll
0x774d0000 - 0x77572000 	C:\Windows\system32\RPCRT4.dll
0x778a0000 - 0x77969000 	C:\Windows\system32\USER32.dll
0x760b0000 - 0x760fe000 	C:\Windows\system32\GDI32.dll
0x77d90000 - 0x77d9a000 	C:\Windows\system32\LPK.dll
0x773d0000 - 0x7746d000 	C:\Windows\system32\USP10.dll
0x74f50000 - 0x750ee000 	C:\Windows\WinSxS\x86_microsoft.windows.common-controls_6595b64144ccf1df_6.0.7601.17514_none_41e6975e2bd6f2b2\COMCTL32.dll
0x76230000 - 0x76287000 	C:\Windows\system32\SHLWAPI.dll
0x77d70000 - 0x77d8f000 	C:\Windows\system32\IMM32.DLL
0x76330000 - 0x763fc000 	C:\Windows\system32\MSCTF.dll
0x5d7c0000 - 0x5d87e000 	C:\Program Files\Java\jdk1.7.0_25\jre\bin\msvcr100.dll
0x58130000 - 0x58472000 	C:\Program Files\Java\jdk1.7.0_25\jre\bin\client\jvm.dll
0x73a40000 - 0x73a47000 	C:\Windows\system32\WSOCK32.dll
0x765e0000 - 0x76615000 	C:\Windows\system32\WS2_32.dll
0x77cb0000 - 0x77cb6000 	C:\Windows\system32\NSI.dll
0x73c50000 - 0x73c82000 	C:\Windows\system32\WINMM.dll
0x77470000 - 0x77475000 	C:\Windows\system32\PSAPI.DLL
0x72d70000 - 0x72d7c000 	C:\Program Files\Java\jdk1.7.0_25\jre\bin\verify.dll
0x72a70000 - 0x72a90000 	C:\Program Files\Java\jdk1.7.0_25\jre\bin\java.dll
0x72ad0000 - 0x72ae3000 	C:\Program Files\Java\jdk1.7.0_25\jre\bin\zip.dll
0x58680000 - 0x587c4000 	C:\Program Files\Java\jdk1.7.0_25\jre\bin\awt.dll
0x761a0000 - 0x7622f000 	C:\Windows\system32\OLEAUT32.dll
0x77270000 - 0x773cc000 	C:\Windows\system32\ole32.dll
0x73fa0000 - 0x73fe0000 	C:\Windows\system32\uxtheme.dll
0x737f0000 - 0x7388f000 	C:\ProgramData\Tencent\TSVulFw\TSVulFW.DAT
0x74cc0000 - 0x74cc9000 	C:\Windows\system32\VERSION.dll
0x76620000 - 0x7726a000 	C:\Windows\system32\SHELL32.dll
0x73e50000 - 0x73e63000 	C:\Windows\system32\dwmapi.dll
0x75b30000 - 0x75b3c000 	C:\Windows\system32\CRYPTBASE.dll
0x6e3b0000 - 0x6e3e1000 	C:\Program Files\Java\jdk1.7.0_25\jre\bin\fontmanager.dll
0x72a50000 - 0x72a64000 	C:\Program Files\Java\jdk1.7.0_25\jre\bin\net.dll
0x75620000 - 0x7565c000 	C:\Windows\system32\mswsock.dll
0x75610000 - 0x75616000 	C:\Windows\System32\wship6.dll
0x73790000 - 0x7379f000 	C:\Program Files\Java\jdk1.7.0_25\jre\bin\nio.dll
0x76110000 - 0x76193000 	C:\Windows\system32\CLBCatQ.DLL
0x73cf0000 - 0x73e20000 	C:\Windows\system32\WindowsCodecs.dll
0x75ae0000 - 0x75b2c000 	C:\Windows\system32\apphelp.dll
0x10000000 - 0x10049000 	D:\Program Files\QvodPlayer\QvodExtend\5.0.91.0\QvodExtend.dll
0x776e0000 - 0x77898000 	C:\Windows\system32\WININET.dll
0x75d40000 - 0x75d44000 	C:\Windows\system32\api-ms-win-downlevel-user32-l1-1-0.dll
0x75c30000 - 0x75c35000 	C:\Windows\system32\api-ms-win-downlevel-advapi32-l1-1-0.dll
0x75ee0000 - 0x75ee4000 	C:\Windows\system32\api-ms-win-downlevel-shlwapi-l1-1-0.dll
0x75ef0000 - 0x75ef4000 	C:\Windows\system32\api-ms-win-downlevel-version-l1-1-0.dll
0x75f00000 - 0x75f03000 	C:\Windows\system32\api-ms-win-downlevel-normaliz-l1-1-0.dll
0x76100000 - 0x76103000 	C:\Windows\system32\normaliz.DLL
0x77970000 - 0x77b68000 	C:\Windows\system32\iertutil.dll
0x68790000 - 0x687c1000 	C:\Windows\system32\EhStorShell.dll
0x75f10000 - 0x760ad000 	C:\Windows\system32\SETUPAPI.dll
0x75d90000 - 0x75db7000 	C:\Windows\system32\CFGMGR32.dll
0x75d20000 - 0x75d32000 	C:\Windows\system32\DEVOBJ.dll
0x743c0000 - 0x744b5000 	C:\Windows\system32\PROPSYS.dll
0x665e0000 - 0x669e6000 	C:\PROGRA~1\MICROS~4\Office14\GROOVEEX.DLL
0x74a30000 - 0x74ad3000 	C:\Windows\WinSxS\x86_microsoft.vc90.crt_1fc8b3b9a1e18e3b_9.0.30729.6161_none_50934f2ebcb7eb57\MSVCR90.dll
0x70ca0000 - 0x70d2e000 	C:\Windows\WinSxS\x86_microsoft.vc90.crt_1fc8b3b9a1e18e3b_9.0.30729.6161_none_50934f2ebcb7eb57\MSVCP90.dll
0x682d0000 - 0x682fb000 	C:\Windows\WinSxS\x86_microsoft.vc90.atl_1fc8b3b9a1e18e3b_9.0.30729.6161_none_51cd0a7abbe4e19b\ATL90.DLL
0x67550000 - 0x6796a000 	C:\PROGRA~1\COMMON~1\MICROS~1\OFFICE14\Cultures\office.odf
0x65dd0000 - 0x665e0000 	C:\PROGRA~1\MICROS~4\Office14\2052\GrooveIntlResource.dll
0x68260000 - 0x682d0000 	C:\Windows\system32\ntshrui.dll
0x75800000 - 0x75819000 	C:\Windows\system32\srvcli.dll
0x6fc40000 - 0x6fc4b000 	C:\Windows\system32\cscapi.dll
0x73be0000 - 0x73bea000 	C:\Windows\system32\slc.dll
0x72a20000 - 0x72a50000 	C:\Program Files\Java\jdk1.7.0_25\jre\bin\t2k.dll
0x75660000 - 0x75676000 	C:\Windows\system32\CRYPTSP.dll
0x75400000 - 0x7543b000 	C:\Windows\system32\rsaenh.dll
0x74b30000 - 0x74b47000 	C:\Windows\system32\USERENV.dll
0x75bb0000 - 0x75bbb000 	C:\Windows\system32\profapi.dll
0x73ce0000 - 0x73cf0000 	C:\Windows\system32\NLAapi.dll
0x6fd30000 - 0x6fd40000 	C:\Windows\system32\napinsp.dll
0x6f700000 - 0x6f712000 	C:\Windows\system32\pnrpnsp.dll
0x754e0000 - 0x75524000 	C:\Windows\system32\DNSAPI.dll
0x6f6f0000 - 0x6f6f8000 	C:\Windows\System32\winrnr.dll
0x6e5f0000 - 0x6e5fd000 	C:\Windows\system32\wshbth.dll
0x70bc0000 - 0x70be7000 	C:\Program Files\Common Files\Microsoft Shared\Windows Live\WLIDNSP.DLL
0x70b90000 - 0x70bb1000 	C:\Program Files\Bonjour\mdnsNSP.dll
0x74890000 - 0x748ac000 	C:\Windows\system32\Iphlpapi.DLL
0x74880000 - 0x74887000 	C:\Windows\system32\WINNSI.DLL
0x066a0000 - 0x066b7000 	C:\Program Files\Common Files\Thunder Network\NetMon\net_monitor2.0.2.9.dll
0x7c3a0000 - 0x7c41b000 	C:\Windows\system32\MSVCP71.dll
0x7c340000 - 0x7c396000 	C:\Windows\system32\MSVCR71.dll
0x74780000 - 0x74786000 	C:\Windows\System32\wshqos.dll
0x74770000 - 0x74775000 	C:\Windows\system32\wshtcpip.DLL
0x6ee40000 - 0x6ee46000 	C:\Windows\system32\rasadhlp.dll
0x733a0000 - 0x733d8000 	C:\Windows\System32\fwpuclnt.dll
0x06820000 - 0x06875000 	C:\Users\Leslie\AppData\Local\Temp\jna7709582466205150230.dll
0x59bf0000 - 0x59e0f000 	E:\workspace\android\MSCPROJECT\EEGAnalysis\edk.dll
0x58480000 - 0x58672000 	E:\workspace\android\MSCPROJECT\EEGAnalysis\edk_utils.dll
0x70830000 - 0x70899000 	C:\Windows\system32\MSVCP100.dll
0x74380000 - 0x74389000 	C:\Windows\system32\HID.DLL
0x75d50000 - 0x75d7e000 	C:\Windows\system32\WINTRUST.dll
0x75dc0000 - 0x75ee0000 	C:\Windows\system32\CRYPT32.dll
0x75c20000 - 0x75c2c000 	C:\Windows\system32\MSASN1.dll
0x73a60000 - 0x73b4b000 	C:\Windows\system32\dbghelp.dll

VM Arguments:
jvm_args: -Dfile.encoding=GBK 
java_command: com.lw.eeg.Main.EEGAnalysis
Launcher Type: SUN_STANDARD

Environment Variables:
JAVA_HOME=C:\Program Files\Java\jdk1.7.0_25
CLASSPATH=.;.;C:\PROGRA~1\JMF21~1.1E\lib\sound.jar;C:\PROGRA~1\JMF21~1.1E\lib\jmf.jar;C:\PROGRA~1\JMF21~1.1E\lib;
PATH=C:/Program Files/Java/jre7/bin/client;C:/Program Files/Java/jre7/bin;C:/Program Files/Java/jre7/lib/i386;C:\Windows\system32;C:\Windows\System32;C:\Program Files\Java\jdk1.7.0_25\bin;D:\Program Files\LaTex\miktex\bin\;E:\dvlTools\adt-bundle-windows-x86-20130522\eclipse;
USERNAME=Leslie
OS=Windows_NT
PROCESSOR_IDENTIFIER=x86 Family 6 Model 58 Stepping 9, GenuineIntel



---------------  S Y S T E M  ---------------

OS: Windows 7 Build 7601 Service Pack 1

CPU:total 4 (2 cores per cpu, 2 threads per core) family 6 model 58 stepping 9, cmov, cx8, fxsr, mmx, sse, sse2, sse3, ssse3, sse4.1, sse4.2, popcnt, avx, ht, tsc, tscinvbit, tscinv

Memory: 4k page, physical 3412076k(1818612k free), swap 6822400k(4461028k free)

vm_info: Java HotSpot(TM) Client VM (23.25-b01) for windows-x86 JRE (1.7.0_25-b16), built on Jun 12 2013 20:29:09 by "java_re" with unknown MS VC++:1600

time: Tue Sep 03 00:45:26 2013
elapsed time: 4648 seconds

