#
# A fatal error has been detected by the Java Runtime Environment:
#
#  EXCEPTION_ACCESS_VIOLATION (0xc0000005) at pc=0x65605ad9, pid=7312, tid=17288
#
# JRE version: 7.0_25-b16
# Java VM: Java HotSpot(TM) Client VM (23.25-b01 mixed mode, sharing windows-x86 )
# Problematic frame:
# V  [jvm.dll+0xa5ad9]
#
# Failed to write core dump. Minidumps are not enabled by default on client versions of Windows
#
# If you would like to submit a bug report, please visit:
#   http://bugreport.sun.com/bugreport/crash.jsp
#

---------------  T H R E A D  ---------------

Current thread (0x041af000):  JavaThread "Thread-4" daemon [_thread_in_vm, id=17288, stack(0x071c0000,0x07210000)]

siginfo: ExceptionCode=0xc0000005, reading address 0x00000000

Registers:
EAX=0x00000000, EBX=0x04262701, ECX=0x00000000, EDX=0x00000000
ESP=0x0720f34c, EBP=0x0720f358, ESI=0x041af000, EDI=0x042627b8
EIP=0x65605ad9, EFLAGS=0x00010206

Top of Stack: (sp=0x0720f34c)
0x0720f34c:   0720f3f0 00000000 042627b8 0720f5d8
0x0720f35c:   064942a8 041af128 042627b8 00000000
0x0720f36c:   0720f380 0720f3a0 0720f3e8 00000020
0x0720f37c:   06494220 0720f3f0 0720f3f8 00000020
0x0720f38c:   0720f3c0 65563d83 041af000 00000020
0x0720f39c:   0649420c 0720f3d4 65563d83 041af000
0x0720f3ac:   90659e83 00000002 041af000 0720f610
0x0720f3bc:   0720f3ac 0720f3d0 0720fcec 90659e83 

Instructions: (pc=0x65605ad9)
0x65605ab9:   8e 09 00 33 f6 eb 02 8b f1 6a 06 56 e8 46 e3 f5
0x65605ac9:   ff 8b 7d 0c 83 c4 08 b3 01 85 ff 74 3d 8b 45 10
0x65605ad9:   8b 00 50 32 db e8 3d 8f f7 ff 83 c4 04 85 c0 74
0x65605ae9:   29 8b 0f 8b 49 04 8b 50 10 83 c1 08 39 44 0a f8 


Register to memory mapping:

EAX=0x00000000 is an unknown value
EBX=0x04262701 is an unknown value
ECX=0x00000000 is an unknown value
EDX=0x00000000 is an unknown value
ESP=0x0720f34c is pointing into the stack for thread: 0x041af000
EBP=0x0720f358 is pointing into the stack for thread: 0x041af000
ESI=0x041af000 is a thread
EDI=0x042627b8 is an unknown value


Stack: [0x071c0000,0x07210000],  sp=0x0720f34c,  free space=316k
Native frames: (J=compiled Java code, j=interpreted, Vv=VM code, C=native code)
V  [jvm.dll+0xa5ad9]
C  [jna3742285051535774381.dll+0x42a8]  Java_com_sun_jna_Pointer__1getString+0x778
C  [jna3742285051535774381.dll+0x4d2e]  Java_com_sun_jna_Function_invokeInt+0x2e
J  com.sun.jna.Function.invokeInt(I[Ljava/lang/Object;)I
J  com.sun.jna.Function.invoke([Ljava/lang/Object;Ljava/lang/Class;Z)Ljava/lang/Object;
V  [jvm.dll+0x124afa]
V  [jvm.dll+0x1d224e]
V  [jvm.dll+0x124caf]
V  [jvm.dll+0x124d17]
V  [jvm.dll+0xcf06f]
V  [jvm.dll+0x144447]
V  [jvm.dll+0x1445b0]
V  [jvm.dll+0x177bb9]
C  [msvcr100.dll+0x5c6de]  endthreadex+0x3a
C  [msvcr100.dll+0x5c788]  endthreadex+0xe4
C  [kernel32.dll+0x4ed6c]  BaseThreadInitThunk+0x12
C  [ntdll.dll+0x637eb]  RtlInitializeExceptionChain+0xef
C  [ntdll.dll+0x637be]  RtlInitializeExceptionChain+0xc2

Java frames: (J=compiled Java code, j=interpreted, Vv=VM code)
J  com.sun.jna.Function.invokeInt(I[Ljava/lang/Object;)I
J  com.sun.jna.Function.invoke([Ljava/lang/Object;Ljava/lang/Class;Z)Ljava/lang/Object;
J  com.sun.jna.Function.invoke(Ljava/lang/Class;[Ljava/lang/Object;Ljava/util/Map;)Ljava/lang/Object;
J  com.sun.jna.Library$Handler.invoke(Ljava/lang/Object;Ljava/lang/reflect/Method;[Ljava/lang/Object;)Ljava/lang/Object;
J  com.sun.proxy.$Proxy0.EE_EmoEngineEventGetEmoState(Lcom/sun/jna/Pointer;Lcom/sun/jna/Pointer;)I
J  com.lw.eeg.EEGLog.EEGLog$Thread_EEG.run()V
v  ~StubRoutines::call_stub

---------------  P R O C E S S  ---------------

Java Threads: ( => current thread )
  0x04196400 JavaThread "Thread-0" daemon [_thread_in_native, id=16632, stack(0x04af0000,0x04b40000)]
=>0x041af000 JavaThread "Thread-4" daemon [_thread_in_vm, id=17288, stack(0x071c0000,0x07210000)]
  0x042b5400 JavaThread "Thread-2" daemon [_thread_in_vm, id=10996, stack(0x06390000,0x063e0000)]
  0x042d5000 JavaThread "TimerQueue" daemon [_thread_blocked, id=17416, stack(0x058a0000,0x058f0000)]
  0x0087b800 JavaThread "DestroyJavaVM" [_thread_blocked, id=16500, stack(0x00750000,0x007a0000)]
  0x0420b800 JavaThread "AWT-EventQueue-0" [_thread_blocked, id=18108, stack(0x04440000,0x04490000)]
  0x04201c00 JavaThread "AWT-Shutdown" [_thread_blocked, id=18412, stack(0x043d0000,0x04420000)]
  0x041ff000 JavaThread "Java2D Disposer" daemon [_thread_blocked, id=16752, stack(0x04350000,0x043a0000)]
  0x0105c400 JavaThread "Service Thread" daemon [_thread_blocked, id=17664, stack(0x04100000,0x04150000)]
  0x0105b000 JavaThread "C1 CompilerThread0" daemon [_thread_blocked, id=14780, stack(0x04040000,0x04090000)]
  0x01059c00 JavaThread "Attach Listener" daemon [_thread_blocked, id=18356, stack(0x03ef0000,0x03f40000)]
  0x01057000 JavaThread "Signal Dispatcher" daemon [_thread_blocked, id=11892, stack(0x01170000,0x011c0000)]
  0x01034000 JavaThread "Finalizer" daemon [_thread_blocked, id=16536, stack(0x01200000,0x01250000)]
  0x01032c00 JavaThread "Reference Handler" daemon [_thread_blocked, id=17112, stack(0x03f40000,0x03f90000)]

Other Threads:
  0x01031400 VMThread [stack: 0x010d0000,0x01120000] [id=15232]
  0x01065c00 WatcherThread [stack: 0x03e80000,0x03ed0000] [id=16488]

VM state:not at safepoint (normal execution)

VM Mutex/Monitor currently owned by a thread: None

Heap
 def new generation   total 8960K, used 8010K [0x23cf0000, 0x246a0000, 0x29240000)
  eden space 8000K,  98% used [0x23cf0000, 0x2449afb8, 0x244c0000)
  from space 960K,  16% used [0x245b0000, 0x245d7b68, 0x246a0000)
  to   space 960K,   0% used [0x244c0000, 0x244c0000, 0x245b0000)
 tenured generation   total 19732K, used 18692K [0x29240000, 0x2a585000, 0x33cf0000)
   the space 19732K,  94% used [0x29240000, 0x2a4813f0, 0x2a481400, 0x2a585000)
 compacting perm gen  total 12288K, used 3585K [0x33cf0000, 0x348f0000, 0x37cf0000)
   the space 12288K,  29% used [0x33cf0000, 0x340705d0, 0x34070600, 0x348f0000)
    ro space 10240K,  45% used [0x37cf0000, 0x38179b28, 0x38179c00, 0x386f0000)
    rw space 12288K,  54% used [0x386f0000, 0x38d7d0e8, 0x38d7d200, 0x392f0000)

Card table byte_map: [0x007a0000,0x00850000] byte_map_base: 0x00681880

Polling page: 0x001f0000

Code Cache  [0x01e80000, 0x02100000, 0x03e80000)
 total_blobs=1331 nmethods=1063 adapters=203 free_code_cache=30215Kb largest_free_block=30939520

Compilation events (10 events):
Event: 20.501 Thread 0x0105b000 1065             java.util.PriorityQueue::peek (16 bytes)
Event: 20.501 Thread 0x0105b000 nmethod 1065 0x020fd708 code [0x020fd800, 0x020fd8c0]
Event: 20.603 Thread 0x0105b000 1066             javax.swing.JComponent::getGraphics (33 bytes)
Event: 20.604 Thread 0x0105b000 nmethod 1066 0x020fd988 code [0x020fdab0, 0x020fdc10]
Event: 20.604 Thread 0x0105b000 1067             java.lang.Enum::toString (5 bytes)
Event: 20.604 Thread 0x0105b000 nmethod 1067 0x020fdd08 code [0x020fde00, 0x020fde80]
Event: 20.686 Thread 0x0105b000 1068             java.lang.AbstractStringBuilder::append (62 bytes)
Event: 20.687 Thread 0x0105b000 nmethod 1068 0x020fdec8 code [0x020fe000, 0x020fe1b4]
Event: 20.808 Thread 0x0105b000 1069             java.awt.Window::getBackground (5 bytes)
Event: 20.808 Thread 0x0105b000 nmethod 1069 0x020fe448 code [0x020fe550, 0x020fe61c]

GC Heap History (10 events):
Event: 20.992 GC heap before
{Heap before GC invocations=162 (full 1):
 def new generation   total 8960K, used 8166K [0x23cf0000, 0x246a0000, 0x29240000)
  eden space 8000K, 100% used [0x23cf0000, 0x244c0000, 0x244c0000)
  from space 960K,  17% used [0x244c0000, 0x244e99f8, 0x245b0000)
  to   space 960K,   0% used [0x245b0000, 0x245b0000, 0x246a0000)
 tenured generation   total 19732K, used 18634K [0x29240000, 0x2a585000, 0x33cf0000)
   the space 19732K,  94% used [0x29240000, 0x2a472ac0, 0x2a472c00, 0x2a585000)
 compacting perm gen  total 12288K, used 3563K [0x33cf0000, 0x348f0000, 0x37cf0000)
   the space 12288K,  28% used [0x33cf0000, 0x3406ace8, 0x3406ae00, 0x348f0000)
    ro space 10240K,  45% used [0x37cf0000, 0x38179b28, 0x38179c00, 0x386f0000)
    rw space 12288K,  54% used [0x386f0000, 0x38d7d0e8, 0x38d7d200, 0x392f0000)
Event: 20.992 GC heap after
Heap after GC invocations=163 (full 1):
 def new generation   total 8960K, used 168K [0x23cf0000, 0x246a0000, 0x29240000)
  eden space 8000K,   0% used [0x23cf0000, 0x23cf0000, 0x244c0000)
  from space 960K,  17% used [0x245b0000, 0x245da310, 0x246a0000)
  to   space 960K,   0% used [0x244c0000, 0x244c0000, 0x245b0000)
 tenured generation   total 19732K, used 18642K [0x29240000, 0x2a585000, 0x33cf0000)
   the space 19732K,  94% used [0x29240000, 0x2a474988, 0x2a474a00, 0x2a585000)
 compacting perm gen  total 12288K, used 3563K [0x33cf0000, 0x348f0000, 0x37cf0000)
   the space 12288K,  28% used [0x33cf0000, 0x3406ace8, 0x3406ae00, 0x348f0000)
    ro space 10240K,  45% used [0x37cf0000, 0x38179b28, 0x38179c00, 0x386f0000)
    rw space 12288K,  54% used [0x386f0000, 0x38d7d0e8, 0x38d7d200, 0x392f0000)
}
Event: 21.055 GC heap before
{Heap before GC invocations=163 (full 1):
 def new generation   total 8960K, used 8168K [0x23cf0000, 0x246a0000, 0x29240000)
  eden space 8000K, 100% used [0x23cf0000, 0x244c0000, 0x244c0000)
  from space 960K,  17% used [0x245b0000, 0x245da310, 0x246a0000)
  to   space 960K,   0% used [0x244c0000, 0x244c0000, 0x245b0000)
 tenured generation   total 19732K, used 18642K [0x29240000, 0x2a585000, 0x33cf0000)
   the space 19732K,  94% used [0x29240000, 0x2a474988, 0x2a474a00, 0x2a585000)
 compacting perm gen  total 12288K, used 3563K [0x33cf0000, 0x348f0000, 0x37cf0000)
   the space 12288K,  28% used [0x33cf0000, 0x3406ace8, 0x3406ae00, 0x348f0000)
    ro space 10240K,  45% used [0x37cf0000, 0x38179b28, 0x38179c00, 0x386f0000)
    rw space 12288K,  54% used [0x386f0000, 0x38d7d0e8, 0x38d7d200, 0x392f0000)
Event: 21.056 GC heap after
Heap after GC invocations=164 (full 1):
 def new generation   total 8960K, used 163K [0x23cf0000, 0x246a0000, 0x29240000)
  eden space 8000K,   0% used [0x23cf0000, 0x23cf0000, 0x244c0000)
  from space 960K,  17% used [0x244c0000, 0x244e8d70, 0x245b0000)
  to   space 960K,   0% used [0x245b0000, 0x245b0000, 0x246a0000)
 tenured generation   total 19732K, used 18658K [0x29240000, 0x2a585000, 0x33cf0000)
   the space 19732K,  94% used [0x29240000, 0x2a4788b8, 0x2a478a00, 0x2a585000)
 compacting perm gen  total 12288K, used 3563K [0x33cf0000, 0x348f0000, 0x37cf0000)
   the space 12288K,  28% used [0x33cf0000, 0x3406ace8, 0x3406ae00, 0x348f0000)
    ro space 10240K,  45% used [0x37cf0000, 0x38179b28, 0x38179c00, 0x386f0000)
    rw space 12288K,  54% used [0x386f0000, 0x38d7d0e8, 0x38d7d200, 0x392f0000)
}
Event: 21.112 GC heap before
{Heap before GC invocations=164 (full 1):
 def new generation   total 8960K, used 8163K [0x23cf0000, 0x246a0000, 0x29240000)
  eden space 8000K, 100% used [0x23cf0000, 0x244c0000, 0x244c0000)
  from space 960K,  17% used [0x244c0000, 0x244e8d70, 0x245b0000)
  to   space 960K,   0% used [0x245b0000, 0x245b0000, 0x246a0000)
 tenured generation   total 19732K, used 18658K [0x29240000, 0x2a585000, 0x33cf0000)
   the space 19732K,  94% used [0x29240000, 0x2a4788b8, 0x2a478a00, 0x2a585000)
 compacting perm gen  total 12288K, used 3563K [0x33cf0000, 0x348f0000, 0x37cf0000)
   the space 12288K,  28% used [0x33cf0000, 0x3406ace8, 0x3406ae00, 0x348f0000)
    ro space 10240K,  45% used [0x37cf0000, 0x38179b28, 0x38179c00, 0x386f0000)
    rw space 12288K,  54% used [0x386f0000, 0x38d7d0e8, 0x38d7d200, 0x392f0000)
Event: 21.113 GC heap after
Heap after GC invocations=165 (full 1):
 def new generation   total 8960K, used 168K [0x23cf0000, 0x246a0000, 0x29240000)
  eden space 8000K,   0% used [0x23cf0000, 0x23cf0000, 0x244c0000)
  from space 960K,  17% used [0x245b0000, 0x245da328, 0x246a0000)
  to   space 960K,   0% used [0x244c0000, 0x244c0000, 0x245b0000)
 tenured generation   total 19732K, used 18663K [0x29240000, 0x2a585000, 0x33cf0000)
   the space 19732K,  94% used [0x29240000, 0x2a479c98, 0x2a479e00, 0x2a585000)
 compacting perm gen  total 12288K, used 3563K [0x33cf0000, 0x348f0000, 0x37cf0000)
   the space 12288K,  28% used [0x33cf0000, 0x3406ace8, 0x3406ae00, 0x348f0000)
    ro space 10240K,  45% used [0x37cf0000, 0x38179b28, 0x38179c00, 0x386f0000)
    rw space 12288K,  54% used [0x386f0000, 0x38d7d0e8, 0x38d7d200, 0x392f0000)
}
Event: 21.172 GC heap before
{Heap before GC invocations=165 (full 1):
 def new generation   total 8960K, used 8168K [0x23cf0000, 0x246a0000, 0x29240000)
  eden space 8000K, 100% used [0x23cf0000, 0x244c0000, 0x244c0000)
  from space 960K,  17% used [0x245b0000, 0x245da328, 0x246a0000)
  to   space 960K,   0% used [0x244c0000, 0x244c0000, 0x245b0000)
 tenured generation   total 19732K, used 18663K [0x29240000, 0x2a585000, 0x33cf0000)
   the space 19732K,  94% used [0x29240000, 0x2a479c98, 0x2a479e00, 0x2a585000)
 compacting perm gen  total 12288K, used 3563K [0x33cf0000, 0x348f0000, 0x37cf0000)
   the space 12288K,  28% used [0x33cf0000, 0x3406ace8, 0x3406ae00, 0x348f0000)
    ro space 10240K,  45% used [0x37cf0000, 0x38179b28, 0x38179c00, 0x386f0000)
    rw space 12288K,  54% used [0x386f0000, 0x38d7d0e8, 0x38d7d200, 0x392f0000)
Event: 21.172 GC heap after
Heap after GC invocations=166 (full 1):
 def new generation   total 8960K, used 163K [0x23cf0000, 0x246a0000, 0x29240000)
  eden space 8000K,   0% used [0x23cf0000, 0x23cf0000, 0x244c0000)
  from space 960K,  17% used [0x244c0000, 0x244e8f10, 0x245b0000)
  to   space 960K,   0% used [0x245b0000, 0x245b0000, 0x246a0000)
 tenured generation   total 19732K, used 18678K [0x29240000, 0x2a585000, 0x33cf0000)
   the space 19732K,  94% used [0x29240000, 0x2a47d838, 0x2a47da00, 0x2a585000)
 compacting perm gen  total 12288K, used 3563K [0x33cf0000, 0x348f0000, 0x37cf0000)
   the space 12288K,  28% used [0x33cf0000, 0x3406ace8, 0x3406ae00, 0x348f0000)
    ro space 10240K,  45% used [0x37cf0000, 0x38179b28, 0x38179c00, 0x386f0000)
    rw space 12288K,  54% used [0x386f0000, 0x38d7d0e8, 0x38d7d200, 0x392f0000)
}
Event: 21.238 GC heap before
{Heap before GC invocations=166 (full 1):
 def new generation   total 8960K, used 8163K [0x23cf0000, 0x246a0000, 0x29240000)
  eden space 8000K, 100% used [0x23cf0000, 0x244c0000, 0x244c0000)
  from space 960K,  17% used [0x244c0000, 0x244e8f10, 0x245b0000)
  to   space 960K,   0% used [0x245b0000, 0x245b0000, 0x246a0000)
 tenured generation   total 19732K, used 18678K [0x29240000, 0x2a585000, 0x33cf0000)
   the space 19732K,  94% used [0x29240000, 0x2a47d838, 0x2a47da00, 0x2a585000)
 compacting perm gen  total 12288K, used 3563K [0x33cf0000, 0x348f0000, 0x37cf0000)
   the space 12288K,  28% used [0x33cf0000, 0x3406ace8, 0x3406ae00, 0x348f0000)
    ro space 10240K,  45% used [0x37cf0000, 0x38179b28, 0x38179c00, 0x386f0000)
    rw space 12288K,  54% used [0x386f0000, 0x38d7d0e8, 0x38d7d200, 0x392f0000)
Event: 21.239 GC heap after
Heap after GC invocations=167 (full 1):
 def new generation   total 8960K, used 158K [0x23cf0000, 0x246a0000, 0x29240000)
  eden space 8000K,   0% used [0x23cf0000, 0x23cf0000, 0x244c0000)
  from space 960K,  16% used [0x245b0000, 0x245d7b68, 0x246a0000)
  to   space 960K,   0% used [0x244c0000, 0x244c0000, 0x245b0000)
 tenured generation   total 19732K, used 18692K [0x29240000, 0x2a585000, 0x33cf0000)
   the space 19732K,  94% used [0x29240000, 0x2a4813f0, 0x2a481400, 0x2a585000)
 compacting perm gen  total 12288K, used 3563K [0x33cf0000, 0x348f0000, 0x37cf0000)
   the space 12288K,  28% used [0x33cf0000, 0x3406ace8, 0x3406ae00, 0x348f0000)
    ro space 10240K,  45% used [0x37cf0000, 0x38179b28, 0x38179c00, 0x386f0000)
    rw space 12288K,  54% used [0x386f0000, 0x38d7d0e8, 0x38d7d200, 0x392f0000)
}

Deoptimization events (0 events):
No events

Internal exceptions (10 events):
Event: 3.547 Thread 0x0420b800 Threw 0x23d6ebc8 at C:\jdk7u2_32P\jdk7u25\hotspot\src\share\vm\prims\jvm.cpp:1235
Event: 3.553 Thread 0x0420b800 Threw 0x23d90c90 at C:\jdk7u2_32P\jdk7u25\hotspot\src\share\vm\prims\jvm.cpp:1235
Event: 3.555 Thread 0x0420b800 Threw 0x23d9d738 at C:\jdk7u2_32P\jdk7u25\hotspot\src\share\vm\prims\jvm.cpp:1235
Event: 3.561 Thread 0x042b5400 Threw 0x23db5c40 at C:\jdk7u2_32P\jdk7u25\hotspot\src\share\vm\prims\jvm.cpp:1235
Event: 3.565 Thread 0x0420b800 Threw 0x23da2ce8 at C:\jdk7u2_32P\jdk7u25\hotspot\src\share\vm\prims\jvm.cpp:1235
Event: 3.701 Thread 0x0420b800 Threw 0x2404e318 at C:\jdk7u2_32P\jdk7u25\hotspot\src\share\vm\prims\jvm.cpp:1235
Event: 3.730 Thread 0x0420b800 Threw 0x240585a0 at C:\jdk7u2_32P\jdk7u25\hotspot\src\share\vm\prims\jvm.cpp:1235
Event: 3.731 Thread 0x0420b800 Threw 0x2405bbf8 at C:\jdk7u2_32P\jdk7u25\hotspot\src\share\vm\prims\jvm.cpp:1235
Event: 3.731 Thread 0x0420b800 Threw 0x2405ff40 at C:\jdk7u2_32P\jdk7u25\hotspot\src\share\vm\prims\jvm.cpp:1235
Event: 3.732 Thread 0x0420b800 Threw 0x24063ac8 at C:\jdk7u2_32P\jdk7u25\hotspot\src\share\vm\prims\jvm.cpp:1235

Events (10 events):
Event: 21.172 Executing VM operation: GenCollectForAllocation
Event: 21.173 Executing VM operation: GenCollectForAllocation done
Event: 21.238 Executing VM operation: GenCollectForAllocation
Event: 21.239 Executing VM operation: GenCollectForAllocation done
Event: 21.311 Thread 0x04195800 Thread added: 0x04195800
Event: 21.311 Thread 0x04196000 Thread added: 0x04196000
Event: 21.311 Thread 0x04196400 Thread added: 0x04196400
Event: 21.311 Thread 0x04195800 Thread exited: 0x04195800
Event: 21.316 loading class 0x39312800
Event: 21.316 loading class 0x39312800 done


Dynamic libraries:
0x01250000 - 0x0127f000 	C:\Program Files\Java\jdk1.7.0_25\bin\javaw.exe
0x77810000 - 0x7794c000 	C:\Windows\SYSTEM32\ntdll.dll
0x77520000 - 0x775f4000 	C:\Windows\system32\kernel32.dll
0x75ab0000 - 0x75afb000 	C:\Windows\system32\KERNELBASE.dll
0x76d40000 - 0x76de0000 	C:\Windows\system32\ADVAPI32.dll
0x77460000 - 0x7750c000 	C:\Windows\system32\msvcrt.dll
0x77220000 - 0x77239000 	C:\Windows\SYSTEM32\sechost.dll
0x75bb0000 - 0x75c52000 	C:\Windows\system32\RPCRT4.dll
0x77300000 - 0x773c9000 	C:\Windows\system32\USER32.dll
0x76f70000 - 0x76fbe000 	C:\Windows\system32\GDI32.dll
0x77510000 - 0x7751a000 	C:\Windows\system32\LPK.dll
0x779a0000 - 0x77a3d000 	C:\Windows\system32\USP10.dll
0x74bf0000 - 0x74d8e000 	C:\Windows\WinSxS\x86_microsoft.windows.common-controls_6595b64144ccf1df_6.0.7601.17514_none_41e6975e2bd6f2b2\COMCTL32.dll
0x76fc0000 - 0x77017000 	C:\Windows\system32\SHLWAPI.dll
0x76de0000 - 0x76dff000 	C:\Windows\system32\IMM32.DLL
0x75eb0000 - 0x75f7c000 	C:\Windows\system32\MSCTF.dll
0x6d9e0000 - 0x6da9e000 	C:\Program Files\Java\jdk1.7.0_25\jre\bin\msvcr100.dll
0x65560000 - 0x658a2000 	C:\Program Files\Java\jdk1.7.0_25\jre\bin\client\jvm.dll
0x72d30000 - 0x72d37000 	C:\Windows\system32\WSOCK32.dll
0x77240000 - 0x77275000 	C:\Windows\system32\WS2_32.dll
0x76f60000 - 0x76f66000 	C:\Windows\system32\NSI.dll
0x74440000 - 0x74472000 	C:\Windows\system32\WINMM.dll
0x76d30000 - 0x76d35000 	C:\Windows\system32\PSAPI.DLL
0x73fa0000 - 0x73fac000 	C:\Program Files\Java\jdk1.7.0_25\jre\bin\verify.dll
0x73610000 - 0x73630000 	C:\Program Files\Java\jdk1.7.0_25\jre\bin\java.dll
0x73630000 - 0x73643000 	C:\Program Files\Java\jdk1.7.0_25\jre\bin\zip.dll
0x5ce40000 - 0x5cf84000 	C:\Program Files\Java\jdk1.7.0_25\jre\bin\awt.dll
0x75e20000 - 0x75eaf000 	C:\Windows\system32\OLEAUT32.dll
0x76bd0000 - 0x76d2c000 	C:\Windows\system32\ole32.dll
0x73e10000 - 0x73e50000 	C:\Windows\system32\uxtheme.dll
0x71db0000 - 0x71e4f000 	C:\ProgramData\Tencent\TSVulFw\TSVulFW.DAT
0x74960000 - 0x74969000 	C:\Windows\system32\VERSION.dll
0x75f80000 - 0x76bca000 	C:\Windows\system32\SHELL32.dll
0x73c00000 - 0x73c13000 	C:\Windows\system32\dwmapi.dll
0x757d0000 - 0x757dc000 	C:\Windows\system32\CRYPTBASE.dll
0x10000000 - 0x1000f000 	D:\Users\Leslie\AppData\Local\Youdao\Dict\5.4.43.3217\WordStrokeHelper32.dll
0x72500000 - 0x72531000 	C:\Program Files\Java\jdk1.7.0_25\jre\bin\fontmanager.dll
0x72980000 - 0x72994000 	C:\Program Files\Java\jdk1.7.0_25\jre\bin\net.dll
0x752a0000 - 0x752dc000 	C:\Windows\system32\mswsock.dll
0x75290000 - 0x75296000 	C:\Windows\System32\wship6.dll
0x73fb0000 - 0x73fbf000 	C:\Program Files\Java\jdk1.7.0_25\jre\bin\nio.dll
0x72950000 - 0x72980000 	C:\Program Files\Java\jdk1.7.0_25\jre\bin\t2k.dll
0x773d0000 - 0x77453000 	C:\Windows\system32\CLBCatQ.DLL
0x75300000 - 0x75316000 	C:\Windows\system32\CRYPTSP.dll
0x75080000 - 0x750bb000 	C:\Windows\system32\rsaenh.dll
0x747d0000 - 0x747e7000 	C:\Windows\system32\USERENV.dll
0x75850000 - 0x7585b000 	C:\Windows\system32\profapi.dll
0x73ad0000 - 0x73ae0000 	C:\Windows\system32\NLAapi.dll
0x724b0000 - 0x724c0000 	C:\Windows\system32\napinsp.dll
0x72470000 - 0x72482000 	C:\Windows\system32\pnrpnsp.dll
0x75160000 - 0x751a4000 	C:\Windows\system32\DNSAPI.dll
0x72460000 - 0x72468000 	C:\Windows\System32\winrnr.dll
0x72450000 - 0x7245d000 	C:\Windows\system32\wshbth.dll
0x72420000 - 0x72447000 	C:\Program Files\Common Files\Microsoft Shared\Windows Live\WLIDNSP.DLL
0x723f0000 - 0x72411000 	C:\Program Files\Bonjour\mdnsNSP.dll
0x74530000 - 0x7454c000 	C:\Windows\system32\Iphlpapi.DLL
0x74520000 - 0x74527000 	C:\Windows\system32\WINNSI.DLL
0x04ff0000 - 0x05007000 	C:\Program Files\Common Files\Thunder Network\NetMon\net_monitor2.0.2.9.dll
0x7c3a0000 - 0x7c41b000 	C:\Windows\system32\MSVCP71.dll
0x7c340000 - 0x7c396000 	C:\Windows\system32\MSVCR71.dll
0x74420000 - 0x74426000 	C:\Windows\System32\wshqos.dll
0x74410000 - 0x74415000 	C:\Windows\system32\wshtcpip.DLL
0x72300000 - 0x72306000 	C:\Windows\system32\rasadhlp.dll
0x70dd0000 - 0x70e08000 	C:\Windows\System32\fwpuclnt.dll
0x06490000 - 0x064e5000 	C:\Users\Leslie\AppData\Local\Temp\jna3742285051535774381.dll
0x5c580000 - 0x5c79f000 	E:\workspace\android\MSCPROJECT\EEGAnalysis\edk.dll
0x54280000 - 0x54472000 	E:\workspace\android\MSCPROJECT\EEGAnalysis\edk_utils.dll
0x6fa80000 - 0x6fae9000 	C:\Windows\system32\MSVCP100.dll
0x77020000 - 0x771bd000 	C:\Windows\system32\SETUPAPI.dll
0x75a80000 - 0x75aa7000 	C:\Windows\system32\CFGMGR32.dll
0x75b90000 - 0x75ba2000 	C:\Windows\system32\DEVOBJ.dll
0x73ba0000 - 0x73ba9000 	C:\Windows\system32\HID.DLL
0x07080000 - 0x070df000 	D:\Users\Leslie\AppData\Local\Youdao\Dict\5.4.43.3217\TextExtractorImpl32.dll
0x73290000 - 0x732cc000 	C:\Windows\system32\OLEACC.dll
0x75a40000 - 0x75a6e000 	C:\Windows\system32\WINTRUST.dll
0x75920000 - 0x75a40000 	C:\Windows\system32\CRYPT32.dll
0x758c0000 - 0x758cc000 	C:\Windows\system32\MSASN1.dll
0x6e000000 - 0x6e024000 	C:\Program Files\Java\jdk1.7.0_25\jre\bin\dcpr.dll
0x72d50000 - 0x72e3b000 	C:\Windows\system32\dbghelp.dll
0x75780000 - 0x757cc000 	C:\Windows\system32\apphelp.dll

VM Arguments:
jvm_args: -Dfile.encoding=GBK 
java_command: com.lw.eeg.Main.EEGAnalysis
Launcher Type: SUN_STANDARD

Environment Variables:
JAVA_HOME=C:\Program Files\Java\jdk1.7.0_25
CLASSPATH=.;.;C:\PROGRA~1\JMF21~1.1E\lib\sound.jar;C:\PROGRA~1\JMF21~1.1E\lib\jmf.jar;C:\PROGRA~1\JMF21~1.1E\lib;
PATH=C:/Program Files/Java/jre7/bin/client;C:/Program Files/Java/jre7/bin;C:/Program Files/Java/jre7/lib/i386;C:\Windows\system32;C:\Windows\System32;C:\Program Files\Java\jdk1.7.0_25\bin;D:\Program Files\LaTex\miktex\bin\;E:\dvlTools\adt-bundle-windows-x86-20130522\eclipse;
USERNAME=Leslie
OS=Windows_NT
PROCESSOR_IDENTIFIER=x86 Family 6 Model 58 Stepping 9, GenuineIntel



---------------  S Y S T E M  ---------------

OS: Windows 7 Build 7601 Service Pack 1

CPU:total 4 (2 cores per cpu, 2 threads per core) family 6 model 58 stepping 9, cmov, cx8, fxsr, mmx, sse, sse2, sse3, ssse3, sse4.1, sse4.2, popcnt, avx, ht, tsc, tscinvbit, tscinv

Memory: 4k page, physical 3412076k(1088064k free), swap 6822400k(3258576k free)

vm_info: Java HotSpot(TM) Client VM (23.25-b01) for windows-x86 JRE (1.7.0_25-b16), built on Jun 12 2013 20:29:09 by "java_re" with unknown MS VC++:1600

time: Sat Aug 31 20:37:17 2013
elapsed time: 21 seconds

