#
# A fatal error has been detected by the Java Runtime Environment:
#
#  EXCEPTION_ACCESS_VIOLATION (0xc0000005) at pc=0x044a18c9, pid=14432, tid=8472
#
# JRE version: 7.0_25-b16
# Java VM: Java HotSpot(TM) Client VM (23.25-b01 mixed mode, sharing windows-x86 )
# Problematic frame:
# C  0x044a18c9
#
# Failed to write core dump. Minidumps are not enabled by default on client versions of Windows
#
# If you would like to submit a bug report, please visit:
#   http://bugreport.sun.com/bugreport/crash.jsp
# The crash happened outside the Java Virtual Machine in native code.
# See problematic frame for where to report the bug.
#

---------------  T H R E A D  ---------------

Current thread (0x03f2c800):  JavaThread "Thread-0" daemon [_thread_in_native, id=8472, stack(0x04170000,0x041c0000)]

siginfo: ExceptionCode=0xc0000005, ExceptionInformation=0x00000008 0x044a18c9

Registers:
EAX=0x00000900, EBX=0x00000000, ECX=0x00000000, EDX=0x00ebd80c
ESP=0x041bf380, EBP=0x041bf398, ESI=0x00000000, EDI=0x041bf420
EIP=0x044a18c9, EFLAGS=0x00010246

Top of Stack: (sp=0x041bf380)
0x041bf380:   03f2c928 00eb4a64 00eb4a68 00000000
0x041bf390:   041bf3e0 00000001 041bf608 044a4773
0x041bf3a0:   041bf5c0 52f91570 041bf624 041bf3c0
0x041bf3b0:   041bf3e0 ffffffff 00000020 044a4220
0x041bf3c0:   041bf420 03f2c800 6c7c10aa 00000000
0x041bf3d0:   041bf404 77cb3d83 00000020 044a420c
0x041bf3e0:   044b50c4 03f2c800 041bf640 041bf3dc
0x041bf3f0:   041bf400 041bfccc 6c7c175e 044a41ee 

Instructions: (pc=0x044a18c9)
0x044a18a9:   
[error occurred during error reporting (printing registers, top of stack, instructions near pc), id 0xc0000005]

Register to memory mapping:

EAX=0x00000900 is an unknown value
EBX=0x00000000 is an unknown value
ECX=0x00000000 is an unknown value
EDX=0x00ebd80c is an unknown value
ESP=0x041bf380 is pointing into the stack for thread: 0x03f2c800
EBP=0x041bf398 is pointing into the stack for thread: 0x03f2c800
ESI=0x00000000 is an unknown value
EDI=0x041bf420 is pointing into the stack for thread: 0x03f2c800


Stack: [0x04170000,0x041c0000],  sp=0x041bf380,  free space=316k
Native frames: (J=compiled Java code, j=interpreted, Vv=VM code, C=native code)
C  0x044a18c9
C  0x044a4773
C  0x044a4d2e
J  com.sun.jna.Function.invokeInt(I[Ljava/lang/Object;)I
J  com.sun.jna.Function.invoke([Ljava/lang/Object;Ljava/lang/Class;Z)Ljava/lang/Object;
V  [jvm.dll+0x124afa]
V  [jvm.dll+0x1d224e]
V  [jvm.dll+0x124caf]
V  [jvm.dll+0x124d17]
V  [jvm.dll+0xcf06f]
V  [jvm.dll+0x144447]
V  [jvm.dll+0x1445b0]
V  [jvm.dll+0x177bb9]
C  [msvcr100.dll+0x5c6de]  endthreadex+0x3a
C  [msvcr100.dll+0x5c788]  endthreadex+0xe4
C  [kernel32.dll+0x4ed6c]  BaseThreadInitThunk+0x12
C  [ntdll.dll+0x637eb]  RtlInitializeExceptionChain+0xef
C  [ntdll.dll+0x637be]  RtlInitializeExceptionChain+0xc2

Java frames: (J=compiled Java code, j=interpreted, Vv=VM code)
J  com.sun.jna.Function.invokeInt(I[Ljava/lang/Object;)I
J  com.sun.jna.Function.invoke([Ljava/lang/Object;Ljava/lang/Class;Z)Ljava/lang/Object;
J  com.sun.jna.Function.invoke(Ljava/lang/Class;[Ljava/lang/Object;Ljava/util/Map;)Ljava/lang/Object;
J  com.sun.jna.Library$Handler.invoke(Ljava/lang/Object;Ljava/lang/reflect/Method;[Ljava/lang/Object;)Ljava/lang/Object;
J  com.sun.proxy.$Proxy0.EE_EngineGetNextEvent(Lcom/sun/jna/Pointer;)I
J  com.lw.eeg.EEGLog.EEGLog$Thread_EEG.run()V
v  ~StubRoutines::call_stub

---------------  P R O C E S S  ---------------

Java Threads: ( => current thread )
  0x00d1b400 JavaThread "DestroyJavaVM" [_thread_blocked, id=12840, stack(0x00d30000,0x00d80000)]
=>0x03f2c800 JavaThread "Thread-0" daemon [_thread_in_native, id=8472, stack(0x04170000,0x041c0000)]
  0x00ebc000 JavaThread "Service Thread" daemon [_thread_blocked, id=15756, stack(0x03d70000,0x03dc0000)]
  0x00eba000 JavaThread "C1 CompilerThread0" daemon [_thread_blocked, id=13496, stack(0x04120000,0x04170000)]
  0x00eb8c00 JavaThread "Attach Listener" daemon [_thread_blocked, id=15612, stack(0x03ea0000,0x03ef0000)]
  0x00edf800 JavaThread "Signal Dispatcher" daemon [_thread_blocked, id=15044, stack(0x03c80000,0x03cd0000)]
  0x00e97400 JavaThread "Finalizer" daemon [_thread_blocked, id=15844, stack(0x03df0000,0x03e40000)]
  0x00e92800 JavaThread "Reference Handler" daemon [_thread_blocked, id=9200, stack(0x03e50000,0x03ea0000)]

Other Threads:
  0x00e91400 VMThread [stack: 0x03d20000,0x03d70000] [id=12488]
  0x03f11c00 WatcherThread [stack: 0x04320000,0x04370000] [id=5140]

VM state:not at safepoint (normal execution)

VM Mutex/Monitor currently owned by a thread: None

Heap
 def new generation   total 78656K, used 70337K [0x23cf0000, 0x29240000, 0x29240000)
  eden space 69952K, 100% used [0x23cf0000, 0x28140000, 0x28140000)
  from space 8704K,   4% used [0x289c0000, 0x28a20620, 0x29240000)
  to   space 8704K,   0% used [0x28140000, 0x28140000, 0x289c0000)
 tenured generation   total 174784K, used 174783K [0x29240000, 0x33cf0000, 0x33cf0000)
   the space 174784K,  99% used [0x29240000, 0x33cefff0, 0x33cf0000, 0x33cf0000)
 compacting perm gen  total 12288K, used 1126K [0x33cf0000, 0x348f0000, 0x37cf0000)
   the space 12288K,   9% used [0x33cf0000, 0x33e09be8, 0x33e09c00, 0x348f0000)
    ro space 10240K,  45% used [0x37cf0000, 0x38179b28, 0x38179c00, 0x386f0000)
    rw space 12288K,  54% used [0x386f0000, 0x38d7d0e8, 0x38d7d200, 0x392f0000)

Card table byte_map: [0x00ee0000,0x00f90000] byte_map_base: 0x00dc1880

Polling page: 0x001f0000

Code Cache  [0x01c70000, 0x01db8000, 0x03c70000)
 total_blobs=394 nmethods=230 adapters=99 free_code_cache=31463Kb largest_free_block=32218496

Compilation events (10 events):
Event: 9.076 Thread 0x00eba000    7 %           com.lw.eeg.Main.EEGAnalysis::calc @ 104 (601 bytes)
Event: 9.080 Thread 0x00eba000 nmethod 7% 0x01daa788 code [0x01daa9e0, 0x01dab88c]
Event: 13.347 Thread 0x00eba000  220   !         com.lw.eeg.data.EEGData::readData (141 bytes)
Event: 13.351 Thread 0x00eba000 nmethod 220 0x01dadb08 code [0x01dadd60, 0x01dae6c0]
Event: 14.460 Thread 0x00eba000  221             com.lw.eeg.data.Data::adjustData (74 bytes)
Event: 14.461 Thread 0x00eba000 nmethod 221 0x01daf808 code [0x01daf920, 0x01dafb40]
Event: 18.421 Thread 0x00eba000  222             com.lw.eeg.Main.EEGAnalysis::calc (601 bytes)
Event: 18.426 Thread 0x00eba000 nmethod 222 0x01dafe88 code [0x01db00c0, 0x01db0d8c]
Event: 31.203 Thread 0x00eba000    8 %           com.lw.eeg.Main.EEGAnalysis::calc @ 41 (601 bytes)
Event: 31.207 Thread 0x00eba000 nmethod 8% 0x01db2c08 code [0x01db2e60, 0x01db3ccc]

GC Heap History (10 events):
Event: 65.576 GC heap before
{Heap before GC invocations=76 (full 52):
 def new generation   total 78656K, used 46655K [0x23cf0000, 0x29240000, 0x29240000)
  eden space 69952K,  66% used [0x23cf0000, 0x26a7fe20, 0x28140000)
  from space 8704K,   0% used [0x289c0000, 0x289c0000, 0x29240000)
  to   space 8704K,   0% used [0x28140000, 0x28140000, 0x289c0000)
 tenured generation   total 174784K, used 174783K [0x29240000, 0x33cf0000, 0x33cf0000)
   the space 174784K,  99% used [0x29240000, 0x33ceffb0, 0x33cf0000, 0x33cf0000)
 compacting perm gen  total 12288K, used 975K [0x33cf0000, 0x348f0000, 0x37cf0000)
   the space 12288K,   7% used [0x33cf0000, 0x33de3cc0, 0x33de3e00, 0x348f0000)
    ro space 10240K,  45% used [0x37cf0000, 0x38179b28, 0x38179c00, 0x386f0000)
    rw space 12288K,  54% used [0x386f0000, 0x38d7d0e8, 0x38d7d200, 0x392f0000)
Event: 66.246 GC heap after
Heap after GC invocations=77 (full 53):
 def new generation   total 78656K, used 46655K [0x23cf0000, 0x29240000, 0x29240000)
  eden space 69952K,  66% used [0x23cf0000, 0x26a7fe20, 0x28140000)
  from space 8704K,   0% used [0x289c0000, 0x289c0000, 0x29240000)
  to   space 8704K,   0% used [0x28140000, 0x28140000, 0x289c0000)
 tenured generation   total 174784K, used 174783K [0x29240000, 0x33cf0000, 0x33cf0000)
   the space 174784K,  99% used [0x29240000, 0x33ceffb0, 0x33cf0000, 0x33cf0000)
 compacting perm gen  total 12288K, used 975K [0x33cf0000, 0x348f0000, 0x37cf0000)
   the space 12288K,   7% used [0x33cf0000, 0x33de3cc0, 0x33de3e00, 0x348f0000)
    ro space 10240K,  45% used [0x37cf0000, 0x38179b28, 0x38179c00, 0x386f0000)
    rw space 12288K,  54% used [0x386f0000, 0x38d7d0e8, 0x38d7d200, 0x392f0000)
}
Event: 66.686 GC heap before
{Heap before GC invocations=77 (full 53):
 def new generation   total 78656K, used 78655K [0x23cf0000, 0x29240000, 0x29240000)
  eden space 69952K, 100% used [0x23cf0000, 0x28140000, 0x28140000)
  from space 8704K,  99% used [0x289c0000, 0x2923fff8, 0x29240000)
  to   space 8704K,   0% used [0x28140000, 0x28140000, 0x289c0000)
 tenured generation   total 174784K, used 174784K [0x29240000, 0x33cf0000, 0x33cf0000)
   the space 174784K, 100% used [0x29240000, 0x33cf0000, 0x33cf0000, 0x33cf0000)
 compacting perm gen  total 12288K, used 975K [0x33cf0000, 0x348f0000, 0x37cf0000)
   the space 12288K,   7% used [0x33cf0000, 0x33de3cc0, 0x33de3e00, 0x348f0000)
    ro space 10240K,  45% used [0x37cf0000, 0x38179b28, 0x38179c00, 0x386f0000)
    rw space 12288K,  54% used [0x386f0000, 0x38d7d0e8, 0x38d7d200, 0x392f0000)
Event: 67.381 GC heap after
Heap after GC invocations=78 (full 54):
 def new generation   total 78656K, used 46655K [0x23cf0000, 0x29240000, 0x29240000)
  eden space 69952K,  66% used [0x23cf0000, 0x26a7fdf0, 0x28140000)
  from space 8704K,   0% used [0x289c0000, 0x289c0000, 0x29240000)
  to   space 8704K,   0% used [0x28140000, 0x28140000, 0x289c0000)
 tenured generation   total 174784K, used 174784K [0x29240000, 0x33cf0000, 0x33cf0000)
   the space 174784K, 100% used [0x29240000, 0x33cf0000, 0x33cf0000, 0x33cf0000)
 compacting perm gen  total 12288K, used 975K [0x33cf0000, 0x348f0000, 0x37cf0000)
   the space 12288K,   7% used [0x33cf0000, 0x33de3cc0, 0x33de3e00, 0x348f0000)
    ro space 10240K,  45% used [0x37cf0000, 0x38179b28, 0x38179c00, 0x386f0000)
    rw space 12288K,  54% used [0x386f0000, 0x38d7d0e8, 0x38d7d200, 0x392f0000)
}
Event: 67.838 GC heap before
{Heap before GC invocations=78 (full 54):
 def new generation   total 78656K, used 78655K [0x23cf0000, 0x29240000, 0x29240000)
  eden space 69952K, 100% used [0x23cf0000, 0x28140000, 0x28140000)
  from space 8704K,  99% used [0x289c0000, 0x2923fff8, 0x29240000)
  to   space 8704K,   0% used [0x28140000, 0x28140000, 0x289c0000)
 tenured generation   total 174784K, used 174784K [0x29240000, 0x33cf0000, 0x33cf0000)
   the space 174784K, 100% used [0x29240000, 0x33cf0000, 0x33cf0000, 0x33cf0000)
 compacting perm gen  total 12288K, used 975K [0x33cf0000, 0x348f0000, 0x37cf0000)
   the space 12288K,   7% used [0x33cf0000, 0x33de3cc0, 0x33de3e00, 0x348f0000)
    ro space 10240K,  45% used [0x37cf0000, 0x38179b28, 0x38179c00, 0x386f0000)
    rw space 12288K,  54% used [0x386f0000, 0x38d7d0e8, 0x38d7d200, 0x392f0000)
Event: 68.511 GC heap after
Heap after GC invocations=79 (full 55):
 def new generation   total 78656K, used 46655K [0x23cf0000, 0x29240000, 0x29240000)
  eden space 69952K,  66% used [0x23cf0000, 0x26a7fe08, 0x28140000)
  from space 8704K,   0% used [0x289c0000, 0x289c0000, 0x29240000)
  to   space 8704K,   0% used [0x28140000, 0x28140000, 0x289c0000)
 tenured generation   total 174784K, used 174784K [0x29240000, 0x33cf0000, 0x33cf0000)
   the space 174784K, 100% used [0x29240000, 0x33cf0000, 0x33cf0000, 0x33cf0000)
 compacting perm gen  total 12288K, used 975K [0x33cf0000, 0x348f0000, 0x37cf0000)
   the space 12288K,   7% used [0x33cf0000, 0x33de3cc0, 0x33de3e00, 0x348f0000)
    ro space 10240K,  45% used [0x37cf0000, 0x38179b28, 0x38179c00, 0x386f0000)
    rw space 12288K,  54% used [0x386f0000, 0x38d7d0e8, 0x38d7d200, 0x392f0000)
}
Event: 68.944 GC heap before
{Heap before GC invocations=79 (full 55):
 def new generation   total 78656K, used 78655K [0x23cf0000, 0x29240000, 0x29240000)
  eden space 69952K, 100% used [0x23cf0000, 0x28140000, 0x28140000)
  from space 8704K,  99% used [0x289c0000, 0x2923fff8, 0x29240000)
  to   space 8704K,   0% used [0x28140000, 0x28140000, 0x289c0000)
 tenured generation   total 174784K, used 174784K [0x29240000, 0x33cf0000, 0x33cf0000)
   the space 174784K, 100% used [0x29240000, 0x33cf0000, 0x33cf0000, 0x33cf0000)
 compacting perm gen  total 12288K, used 975K [0x33cf0000, 0x348f0000, 0x37cf0000)
   the space 12288K,   7% used [0x33cf0000, 0x33de3cc0, 0x33de3e00, 0x348f0000)
    ro space 10240K,  45% used [0x37cf0000, 0x38179b28, 0x38179c00, 0x386f0000)
    rw space 12288K,  54% used [0x386f0000, 0x38d7d0e8, 0x38d7d200, 0x392f0000)
Event: 69.623 GC heap after
Heap after GC invocations=80 (full 56):
 def new generation   total 78656K, used 46655K [0x23cf0000, 0x29240000, 0x29240000)
  eden space 69952K,  66% used [0x23cf0000, 0x26a7fe38, 0x28140000)
  from space 8704K,   0% used [0x289c0000, 0x289c0000, 0x29240000)
  to   space 8704K,   0% used [0x28140000, 0x28140000, 0x289c0000)
 tenured generation   total 174784K, used 174783K [0x29240000, 0x33cf0000, 0x33cf0000)
   the space 174784K,  99% used [0x29240000, 0x33ceffb0, 0x33cf0000, 0x33cf0000)
 compacting perm gen  total 12288K, used 975K [0x33cf0000, 0x348f0000, 0x37cf0000)
   the space 12288K,   7% used [0x33cf0000, 0x33de3cc0, 0x33de3e00, 0x348f0000)
    ro space 10240K,  45% used [0x37cf0000, 0x38179b28, 0x38179c00, 0x386f0000)
    rw space 12288K,  54% used [0x386f0000, 0x38d7d0e8, 0x38d7d200, 0x392f0000)
}
Event: 70.062 GC heap before
{Heap before GC invocations=80 (full 56):
 def new generation   total 78656K, used 78655K [0x23cf0000, 0x29240000, 0x29240000)
  eden space 69952K, 100% used [0x23cf0000, 0x28140000, 0x28140000)
  from space 8704K,  99% used [0x289c0000, 0x2923fff8, 0x29240000)
  to   space 8704K,   0% used [0x28140000, 0x28140000, 0x289c0000)
 tenured generation   total 174784K, used 174783K [0x29240000, 0x33cf0000, 0x33cf0000)
   the space 174784K,  99% used [0x29240000, 0x33cefff0, 0x33cf0000, 0x33cf0000)
 compacting perm gen  total 12288K, used 975K [0x33cf0000, 0x348f0000, 0x37cf0000)
   the space 12288K,   7% used [0x33cf0000, 0x33de3cc0, 0x33de3e00, 0x348f0000)
    ro space 10240K,  45% used [0x37cf0000, 0x38179b28, 0x38179c00, 0x386f0000)
    rw space 12288K,  54% used [0x386f0000, 0x38d7d0e8, 0x38d7d200, 0x392f0000)
Event: 70.722 GC heap after
Heap after GC invocations=81 (full 57):
 def new generation   total 78656K, used 46655K [0x23cf0000, 0x29240000, 0x29240000)
  eden space 69952K,  66% used [0x23cf0000, 0x26a7fe10, 0x28140000)
  from space 8704K,   0% used [0x289c0000, 0x289c0000, 0x29240000)
  to   space 8704K,   0% used [0x28140000, 0x28140000, 0x289c0000)
 tenured generation   total 174784K, used 174783K [0x29240000, 0x33cf0000, 0x33cf0000)
   the space 174784K,  99% used [0x29240000, 0x33cefff0, 0x33cf0000, 0x33cf0000)
 compacting perm gen  total 12288K, used 975K [0x33cf0000, 0x348f0000, 0x37cf0000)
   the space 12288K,   7% used [0x33cf0000, 0x33de3cc0, 0x33de3e00, 0x348f0000)
    ro space 10240K,  45% used [0x37cf0000, 0x38179b28, 0x38179c00, 0x386f0000)
    rw space 12288K,  54% used [0x386f0000, 0x38d7d0e8, 0x38d7d200, 0x392f0000)
}

Deoptimization events (0 events):
No events

Internal exceptions (10 events):
Event: 70.790 Thread 0x00d1b400 Threw 0x27592238 at C:\jdk7u2_32P\jdk7u25\hotspot\src\share\vm\prims\jvm.cpp:1235
Event: 70.793 Thread 0x00d1b400 Threw 0x275b3a38 at C:\jdk7u2_32P\jdk7u25\hotspot\src\share\vm\prims\jvm.cpp:1235
Event: 70.797 Thread 0x00d1b400 Threw 0x275b6a08 at C:\jdk7u2_32P\jdk7u25\hotspot\src\share\vm\prims\jvm.cpp:1235
Event: 70.798 Thread 0x00d1b400 Threw 0x275c0408 at C:\jdk7u2_32P\jdk7u25\hotspot\src\share\vm\prims\jvm.cpp:1235
Event: 70.799 Thread 0x00d1b400 Threw 0x275c99f8 at C:\jdk7u2_32P\jdk7u25\hotspot\src\share\vm\prims\jvm.cpp:1235
Event: 70.801 Thread 0x00d1b400 Threw 0x275cc728 at C:\jdk7u2_32P\jdk7u25\hotspot\src\share\vm\prims\jvm.cpp:1235
Event: 70.808 Thread 0x00d1b400 Threw 0x275edad8 at C:\jdk7u2_32P\jdk7u25\hotspot\src\share\vm\prims\jvm.cpp:1235
Event: 70.809 Thread 0x00d1b400 Threw 0x275f0ef0 at C:\jdk7u2_32P\jdk7u25\hotspot\src\share\vm\prims\jvm.cpp:1235
Event: 70.810 Thread 0x00d1b400 Threw 0x275f3a70 at C:\jdk7u2_32P\jdk7u25\hotspot\src\share\vm\prims\jvm.cpp:1235
Event: 70.813 Thread 0x00d1b400 Threw 0x275fafa8 at C:\jdk7u2_32P\jdk7u25\hotspot\src\share\vm\interpreter\interpreterRuntime.cpp:347

Events (10 events):
Event: 70.810 loading class 0x03ff7570 done
Event: 70.813 loading class 0x392fd838
Event: 70.814 loading class 0x392fd9e0
Event: 70.814 loading class 0x392fd9e0 done
Event: 70.814 loading class 0x392fd838 done
Event: 70.816 Thread 0x00d1b400 Thread exited: 0x00d1b400
Event: 70.816 Thread 0x00d1b400 Thread added: 0x00d1b400
Event: 70.816 Thread 0x03f96400 Thread added: 0x03f96400
Event: 70.818 loading class 0x39312800
Event: 70.818 loading class 0x39312800 done


Dynamic libraries:
0x01040000 - 0x0106f000 	C:\Program Files\Java\jdk1.7.0_25\bin\javaw.exe
0x772c0000 - 0x773fc000 	C:\Windows\SYSTEM32\ntdll.dll
0x76fb0000 - 0x77084000 	C:\Windows\system32\kernel32.dll
0x755e0000 - 0x7562b000 	C:\Windows\system32\KERNELBASE.dll
0x77220000 - 0x772c0000 	C:\Windows\system32\ADVAPI32.dll
0x76d40000 - 0x76dec000 	C:\Windows\system32\msvcrt.dll
0x77160000 - 0x77179000 	C:\Windows\SYSTEM32\sechost.dll
0x76c90000 - 0x76d32000 	C:\Windows\system32\RPCRT4.dll
0x77410000 - 0x774d9000 	C:\Windows\system32\USER32.dll
0x75eb0000 - 0x75efe000 	C:\Windows\system32\GDI32.dll
0x774e0000 - 0x774ea000 	C:\Windows\system32\LPK.dll
0x75db0000 - 0x75e4d000 	C:\Windows\system32\USP10.dll
0x746a0000 - 0x7483e000 	C:\Windows\WinSxS\x86_microsoft.windows.common-controls_6595b64144ccf1df_6.0.7601.17514_none_41e6975e2bd6f2b2\COMCTL32.dll
0x77180000 - 0x771d7000 	C:\Windows\system32\SHLWAPI.dll
0x75660000 - 0x7567f000 	C:\Windows\system32\IMM32.DLL
0x77090000 - 0x7715c000 	C:\Windows\system32\MSCTF.dll
0x65b90000 - 0x65c4e000 	C:\Program Files\Java\jdk1.7.0_25\jre\bin\msvcr100.dll
0x77cb0000 - 0x77ff2000 	C:\Program Files\Java\jdk1.7.0_25\jre\bin\client\jvm.dll
0x73210000 - 0x73217000 	C:\Windows\system32\WSOCK32.dll
0x771e0000 - 0x77215000 	C:\Windows\system32\WS2_32.dll
0x75f00000 - 0x75f06000 	C:\Windows\system32\NSI.dll
0x73180000 - 0x731b2000 	C:\Windows\system32\WINMM.dll
0x75960000 - 0x75965000 	C:\Windows\system32\PSAPI.DLL
0x70dc0000 - 0x70dcc000 	C:\Program Files\Java\jdk1.7.0_25\jre\bin\verify.dll
0x688f0000 - 0x68910000 	C:\Program Files\Java\jdk1.7.0_25\jre\bin\java.dll
0x66bc0000 - 0x66bd3000 	C:\Program Files\Java\jdk1.7.0_25\jre\bin\zip.dll
0x74db0000 - 0x74dc6000 	C:\Windows\system32\CRYPTSP.dll
0x74b50000 - 0x74b8b000 	C:\Windows\system32\rsaenh.dll
0x74280000 - 0x74297000 	C:\Windows\system32\USERENV.dll
0x75300000 - 0x7530b000 	C:\Windows\system32\profapi.dll
0x75280000 - 0x7528c000 	C:\Windows\system32\CRYPTBASE.dll
0x66ba0000 - 0x66bb4000 	C:\Program Files\Java\jdk1.7.0_25\jre\bin\net.dll
0x74d70000 - 0x74dac000 	C:\Windows\system32\mswsock.dll
0x74d60000 - 0x74d66000 	C:\Windows\System32\wship6.dll
0x73550000 - 0x73560000 	C:\Windows\system32\NLAapi.dll
0x71e00000 - 0x71e10000 	C:\Windows\system32\napinsp.dll
0x71de0000 - 0x71df2000 	C:\Windows\system32\pnrpnsp.dll
0x74c30000 - 0x74c74000 	C:\Windows\system32\DNSAPI.dll
0x71d30000 - 0x71d38000 	C:\Windows\System32\winrnr.dll
0x71d20000 - 0x71d2d000 	C:\Windows\system32\wshbth.dll
0x71cb0000 - 0x71cd7000 	C:\Program Files\Common Files\Microsoft Shared\Windows Live\WLIDNSP.DLL
0x71c60000 - 0x71c81000 	C:\Program Files\Bonjour\mdnsNSP.dll
0x73fe0000 - 0x73ffc000 	C:\Windows\system32\Iphlpapi.DLL
0x73fd0000 - 0x73fd7000 	C:\Windows\system32\WINNSI.DLL
0x10000000 - 0x10017000 	C:\Program Files\Common Files\Thunder Network\NetMon\net_monitor2.0.2.9.dll
0x75f10000 - 0x76b5a000 	C:\Windows\system32\SHELL32.dll
0x75c50000 - 0x75dac000 	C:\Windows\system32\ole32.dll
0x7c3a0000 - 0x7c41b000 	C:\Windows\system32\MSVCP71.dll
0x7c340000 - 0x7c396000 	C:\Windows\system32\MSVCR71.dll
0x74410000 - 0x74419000 	C:\Windows\system32\VERSION.dll
0x73ed0000 - 0x73ed6000 	C:\Windows\System32\wshqos.dll
0x73ec0000 - 0x73ec5000 	C:\Windows\system32\wshtcpip.DLL
0x71950000 - 0x71956000 	C:\Windows\system32\rasadhlp.dll
0x72a50000 - 0x72a88000 	C:\Windows\System32\fwpuclnt.dll
0x721f0000 - 0x721ff000 	C:\Program Files\Java\jdk1.7.0_25\jre\bin\nio.dll
0x52f10000 - 0x5312f000 	E:\workspace\android\MSCPROJECT\EEGAnalysis\edk.dll
0x52d10000 - 0x52f02000 	E:\workspace\android\MSCPROJECT\EEGAnalysis\edk_utils.dll
0x6f730000 - 0x6f799000 	C:\Windows\system32\MSVCP100.dll
0x759a0000 - 0x75b3d000 	C:\Windows\system32\SETUPAPI.dll
0x755b0000 - 0x755d7000 	C:\Windows\system32\CFGMGR32.dll
0x75bc0000 - 0x75c4f000 	C:\Windows\system32\OLEAUT32.dll
0x75410000 - 0x75422000 	C:\Windows\system32\DEVOBJ.dll
0x73660000 - 0x73669000 	C:\Windows\system32\HID.DLL
0x737a0000 - 0x737e0000 	C:\Windows\system32\uxtheme.dll
0x70840000 - 0x708df000 	C:\ProgramData\Tencent\TSVulFw\TSVulFW.DAT
0x75630000 - 0x7565e000 	C:\Windows\system32\WINTRUST.dll
0x75440000 - 0x75560000 	C:\Windows\system32\CRYPT32.dll
0x75370000 - 0x7537c000 	C:\Windows\system32\MSASN1.dll
0x73230000 - 0x7331b000 	C:\Windows\system32\dbghelp.dll

VM Arguments:
jvm_args: -Dfile.encoding=GBK 
java_command: com.lw.eeg.Main.EEGAnalysis
Launcher Type: SUN_STANDARD

Environment Variables:
JAVA_HOME=C:\Program Files\Java\jdk1.7.0_25
CLASSPATH=.;C:\Program Files\Java\jdk1.7.0_25\lib
PATH=C:/Program Files/Java/jre7/bin/client;C:/Program Files/Java/jre7/bin;C:/Program Files/Java/jre7/lib/i386;C:\Windows\system32;C:\Windows\System32;C:\Program Files\Java\jdk1.7.0_25\bin;E:\dvlTools\adt-bundle-windows-x86-20130522\eclipse;
USERNAME=Leslie
OS=Windows_NT
PROCESSOR_IDENTIFIER=x86 Family 6 Model 58 Stepping 9, GenuineIntel



---------------  S Y S T E M  ---------------

OS: Windows 7 Build 7601 Service Pack 1

CPU:total 4 (2 cores per cpu, 2 threads per core) family 6 model 58 stepping 9, cmov, cx8, fxsr, mmx, sse, sse2, sse3, ssse3, sse4.1, sse4.2, popcnt, avx, ht, tsc, tscinvbit, tscinv

Memory: 4k page, physical 3412076k(395144k free), swap 6822400k(1679252k free)

vm_info: Java HotSpot(TM) Client VM (23.25-b01) for windows-x86 JRE (1.7.0_25-b16), built on Jun 12 2013 20:29:09 by "java_re" with unknown MS VC++:1600

time: Wed Aug 21 16:37:26 2013
elapsed time: 70 seconds

