#
# A fatal error has been detected by the Java Runtime Environment:
#
#  EXCEPTION_ACCESS_VIOLATION (0xc0000005) at pc=0x52a15ad9, pid=13032, tid=14076
#
# JRE version: 7.0_25-b16
# Java VM: Java HotSpot(TM) Client VM (23.25-b01 mixed mode, sharing windows-x86 )
# Problematic frame:
# V  [jvm.dll+0xa5ad9]
#
# Failed to write core dump. Minidumps are not enabled by default on client versions of Windows
#
# If you would like to submit a bug report, please visit:
#   http://bugreport.sun.com/bugreport/crash.jsp
#

---------------  T H R E A D  ---------------

Current thread (0x040c4400):  JavaThread "Thread-0" daemon [_thread_in_vm, id=14076, stack(0x04410000,0x04460000)]

siginfo: ExceptionCode=0xc0000005, reading address 0x00000000

Registers:
EAX=0x00000000, EBX=0x01cc4601, ECX=0x00000000, EDX=0x00000000
ESP=0x0445ef4c, EBP=0x0445ef58, ESI=0x040c4400, EDI=0x01cc46e0
EIP=0x52a15ad9, EFLAGS=0x00010202

Top of Stack: (sp=0x0445ef4c)
0x0445ef4c:   0445efe0 00000000 01cc46e0 0445f1c8
0x0445ef5c:   03f142a8 040c4528 01cc46e0 00000000
0x0445ef6c:   0445ef80 0445efa0 ffffffff 00000020
0x0445ef7c:   03f14220 52973d83 040c4400 a094b2e0
0x0445ef8c:   00000000 0445efc4 52973d83 00000020
0x0445ef9c:   03f1420c 00000001 040c4400 0445f200
0x0445efac:   0445ef9c 0445efc0 0445f88c a094b294
0x0445efbc:   03f141ee fffffffe 0445efd8 52a15dad 

Instructions: (pc=0x52a15ad9)
0x52a15ab9:   8e 09 00 33 f6 eb 02 8b f1 6a 06 56 e8 46 e3 f5
0x52a15ac9:   ff 8b 7d 0c 83 c4 08 b3 01 85 ff 74 3d 8b 45 10
0x52a15ad9:   8b 00 50 32 db e8 3d 8f f7 ff 83 c4 04 85 c0 74
0x52a15ae9:   29 8b 0f 8b 49 04 8b 50 10 83 c1 08 39 44 0a f8 


Register to memory mapping:

EAX=0x00000000 is an unknown value
EBX=0x01cc4601 is an unknown value
ECX=0x00000000 is an unknown value
EDX=0x00000000 is an unknown value
ESP=0x0445ef4c is pointing into the stack for thread: 0x040c4400
EBP=0x0445ef58 is pointing into the stack for thread: 0x040c4400
ESI=0x040c4400 is a thread
EDI=0x01cc46e0 is an unknown value


Stack: [0x04410000,0x04460000],  sp=0x0445ef4c,  free space=315k
Native frames: (J=compiled Java code, j=interpreted, Vv=VM code, C=native code)
V  [jvm.dll+0xa5ad9]
C  0x03f142a8
C  0x03f14d2e
J  com.sun.jna.Function.invokeInt(I[Ljava/lang/Object;)I
J  com.sun.jna.Function.invoke([Ljava/lang/Object;Ljava/lang/Class;Z)Ljava/lang/Object;
V  [jvm.dll+0x124afa]
V  [jvm.dll+0x1d224e]
V  [jvm.dll+0x124caf]
V  [jvm.dll+0x124d17]
V  [jvm.dll+0xcf06f]
V  [jvm.dll+0x144447]
V  [jvm.dll+0x1445b0]
V  [jvm.dll+0x177bb9]
C  [msvcr100.dll+0x5c6de]  endthreadex+0x3a
C  [msvcr100.dll+0x5c788]  endthreadex+0xe4
C  [kernel32.dll+0x4ed6c]  BaseThreadInitThunk+0x12
C  [ntdll.dll+0x637eb]  RtlInitializeExceptionChain+0xef
C  [ntdll.dll+0x637be]  RtlInitializeExceptionChain+0xc2

Java frames: (J=compiled Java code, j=interpreted, Vv=VM code)
J  com.sun.jna.Function.invokeInt(I[Ljava/lang/Object;)I
J  com.sun.jna.Function.invoke([Ljava/lang/Object;Ljava/lang/Class;Z)Ljava/lang/Object;
J  com.sun.jna.Function.invoke(Ljava/lang/Class;[Ljava/lang/Object;Ljava/util/Map;)Ljava/lang/Object;
J  com.sun.jna.Library$Handler.invoke(Ljava/lang/Object;Ljava/lang/reflect/Method;[Ljava/lang/Object;)Ljava/lang/Object;
J  com.sun.proxy.$Proxy0.EE_EngineGetNextEvent(Lcom/sun/jna/Pointer;)I
J  com.lw.eeg.EEGLog.EEGLog$Thread_EEG.run()V
v  ~StubRoutines::call_stub

---------------  P R O C E S S  ---------------

Java Threads: ( => current thread )
  0x01b8b400 JavaThread "DestroyJavaVM" [_thread_blocked, id=12120, stack(0x01ba0000,0x01bf0000)]
=>0x040c4400 JavaThread "Thread-0" daemon [_thread_in_vm, id=14076, stack(0x04410000,0x04460000)]
  0x01cd0800 JavaThread "Service Thread" daemon [_thread_blocked, id=12984, stack(0x03e50000,0x03ea0000)]
  0x01cca000 JavaThread "C1 CompilerThread0" daemon [_thread_blocked, id=12976, stack(0x03d60000,0x03db0000)]
  0x01cc8c00 JavaThread "Attach Listener" daemon [_thread_blocked, id=12484, stack(0x04040000,0x04090000)]
  0x01cef800 JavaThread "Signal Dispatcher" daemon [_thread_blocked, id=10868, stack(0x01b10000,0x01b60000)]
  0x01ca7400 JavaThread "Finalizer" daemon [_thread_blocked, id=12624, stack(0x03fa0000,0x03ff0000)]
  0x01ca2800 JavaThread "Reference Handler" daemon [_thread_blocked, id=10880, stack(0x03ec0000,0x03f10000)]

Other Threads:
  0x01ca1400 VMThread [stack: 0x03df0000,0x03e40000] [id=8260]
  0x01cd4000 WatcherThread [stack: 0x042b0000,0x04300000] [id=13948]

VM state:not at safepoint (normal execution)

VM Mutex/Monitor currently owned by a thread: None

Heap
 def new generation   total 78656K, used 77716K [0x23cf0000, 0x29240000, 0x29240000)
  eden space 69952K, 100% used [0x23cf0000, 0x28140000, 0x28140000)
  from space 8704K,  89% used [0x28140000, 0x288d5088, 0x289c0000)
  to   space 8704K,   0% used [0x289c0000, 0x289c0000, 0x29240000)
 tenured generation   total 174784K, used 174783K [0x29240000, 0x33cf0000, 0x33cf0000)
   the space 174784K,  99% used [0x29240000, 0x33cefff8, 0x33cf0000, 0x33cf0000)
 compacting perm gen  total 12288K, used 1126K [0x33cf0000, 0x348f0000, 0x37cf0000)
   the space 12288K,   9% used [0x33cf0000, 0x33e09b78, 0x33e09c00, 0x348f0000)
    ro space 10240K,  45% used [0x37cf0000, 0x38179b28, 0x38179c00, 0x386f0000)
    rw space 12288K,  54% used [0x386f0000, 0x38d7d0e8, 0x38d7d200, 0x392f0000)

Card table byte_map: [0x01990000,0x01a40000] byte_map_base: 0x01871880

Polling page: 0x00170000

Code Cache  [0x01cf0000, 0x01e38000, 0x03cf0000)
 total_blobs=394 nmethods=230 adapters=99 free_code_cache=31476Kb largest_free_block=32231744

Compilation events (10 events):
Event: 3.610 Thread 0x01cca000    7 %           com.lw.eeg.Main.EEGAnalysis::calc @ 104 (601 bytes)
Event: 3.611 Thread 0x01cca000 nmethod 7% 0x01e2a548 code [0x01e2a7a0, 0x01e2b64c]
Event: 4.978 Thread 0x01cca000  220   !         com.lw.eeg.data.EEGData::readData (141 bytes)
Event: 4.980 Thread 0x01cca000 nmethod 220 0x01e2d8c8 code [0x01e2db20, 0x01e2e480]
Event: 5.348 Thread 0x01cca000  221             com.lw.eeg.data.Data::adjustData (74 bytes)
Event: 5.349 Thread 0x01cca000 nmethod 221 0x01e2f5c8 code [0x01e2f6e0, 0x01e2f900]
Event: 5.969 Thread 0x01cca000  222             com.lw.eeg.Main.EEGAnalysis::calc (601 bytes)
Event: 5.970 Thread 0x01cca000 nmethod 222 0x01e2fc48 code [0x01e2fe80, 0x01e30b4c]
Event: 22.516 Thread 0x01cca000  223             java.util.zip.ZStreamRef::address (5 bytes)
Event: 22.517 Thread 0x01cca000 nmethod 223 0x01e329c8 code [0x01e32ac0, 0x01e32b40]

GC Heap History (10 events):
Event: 20.450 GC heap before
{Heap before GC invocations=67 (full 42):
 def new generation   total 78656K, used 78656K [0x23cf0000, 0x29240000, 0x29240000)
  eden space 69952K, 100% used [0x23cf0000, 0x28140000, 0x28140000)
  from space 8704K, 100% used [0x28140000, 0x289c0000, 0x289c0000)
  to   space 8704K,   0% used [0x289c0000, 0x289c0000, 0x29240000)
 tenured generation   total 174784K, used 174783K [0x29240000, 0x33cf0000, 0x33cf0000)
   the space 174784K,  99% used [0x29240000, 0x33cefff8, 0x33cf0000, 0x33cf0000)
 compacting perm gen  total 12288K, used 975K [0x33cf0000, 0x348f0000, 0x37cf0000)
   the space 12288K,   7% used [0x33cf0000, 0x33de3cf8, 0x33de3e00, 0x348f0000)
    ro space 10240K,  45% used [0x37cf0000, 0x38179b28, 0x38179c00, 0x386f0000)
    rw space 12288K,  54% used [0x386f0000, 0x38d7d0e8, 0x38d7d200, 0x392f0000)
Event: 20.723 GC heap after
Heap after GC invocations=68 (full 43):
 def new generation   total 78656K, used 46655K [0x23cf0000, 0x29240000, 0x29240000)
  eden space 69952K,  66% used [0x23cf0000, 0x26a7fd90, 0x28140000)
  from space 8704K,   0% used [0x28140000, 0x28140000, 0x289c0000)
  to   space 8704K,   0% used [0x289c0000, 0x289c0000, 0x29240000)
 tenured generation   total 174784K, used 174783K [0x29240000, 0x33cf0000, 0x33cf0000)
   the space 174784K,  99% used [0x29240000, 0x33cefff8, 0x33cf0000, 0x33cf0000)
 compacting perm gen  total 12288K, used 975K [0x33cf0000, 0x348f0000, 0x37cf0000)
   the space 12288K,   7% used [0x33cf0000, 0x33de3cf8, 0x33de3e00, 0x348f0000)
    ro space 10240K,  45% used [0x37cf0000, 0x38179b28, 0x38179c00, 0x386f0000)
    rw space 12288K,  54% used [0x386f0000, 0x38d7d0e8, 0x38d7d200, 0x392f0000)
}
Event: 20.879 GC heap before
{Heap before GC invocations=68 (full 43):
 def new generation   total 78656K, used 78655K [0x23cf0000, 0x29240000, 0x29240000)
  eden space 69952K, 100% used [0x23cf0000, 0x28140000, 0x28140000)
  from space 8704K,  99% used [0x28140000, 0x289bfff8, 0x289c0000)
  to   space 8704K,   0% used [0x289c0000, 0x289c0000, 0x29240000)
 tenured generation   total 174784K, used 174783K [0x29240000, 0x33cf0000, 0x33cf0000)
   the space 174784K,  99% used [0x29240000, 0x33cefff8, 0x33cf0000, 0x33cf0000)
 compacting perm gen  total 12288K, used 975K [0x33cf0000, 0x348f0000, 0x37cf0000)
   the space 12288K,   7% used [0x33cf0000, 0x33de3cf8, 0x33de3e00, 0x348f0000)
    ro space 10240K,  45% used [0x37cf0000, 0x38179b28, 0x38179c00, 0x386f0000)
    rw space 12288K,  54% used [0x386f0000, 0x38d7d0e8, 0x38d7d200, 0x392f0000)
Event: 21.204 GC heap after
Heap after GC invocations=69 (full 44):
 def new generation   total 78656K, used 46655K [0x23cf0000, 0x29240000, 0x29240000)
  eden space 69952K,  66% used [0x23cf0000, 0x26a7fde8, 0x28140000)
  from space 8704K,   0% used [0x28140000, 0x28140000, 0x289c0000)
  to   space 8704K,   0% used [0x289c0000, 0x289c0000, 0x29240000)
 tenured generation   total 174784K, used 174783K [0x29240000, 0x33cf0000, 0x33cf0000)
   the space 174784K,  99% used [0x29240000, 0x33ceffc8, 0x33cf0000, 0x33cf0000)
 compacting perm gen  total 12288K, used 975K [0x33cf0000, 0x348f0000, 0x37cf0000)
   the space 12288K,   7% used [0x33cf0000, 0x33de3cf8, 0x33de3e00, 0x348f0000)
    ro space 10240K,  45% used [0x37cf0000, 0x38179b28, 0x38179c00, 0x386f0000)
    rw space 12288K,  54% used [0x386f0000, 0x38d7d0e8, 0x38d7d200, 0x392f0000)
}
Event: 21.337 GC heap before
{Heap before GC invocations=69 (full 44):
 def new generation   total 78656K, used 78655K [0x23cf0000, 0x29240000, 0x29240000)
  eden space 69952K, 100% used [0x23cf0000, 0x28140000, 0x28140000)
  from space 8704K,  99% used [0x28140000, 0x289bff58, 0x289c0000)
  to   space 8704K,   0% used [0x289c0000, 0x289c0000, 0x29240000)
 tenured generation   total 174784K, used 174783K [0x29240000, 0x33cf0000, 0x33cf0000)
   the space 174784K,  99% used [0x29240000, 0x33ceffc8, 0x33cf0000, 0x33cf0000)
 compacting perm gen  total 12288K, used 975K [0x33cf0000, 0x348f0000, 0x37cf0000)
   the space 12288K,   7% used [0x33cf0000, 0x33de3cf8, 0x33de3e00, 0x348f0000)
    ro space 10240K,  45% used [0x37cf0000, 0x38179b28, 0x38179c00, 0x386f0000)
    rw space 12288K,  54% used [0x386f0000, 0x38d7d0e8, 0x38d7d200, 0x392f0000)
Event: 21.608 GC heap after
Heap after GC invocations=70 (full 45):
 def new generation   total 78656K, used 46656K [0x23cf0000, 0x29240000, 0x29240000)
  eden space 69952K,  66% used [0x23cf0000, 0x26a802d8, 0x28140000)
  from space 8704K,   0% used [0x28140000, 0x28140000, 0x289c0000)
  to   space 8704K,   0% used [0x289c0000, 0x289c0000, 0x29240000)
 tenured generation   total 174784K, used 174783K [0x29240000, 0x33cf0000, 0x33cf0000)
   the space 174784K,  99% used [0x29240000, 0x33ceffc8, 0x33cf0000, 0x33cf0000)
 compacting perm gen  total 12288K, used 975K [0x33cf0000, 0x348f0000, 0x37cf0000)
   the space 12288K,   7% used [0x33cf0000, 0x33de3cf8, 0x33de3e00, 0x348f0000)
    ro space 10240K,  45% used [0x37cf0000, 0x38179b28, 0x38179c00, 0x386f0000)
    rw space 12288K,  54% used [0x386f0000, 0x38d7d0e8, 0x38d7d200, 0x392f0000)
}
Event: 21.723 GC heap before
{Heap before GC invocations=70 (full 45):
 def new generation   total 78656K, used 78656K [0x23cf0000, 0x29240000, 0x29240000)
  eden space 69952K, 100% used [0x23cf0000, 0x28140000, 0x28140000)
  from space 8704K, 100% used [0x28140000, 0x289c0000, 0x289c0000)
  to   space 8704K,   0% used [0x289c0000, 0x289c0000, 0x29240000)
 tenured generation   total 174784K, used 174783K [0x29240000, 0x33cf0000, 0x33cf0000)
   the space 174784K,  99% used [0x29240000, 0x33cefff8, 0x33cf0000, 0x33cf0000)
 compacting perm gen  total 12288K, used 975K [0x33cf0000, 0x348f0000, 0x37cf0000)
   the space 12288K,   7% used [0x33cf0000, 0x33de3cf8, 0x33de3e00, 0x348f0000)
    ro space 10240K,  45% used [0x37cf0000, 0x38179b28, 0x38179c00, 0x386f0000)
    rw space 12288K,  54% used [0x386f0000, 0x38d7d0e8, 0x38d7d200, 0x392f0000)
Event: 21.987 GC heap after
Heap after GC invocations=71 (full 46):
 def new generation   total 78656K, used 46655K [0x23cf0000, 0x29240000, 0x29240000)
  eden space 69952K,  66% used [0x23cf0000, 0x26a7fdc8, 0x28140000)
  from space 8704K,   0% used [0x28140000, 0x28140000, 0x289c0000)
  to   space 8704K,   0% used [0x289c0000, 0x289c0000, 0x29240000)
 tenured generation   total 174784K, used 174783K [0x29240000, 0x33cf0000, 0x33cf0000)
   the space 174784K,  99% used [0x29240000, 0x33cefff8, 0x33cf0000, 0x33cf0000)
 compacting perm gen  total 12288K, used 975K [0x33cf0000, 0x348f0000, 0x37cf0000)
   the space 12288K,   7% used [0x33cf0000, 0x33de3cf8, 0x33de3e00, 0x348f0000)
    ro space 10240K,  45% used [0x37cf0000, 0x38179b28, 0x38179c00, 0x386f0000)
    rw space 12288K,  54% used [0x386f0000, 0x38d7d0e8, 0x38d7d200, 0x392f0000)
}
Event: 22.120 GC heap before
{Heap before GC invocations=71 (full 46):
 def new generation   total 78656K, used 78656K [0x23cf0000, 0x29240000, 0x29240000)
  eden space 69952K, 100% used [0x23cf0000, 0x28140000, 0x28140000)
  from space 8704K, 100% used [0x28140000, 0x289c0000, 0x289c0000)
  to   space 8704K,   0% used [0x289c0000, 0x289c0000, 0x29240000)
 tenured generation   total 174784K, used 174783K [0x29240000, 0x33cf0000, 0x33cf0000)
   the space 174784K,  99% used [0x29240000, 0x33cefff8, 0x33cf0000, 0x33cf0000)
 compacting perm gen  total 12288K, used 975K [0x33cf0000, 0x348f0000, 0x37cf0000)
   the space 12288K,   7% used [0x33cf0000, 0x33de3cf8, 0x33de3e00, 0x348f0000)
    ro space 10240K,  45% used [0x37cf0000, 0x38179b28, 0x38179c00, 0x386f0000)
    rw space 12288K,  54% used [0x386f0000, 0x38d7d0e8, 0x38d7d200, 0x392f0000)
Event: 22.401 GC heap after
Heap after GC invocations=72 (full 47):
 def new generation   total 78656K, used 46655K [0x23cf0000, 0x29240000, 0x29240000)
  eden space 69952K,  66% used [0x23cf0000, 0x26a7fdf8, 0x28140000)
  from space 8704K,   0% used [0x28140000, 0x28140000, 0x289c0000)
  to   space 8704K,   0% used [0x289c0000, 0x289c0000, 0x29240000)
 tenured generation   total 174784K, used 174783K [0x29240000, 0x33cf0000, 0x33cf0000)
   the space 174784K,  99% used [0x29240000, 0x33cefff8, 0x33cf0000, 0x33cf0000)
 compacting perm gen  total 12288K, used 975K [0x33cf0000, 0x348f0000, 0x37cf0000)
   the space 12288K,   7% used [0x33cf0000, 0x33de3cf8, 0x33de3e00, 0x348f0000)
    ro space 10240K,  45% used [0x37cf0000, 0x38179b28, 0x38179c00, 0x386f0000)
    rw space 12288K,  54% used [0x386f0000, 0x38d7d0e8, 0x38d7d200, 0x392f0000)
}

Deoptimization events (0 events):
No events

Internal exceptions (10 events):
Event: 22.516 Thread 0x01b8b400 Threw 0x28838608 at C:\jdk7u2_32P\jdk7u25\hotspot\src\share\vm\prims\jvm.cpp:1235
Event: 22.517 Thread 0x01b8b400 Threw 0x2883f8c8 at C:\jdk7u2_32P\jdk7u25\hotspot\src\share\vm\prims\jvm.cpp:1235
Event: 22.519 Thread 0x01b8b400 Threw 0x28865758 at C:\jdk7u2_32P\jdk7u25\hotspot\src\share\vm\prims\jvm.cpp:1235
Event: 22.521 Thread 0x01b8b400 Threw 0x2886d778 at C:\jdk7u2_32P\jdk7u25\hotspot\src\share\vm\prims\jvm.cpp:1235
Event: 22.522 Thread 0x01b8b400 Threw 0x28879dc8 at C:\jdk7u2_32P\jdk7u25\hotspot\src\share\vm\prims\jvm.cpp:1235
Event: 22.523 Thread 0x01b8b400 Threw 0x28887118 at C:\jdk7u2_32P\jdk7u25\hotspot\src\share\vm\prims\jvm.cpp:1235
Event: 22.524 Thread 0x01b8b400 Threw 0x2888fd48 at C:\jdk7u2_32P\jdk7u25\hotspot\src\share\vm\prims\jvm.cpp:1235
Event: 22.527 Thread 0x01b8b400 Threw 0x288b9b78 at C:\jdk7u2_32P\jdk7u25\hotspot\src\share\vm\prims\jvm.cpp:1235
Event: 22.528 Thread 0x01b8b400 Threw 0x288be590 at C:\jdk7u2_32P\jdk7u25\hotspot\src\share\vm\prims\jvm.cpp:1235
Event: 22.528 Thread 0x01b8b400 Threw 0x288c2480 at C:\jdk7u2_32P\jdk7u25\hotspot\src\share\vm\prims\jvm.cpp:1235

Events (10 events):
Event: 22.528 loading class 0x0413d0f8 done
Event: 22.529 loading class 0x392fd838
Event: 22.529 loading class 0x392fd9e0
Event: 22.529 loading class 0x392fd9e0 done
Event: 22.529 loading class 0x392fd838 done
Event: 22.530 Thread 0x01b8b400 Thread exited: 0x01b8b400
Event: 22.530 Thread 0x01b8b400 Thread added: 0x01b8b400
Event: 22.530 Thread 0x0576b000 Thread added: 0x0576b000
Event: 22.531 loading class 0x39312800
Event: 22.531 loading class 0x39312800 done


Dynamic libraries:
0x00c60000 - 0x00c8f000 	C:\Program Files\Java\jdk1.7.0_25\bin\javaw.exe
0x772c0000 - 0x773fc000 	C:\Windows\SYSTEM32\ntdll.dll
0x76fb0000 - 0x77084000 	C:\Windows\system32\kernel32.dll
0x755e0000 - 0x7562b000 	C:\Windows\system32\KERNELBASE.dll
0x77220000 - 0x772c0000 	C:\Windows\system32\ADVAPI32.dll
0x76d40000 - 0x76dec000 	C:\Windows\system32\msvcrt.dll
0x77160000 - 0x77179000 	C:\Windows\SYSTEM32\sechost.dll
0x76c90000 - 0x76d32000 	C:\Windows\system32\RPCRT4.dll
0x77410000 - 0x774d9000 	C:\Windows\system32\USER32.dll
0x75eb0000 - 0x75efe000 	C:\Windows\system32\GDI32.dll
0x774e0000 - 0x774ea000 	C:\Windows\system32\LPK.dll
0x75db0000 - 0x75e4d000 	C:\Windows\system32\USP10.dll
0x746a0000 - 0x7483e000 	C:\Windows\WinSxS\x86_microsoft.windows.common-controls_6595b64144ccf1df_6.0.7601.17514_none_41e6975e2bd6f2b2\COMCTL32.dll
0x77180000 - 0x771d7000 	C:\Windows\system32\SHLWAPI.dll
0x75660000 - 0x7567f000 	C:\Windows\system32\IMM32.DLL
0x77090000 - 0x7715c000 	C:\Windows\system32\MSCTF.dll
0x66110000 - 0x661ce000 	C:\Program Files\Java\jdk1.7.0_25\jre\bin\msvcr100.dll
0x52970000 - 0x52cb2000 	C:\Program Files\Java\jdk1.7.0_25\jre\bin\client\jvm.dll
0x73210000 - 0x73217000 	C:\Windows\system32\WSOCK32.dll
0x771e0000 - 0x77215000 	C:\Windows\system32\WS2_32.dll
0x75f00000 - 0x75f06000 	C:\Windows\system32\NSI.dll
0x73180000 - 0x731b2000 	C:\Windows\system32\WINMM.dll
0x75960000 - 0x75965000 	C:\Windows\system32\PSAPI.DLL
0x705d0000 - 0x705dc000 	C:\Program Files\Java\jdk1.7.0_25\jre\bin\verify.dll
0x6d8e0000 - 0x6d900000 	C:\Program Files\Java\jdk1.7.0_25\jre\bin\java.dll
0x6d900000 - 0x6d913000 	C:\Program Files\Java\jdk1.7.0_25\jre\bin\zip.dll
0x74db0000 - 0x74dc6000 	C:\Windows\system32\CRYPTSP.dll
0x74b50000 - 0x74b8b000 	C:\Windows\system32\rsaenh.dll
0x74280000 - 0x74297000 	C:\Windows\system32\USERENV.dll
0x75300000 - 0x7530b000 	C:\Windows\system32\profapi.dll
0x75280000 - 0x7528c000 	C:\Windows\system32\CRYPTBASE.dll
0x6d7b0000 - 0x6d7c4000 	C:\Program Files\Java\jdk1.7.0_25\jre\bin\net.dll
0x74d70000 - 0x74dac000 	C:\Windows\system32\mswsock.dll
0x74d60000 - 0x74d66000 	C:\Windows\System32\wship6.dll
0x73550000 - 0x73560000 	C:\Windows\system32\NLAapi.dll
0x71e00000 - 0x71e10000 	C:\Windows\system32\napinsp.dll
0x71de0000 - 0x71df2000 	C:\Windows\system32\pnrpnsp.dll
0x74c30000 - 0x74c74000 	C:\Windows\system32\DNSAPI.dll
0x71d30000 - 0x71d38000 	C:\Windows\System32\winrnr.dll
0x71d20000 - 0x71d2d000 	C:\Windows\system32\wshbth.dll
0x71cb0000 - 0x71cd7000 	C:\Program Files\Common Files\Microsoft Shared\Windows Live\WLIDNSP.DLL
0x71c60000 - 0x71c81000 	C:\Program Files\Bonjour\mdnsNSP.dll
0x73fe0000 - 0x73ffc000 	C:\Windows\system32\Iphlpapi.DLL
0x73fd0000 - 0x73fd7000 	C:\Windows\system32\WINNSI.DLL
0x10000000 - 0x10017000 	C:\Program Files\Common Files\Thunder Network\NetMon\net_monitor2.0.2.9.dll
0x75f10000 - 0x76b5a000 	C:\Windows\system32\SHELL32.dll
0x75c50000 - 0x75dac000 	C:\Windows\system32\ole32.dll
0x7c3a0000 - 0x7c41b000 	C:\Windows\system32\MSVCP71.dll
0x7c340000 - 0x7c396000 	C:\Windows\system32\MSVCR71.dll
0x74410000 - 0x74419000 	C:\Windows\system32\VERSION.dll
0x73ed0000 - 0x73ed6000 	C:\Windows\System32\wshqos.dll
0x73ec0000 - 0x73ec5000 	C:\Windows\system32\wshtcpip.DLL
0x71950000 - 0x71956000 	C:\Windows\system32\rasadhlp.dll
0x72a50000 - 0x72a88000 	C:\Windows\System32\fwpuclnt.dll
0x70ab0000 - 0x70abf000 	C:\Program Files\Java\jdk1.7.0_25\jre\bin\nio.dll
0x52df0000 - 0x5300f000 	E:\workspace\android\MSCPROJECT\EEGAnalysis\edk.dll
0x5d9d0000 - 0x5dbc2000 	E:\workspace\android\MSCPROJECT\EEGAnalysis\edk_utils.dll
0x6f730000 - 0x6f799000 	C:\Windows\system32\MSVCP100.dll
0x759a0000 - 0x75b3d000 	C:\Windows\system32\SETUPAPI.dll
0x755b0000 - 0x755d7000 	C:\Windows\system32\CFGMGR32.dll
0x75bc0000 - 0x75c4f000 	C:\Windows\system32\OLEAUT32.dll
0x75410000 - 0x75422000 	C:\Windows\system32\DEVOBJ.dll
0x73660000 - 0x73669000 	C:\Windows\system32\HID.DLL
0x737a0000 - 0x737e0000 	C:\Windows\system32\uxtheme.dll
0x70840000 - 0x708df000 	C:\ProgramData\Tencent\TSVulFw\TSVulFW.DAT
0x75630000 - 0x7565e000 	C:\Windows\system32\WINTRUST.dll
0x75440000 - 0x75560000 	C:\Windows\system32\CRYPT32.dll
0x75370000 - 0x7537c000 	C:\Windows\system32\MSASN1.dll
0x73230000 - 0x7331b000 	C:\Windows\system32\dbghelp.dll

VM Arguments:
jvm_args: -Dfile.encoding=GBK 
java_command: com.lw.eeg.Main.EEGAnalysis
Launcher Type: SUN_STANDARD

Environment Variables:
JAVA_HOME=C:\Program Files\Java\jdk1.7.0_25
CLASSPATH=.;C:\Program Files\Java\jdk1.7.0_25\lib
PATH=C:/Program Files/Java/jre7/bin/client;C:/Program Files/Java/jre7/bin;C:/Program Files/Java/jre7/lib/i386;C:\Windows\system32;C:\Windows\System32;C:\Program Files\Java\jdk1.7.0_25\bin;E:\dvlTools\adt-bundle-windows-x86-20130522\eclipse;
USERNAME=Leslie
OS=Windows_NT
PROCESSOR_IDENTIFIER=x86 Family 6 Model 58 Stepping 9, GenuineIntel



---------------  S Y S T E M  ---------------

OS: Windows 7 Build 7601 Service Pack 1

CPU:total 4 (2 cores per cpu, 2 threads per core) family 6 model 58 stepping 9, cmov, cx8, fxsr, mmx, sse, sse2, sse3, ssse3, sse4.1, sse4.2, popcnt, avx, ht, tsc, tscinvbit, tscinv

Memory: 4k page, physical 3412076k(856524k free), swap 6822400k(2713848k free)

vm_info: Java HotSpot(TM) Client VM (23.25-b01) for windows-x86 JRE (1.7.0_25-b16), built on Jun 12 2013 20:29:09 by "java_re" with unknown MS VC++:1600

time: Wed Aug 21 13:34:20 2013
elapsed time: 22 seconds

