#
# A fatal error has been detected by the Java Runtime Environment:
#
#  EXCEPTION_ACCESS_VIOLATION (0xc0000005) at pc=0x65605ad9, pid=10572, tid=3984
#
# JRE version: 7.0_25-b16
# Java VM: Java HotSpot(TM) Client VM (23.25-b01 mixed mode, sharing windows-x86 )
# Problematic frame:
# V  [jvm.dll+0xa5ad9]
#
# Failed to write core dump. Minidumps are not enabled by default on client versions of Windows
#
# If you would like to submit a bug report, please visit:
#   http://bugreport.sun.com/bugreport/crash.jsp
#

---------------  T H R E A D  ---------------

Current thread (0x0528cc00):  JavaThread "Thread-2" daemon [_thread_in_vm, id=3984, stack(0x063e0000,0x06430000)]

siginfo: ExceptionCode=0xc0000005, reading address 0x00000000

Registers:
EAX=0x00000000, EBX=0x05265001, ECX=0x00000000, EDX=0x00000000
ESP=0x0642eb3c, EBP=0x0642eb48, ESI=0x0528cc00, EDI=0x05265010
EIP=0x65605ad9, EFLAGS=0x00010202

Top of Stack: (sp=0x0642eb3c)
0x0642eb3c:   0642ebd0 00000000 05265010 0642edb8
0x0642eb4c:   059042a8 0528cd28 05265010 00000000
0x0642eb5c:   0642eb70 0642eb90 656a8a57 00000020
0x0642eb6c:   05904220 65563d83 0528cc00 c6b99f65
0x0642eb7c:   00000000 0642ebb4 65563d83 00000020
0x0642eb8c:   0590420c 00000001 0528cc00 0642edf0
0x0642eb9c:   0642eb8c 0642ebb0 0642f4ac c6b99f71
0x0642ebac:   059041ee fffffffe 0642ebc8 65605dad 

Instructions: (pc=0x65605ad9)
0x65605ab9:   8e 09 00 33 f6 eb 02 8b f1 6a 06 56 e8 46 e3 f5
0x65605ac9:   ff 8b 7d 0c 83 c4 08 b3 01 85 ff 74 3d 8b 45 10
0x65605ad9:   8b 00 50 32 db e8 3d 8f f7 ff 83 c4 04 85 c0 74
0x65605ae9:   29 8b 0f 8b 49 04 8b 50 10 83 c1 08 39 44 0a f8 


Register to memory mapping:

EAX=0x00000000 is an unknown value
EBX=0x05265001 is an unknown value
ECX=0x00000000 is an unknown value
EDX=0x00000000 is an unknown value
ESP=0x0642eb3c is pointing into the stack for thread: 0x0528cc00
EBP=0x0642eb48 is pointing into the stack for thread: 0x0528cc00
ESI=0x0528cc00 is a thread
EDI=0x05265010 is an unknown value


Stack: [0x063e0000,0x06430000],  sp=0x0642eb3c,  free space=314k
Native frames: (J=compiled Java code, j=interpreted, Vv=VM code, C=native code)
V  [jvm.dll+0xa5ad9]
C  0x059042a8
C  0x05904d2e
J  com.sun.jna.Function.invokeInt(I[Ljava/lang/Object;)I
J  com.sun.jna.Function.invoke([Ljava/lang/Object;Ljava/lang/Class;Z)Ljava/lang/Object;
V  [jvm.dll+0x124afa]
V  [jvm.dll+0x1d224e]
V  [jvm.dll+0x124caf]
V  [jvm.dll+0x124d17]
V  [jvm.dll+0xcf06f]
V  [jvm.dll+0x144447]
V  [jvm.dll+0x1445b0]
V  [jvm.dll+0x177bb9]
C  [msvcr100.dll+0x5c6de]  endthreadex+0x3a
C  [msvcr100.dll+0x5c788]  endthreadex+0xe4
C  [kernel32.dll+0x4ed6c]  BaseThreadInitThunk+0x12
C  [ntdll.dll+0x637eb]  RtlInitializeExceptionChain+0xef
C  [ntdll.dll+0x637be]  RtlInitializeExceptionChain+0xc2

Java frames: (J=compiled Java code, j=interpreted, Vv=VM code)
J  com.sun.jna.Function.invokeInt(I[Ljava/lang/Object;)I
J  com.sun.jna.Function.invoke([Ljava/lang/Object;Ljava/lang/Class;Z)Ljava/lang/Object;
J  com.sun.jna.Function.invoke(Ljava/lang/Class;[Ljava/lang/Object;Ljava/util/Map;)Ljava/lang/Object;
J  com.sun.jna.Library$Handler.invoke(Ljava/lang/Object;Ljava/lang/reflect/Method;[Ljava/lang/Object;)Ljava/lang/Object;
J  com.sun.proxy.$Proxy0.EE_EngineGetNextEvent(Lcom/sun/jna/Pointer;)I
J  com.lw.eeg.EEGLog.EEGLog$Thread_EEG.run()V
v  ~StubRoutines::call_stub

---------------  P R O C E S S  ---------------

Java Threads: ( => current thread )
  0x052c5000 JavaThread "Thread-0" daemon [_thread_in_native, id=3336, stack(0x04c30000,0x04c80000)]
=>0x0528cc00 JavaThread "Thread-2" daemon [_thread_in_vm, id=3984, stack(0x063e0000,0x06430000)]
  0x04240800 JavaThread "TimerQueue" daemon [_thread_blocked, id=9136, stack(0x058b0000,0x05900000)]
  0x0139b800 JavaThread "DestroyJavaVM" [_thread_blocked, id=3472, stack(0x012c0000,0x01310000)]
  0x041f3800 JavaThread "AWT-EventQueue-0" [_thread_blocked, id=12156, stack(0x048c0000,0x04910000)]
  0x041e3c00 JavaThread "AWT-Shutdown" [_thread_blocked, id=12124, stack(0x044e0000,0x04530000)]
  0x041e1000 JavaThread "Java2D Disposer" daemon [_thread_blocked, id=11896, stack(0x04420000,0x04470000)]
  0x040f1000 JavaThread "Service Thread" daemon [_thread_blocked, id=10516, stack(0x04350000,0x043a0000)]
  0x01b9b400 JavaThread "C1 CompilerThread0" daemon [_thread_blocked, id=9400, stack(0x03e40000,0x03e90000)]
  0x01b99c00 JavaThread "Attach Listener" daemon [_thread_blocked, id=7480, stack(0x04030000,0x04080000)]
  0x01b97000 JavaThread "Signal Dispatcher" daemon [_thread_blocked, id=11548, stack(0x040a0000,0x040f0000)]
  0x01b77800 JavaThread "Finalizer" daemon [_thread_blocked, id=6752, stack(0x03ec0000,0x03f10000)]
  0x01b72c00 JavaThread "Reference Handler" daemon [_thread_blocked, id=9752, stack(0x03fb0000,0x04000000)]

Other Threads:
  0x01b71400 VMThread [stack: 0x03dc0000,0x03e10000] [id=12128]
  0x04102400 WatcherThread [stack: 0x03f30000,0x03f80000] [id=10816]

VM state:not at safepoint (normal execution)

VM Mutex/Monitor currently owned by a thread: None

Heap
 def new generation   total 4928K, used 2468K [0x23cf0000, 0x24240000, 0x29240000)
  eden space 4416K,  55% used [0x23cf0000, 0x23f58ca8, 0x24140000)
  from space 512K,   0% used [0x241c0000, 0x241c05d8, 0x24240000)
  to   space 512K,   0% used [0x24140000, 0x24140000, 0x241c0000)
 tenured generation   total 10944K, used 10032K [0x29240000, 0x29cf0000, 0x33cf0000)
   the space 10944K,  91% used [0x29240000, 0x29c0c000, 0x29c0c000, 0x29cf0000)
 compacting perm gen  total 12288K, used 3062K [0x33cf0000, 0x348f0000, 0x37cf0000)
   the space 12288K,  24% used [0x33cf0000, 0x33fedab8, 0x33fedc00, 0x348f0000)
    ro space 10240K,  45% used [0x37cf0000, 0x38179b28, 0x38179c00, 0x386f0000)
    rw space 12288K,  54% used [0x386f0000, 0x38d7d0e8, 0x38d7d200, 0x392f0000)

Card table byte_map: [0x03c40000,0x03cf0000] byte_map_base: 0x03b21880

Polling page: 0x00240000

Code Cache  [0x01bc0000, 0x01d58000, 0x03bc0000)
 total_blobs=862 nmethods=611 adapters=186 free_code_cache=31143Kb largest_free_block=31889152

Compilation events (10 events):
Event: 11.694 Thread 0x01b9b400  617   !         sun.awt.SunToolkit::flushPendingEvents (73 bytes)
Event: 11.695 Thread 0x01b9b400 nmethod 617 0x01d55008 code [0x01d55160, 0x01d5532c]
Event: 11.845 Thread 0x01b9b400  618             javax.swing.TimerQueue$DelayedTimer::compareTo (9 bytes)
Event: 11.845 Thread 0x01b9b400 nmethod 618 0x01d55548 code [0x01d55650, 0x01d5572c]
Event: 11.845 Thread 0x01b9b400  619             javax.swing.TimerQueue$DelayedTimer::compareTo (101 bytes)
Event: 11.846 Thread 0x01b9b400 nmethod 619 0x01d557c8 code [0x01d55900, 0x01d55c78]
Event: 11.850 Thread 0x01b9b400  620             java.util.PriorityQueue::siftDownComparable (118 bytes)
Event: 11.850 Thread 0x01b9b400 nmethod 620 0x01d55e08 code [0x01d55f60, 0x01d562d8]
Event: 11.864 Thread 0x01b9b400  621             sun.java2d.pipe.Region::<init> (26 bytes)
Event: 11.864 Thread 0x01b9b400 nmethod 621 0x01d56748 code [0x01d56840, 0x01d568d0]

GC Heap History (10 events):
Event: 11.591 GC heap before
{Heap before GC invocations=80 (full 0):
 def new generation   total 4928K, used 4417K [0x23cf0000, 0x24240000, 0x29240000)
  eden space 4416K, 100% used [0x23cf0000, 0x24140000, 0x24140000)
  from space 512K,   0% used [0x24140000, 0x241405c8, 0x241c0000)
  to   space 512K,   0% used [0x241c0000, 0x241c0000, 0x24240000)
 tenured generation   total 10944K, used 10032K [0x29240000, 0x29cf0000, 0x33cf0000)
   the space 10944K,  91% used [0x29240000, 0x29c0c000, 0x29c0c000, 0x29cf0000)
 compacting perm gen  total 12288K, used 3060K [0x33cf0000, 0x348f0000, 0x37cf0000)
   the space 12288K,  24% used [0x33cf0000, 0x33fed188, 0x33fed200, 0x348f0000)
    ro space 10240K,  45% used [0x37cf0000, 0x38179b28, 0x38179c00, 0x386f0000)
    rw space 12288K,  54% used [0x386f0000, 0x38d7d0e8, 0x38d7d200, 0x392f0000)
Event: 11.592 GC heap after
Heap after GC invocations=81 (full 0):
 def new generation   total 4928K, used 1K [0x23cf0000, 0x24240000, 0x29240000)
  eden space 4416K,   0% used [0x23cf0000, 0x23cf0000, 0x24140000)
  from space 512K,   0% used [0x241c0000, 0x241c05e8, 0x24240000)
  to   space 512K,   0% used [0x24140000, 0x24140000, 0x241c0000)
 tenured generation   total 10944K, used 10032K [0x29240000, 0x29cf0000, 0x33cf0000)
   the space 10944K,  91% used [0x29240000, 0x29c0c000, 0x29c0c000, 0x29cf0000)
 compacting perm gen  total 12288K, used 3060K [0x33cf0000, 0x348f0000, 0x37cf0000)
   the space 12288K,  24% used [0x33cf0000, 0x33fed188, 0x33fed200, 0x348f0000)
    ro space 10240K,  45% used [0x37cf0000, 0x38179b28, 0x38179c00, 0x386f0000)
    rw space 12288K,  54% used [0x386f0000, 0x38d7d0e8, 0x38d7d200, 0x392f0000)
}
Event: 11.712 GC heap before
{Heap before GC invocations=81 (full 0):
 def new generation   total 4928K, used 4417K [0x23cf0000, 0x24240000, 0x29240000)
  eden space 4416K, 100% used [0x23cf0000, 0x24140000, 0x24140000)
  from space 512K,   0% used [0x241c0000, 0x241c05e8, 0x24240000)
  to   space 512K,   0% used [0x24140000, 0x24140000, 0x241c0000)
 tenured generation   total 10944K, used 10032K [0x29240000, 0x29cf0000, 0x33cf0000)
   the space 10944K,  91% used [0x29240000, 0x29c0c000, 0x29c0c000, 0x29cf0000)
 compacting perm gen  total 12288K, used 3060K [0x33cf0000, 0x348f0000, 0x37cf0000)
   the space 12288K,  24% used [0x33cf0000, 0x33fed188, 0x33fed200, 0x348f0000)
    ro space 10240K,  45% used [0x37cf0000, 0x38179b28, 0x38179c00, 0x386f0000)
    rw space 12288K,  54% used [0x386f0000, 0x38d7d0e8, 0x38d7d200, 0x392f0000)
Event: 11.712 GC heap after
Heap after GC invocations=82 (full 0):
 def new generation   total 4928K, used 1K [0x23cf0000, 0x24240000, 0x29240000)
  eden space 4416K,   0% used [0x23cf0000, 0x23cf0000, 0x24140000)
  from space 512K,   0% used [0x24140000, 0x241405d8, 0x241c0000)
  to   space 512K,   0% used [0x241c0000, 0x241c0000, 0x24240000)
 tenured generation   total 10944K, used 10032K [0x29240000, 0x29cf0000, 0x33cf0000)
   the space 10944K,  91% used [0x29240000, 0x29c0c000, 0x29c0c000, 0x29cf0000)
 compacting perm gen  total 12288K, used 3060K [0x33cf0000, 0x348f0000, 0x37cf0000)
   the space 12288K,  24% used [0x33cf0000, 0x33fed188, 0x33fed200, 0x348f0000)
    ro space 10240K,  45% used [0x37cf0000, 0x38179b28, 0x38179c00, 0x386f0000)
    rw space 12288K,  54% used [0x386f0000, 0x38d7d0e8, 0x38d7d200, 0x392f0000)
}
Event: 11.830 GC heap before
{Heap before GC invocations=82 (full 0):
 def new generation   total 4928K, used 4417K [0x23cf0000, 0x24240000, 0x29240000)
  eden space 4416K, 100% used [0x23cf0000, 0x24140000, 0x24140000)
  from space 512K,   0% used [0x24140000, 0x241405d8, 0x241c0000)
  to   space 512K,   0% used [0x241c0000, 0x241c0000, 0x24240000)
 tenured generation   total 10944K, used 10032K [0x29240000, 0x29cf0000, 0x33cf0000)
   the space 10944K,  91% used [0x29240000, 0x29c0c000, 0x29c0c000, 0x29cf0000)
 compacting perm gen  total 12288K, used 3060K [0x33cf0000, 0x348f0000, 0x37cf0000)
   the space 12288K,  24% used [0x33cf0000, 0x33fed188, 0x33fed200, 0x348f0000)
    ro space 10240K,  45% used [0x37cf0000, 0x38179b28, 0x38179c00, 0x386f0000)
    rw space 12288K,  54% used [0x386f0000, 0x38d7d0e8, 0x38d7d200, 0x392f0000)
Event: 11.831 GC heap after
Heap after GC invocations=83 (full 0):
 def new generation   total 4928K, used 2K [0x23cf0000, 0x24240000, 0x29240000)
  eden space 4416K,   0% used [0x23cf0000, 0x23cf0000, 0x24140000)
  from space 512K,   0% used [0x241c0000, 0x241c0980, 0x24240000)
  to   space 512K,   0% used [0x24140000, 0x24140000, 0x241c0000)
 tenured generation   total 10944K, used 10032K [0x29240000, 0x29cf0000, 0x33cf0000)
   the space 10944K,  91% used [0x29240000, 0x29c0c000, 0x29c0c000, 0x29cf0000)
 compacting perm gen  total 12288K, used 3060K [0x33cf0000, 0x348f0000, 0x37cf0000)
   the space 12288K,  24% used [0x33cf0000, 0x33fed188, 0x33fed200, 0x348f0000)
    ro space 10240K,  45% used [0x37cf0000, 0x38179b28, 0x38179c00, 0x386f0000)
    rw space 12288K,  54% used [0x386f0000, 0x38d7d0e8, 0x38d7d200, 0x392f0000)
}
Event: 11.952 GC heap before
{Heap before GC invocations=83 (full 0):
 def new generation   total 4928K, used 4418K [0x23cf0000, 0x24240000, 0x29240000)
  eden space 4416K, 100% used [0x23cf0000, 0x24140000, 0x24140000)
  from space 512K,   0% used [0x241c0000, 0x241c0980, 0x24240000)
  to   space 512K,   0% used [0x24140000, 0x24140000, 0x241c0000)
 tenured generation   total 10944K, used 10032K [0x29240000, 0x29cf0000, 0x33cf0000)
   the space 10944K,  91% used [0x29240000, 0x29c0c000, 0x29c0c000, 0x29cf0000)
 compacting perm gen  total 12288K, used 3060K [0x33cf0000, 0x348f0000, 0x37cf0000)
   the space 12288K,  24% used [0x33cf0000, 0x33fed188, 0x33fed200, 0x348f0000)
    ro space 10240K,  45% used [0x37cf0000, 0x38179b28, 0x38179c00, 0x386f0000)
    rw space 12288K,  54% used [0x386f0000, 0x38d7d0e8, 0x38d7d200, 0x392f0000)
Event: 11.953 GC heap after
Heap after GC invocations=84 (full 0):
 def new generation   total 4928K, used 1K [0x23cf0000, 0x24240000, 0x29240000)
  eden space 4416K,   0% used [0x23cf0000, 0x23cf0000, 0x24140000)
  from space 512K,   0% used [0x24140000, 0x241405f8, 0x241c0000)
  to   space 512K,   0% used [0x241c0000, 0x241c0000, 0x24240000)
 tenured generation   total 10944K, used 10032K [0x29240000, 0x29cf0000, 0x33cf0000)
   the space 10944K,  91% used [0x29240000, 0x29c0c000, 0x29c0c000, 0x29cf0000)
 compacting perm gen  total 12288K, used 3060K [0x33cf0000, 0x348f0000, 0x37cf0000)
   the space 12288K,  24% used [0x33cf0000, 0x33fed188, 0x33fed200, 0x348f0000)
    ro space 10240K,  45% used [0x37cf0000, 0x38179b28, 0x38179c00, 0x386f0000)
    rw space 12288K,  54% used [0x386f0000, 0x38d7d0e8, 0x38d7d200, 0x392f0000)
}
Event: 12.073 GC heap before
{Heap before GC invocations=84 (full 0):
 def new generation   total 4928K, used 4417K [0x23cf0000, 0x24240000, 0x29240000)
  eden space 4416K, 100% used [0x23cf0000, 0x24140000, 0x24140000)
  from space 512K,   0% used [0x24140000, 0x241405f8, 0x241c0000)
  to   space 512K,   0% used [0x241c0000, 0x241c0000, 0x24240000)
 tenured generation   total 10944K, used 10032K [0x29240000, 0x29cf0000, 0x33cf0000)
   the space 10944K,  91% used [0x29240000, 0x29c0c000, 0x29c0c000, 0x29cf0000)
 compacting perm gen  total 12288K, used 3060K [0x33cf0000, 0x348f0000, 0x37cf0000)
   the space 12288K,  24% used [0x33cf0000, 0x33fed188, 0x33fed200, 0x348f0000)
    ro space 10240K,  45% used [0x37cf0000, 0x38179b28, 0x38179c00, 0x386f0000)
    rw space 12288K,  54% used [0x386f0000, 0x38d7d0e8, 0x38d7d200, 0x392f0000)
Event: 12.074 GC heap after
Heap after GC invocations=85 (full 0):
 def new generation   total 4928K, used 1K [0x23cf0000, 0x24240000, 0x29240000)
  eden space 4416K,   0% used [0x23cf0000, 0x23cf0000, 0x24140000)
  from space 512K,   0% used [0x241c0000, 0x241c05d8, 0x24240000)
  to   space 512K,   0% used [0x24140000, 0x24140000, 0x241c0000)
 tenured generation   total 10944K, used 10032K [0x29240000, 0x29cf0000, 0x33cf0000)
   the space 10944K,  91% used [0x29240000, 0x29c0c000, 0x29c0c000, 0x29cf0000)
 compacting perm gen  total 12288K, used 3060K [0x33cf0000, 0x348f0000, 0x37cf0000)
   the space 12288K,  24% used [0x33cf0000, 0x33fed188, 0x33fed200, 0x348f0000)
    ro space 10240K,  45% used [0x37cf0000, 0x38179b28, 0x38179c00, 0x386f0000)
    rw space 12288K,  54% used [0x386f0000, 0x38d7d0e8, 0x38d7d200, 0x392f0000)
}

Deoptimization events (0 events):
No events

Internal exceptions (10 events):
Event: 2.558 Thread 0x0528cc00 Threw 0x23d3e3b0 at C:\jdk7u2_32P\jdk7u25\hotspot\src\share\vm\prims\jvm.cpp:1235
Event: 2.559 Thread 0x0528cc00 Threw 0x23d40958 at C:\jdk7u2_32P\jdk7u25\hotspot\src\share\vm\prims\jvm.cpp:1235
Event: 2.559 Thread 0x0528cc00 Threw 0x23d433b0 at C:\jdk7u2_32P\jdk7u25\hotspot\src\share\vm\prims\jvm.cpp:1235
Event: 2.559 Thread 0x0528cc00 Threw 0x23d45fa8 at C:\jdk7u2_32P\jdk7u25\hotspot\src\share\vm\prims\jvm.cpp:1235
Event: 2.560 Thread 0x0528cc00 Threw 0x23d48ab0 at C:\jdk7u2_32P\jdk7u25\hotspot\src\share\vm\prims\jvm.cpp:1235
Event: 2.561 Thread 0x0528cc00 Threw 0x23d4d528 at C:\jdk7u2_32P\jdk7u25\hotspot\src\share\vm\prims\jvm.cpp:1235
Event: 2.563 Thread 0x0528cc00 Threw 0x23d56588 at C:\jdk7u2_32P\jdk7u25\hotspot\src\share\vm\prims\jvm.cpp:1235
Event: 2.564 Thread 0x0528cc00 Threw 0x23d5a480 at C:\jdk7u2_32P\jdk7u25\hotspot\src\share\vm\prims\jvm.cpp:1235
Event: 2.565 Thread 0x0528cc00 Threw 0x23d5cbd8 at C:\jdk7u2_32P\jdk7u25\hotspot\src\share\vm\prims\jvm.cpp:1235
Event: 2.575 Thread 0x0528cc00 Threw 0x23d77958 at C:\jdk7u2_32P\jdk7u25\hotspot\src\share\vm\prims\jvm.cpp:1235

Events (10 events):
Event: 11.952 Executing VM operation: GenCollectForAllocation
Event: 11.953 Executing VM operation: GenCollectForAllocation done
Event: 12.073 Executing VM operation: GenCollectForAllocation
Event: 12.074 Executing VM operation: GenCollectForAllocation done
Event: 12.138 Thread 0x04232000 Thread added: 0x04232000
Event: 12.138 Thread 0x052c5000 Thread added: 0x052c5000
Event: 12.138 Thread 0x0521e800 Thread added: 0x0521e800
Event: 12.138 Thread 0x04232000 Thread exited: 0x04232000
Event: 12.139 loading class 0x39312800
Event: 12.139 loading class 0x39312800 done


Dynamic libraries:
0x01250000 - 0x0127f000 	C:\Program Files\Java\jdk1.7.0_25\bin\javaw.exe
0x77810000 - 0x7794c000 	C:\Windows\SYSTEM32\ntdll.dll
0x77520000 - 0x775f4000 	C:\Windows\system32\kernel32.dll
0x75ab0000 - 0x75afb000 	C:\Windows\system32\KERNELBASE.dll
0x76d40000 - 0x76de0000 	C:\Windows\system32\ADVAPI32.dll
0x77460000 - 0x7750c000 	C:\Windows\system32\msvcrt.dll
0x77220000 - 0x77239000 	C:\Windows\SYSTEM32\sechost.dll
0x75bb0000 - 0x75c52000 	C:\Windows\system32\RPCRT4.dll
0x77300000 - 0x773c9000 	C:\Windows\system32\USER32.dll
0x76f70000 - 0x76fbe000 	C:\Windows\system32\GDI32.dll
0x77510000 - 0x7751a000 	C:\Windows\system32\LPK.dll
0x779a0000 - 0x77a3d000 	C:\Windows\system32\USP10.dll
0x74bf0000 - 0x74d8e000 	C:\Windows\WinSxS\x86_microsoft.windows.common-controls_6595b64144ccf1df_6.0.7601.17514_none_41e6975e2bd6f2b2\COMCTL32.dll
0x76fc0000 - 0x77017000 	C:\Windows\system32\SHLWAPI.dll
0x76de0000 - 0x76dff000 	C:\Windows\system32\IMM32.DLL
0x75eb0000 - 0x75f7c000 	C:\Windows\system32\MSCTF.dll
0x6d9e0000 - 0x6da9e000 	C:\Program Files\Java\jdk1.7.0_25\jre\bin\msvcr100.dll
0x65560000 - 0x658a2000 	C:\Program Files\Java\jdk1.7.0_25\jre\bin\client\jvm.dll
0x72d30000 - 0x72d37000 	C:\Windows\system32\WSOCK32.dll
0x77240000 - 0x77275000 	C:\Windows\system32\WS2_32.dll
0x76f60000 - 0x76f66000 	C:\Windows\system32\NSI.dll
0x74440000 - 0x74472000 	C:\Windows\system32\WINMM.dll
0x76d30000 - 0x76d35000 	C:\Windows\system32\PSAPI.DLL
0x73fa0000 - 0x73fac000 	C:\Program Files\Java\jdk1.7.0_25\jre\bin\verify.dll
0x73610000 - 0x73630000 	C:\Program Files\Java\jdk1.7.0_25\jre\bin\java.dll
0x73630000 - 0x73643000 	C:\Program Files\Java\jdk1.7.0_25\jre\bin\zip.dll
0x63e20000 - 0x63f64000 	C:\Program Files\Java\jdk1.7.0_25\jre\bin\awt.dll
0x75e20000 - 0x75eaf000 	C:\Windows\system32\OLEAUT32.dll
0x76bd0000 - 0x76d2c000 	C:\Windows\system32\ole32.dll
0x73e10000 - 0x73e50000 	C:\Windows\system32\uxtheme.dll
0x71db0000 - 0x71e4f000 	C:\ProgramData\Tencent\TSVulFw\TSVulFW.DAT
0x74960000 - 0x74969000 	C:\Windows\system32\VERSION.dll
0x75f80000 - 0x76bca000 	C:\Windows\system32\SHELL32.dll
0x73c00000 - 0x73c13000 	C:\Windows\system32\dwmapi.dll
0x757d0000 - 0x757dc000 	C:\Windows\system32\CRYPTBASE.dll
0x10000000 - 0x1000f000 	D:\Users\Leslie\AppData\Local\Youdao\Dict\5.4.43.3217\WordStrokeHelper32.dll
0x6dbf0000 - 0x6dc21000 	C:\Program Files\Java\jdk1.7.0_25\jre\bin\fontmanager.dll
0x72980000 - 0x72994000 	C:\Program Files\Java\jdk1.7.0_25\jre\bin\net.dll
0x752a0000 - 0x752dc000 	C:\Windows\system32\mswsock.dll
0x75290000 - 0x75296000 	C:\Windows\System32\wship6.dll
0x73fb0000 - 0x73fbf000 	C:\Program Files\Java\jdk1.7.0_25\jre\bin\nio.dll
0x6dbc0000 - 0x6dbf0000 	C:\Program Files\Java\jdk1.7.0_25\jre\bin\t2k.dll
0x773d0000 - 0x77453000 	C:\Windows\system32\CLBCatQ.DLL
0x75300000 - 0x75316000 	C:\Windows\system32\CRYPTSP.dll
0x75080000 - 0x750bb000 	C:\Windows\system32\rsaenh.dll
0x747d0000 - 0x747e7000 	C:\Windows\system32\USERENV.dll
0x75850000 - 0x7585b000 	C:\Windows\system32\profapi.dll
0x73ad0000 - 0x73ae0000 	C:\Windows\system32\NLAapi.dll
0x724b0000 - 0x724c0000 	C:\Windows\system32\napinsp.dll
0x72470000 - 0x72482000 	C:\Windows\system32\pnrpnsp.dll
0x75160000 - 0x751a4000 	C:\Windows\system32\DNSAPI.dll
0x72460000 - 0x72468000 	C:\Windows\System32\winrnr.dll
0x72450000 - 0x7245d000 	C:\Windows\system32\wshbth.dll
0x72420000 - 0x72447000 	C:\Program Files\Common Files\Microsoft Shared\Windows Live\WLIDNSP.DLL
0x723f0000 - 0x72411000 	C:\Program Files\Bonjour\mdnsNSP.dll
0x74530000 - 0x7454c000 	C:\Windows\system32\Iphlpapi.DLL
0x74520000 - 0x74527000 	C:\Windows\system32\WINNSI.DLL
0x05880000 - 0x05897000 	C:\Program Files\Common Files\Thunder Network\NetMon\net_monitor2.0.2.9.dll
0x7c3a0000 - 0x7c41b000 	C:\Windows\system32\MSVCP71.dll
0x7c340000 - 0x7c396000 	C:\Windows\system32\MSVCR71.dll
0x74420000 - 0x74426000 	C:\Windows\System32\wshqos.dll
0x74410000 - 0x74415000 	C:\Windows\system32\wshtcpip.DLL
0x72300000 - 0x72306000 	C:\Windows\system32\rasadhlp.dll
0x70dd0000 - 0x70e08000 	C:\Windows\System32\fwpuclnt.dll
0x52740000 - 0x5295f000 	E:\workspace\android\MSCPROJECT\EEGAnalysis\edk.dll
0x53d90000 - 0x53f82000 	E:\workspace\android\MSCPROJECT\EEGAnalysis\edk_utils.dll
0x6fa80000 - 0x6fae9000 	C:\Windows\system32\MSVCP100.dll
0x77020000 - 0x771bd000 	C:\Windows\system32\SETUPAPI.dll
0x75a80000 - 0x75aa7000 	C:\Windows\system32\CFGMGR32.dll
0x75b90000 - 0x75ba2000 	C:\Windows\system32\DEVOBJ.dll
0x73ba0000 - 0x73ba9000 	C:\Windows\system32\HID.DLL
0x06320000 - 0x0637f000 	D:\Users\Leslie\AppData\Local\Youdao\Dict\5.4.43.3217\TextExtractorImpl32.dll
0x73290000 - 0x732cc000 	C:\Windows\system32\OLEACC.dll
0x75a40000 - 0x75a6e000 	C:\Windows\system32\WINTRUST.dll
0x75920000 - 0x75a40000 	C:\Windows\system32\CRYPT32.dll
0x758c0000 - 0x758cc000 	C:\Windows\system32\MSASN1.dll
0x72d50000 - 0x72e3b000 	C:\Windows\system32\dbghelp.dll

VM Arguments:
jvm_args: -Dfile.encoding=GBK 
java_command: com.lw.eeg.Main.EEGAnalysis
Launcher Type: SUN_STANDARD

Environment Variables:
JAVA_HOME=C:\Program Files\Java\jdk1.7.0_25
CLASSPATH=.;.;C:\PROGRA~1\JMF21~1.1E\lib\sound.jar;C:\PROGRA~1\JMF21~1.1E\lib\jmf.jar;C:\PROGRA~1\JMF21~1.1E\lib;
PATH=C:/Program Files/Java/jre7/bin/client;C:/Program Files/Java/jre7/bin;C:/Program Files/Java/jre7/lib/i386;C:\Windows\system32;C:\Windows\System32;C:\Program Files\Java\jdk1.7.0_25\bin;D:\Program Files\LaTex\miktex\bin\;E:\dvlTools\adt-bundle-windows-x86-20130522\eclipse;
USERNAME=Leslie
OS=Windows_NT
PROCESSOR_IDENTIFIER=x86 Family 6 Model 58 Stepping 9, GenuineIntel



---------------  S Y S T E M  ---------------

OS: Windows 7 Build 7601 Service Pack 1

CPU:total 4 (2 cores per cpu, 2 threads per core) family 6 model 58 stepping 9, cmov, cx8, fxsr, mmx, sse, sse2, sse3, ssse3, sse4.1, sse4.2, popcnt, avx, ht, tsc, tscinvbit, tscinv

Memory: 4k page, physical 3412076k(1284280k free), swap 6822400k(3694564k free)

vm_info: Java HotSpot(TM) Client VM (23.25-b01) for windows-x86 JRE (1.7.0_25-b16), built on Jun 12 2013 20:29:09 by "java_re" with unknown MS VC++:1600

time: Sat Aug 31 14:48:54 2013
elapsed time: 12 seconds

