#
# A fatal error has been detected by the Java Runtime Environment:
#
#  EXCEPTION_ACCESS_VIOLATION (0xc0000005) at pc=0x65605ad9, pid=16728, tid=7208
#
# JRE version: 7.0_25-b16
# Java VM: Java HotSpot(TM) Client VM (23.25-b01 mixed mode, sharing windows-x86 )
# Problematic frame:
# V  [jvm.dll+0xa5ad9]
#
# Failed to write core dump. Minidumps are not enabled by default on client versions of Windows
#
# If you would like to submit a bug report, please visit:
#   http://bugreport.sun.com/bugreport/crash.jsp
#

---------------  T H R E A D  ---------------

Current thread (0x05081400):  JavaThread "Thread-2" daemon [_thread_in_vm, id=7208, stack(0x063b0000,0x06400000)]

siginfo: ExceptionCode=0xc0000005, reading address 0x00000000

Registers:
EAX=0x00000000, EBX=0x0406fd01, ECX=0x00000000, EDX=0x00000000
ESP=0x063fec0c, EBP=0x063fec18, ESI=0x05081400, EDI=0x0406fd00
EIP=0x65605ad9, EFLAGS=0x00010206

Top of Stack: (sp=0x063fec0c)
0x063fec0c:   063fecb0 00000000 0406fd00 063fee98
0x063fec1c:   064042a8 05081528 0406fd00 00000000
0x063fec2c:   063fec40 063fec60 063feca8 00000020
0x063fec3c:   06404220 063fecb0 063fecb8 00000020
0x063fec4c:   063fec80 65563d83 05081400 00000020
0x063fec5c:   0640420c 063fec94 65563d83 05081400
0x063fec6c:   4de24e37 00000002 05081400 063feed0
0x063fec7c:   063fec6c 063fec90 063ff5ac 4de24e37 

Instructions: (pc=0x65605ad9)
0x65605ab9:   8e 09 00 33 f6 eb 02 8b f1 6a 06 56 e8 46 e3 f5
0x65605ac9:   ff 8b 7d 0c 83 c4 08 b3 01 85 ff 74 3d 8b 45 10
0x65605ad9:   8b 00 50 32 db e8 3d 8f f7 ff 83 c4 04 85 c0 74
0x65605ae9:   29 8b 0f 8b 49 04 8b 50 10 83 c1 08 39 44 0a f8 


Register to memory mapping:

EAX=0x00000000 is an unknown value
EBX=0x0406fd01 is an unknown value
ECX=0x00000000 is an unknown value
EDX=0x00000000 is an unknown value
ESP=0x063fec0c is pointing into the stack for thread: 0x05081400
EBP=0x063fec18 is pointing into the stack for thread: 0x05081400
ESI=0x05081400 is a thread
EDI=0x0406fd00 is an unknown value


Stack: [0x063b0000,0x06400000],  sp=0x063fec0c,  free space=315k
Native frames: (J=compiled Java code, j=interpreted, Vv=VM code, C=native code)
V  [jvm.dll+0xa5ad9]
C  [jna2744637479674108228.dll+0x42a8]  Java_com_sun_jna_Pointer__1getString+0x778
C  [jna2744637479674108228.dll+0x4d2e]  Java_com_sun_jna_Function_invokeInt+0x2e
J  com.sun.jna.Function.invokeInt(I[Ljava/lang/Object;)I
J  com.sun.jna.Function.invoke([Ljava/lang/Object;Ljava/lang/Class;Z)Ljava/lang/Object;
V  [jvm.dll+0x124afa]
V  [jvm.dll+0x1d224e]
V  [jvm.dll+0x124caf]
V  [jvm.dll+0x124d17]
V  [jvm.dll+0xcf06f]
V  [jvm.dll+0x144447]
V  [jvm.dll+0x1445b0]
V  [jvm.dll+0x177bb9]
C  [msvcr100.dll+0x5c6de]  endthreadex+0x3a
C  [msvcr100.dll+0x5c788]  endthreadex+0xe4
C  [kernel32.dll+0x4ed6c]  BaseThreadInitThunk+0x12
C  [ntdll.dll+0x637eb]  RtlInitializeExceptionChain+0xef
C  [ntdll.dll+0x637be]  RtlInitializeExceptionChain+0xc2

Java frames: (J=compiled Java code, j=interpreted, Vv=VM code)
J  com.sun.jna.Function.invokeInt(I[Ljava/lang/Object;)I
J  com.sun.jna.Function.invoke([Ljava/lang/Object;Ljava/lang/Class;Z)Ljava/lang/Object;
J  com.sun.jna.Function.invoke(Ljava/lang/Class;[Ljava/lang/Object;Ljava/util/Map;)Ljava/lang/Object;
J  com.sun.jna.Library$Handler.invoke(Ljava/lang/Object;Ljava/lang/reflect/Method;[Ljava/lang/Object;)Ljava/lang/Object;
J  com.sun.proxy.$Proxy0.EE_EmoEngineEventGetEmoState(Lcom/sun/jna/Pointer;Lcom/sun/jna/Pointer;)I
J  com.lw.eeg.EEGLog.EEGLog$Thread_EEG.run()V
v  ~StubRoutines::call_stub

---------------  P R O C E S S  ---------------

Java Threads: ( => current thread )
  0x053f2000 JavaThread "Thread-0" daemon [_thread_in_native, id=16668, stack(0x07340000,0x07390000)]
=>0x05081400 JavaThread "Thread-2" daemon [_thread_in_vm, id=7208, stack(0x063b0000,0x06400000)]
  0x040e3800 JavaThread "TimerQueue" daemon [_thread_blocked, id=17420, stack(0x05870000,0x058c0000)]
  0x0124b800 JavaThread "DestroyJavaVM" [_thread_blocked, id=17356, stack(0x019e0000,0x01a30000)]
  0x04021400 JavaThread "AWT-EventQueue-0" [_thread_blocked, id=16432, stack(0x04170000,0x041c0000)]
  0x0400d800 JavaThread "AWT-Shutdown" [_thread_blocked, id=15996, stack(0x042d0000,0x04320000)]
  0x03ff4000 JavaThread "Java2D Disposer" daemon [_thread_blocked, id=16916, stack(0x041c0000,0x04210000)]
  0x01be1400 JavaThread "Service Thread" daemon [_thread_blocked, id=18260, stack(0x04240000,0x04290000)]
  0x01bdf800 JavaThread "C1 CompilerThread0" daemon [_thread_blocked, id=15904, stack(0x03d60000,0x03db0000)]
  0x01bdac00 JavaThread "Attach Listener" daemon [_thread_blocked, id=16696, stack(0x03d10000,0x03d60000)]
  0x01bd7800 JavaThread "Signal Dispatcher" daemon [_thread_blocked, id=18184, stack(0x03f00000,0x03f50000)]
  0x01bb4000 JavaThread "Finalizer" daemon [_thread_blocked, id=10996, stack(0x03e50000,0x03ea0000)]
  0x01bb2c00 JavaThread "Reference Handler" daemon [_thread_blocked, id=17776, stack(0x03ea0000,0x03ef0000)]

Other Threads:
  0x01bb1400 VMThread [stack: 0x03cb0000,0x03d00000] [id=16488]
  0x01be2c00 WatcherThread [stack: 0x03dc0000,0x03e10000] [id=16948]

VM state:not at safepoint (normal execution)

VM Mutex/Monitor currently owned by a thread: None

Heap
 def new generation   total 13952K, used 8822K [0x23cf0000, 0x24c10000, 0x29240000)
  eden space 12416K,  62% used [0x23cf0000, 0x244877f0, 0x24910000)
  from space 1536K,  68% used [0x24a90000, 0x24b961e0, 0x24c10000)
  to   space 1536K,   0% used [0x24910000, 0x24910000, 0x24a90000)
 tenured generation   total 30928K, used 20203K [0x29240000, 0x2b074000, 0x33cf0000)
   the space 30928K,  65% used [0x29240000, 0x2a5fad58, 0x2a5fae00, 0x2b074000)
 compacting perm gen  total 12288K, used 3585K [0x33cf0000, 0x348f0000, 0x37cf0000)
   the space 12288K,  29% used [0x33cf0000, 0x34070450, 0x34070600, 0x348f0000)
    ro space 10240K,  45% used [0x37cf0000, 0x38179b28, 0x38179c00, 0x386f0000)
    rw space 12288K,  54% used [0x386f0000, 0x38d7d0e8, 0x38d7d200, 0x392f0000)

Card table byte_map: [0x03c00000,0x03cb0000] byte_map_base: 0x03ae1880

Polling page: 0x01060000

Code Cache  [0x01c00000, 0x01f20000, 0x03c00000)
 total_blobs=1835 nmethods=1566 adapters=203 free_code_cache=29583Kb largest_free_block=30292352

Compilation events (10 events):
Event: 26.786 Thread 0x01bdf800 1570             sun.awt.image.VolatileSurfaceManager::getPrimarySurfaceData (5 bytes)
Event: 26.786 Thread 0x01bdf800 nmethod 1570 0x01f1a688 code [0x01f1a780, 0x01f1a800]
Event: 26.786 Thread 0x01bdf800 1571             sun.misc.FloatingDecimal::stickyRound (45 bytes)
Event: 26.786 Thread 0x01bdf800 nmethod 1571 0x01f1a848 code [0x01f1a940, 0x01f1aaa0]
Event: 26.794 Thread 0x01bdf800 1572             javax.swing.event.EventListenerList::getListenerList (5 bytes)
Event: 26.794 Thread 0x01bdf800 nmethod 1572 0x01f1ab08 code [0x01f1ac00, 0x01f1ac80]
Event: 26.800 Thread 0x01bdf800 1573             java.awt.EventDispatchThread$HierarchyEventFilter::acceptEvent (225 bytes)
Event: 26.800 Thread 0x01bdf800 nmethod 1573 0x01f1acc8 code [0x01f1ae20, 0x01f1b244]
Event: 26.955 Thread 0x01bdf800 1574             javax.swing.RepaintManager$PaintManager::paint (189 bytes)
Event: 26.957 Thread 0x01bdf800 nmethod 1574 0x01f1b488 code [0x01f1b6a0, 0x01f1bdac]

GC Heap History (10 events):
Event: 26.913 GC heap before
{Heap before GC invocations=267 (full 4):
 def new generation   total 13952K, used 12766K [0x23cf0000, 0x24c10000, 0x29240000)
  eden space 12416K, 100% used [0x23cf0000, 0x24910000, 0x24910000)
  from space 1536K,  22% used [0x24910000, 0x24967880, 0x24a90000)
  to   space 1536K,   0% used [0x24a90000, 0x24a90000, 0x24c10000)
 tenured generation   total 30928K, used 20157K [0x29240000, 0x2b074000, 0x33cf0000)
   the space 30928K,  65% used [0x29240000, 0x2a5ef6d8, 0x2a5ef800, 0x2b074000)
 compacting perm gen  total 12288K, used 3562K [0x33cf0000, 0x348f0000, 0x37cf0000)
   the space 12288K,  28% used [0x33cf0000, 0x3406ab48, 0x3406ac00, 0x348f0000)
    ro space 10240K,  45% used [0x37cf0000, 0x38179b28, 0x38179c00, 0x386f0000)
    rw space 12288K,  54% used [0x386f0000, 0x38d7d0e8, 0x38d7d200, 0x392f0000)
Event: 26.917 GC heap after
Heap after GC invocations=268 (full 4):
 def new generation   total 13952K, used 1205K [0x23cf0000, 0x24c10000, 0x29240000)
  eden space 12416K,   0% used [0x23cf0000, 0x23cf0000, 0x24910000)
  from space 1536K,  78% used [0x24a90000, 0x24bbd6b8, 0x24c10000)
  to   space 1536K,   0% used [0x24910000, 0x24910000, 0x24a90000)
 tenured generation   total 30928K, used 20157K [0x29240000, 0x2b074000, 0x33cf0000)
   the space 30928K,  65% used [0x29240000, 0x2a5ef6d8, 0x2a5ef800, 0x2b074000)
 compacting perm gen  total 12288K, used 3562K [0x33cf0000, 0x348f0000, 0x37cf0000)
   the space 12288K,  28% used [0x33cf0000, 0x3406ab48, 0x3406ac00, 0x348f0000)
    ro space 10240K,  45% used [0x37cf0000, 0x38179b28, 0x38179c00, 0x386f0000)
    rw space 12288K,  54% used [0x386f0000, 0x38d7d0e8, 0x38d7d200, 0x392f0000)
}
Event: 27.025 GC heap before
{Heap before GC invocations=268 (full 4):
 def new generation   total 13952K, used 13621K [0x23cf0000, 0x24c10000, 0x29240000)
  eden space 12416K, 100% used [0x23cf0000, 0x24910000, 0x24910000)
  from space 1536K,  78% used [0x24a90000, 0x24bbd6b8, 0x24c10000)
  to   space 1536K,   0% used [0x24910000, 0x24910000, 0x24a90000)
 tenured generation   total 30928K, used 20157K [0x29240000, 0x2b074000, 0x33cf0000)
   the space 30928K,  65% used [0x29240000, 0x2a5ef6d8, 0x2a5ef800, 0x2b074000)
 compacting perm gen  total 12288K, used 3562K [0x33cf0000, 0x348f0000, 0x37cf0000)
   the space 12288K,  28% used [0x33cf0000, 0x3406ab48, 0x3406ac00, 0x348f0000)
    ro space 10240K,  45% used [0x37cf0000, 0x38179b28, 0x38179c00, 0x386f0000)
    rw space 12288K,  54% used [0x386f0000, 0x38d7d0e8, 0x38d7d200, 0x392f0000)
Event: 27.027 GC heap after
Heap after GC invocations=269 (full 4):
 def new generation   total 13952K, used 283K [0x23cf0000, 0x24c10000, 0x29240000)
  eden space 12416K,   0% used [0x23cf0000, 0x23cf0000, 0x24910000)
  from space 1536K,  18% used [0x24910000, 0x24956c10, 0x24a90000)
  to   space 1536K,   0% used [0x24a90000, 0x24a90000, 0x24c10000)
 tenured generation   total 30928K, used 20177K [0x29240000, 0x2b074000, 0x33cf0000)
   the space 30928K,  65% used [0x29240000, 0x2a5f4670, 0x2a5f4800, 0x2b074000)
 compacting perm gen  total 12288K, used 3562K [0x33cf0000, 0x348f0000, 0x37cf0000)
   the space 12288K,  28% used [0x33cf0000, 0x3406ab48, 0x3406ac00, 0x348f0000)
    ro space 10240K,  45% used [0x37cf0000, 0x38179b28, 0x38179c00, 0x386f0000)
    rw space 12288K,  54% used [0x386f0000, 0x38d7d0e8, 0x38d7d200, 0x392f0000)
}
Event: 27.064 GC heap before
{Heap before GC invocations=269 (full 4):
 def new generation   total 13952K, used 12699K [0x23cf0000, 0x24c10000, 0x29240000)
  eden space 12416K, 100% used [0x23cf0000, 0x24910000, 0x24910000)
  from space 1536K,  18% used [0x24910000, 0x24956c10, 0x24a90000)
  to   space 1536K,   0% used [0x24a90000, 0x24a90000, 0x24c10000)
 tenured generation   total 30928K, used 20177K [0x29240000, 0x2b074000, 0x33cf0000)
   the space 30928K,  65% used [0x29240000, 0x2a5f4670, 0x2a5f4800, 0x2b074000)
 compacting perm gen  total 12288K, used 3562K [0x33cf0000, 0x348f0000, 0x37cf0000)
   the space 12288K,  28% used [0x33cf0000, 0x3406ab48, 0x3406ac00, 0x348f0000)
    ro space 10240K,  45% used [0x37cf0000, 0x38179b28, 0x38179c00, 0x386f0000)
    rw space 12288K,  54% used [0x386f0000, 0x38d7d0e8, 0x38d7d200, 0x392f0000)
Event: 27.067 GC heap after
Heap after GC invocations=270 (full 4):
 def new generation   total 13952K, used 1140K [0x23cf0000, 0x24c10000, 0x29240000)
  eden space 12416K,   0% used [0x23cf0000, 0x23cf0000, 0x24910000)
  from space 1536K,  74% used [0x24a90000, 0x24bad060, 0x24c10000)
  to   space 1536K,   0% used [0x24910000, 0x24910000, 0x24a90000)
 tenured generation   total 30928K, used 20177K [0x29240000, 0x2b074000, 0x33cf0000)
   the space 30928K,  65% used [0x29240000, 0x2a5f4670, 0x2a5f4800, 0x2b074000)
 compacting perm gen  total 12288K, used 3562K [0x33cf0000, 0x348f0000, 0x37cf0000)
   the space 12288K,  28% used [0x33cf0000, 0x3406ab48, 0x3406ac00, 0x348f0000)
    ro space 10240K,  45% used [0x37cf0000, 0x38179b28, 0x38179c00, 0x386f0000)
    rw space 12288K,  54% used [0x386f0000, 0x38d7d0e8, 0x38d7d200, 0x392f0000)
}
Event: 27.168 GC heap before
{Heap before GC invocations=270 (full 4):
 def new generation   total 13952K, used 13556K [0x23cf0000, 0x24c10000, 0x29240000)
  eden space 12416K, 100% used [0x23cf0000, 0x24910000, 0x24910000)
  from space 1536K,  74% used [0x24a90000, 0x24bad060, 0x24c10000)
  to   space 1536K,   0% used [0x24910000, 0x24910000, 0x24a90000)
 tenured generation   total 30928K, used 20177K [0x29240000, 0x2b074000, 0x33cf0000)
   the space 30928K,  65% used [0x29240000, 0x2a5f4670, 0x2a5f4800, 0x2b074000)
 compacting perm gen  total 12288K, used 3562K [0x33cf0000, 0x348f0000, 0x37cf0000)
   the space 12288K,  28% used [0x33cf0000, 0x3406ab68, 0x3406ac00, 0x348f0000)
    ro space 10240K,  45% used [0x37cf0000, 0x38179b28, 0x38179c00, 0x386f0000)
    rw space 12288K,  54% used [0x386f0000, 0x38d7d0e8, 0x38d7d200, 0x392f0000)
Event: 27.169 GC heap after
Heap after GC invocations=271 (full 4):
 def new generation   total 13952K, used 186K [0x23cf0000, 0x24c10000, 0x29240000)
  eden space 12416K,   0% used [0x23cf0000, 0x23cf0000, 0x24910000)
  from space 1536K,  12% used [0x24910000, 0x2493e998, 0x24a90000)
  to   space 1536K,   0% used [0x24a90000, 0x24a90000, 0x24c10000)
 tenured generation   total 30928K, used 20203K [0x29240000, 0x2b074000, 0x33cf0000)
   the space 30928K,  65% used [0x29240000, 0x2a5fad58, 0x2a5fae00, 0x2b074000)
 compacting perm gen  total 12288K, used 3562K [0x33cf0000, 0x348f0000, 0x37cf0000)
   the space 12288K,  28% used [0x33cf0000, 0x3406ab68, 0x3406ac00, 0x348f0000)
    ro space 10240K,  45% used [0x37cf0000, 0x38179b28, 0x38179c00, 0x386f0000)
    rw space 12288K,  54% used [0x386f0000, 0x38d7d0e8, 0x38d7d200, 0x392f0000)
}
Event: 27.222 GC heap before
{Heap before GC invocations=271 (full 4):
 def new generation   total 13952K, used 12602K [0x23cf0000, 0x24c10000, 0x29240000)
  eden space 12416K, 100% used [0x23cf0000, 0x24910000, 0x24910000)
  from space 1536K,  12% used [0x24910000, 0x2493e998, 0x24a90000)
  to   space 1536K,   0% used [0x24a90000, 0x24a90000, 0x24c10000)
 tenured generation   total 30928K, used 20203K [0x29240000, 0x2b074000, 0x33cf0000)
   the space 30928K,  65% used [0x29240000, 0x2a5fad58, 0x2a5fae00, 0x2b074000)
 compacting perm gen  total 12288K, used 3562K [0x33cf0000, 0x348f0000, 0x37cf0000)
   the space 12288K,  28% used [0x33cf0000, 0x3406ab68, 0x3406ac00, 0x348f0000)
    ro space 10240K,  45% used [0x37cf0000, 0x38179b28, 0x38179c00, 0x386f0000)
    rw space 12288K,  54% used [0x386f0000, 0x38d7d0e8, 0x38d7d200, 0x392f0000)
Event: 27.225 GC heap after
Heap after GC invocations=272 (full 4):
 def new generation   total 13952K, used 1048K [0x23cf0000, 0x24c10000, 0x29240000)
  eden space 12416K,   0% used [0x23cf0000, 0x23cf0000, 0x24910000)
  from space 1536K,  68% used [0x24a90000, 0x24b961e0, 0x24c10000)
  to   space 1536K,   0% used [0x24910000, 0x24910000, 0x24a90000)
 tenured generation   total 30928K, used 20203K [0x29240000, 0x2b074000, 0x33cf0000)
   the space 30928K,  65% used [0x29240000, 0x2a5fad58, 0x2a5fae00, 0x2b074000)
 compacting perm gen  total 12288K, used 3562K [0x33cf0000, 0x348f0000, 0x37cf0000)
   the space 12288K,  28% used [0x33cf0000, 0x3406ab68, 0x3406ac00, 0x348f0000)
    ro space 10240K,  45% used [0x37cf0000, 0x38179b28, 0x38179c00, 0x386f0000)
    rw space 12288K,  54% used [0x386f0000, 0x38d7d0e8, 0x38d7d200, 0x392f0000)
}

Deoptimization events (0 events):
No events

Internal exceptions (10 events):
Event: 8.822 Thread 0x04021400 Threw 0x23d40e00 at C:\jdk7u2_32P\jdk7u25\hotspot\src\share\vm\prims\jvm.cpp:1235
Event: 8.823 Thread 0x04021400 Threw 0x23d44818 at C:\jdk7u2_32P\jdk7u25\hotspot\src\share\vm\prims\jvm.cpp:1235
Event: 8.828 Thread 0x04021400 Threw 0x23d59298 at C:\jdk7u2_32P\jdk7u25\hotspot\src\share\vm\prims\jvm.cpp:1235
Event: 8.830 Thread 0x04021400 Threw 0x23d86ef8 at C:\jdk7u2_32P\jdk7u25\hotspot\src\share\vm\prims\jvm.cpp:1235
Event: 8.832 Thread 0x04021400 Threw 0x23d8c058 at C:\jdk7u2_32P\jdk7u25\hotspot\src\share\vm\prims\jvm.cpp:1235
Event: 8.860 Thread 0x04021400 Threw 0x23f4bd20 at C:\jdk7u2_32P\jdk7u25\hotspot\src\share\vm\prims\jvm.cpp:1235
Event: 8.893 Thread 0x04021400 Threw 0x23f55ba8 at C:\jdk7u2_32P\jdk7u25\hotspot\src\share\vm\prims\jvm.cpp:1235
Event: 8.894 Thread 0x04021400 Threw 0x24107710 at C:\jdk7u2_32P\jdk7u25\hotspot\src\share\vm\prims\jvm.cpp:1235
Event: 8.895 Thread 0x04021400 Threw 0x2410ba58 at C:\jdk7u2_32P\jdk7u25\hotspot\src\share\vm\prims\jvm.cpp:1235
Event: 8.895 Thread 0x04021400 Threw 0x2410f5e0 at C:\jdk7u2_32P\jdk7u25\hotspot\src\share\vm\prims\jvm.cpp:1235

Events (10 events):
Event: 27.168 Executing VM operation: GenCollectForAllocation
Event: 27.169 Executing VM operation: GenCollectForAllocation done
Event: 27.222 Executing VM operation: GenCollectForAllocation
Event: 27.225 Executing VM operation: GenCollectForAllocation done
Event: 27.268 Thread 0x053f1400 Thread added: 0x053f1400
Event: 27.269 Thread 0x053f1800 Thread added: 0x053f1800
Event: 27.269 Thread 0x053f1400 Thread exited: 0x053f1400
Event: 27.269 Thread 0x053f2000 Thread added: 0x053f2000
Event: 27.269 loading class 0x39312800
Event: 27.270 loading class 0x39312800 done


Dynamic libraries:
0x01250000 - 0x0127f000 	C:\Program Files\Java\jdk1.7.0_25\bin\javaw.exe
0x77810000 - 0x7794c000 	C:\Windows\SYSTEM32\ntdll.dll
0x77520000 - 0x775f4000 	C:\Windows\system32\kernel32.dll
0x75ab0000 - 0x75afb000 	C:\Windows\system32\KERNELBASE.dll
0x76d40000 - 0x76de0000 	C:\Windows\system32\ADVAPI32.dll
0x77460000 - 0x7750c000 	C:\Windows\system32\msvcrt.dll
0x77220000 - 0x77239000 	C:\Windows\SYSTEM32\sechost.dll
0x75bb0000 - 0x75c52000 	C:\Windows\system32\RPCRT4.dll
0x77300000 - 0x773c9000 	C:\Windows\system32\USER32.dll
0x76f70000 - 0x76fbe000 	C:\Windows\system32\GDI32.dll
0x77510000 - 0x7751a000 	C:\Windows\system32\LPK.dll
0x779a0000 - 0x77a3d000 	C:\Windows\system32\USP10.dll
0x74bf0000 - 0x74d8e000 	C:\Windows\WinSxS\x86_microsoft.windows.common-controls_6595b64144ccf1df_6.0.7601.17514_none_41e6975e2bd6f2b2\COMCTL32.dll
0x76fc0000 - 0x77017000 	C:\Windows\system32\SHLWAPI.dll
0x76de0000 - 0x76dff000 	C:\Windows\system32\IMM32.DLL
0x75eb0000 - 0x75f7c000 	C:\Windows\system32\MSCTF.dll
0x6d9e0000 - 0x6da9e000 	C:\Program Files\Java\jdk1.7.0_25\jre\bin\msvcr100.dll
0x65560000 - 0x658a2000 	C:\Program Files\Java\jdk1.7.0_25\jre\bin\client\jvm.dll
0x72d30000 - 0x72d37000 	C:\Windows\system32\WSOCK32.dll
0x77240000 - 0x77275000 	C:\Windows\system32\WS2_32.dll
0x76f60000 - 0x76f66000 	C:\Windows\system32\NSI.dll
0x74440000 - 0x74472000 	C:\Windows\system32\WINMM.dll
0x76d30000 - 0x76d35000 	C:\Windows\system32\PSAPI.DLL
0x73fa0000 - 0x73fac000 	C:\Program Files\Java\jdk1.7.0_25\jre\bin\verify.dll
0x73610000 - 0x73630000 	C:\Program Files\Java\jdk1.7.0_25\jre\bin\java.dll
0x73630000 - 0x73643000 	C:\Program Files\Java\jdk1.7.0_25\jre\bin\zip.dll
0x5c8b0000 - 0x5c9f4000 	C:\Program Files\Java\jdk1.7.0_25\jre\bin\awt.dll
0x75e20000 - 0x75eaf000 	C:\Windows\system32\OLEAUT32.dll
0x76bd0000 - 0x76d2c000 	C:\Windows\system32\ole32.dll
0x73e10000 - 0x73e50000 	C:\Windows\system32\uxtheme.dll
0x71db0000 - 0x71e4f000 	C:\ProgramData\Tencent\TSVulFw\TSVulFW.DAT
0x74960000 - 0x74969000 	C:\Windows\system32\VERSION.dll
0x75f80000 - 0x76bca000 	C:\Windows\system32\SHELL32.dll
0x73c00000 - 0x73c13000 	C:\Windows\system32\dwmapi.dll
0x757d0000 - 0x757dc000 	C:\Windows\system32\CRYPTBASE.dll
0x10000000 - 0x1000f000 	D:\Users\Leslie\AppData\Local\Youdao\Dict\5.4.43.3217\WordStrokeHelper32.dll
0x71f40000 - 0x71f71000 	C:\Program Files\Java\jdk1.7.0_25\jre\bin\fontmanager.dll
0x72980000 - 0x72994000 	C:\Program Files\Java\jdk1.7.0_25\jre\bin\net.dll
0x752a0000 - 0x752dc000 	C:\Windows\system32\mswsock.dll
0x75290000 - 0x75296000 	C:\Windows\System32\wship6.dll
0x73fb0000 - 0x73fbf000 	C:\Program Files\Java\jdk1.7.0_25\jre\bin\nio.dll
0x73250000 - 0x73280000 	C:\Program Files\Java\jdk1.7.0_25\jre\bin\t2k.dll
0x773d0000 - 0x77453000 	C:\Windows\system32\CLBCatQ.DLL
0x058c0000 - 0x0591f000 	D:\Users\Leslie\AppData\Local\Youdao\Dict\5.4.43.3217\TextExtractorImpl32.dll
0x73290000 - 0x732cc000 	C:\Windows\system32\OLEACC.dll
0x75300000 - 0x75316000 	C:\Windows\system32\CRYPTSP.dll
0x75080000 - 0x750bb000 	C:\Windows\system32\rsaenh.dll
0x747d0000 - 0x747e7000 	C:\Windows\system32\USERENV.dll
0x75850000 - 0x7585b000 	C:\Windows\system32\profapi.dll
0x73ad0000 - 0x73ae0000 	C:\Windows\system32\NLAapi.dll
0x724b0000 - 0x724c0000 	C:\Windows\system32\napinsp.dll
0x72470000 - 0x72482000 	C:\Windows\system32\pnrpnsp.dll
0x75160000 - 0x751a4000 	C:\Windows\system32\DNSAPI.dll
0x72460000 - 0x72468000 	C:\Windows\System32\winrnr.dll
0x72450000 - 0x7245d000 	C:\Windows\system32\wshbth.dll
0x72420000 - 0x72447000 	C:\Program Files\Common Files\Microsoft Shared\Windows Live\WLIDNSP.DLL
0x723f0000 - 0x72411000 	C:\Program Files\Bonjour\mdnsNSP.dll
0x74530000 - 0x7454c000 	C:\Windows\system32\Iphlpapi.DLL
0x74520000 - 0x74527000 	C:\Windows\system32\WINNSI.DLL
0x05020000 - 0x05037000 	C:\Program Files\Common Files\Thunder Network\NetMon\net_monitor2.0.2.9.dll
0x7c3a0000 - 0x7c41b000 	C:\Windows\system32\MSVCP71.dll
0x7c340000 - 0x7c396000 	C:\Windows\system32\MSVCR71.dll
0x74420000 - 0x74426000 	C:\Windows\System32\wshqos.dll
0x74410000 - 0x74415000 	C:\Windows\system32\wshtcpip.DLL
0x72300000 - 0x72306000 	C:\Windows\system32\rasadhlp.dll
0x70dd0000 - 0x70e08000 	C:\Windows\System32\fwpuclnt.dll
0x06400000 - 0x06455000 	C:\Users\Leslie\AppData\Local\Temp\jna2744637479674108228.dll
0x5c4e0000 - 0x5c6ff000 	E:\workspace\android\MSCPROJECT\EEGAnalysis\edk.dll
0x54280000 - 0x54472000 	E:\workspace\android\MSCPROJECT\EEGAnalysis\edk_utils.dll
0x6fa80000 - 0x6fae9000 	C:\Windows\system32\MSVCP100.dll
0x77020000 - 0x771bd000 	C:\Windows\system32\SETUPAPI.dll
0x75a80000 - 0x75aa7000 	C:\Windows\system32\CFGMGR32.dll
0x75b90000 - 0x75ba2000 	C:\Windows\system32\DEVOBJ.dll
0x73ba0000 - 0x73ba9000 	C:\Windows\system32\HID.DLL
0x75a40000 - 0x75a6e000 	C:\Windows\system32\WINTRUST.dll
0x75920000 - 0x75a40000 	C:\Windows\system32\CRYPT32.dll
0x758c0000 - 0x758cc000 	C:\Windows\system32\MSASN1.dll
0x72510000 - 0x72534000 	C:\Program Files\Java\jdk1.7.0_25\jre\bin\dcpr.dll
0x72d50000 - 0x72e3b000 	C:\Windows\system32\dbghelp.dll
0x75780000 - 0x757cc000 	C:\Windows\system32\apphelp.dll

VM Arguments:
jvm_args: -Dfile.encoding=GBK 
java_command: com.lw.eeg.Main.EEGAnalysis
Launcher Type: SUN_STANDARD

Environment Variables:
JAVA_HOME=C:\Program Files\Java\jdk1.7.0_25
CLASSPATH=.;.;C:\PROGRA~1\JMF21~1.1E\lib\sound.jar;C:\PROGRA~1\JMF21~1.1E\lib\jmf.jar;C:\PROGRA~1\JMF21~1.1E\lib;
PATH=C:/Program Files/Java/jre7/bin/client;C:/Program Files/Java/jre7/bin;C:/Program Files/Java/jre7/lib/i386;C:\Windows\system32;C:\Windows\System32;C:\Program Files\Java\jdk1.7.0_25\bin;D:\Program Files\LaTex\miktex\bin\;E:\dvlTools\adt-bundle-windows-x86-20130522\eclipse;
USERNAME=Leslie
OS=Windows_NT
PROCESSOR_IDENTIFIER=x86 Family 6 Model 58 Stepping 9, GenuineIntel



---------------  S Y S T E M  ---------------

OS: Windows 7 Build 7601 Service Pack 1

CPU:total 4 (2 cores per cpu, 2 threads per core) family 6 model 58 stepping 9, cmov, cx8, fxsr, mmx, sse, sse2, sse3, ssse3, sse4.1, sse4.2, popcnt, avx, ht, tsc, tscinvbit, tscinv

Memory: 4k page, physical 3412076k(998528k free), swap 6822400k(3064792k free)

vm_info: Java HotSpot(TM) Client VM (23.25-b01) for windows-x86 JRE (1.7.0_25-b16), built on Jun 12 2013 20:29:09 by "java_re" with unknown MS VC++:1600

time: Sat Aug 31 20:10:37 2013
elapsed time: 27 seconds

