#
# A fatal error has been detected by the Java Runtime Environment:
#
#  EXCEPTION_ACCESS_VIOLATION (0xc0000005) at pc=0x65605ad9, pid=18284, tid=16424
#
# JRE version: 7.0_25-b16
# Java VM: Java HotSpot(TM) Client VM (23.25-b01 mixed mode, sharing windows-x86 )
# Problematic frame:
# V  [jvm.dll+0xa5ad9]
#
# Failed to write core dump. Minidumps are not enabled by default on client versions of Windows
#
# If you would like to submit a bug report, please visit:
#   http://bugreport.sun.com/bugreport/crash.jsp
#

---------------  T H R E A D  ---------------

Current thread (0x04231000):  JavaThread "Thread-2" daemon [_thread_in_vm, id=16424, stack(0x06400000,0x06450000)]

siginfo: ExceptionCode=0xc0000005, reading address 0x00000000

Registers:
EAX=0x00000000, EBX=0x041d3801, ECX=0x00000000, EDX=0x00000000
ESP=0x0644ec5c, EBP=0x0644ec68, ESI=0x04231000, EDI=0x041d3838
EIP=0x65605ad9, EFLAGS=0x00010202

Top of Stack: (sp=0x0644ec5c)
0x0644ec5c:   0644ed00 00000000 041d3838 0644eee8
0x0644ec6c:   058442a8 04231128 041d3838 00000000
0x0644ec7c:   00000000 0644ecd0 00000001 00000020
0x0644ec8c:   05844220 0644eeb0 5c601570 0644ef14
0x0644ec9c:   0644ecd0 65563d83 04231000 00000020
0x0644ecac:   0584420c 0644ece4 65563d83 04231000
0x0644ecbc:   9d970983 00000002 04231000 0644ef20
0x0644eccc:   0644ecbc 0644ece0 0644f6bc 9d970983 

Instructions: (pc=0x65605ad9)
0x65605ab9:   8e 09 00 33 f6 eb 02 8b f1 6a 06 56 e8 46 e3 f5
0x65605ac9:   ff 8b 7d 0c 83 c4 08 b3 01 85 ff 74 3d 8b 45 10
0x65605ad9:   8b 00 50 32 db e8 3d 8f f7 ff 83 c4 04 85 c0 74
0x65605ae9:   29 8b 0f 8b 49 04 8b 50 10 83 c1 08 39 44 0a f8 


Register to memory mapping:

EAX=0x00000000 is an unknown value
EBX=0x041d3801 is an unknown value
ECX=0x00000000 is an unknown value
EDX=0x00000000 is an unknown value
ESP=0x0644ec5c is pointing into the stack for thread: 0x04231000
EBP=0x0644ec68 is pointing into the stack for thread: 0x04231000
ESI=0x04231000 is a thread
EDI=0x041d3838 is an unknown value


Stack: [0x06400000,0x06450000],  sp=0x0644ec5c,  free space=315k
Native frames: (J=compiled Java code, j=interpreted, Vv=VM code, C=native code)
V  [jvm.dll+0xa5ad9]
C  [jna6830633089882728018.dll+0x42a8]  Java_com_sun_jna_Pointer__1getString+0x778
C  [jna6830633089882728018.dll+0x4d2e]  Java_com_sun_jna_Function_invokeInt+0x2e
J  com.sun.jna.Function.invokeInt(I[Ljava/lang/Object;)I
J  com.sun.jna.Function.invoke([Ljava/lang/Object;Ljava/lang/Class;Z)Ljava/lang/Object;
V  [jvm.dll+0x124afa]
V  [jvm.dll+0x1d224e]
V  [jvm.dll+0x124caf]
V  [jvm.dll+0x124d17]
V  [jvm.dll+0xcf06f]
V  [jvm.dll+0x144447]
V  [jvm.dll+0x1445b0]
V  [jvm.dll+0x177bb9]
C  [msvcr100.dll+0x5c6de]  endthreadex+0x3a
C  [msvcr100.dll+0x5c788]  endthreadex+0xe4
C  [kernel32.dll+0x4ed6c]  BaseThreadInitThunk+0x12
C  [ntdll.dll+0x637eb]  RtlInitializeExceptionChain+0xef
C  [ntdll.dll+0x637be]  RtlInitializeExceptionChain+0xc2

Java frames: (J=compiled Java code, j=interpreted, Vv=VM code)
J  com.sun.jna.Function.invokeInt(I[Ljava/lang/Object;)I
J  com.sun.jna.Function.invoke([Ljava/lang/Object;Ljava/lang/Class;Z)Ljava/lang/Object;
J  com.sun.jna.Function.invoke(Ljava/lang/Class;[Ljava/lang/Object;Ljava/util/Map;)Ljava/lang/Object;
J  com.sun.jna.Library$Handler.invoke(Ljava/lang/Object;Ljava/lang/reflect/Method;[Ljava/lang/Object;)Ljava/lang/Object;
J  com.sun.proxy.$Proxy0.EE_DataUpdateHandle(ILcom/sun/jna/Pointer;)I
J  com.lw.eeg.EEGLog.EEGLog$Thread_EEG.run()V
v  ~StubRoutines::call_stub

---------------  P R O C E S S  ---------------

Java Threads: ( => current thread )
  0x04112400 JavaThread "Thread-0" daemon [_thread_in_native, id=16888, stack(0x04860000,0x048b0000)]
=>0x04231000 JavaThread "Thread-2" daemon [_thread_in_vm, id=16424, stack(0x06400000,0x06450000)]
  0x0516b800 JavaThread "TimerQueue" daemon [_thread_blocked, id=17316, stack(0x058e0000,0x05930000)]
  0x0023b800 JavaThread "DestroyJavaVM" [_thread_blocked, id=5864, stack(0x01a70000,0x01ac0000)]
  0x041a8000 JavaThread "AWT-EventQueue-0" [_thread_blocked, id=14376, stack(0x04b70000,0x04bc0000)]
  0x0417e800 JavaThread "AWT-Windows" daemon [_thread_in_native, id=16416, stack(0x044f0000,0x04540000)]
  0x0417e000 JavaThread "AWT-Shutdown" [_thread_blocked, id=7736, stack(0x04390000,0x043e0000)]
  0x0417b800 JavaThread "Java2D Disposer" daemon [_thread_blocked, id=17052, stack(0x03e70000,0x03ec0000)]
  0x01ba0400 JavaThread "Service Thread" daemon [_thread_blocked, id=17448, stack(0x04320000,0x04370000)]
  0x01b9e800 JavaThread "C1 CompilerThread0" daemon [_thread_blocked, id=16468, stack(0x03ef0000,0x03f40000)]
  0x01b99c00 JavaThread "Attach Listener" daemon [_thread_blocked, id=16064, stack(0x04070000,0x040c0000)]
  0x01b97000 JavaThread "Signal Dispatcher" daemon [_thread_blocked, id=13976, stack(0x04000000,0x04050000)]
  0x01b77800 JavaThread "Finalizer" daemon [_thread_blocked, id=17600, stack(0x03d70000,0x03dc0000)]
  0x01b72c00 JavaThread "Reference Handler" daemon [_thread_blocked, id=16692, stack(0x03d00000,0x03d50000)]

Other Threads:
  0x01b71400 VMThread [stack: 0x03df0000,0x03e40000] [id=17464]
  0x01ba1400 WatcherThread [stack: 0x042d0000,0x04320000] [id=18400]

VM state:not at safepoint (normal execution)

VM Mutex/Monitor currently owned by a thread: None

Heap
 def new generation   total 16704K, used 8263K [0x23cf0000, 0x24f10000, 0x29240000)
  eden space 14848K,  51% used [0x23cf0000, 0x24457920, 0x24b70000)
  from space 1856K,  36% used [0x24b70000, 0x24c1a670, 0x24d40000)
  to   space 1856K,   0% used [0x24d40000, 0x24d40000, 0x24f10000)
 tenured generation   total 37036K, used 24371K [0x29240000, 0x2b66b000, 0x33cf0000)
   the space 37036K,  65% used [0x29240000, 0x2aa0cf60, 0x2aa0d000, 0x2b66b000)
 compacting perm gen  total 12288K, used 3602K [0x33cf0000, 0x348f0000, 0x37cf0000)
   the space 12288K,  29% used [0x33cf0000, 0x340749c8, 0x34074a00, 0x348f0000)
    ro space 10240K,  45% used [0x37cf0000, 0x38179b28, 0x38179c00, 0x386f0000)
    rw space 12288K,  54% used [0x386f0000, 0x38d7d0e8, 0x38d7d200, 0x392f0000)

Card table byte_map: [0x00270000,0x00320000] byte_map_base: 0x00151880

Polling page: 0x00120000

Code Cache  [0x01ca0000, 0x02008000, 0x03ca0000)
 total_blobs=1926 nmethods=1657 adapters=203 free_code_cache=29296Kb largest_free_block=29999104

Compilation events (10 events):
Event: 62.650 Thread 0x01b9e800 1656             org.jfree.chart.axis.NumberTickUnit::<init> (17 bytes)
Event: 62.651 Thread 0x01b9e800 nmethod 1656 0x01fffb08 code [0x01fffc10, 0x01fffccc]
Event: 65.246 Thread 0x01b9e800 1657             org.jfree.chart.axis.TickUnits::getCeilingTickUnit (16 bytes)
Event: 65.246 Thread 0x01b9e800 nmethod 1657 0x01fffd48 code [0x01fffe70, 0x01ffffc0]
Event: 65.444 Thread 0x01b9e800 1658             java.util.Currency::getInstance (233 bytes)
Event: 65.444 Thread 0x01b9e800 nmethod 1658 0x02000108 code [0x02000320, 0x02000ee0]
Event: 65.444 Thread 0x01b9e800 1659             java.util.Currency::getMainTableEntry (49 bytes)
Event: 65.445 Thread 0x01b9e800 nmethod 1659 0x02001d88 code [0x02001e90, 0x02001fbc]
Event: 65.445 Thread 0x01b9e800 1660   !         java.util.Currency::getInstance (218 bytes)
Event: 65.445 Thread 0x01b9e800 nmethod 1660 0x020020c8 code [0x020022f0, 0x02002bc4]

GC Heap History (10 events):
Event: 95.581 GC heap before
{Heap before GC invocations=1520 (full 3):
 def new generation   total 16704K, used 15410K [0x23cf0000, 0x24f10000, 0x29240000)
  eden space 14848K, 100% used [0x23cf0000, 0x24b70000, 0x24b70000)
  from space 1856K,  30% used [0x24d40000, 0x24dccb58, 0x24f10000)
  to   space 1856K,   0% used [0x24b70000, 0x24b70000, 0x24d40000)
 tenured generation   total 37036K, used 24346K [0x29240000, 0x2b66b000, 0x33cf0000)
   the space 37036K,  65% used [0x29240000, 0x2aa06888, 0x2aa06a00, 0x2b66b000)
 compacting perm gen  total 12288K, used 3580K [0x33cf0000, 0x348f0000, 0x37cf0000)
   the space 12288K,  29% used [0x33cf0000, 0x3406f0e0, 0x3406f200, 0x348f0000)
    ro space 10240K,  45% used [0x37cf0000, 0x38179b28, 0x38179c00, 0x386f0000)
    rw space 12288K,  54% used [0x386f0000, 0x38d7d0e8, 0x38d7d200, 0x392f0000)
Event: 95.582 GC heap after
Heap after GC invocations=1521 (full 3):
 def new generation   total 16704K, used 452K [0x23cf0000, 0x24f10000, 0x29240000)
  eden space 14848K,   0% used [0x23cf0000, 0x23cf0000, 0x24b70000)
  from space 1856K,  24% used [0x24b70000, 0x24be1040, 0x24d40000)
  to   space 1856K,   0% used [0x24d40000, 0x24d40000, 0x24f10000)
 tenured generation   total 37036K, used 24346K [0x29240000, 0x2b66b000, 0x33cf0000)
   the space 37036K,  65% used [0x29240000, 0x2aa06888, 0x2aa06a00, 0x2b66b000)
 compacting perm gen  total 12288K, used 3580K [0x33cf0000, 0x348f0000, 0x37cf0000)
   the space 12288K,  29% used [0x33cf0000, 0x3406f0e0, 0x3406f200, 0x348f0000)
    ro space 10240K,  45% used [0x37cf0000, 0x38179b28, 0x38179c00, 0x386f0000)
    rw space 12288K,  54% used [0x386f0000, 0x38d7d0e8, 0x38d7d200, 0x392f0000)
}
Event: 95.717 GC heap before
{Heap before GC invocations=1521 (full 3):
 def new generation   total 16704K, used 15300K [0x23cf0000, 0x24f10000, 0x29240000)
  eden space 14848K, 100% used [0x23cf0000, 0x24b70000, 0x24b70000)
  from space 1856K,  24% used [0x24b70000, 0x24be1040, 0x24d40000)
  to   space 1856K,   0% used [0x24d40000, 0x24d40000, 0x24f10000)
 tenured generation   total 37036K, used 24346K [0x29240000, 0x2b66b000, 0x33cf0000)
   the space 37036K,  65% used [0x29240000, 0x2aa06888, 0x2aa06a00, 0x2b66b000)
 compacting perm gen  total 12288K, used 3580K [0x33cf0000, 0x348f0000, 0x37cf0000)
   the space 12288K,  29% used [0x33cf0000, 0x3406f0e0, 0x3406f200, 0x348f0000)
    ro space 10240K,  45% used [0x37cf0000, 0x38179b28, 0x38179c00, 0x386f0000)
    rw space 12288K,  54% used [0x386f0000, 0x38d7d0e8, 0x38d7d200, 0x392f0000)
Event: 95.718 GC heap after
Heap after GC invocations=1522 (full 3):
 def new generation   total 16704K, used 244K [0x23cf0000, 0x24f10000, 0x29240000)
  eden space 14848K,   0% used [0x23cf0000, 0x23cf0000, 0x24b70000)
  from space 1856K,  13% used [0x24d40000, 0x24d7d300, 0x24f10000)
  to   space 1856K,   0% used [0x24b70000, 0x24b70000, 0x24d40000)
 tenured generation   total 37036K, used 24346K [0x29240000, 0x2b66b000, 0x33cf0000)
   the space 37036K,  65% used [0x29240000, 0x2aa06888, 0x2aa06a00, 0x2b66b000)
 compacting perm gen  total 12288K, used 3580K [0x33cf0000, 0x348f0000, 0x37cf0000)
   the space 12288K,  29% used [0x33cf0000, 0x3406f0e0, 0x3406f200, 0x348f0000)
    ro space 10240K,  45% used [0x37cf0000, 0x38179b28, 0x38179c00, 0x386f0000)
    rw space 12288K,  54% used [0x386f0000, 0x38d7d0e8, 0x38d7d200, 0x392f0000)
}
Event: 95.827 GC heap before
{Heap before GC invocations=1522 (full 3):
 def new generation   total 16704K, used 15092K [0x23cf0000, 0x24f10000, 0x29240000)
  eden space 14848K, 100% used [0x23cf0000, 0x24b70000, 0x24b70000)
  from space 1856K,  13% used [0x24d40000, 0x24d7d300, 0x24f10000)
  to   space 1856K,   0% used [0x24b70000, 0x24b70000, 0x24d40000)
 tenured generation   total 37036K, used 24346K [0x29240000, 0x2b66b000, 0x33cf0000)
   the space 37036K,  65% used [0x29240000, 0x2aa06888, 0x2aa06a00, 0x2b66b000)
 compacting perm gen  total 12288K, used 3580K [0x33cf0000, 0x348f0000, 0x37cf0000)
   the space 12288K,  29% used [0x33cf0000, 0x3406f0e0, 0x3406f200, 0x348f0000)
    ro space 10240K,  45% used [0x37cf0000, 0x38179b28, 0x38179c00, 0x386f0000)
    rw space 12288K,  54% used [0x386f0000, 0x38d7d0e8, 0x38d7d200, 0x392f0000)
Event: 95.829 GC heap after
Heap after GC invocations=1523 (full 3):
 def new generation   total 16704K, used 143K [0x23cf0000, 0x24f10000, 0x29240000)
  eden space 14848K,   0% used [0x23cf0000, 0x23cf0000, 0x24b70000)
  from space 1856K,   7% used [0x24b70000, 0x24b93cb8, 0x24d40000)
  to   space 1856K,   0% used [0x24d40000, 0x24d40000, 0x24f10000)
 tenured generation   total 37036K, used 24346K [0x29240000, 0x2b66b000, 0x33cf0000)
   the space 37036K,  65% used [0x29240000, 0x2aa06888, 0x2aa06a00, 0x2b66b000)
 compacting perm gen  total 12288K, used 3580K [0x33cf0000, 0x348f0000, 0x37cf0000)
   the space 12288K,  29% used [0x33cf0000, 0x3406f0e0, 0x3406f200, 0x348f0000)
    ro space 10240K,  45% used [0x37cf0000, 0x38179b28, 0x38179c00, 0x386f0000)
    rw space 12288K,  54% used [0x386f0000, 0x38d7d0e8, 0x38d7d200, 0x392f0000)
}
Event: 95.961 GC heap before
{Heap before GC invocations=1523 (full 3):
 def new generation   total 16704K, used 14991K [0x23cf0000, 0x24f10000, 0x29240000)
  eden space 14848K, 100% used [0x23cf0000, 0x24b70000, 0x24b70000)
  from space 1856K,   7% used [0x24b70000, 0x24b93cb8, 0x24d40000)
  to   space 1856K,   0% used [0x24d40000, 0x24d40000, 0x24f10000)
 tenured generation   total 37036K, used 24346K [0x29240000, 0x2b66b000, 0x33cf0000)
   the space 37036K,  65% used [0x29240000, 0x2aa06888, 0x2aa06a00, 0x2b66b000)
 compacting perm gen  total 12288K, used 3580K [0x33cf0000, 0x348f0000, 0x37cf0000)
   the space 12288K,  29% used [0x33cf0000, 0x3406f0e0, 0x3406f200, 0x348f0000)
    ro space 10240K,  45% used [0x37cf0000, 0x38179b28, 0x38179c00, 0x386f0000)
    rw space 12288K,  54% used [0x386f0000, 0x38d7d0e8, 0x38d7d200, 0x392f0000)
Event: 95.965 GC heap after
Heap after GC invocations=1524 (full 3):
 def new generation   total 16704K, used 943K [0x23cf0000, 0x24f10000, 0x29240000)
  eden space 14848K,   0% used [0x23cf0000, 0x23cf0000, 0x24b70000)
  from space 1856K,  50% used [0x24d40000, 0x24e2be18, 0x24f10000)
  to   space 1856K,   0% used [0x24b70000, 0x24b70000, 0x24d40000)
 tenured generation   total 37036K, used 24346K [0x29240000, 0x2b66b000, 0x33cf0000)
   the space 37036K,  65% used [0x29240000, 0x2aa06888, 0x2aa06a00, 0x2b66b000)
 compacting perm gen  total 12288K, used 3580K [0x33cf0000, 0x348f0000, 0x37cf0000)
   the space 12288K,  29% used [0x33cf0000, 0x3406f0e0, 0x3406f200, 0x348f0000)
    ro space 10240K,  45% used [0x37cf0000, 0x38179b28, 0x38179c00, 0x386f0000)
    rw space 12288K,  54% used [0x386f0000, 0x38d7d0e8, 0x38d7d200, 0x392f0000)
}
Event: 96.107 GC heap before
{Heap before GC invocations=1524 (full 3):
 def new generation   total 16704K, used 15791K [0x23cf0000, 0x24f10000, 0x29240000)
  eden space 14848K, 100% used [0x23cf0000, 0x24b70000, 0x24b70000)
  from space 1856K,  50% used [0x24d40000, 0x24e2be18, 0x24f10000)
  to   space 1856K,   0% used [0x24b70000, 0x24b70000, 0x24d40000)
 tenured generation   total 37036K, used 24346K [0x29240000, 0x2b66b000, 0x33cf0000)
   the space 37036K,  65% used [0x29240000, 0x2aa06888, 0x2aa06a00, 0x2b66b000)
 compacting perm gen  total 12288K, used 3580K [0x33cf0000, 0x348f0000, 0x37cf0000)
   the space 12288K,  29% used [0x33cf0000, 0x3406f0e0, 0x3406f200, 0x348f0000)
    ro space 10240K,  45% used [0x37cf0000, 0x38179b28, 0x38179c00, 0x386f0000)
    rw space 12288K,  54% used [0x386f0000, 0x38d7d0e8, 0x38d7d200, 0x392f0000)
Event: 96.110 GC heap after
Heap after GC invocations=1525 (full 3):
 def new generation   total 16704K, used 681K [0x23cf0000, 0x24f10000, 0x29240000)
  eden space 14848K,   0% used [0x23cf0000, 0x23cf0000, 0x24b70000)
  from space 1856K,  36% used [0x24b70000, 0x24c1a670, 0x24d40000)
  to   space 1856K,   0% used [0x24d40000, 0x24d40000, 0x24f10000)
 tenured generation   total 37036K, used 24371K [0x29240000, 0x2b66b000, 0x33cf0000)
   the space 37036K,  65% used [0x29240000, 0x2aa0cf60, 0x2aa0d000, 0x2b66b000)
 compacting perm gen  total 12288K, used 3580K [0x33cf0000, 0x348f0000, 0x37cf0000)
   the space 12288K,  29% used [0x33cf0000, 0x3406f0e0, 0x3406f200, 0x348f0000)
    ro space 10240K,  45% used [0x37cf0000, 0x38179b28, 0x38179c00, 0x386f0000)
    rw space 12288K,  54% used [0x386f0000, 0x38d7d0e8, 0x38d7d200, 0x392f0000)
}

Deoptimization events (0 events):
No events

Internal exceptions (10 events):
Event: 2.313 Thread 0x041a8000 Threw 0x240bdfe0 at C:\jdk7u2_32P\jdk7u25\hotspot\src\share\vm\prims\jvm.cpp:1235
Event: 2.313 Thread 0x041a8000 Threw 0x240c19f8 at C:\jdk7u2_32P\jdk7u25\hotspot\src\share\vm\prims\jvm.cpp:1235
Event: 2.317 Thread 0x041a8000 Threw 0x24115978 at C:\jdk7u2_32P\jdk7u25\hotspot\src\share\vm\prims\jvm.cpp:1235
Event: 2.346 Thread 0x041a8000 Threw 0x23cfefa0 at C:\jdk7u2_32P\jdk7u25\hotspot\src\share\vm\prims\jvm.cpp:1235
Event: 2.348 Thread 0x041a8000 Threw 0x23d04538 at C:\jdk7u2_32P\jdk7u25\hotspot\src\share\vm\prims\jvm.cpp:1235
Event: 2.375 Thread 0x041a8000 Threw 0x23f72040 at C:\jdk7u2_32P\jdk7u25\hotspot\src\share\vm\prims\jvm.cpp:1235
Event: 2.395 Thread 0x041a8000 Threw 0x23fa7d20 at C:\jdk7u2_32P\jdk7u25\hotspot\src\share\vm\prims\jvm.cpp:1235
Event: 2.396 Thread 0x041a8000 Threw 0x23fab378 at C:\jdk7u2_32P\jdk7u25\hotspot\src\share\vm\prims\jvm.cpp:1235
Event: 2.396 Thread 0x041a8000 Threw 0x23faf6c0 at C:\jdk7u2_32P\jdk7u25\hotspot\src\share\vm\prims\jvm.cpp:1235
Event: 2.397 Thread 0x041a8000 Threw 0x24101f68 at C:\jdk7u2_32P\jdk7u25\hotspot\src\share\vm\prims\jvm.cpp:1235

Events (10 events):
Event: 95.961 Executing VM operation: GenCollectForAllocation
Event: 95.965 Executing VM operation: GenCollectForAllocation done
Event: 96.107 Executing VM operation: GenCollectForAllocation
Event: 96.110 Executing VM operation: GenCollectForAllocation done
Event: 96.167 Thread 0x04111800 Thread added: 0x04111800
Event: 96.167 Thread 0x04112000 Thread added: 0x04112000
Event: 96.167 Thread 0x04112400 Thread added: 0x04112400
Event: 96.170 Thread 0x04111800 Thread exited: 0x04111800
Event: 96.172 loading class 0x39312800
Event: 96.172 loading class 0x39312800 done


Dynamic libraries:
0x01250000 - 0x0127f000 	C:\Program Files\Java\jdk1.7.0_25\bin\javaw.exe
0x77810000 - 0x7794c000 	C:\Windows\SYSTEM32\ntdll.dll
0x77520000 - 0x775f4000 	C:\Windows\system32\kernel32.dll
0x75ab0000 - 0x75afb000 	C:\Windows\system32\KERNELBASE.dll
0x76d40000 - 0x76de0000 	C:\Windows\system32\ADVAPI32.dll
0x77460000 - 0x7750c000 	C:\Windows\system32\msvcrt.dll
0x77220000 - 0x77239000 	C:\Windows\SYSTEM32\sechost.dll
0x75bb0000 - 0x75c52000 	C:\Windows\system32\RPCRT4.dll
0x77300000 - 0x773c9000 	C:\Windows\system32\USER32.dll
0x76f70000 - 0x76fbe000 	C:\Windows\system32\GDI32.dll
0x77510000 - 0x7751a000 	C:\Windows\system32\LPK.dll
0x779a0000 - 0x77a3d000 	C:\Windows\system32\USP10.dll
0x74bf0000 - 0x74d8e000 	C:\Windows\WinSxS\x86_microsoft.windows.common-controls_6595b64144ccf1df_6.0.7601.17514_none_41e6975e2bd6f2b2\COMCTL32.dll
0x76fc0000 - 0x77017000 	C:\Windows\system32\SHLWAPI.dll
0x76de0000 - 0x76dff000 	C:\Windows\system32\IMM32.DLL
0x75eb0000 - 0x75f7c000 	C:\Windows\system32\MSCTF.dll
0x6d9e0000 - 0x6da9e000 	C:\Program Files\Java\jdk1.7.0_25\jre\bin\msvcr100.dll
0x65560000 - 0x658a2000 	C:\Program Files\Java\jdk1.7.0_25\jre\bin\client\jvm.dll
0x72d30000 - 0x72d37000 	C:\Windows\system32\WSOCK32.dll
0x77240000 - 0x77275000 	C:\Windows\system32\WS2_32.dll
0x76f60000 - 0x76f66000 	C:\Windows\system32\NSI.dll
0x74440000 - 0x74472000 	C:\Windows\system32\WINMM.dll
0x76d30000 - 0x76d35000 	C:\Windows\system32\PSAPI.DLL
0x73fa0000 - 0x73fac000 	C:\Program Files\Java\jdk1.7.0_25\jre\bin\verify.dll
0x73610000 - 0x73630000 	C:\Program Files\Java\jdk1.7.0_25\jre\bin\java.dll
0x73630000 - 0x73643000 	C:\Program Files\Java\jdk1.7.0_25\jre\bin\zip.dll
0x5ce40000 - 0x5cf84000 	C:\Program Files\Java\jdk1.7.0_25\jre\bin\awt.dll
0x75e20000 - 0x75eaf000 	C:\Windows\system32\OLEAUT32.dll
0x76bd0000 - 0x76d2c000 	C:\Windows\system32\ole32.dll
0x73e10000 - 0x73e50000 	C:\Windows\system32\uxtheme.dll
0x71db0000 - 0x71e4f000 	C:\ProgramData\Tencent\TSVulFw\TSVulFW.DAT
0x74960000 - 0x74969000 	C:\Windows\system32\VERSION.dll
0x75f80000 - 0x76bca000 	C:\Windows\system32\SHELL32.dll
0x73c00000 - 0x73c13000 	C:\Windows\system32\dwmapi.dll
0x757d0000 - 0x757dc000 	C:\Windows\system32\CRYPTBASE.dll
0x10000000 - 0x1000f000 	D:\Users\Leslie\AppData\Local\Youdao\Dict\5.4.43.3217\WordStrokeHelper32.dll
0x72500000 - 0x72531000 	C:\Program Files\Java\jdk1.7.0_25\jre\bin\fontmanager.dll
0x72980000 - 0x72994000 	C:\Program Files\Java\jdk1.7.0_25\jre\bin\net.dll
0x752a0000 - 0x752dc000 	C:\Windows\system32\mswsock.dll
0x75290000 - 0x75296000 	C:\Windows\System32\wship6.dll
0x73fb0000 - 0x73fbf000 	C:\Program Files\Java\jdk1.7.0_25\jre\bin\nio.dll
0x72950000 - 0x72980000 	C:\Program Files\Java\jdk1.7.0_25\jre\bin\t2k.dll
0x773d0000 - 0x77453000 	C:\Windows\system32\CLBCatQ.DLL
0x75300000 - 0x75316000 	C:\Windows\system32\CRYPTSP.dll
0x75080000 - 0x750bb000 	C:\Windows\system32\rsaenh.dll
0x747d0000 - 0x747e7000 	C:\Windows\system32\USERENV.dll
0x75850000 - 0x7585b000 	C:\Windows\system32\profapi.dll
0x73ad0000 - 0x73ae0000 	C:\Windows\system32\NLAapi.dll
0x724b0000 - 0x724c0000 	C:\Windows\system32\napinsp.dll
0x72470000 - 0x72482000 	C:\Windows\system32\pnrpnsp.dll
0x75160000 - 0x751a4000 	C:\Windows\system32\DNSAPI.dll
0x72460000 - 0x72468000 	C:\Windows\System32\winrnr.dll
0x72450000 - 0x7245d000 	C:\Windows\system32\wshbth.dll
0x72420000 - 0x72447000 	C:\Program Files\Common Files\Microsoft Shared\Windows Live\WLIDNSP.DLL
0x723f0000 - 0x72411000 	C:\Program Files\Bonjour\mdnsNSP.dll
0x74530000 - 0x7454c000 	C:\Windows\system32\Iphlpapi.DLL
0x74520000 - 0x74527000 	C:\Windows\system32\WINNSI.DLL
0x05820000 - 0x05837000 	C:\Program Files\Common Files\Thunder Network\NetMon\net_monitor2.0.2.9.dll
0x7c3a0000 - 0x7c41b000 	C:\Windows\system32\MSVCP71.dll
0x7c340000 - 0x7c396000 	C:\Windows\system32\MSVCR71.dll
0x74420000 - 0x74426000 	C:\Windows\System32\wshqos.dll
0x74410000 - 0x74415000 	C:\Windows\system32\wshtcpip.DLL
0x72300000 - 0x72306000 	C:\Windows\system32\rasadhlp.dll
0x70dd0000 - 0x70e08000 	C:\Windows\System32\fwpuclnt.dll
0x05840000 - 0x05895000 	C:\Users\Leslie\AppData\Local\Temp\jna6830633089882728018.dll
0x5c580000 - 0x5c79f000 	E:\workspace\android\MSCPROJECT\EEGAnalysis\edk.dll
0x54280000 - 0x54472000 	E:\workspace\android\MSCPROJECT\EEGAnalysis\edk_utils.dll
0x6fa80000 - 0x6fae9000 	C:\Windows\system32\MSVCP100.dll
0x77020000 - 0x771bd000 	C:\Windows\system32\SETUPAPI.dll
0x75a80000 - 0x75aa7000 	C:\Windows\system32\CFGMGR32.dll
0x75b90000 - 0x75ba2000 	C:\Windows\system32\DEVOBJ.dll
0x73ba0000 - 0x73ba9000 	C:\Windows\system32\HID.DLL
0x75a40000 - 0x75a6e000 	C:\Windows\system32\WINTRUST.dll
0x75920000 - 0x75a40000 	C:\Windows\system32\CRYPT32.dll
0x758c0000 - 0x758cc000 	C:\Windows\system32\MSASN1.dll
0x06350000 - 0x063af000 	D:\Users\Leslie\AppData\Local\Youdao\Dict\5.4.43.3217\TextExtractorImpl32.dll
0x73290000 - 0x732cc000 	C:\Windows\system32\OLEACC.dll
0x6e000000 - 0x6e024000 	C:\Program Files\Java\jdk1.7.0_25\jre\bin\dcpr.dll
0x72d50000 - 0x72e3b000 	C:\Windows\system32\dbghelp.dll
0x75780000 - 0x757cc000 	C:\Windows\system32\apphelp.dll

VM Arguments:
jvm_args: -Dfile.encoding=GBK 
java_command: com.lw.eeg.Main.EEGAnalysis
Launcher Type: SUN_STANDARD

Environment Variables:
JAVA_HOME=C:\Program Files\Java\jdk1.7.0_25
CLASSPATH=.;.;C:\PROGRA~1\JMF21~1.1E\lib\sound.jar;C:\PROGRA~1\JMF21~1.1E\lib\jmf.jar;C:\PROGRA~1\JMF21~1.1E\lib;
PATH=C:/Program Files/Java/jre7/bin/client;C:/Program Files/Java/jre7/bin;C:/Program Files/Java/jre7/lib/i386;C:\Windows\system32;C:\Windows\System32;C:\Program Files\Java\jdk1.7.0_25\bin;D:\Program Files\LaTex\miktex\bin\;E:\dvlTools\adt-bundle-windows-x86-20130522\eclipse;
USERNAME=Leslie
OS=Windows_NT
PROCESSOR_IDENTIFIER=x86 Family 6 Model 58 Stepping 9, GenuineIntel



---------------  S Y S T E M  ---------------

OS: Windows 7 Build 7601 Service Pack 1

CPU:total 4 (2 cores per cpu, 2 threads per core) family 6 model 58 stepping 9, cmov, cx8, fxsr, mmx, sse, sse2, sse3, ssse3, sse4.1, sse4.2, popcnt, avx, ht, tsc, tscinvbit, tscinv

Memory: 4k page, physical 3412076k(1014992k free), swap 6822400k(3153196k free)

vm_info: Java HotSpot(TM) Client VM (23.25-b01) for windows-x86 JRE (1.7.0_25-b16), built on Jun 12 2013 20:29:09 by "java_re" with unknown MS VC++:1600

time: Sat Aug 31 20:37:13 2013
elapsed time: 96 seconds

