#
# A fatal error has been detected by the Java Runtime Environment:
#
#  EXCEPTION_ACCESS_VIOLATION (0xc0000005) at pc=0x52a15ad9, pid=5412, tid=10532
#
# JRE version: 7.0_25-b16
# Java VM: Java HotSpot(TM) Client VM (23.25-b01 mixed mode, sharing windows-x86 )
# Problematic frame:
# V  [jvm.dll+0xa5ad9]
#
# Failed to write core dump. Minidumps are not enabled by default on client versions of Windows
#
# If you would like to submit a bug report, please visit:
#   http://bugreport.sun.com/bugreport/crash.jsp
#

---------------  T H R E A D  ---------------

Current thread (0x03fd8000):  JavaThread "Thread-0" daemon [_thread_in_vm, id=10532, stack(0x03cf0000,0x03d40000)]

siginfo: ExceptionCode=0xc0000005, reading address 0x00000000

Registers:
EAX=0x00000000, EBX=0x00a44501, ECX=0x00000000, EDX=0x00000000
ESP=0x03d3eb2c, EBP=0x03d3eb38, ESI=0x03fd8000, EDI=0x00a445a0
EIP=0x52a15ad9, EFLAGS=0x00010206

Top of Stack: (sp=0x03d3eb2c)
0x03d3eb2c:   03d3ebc0 00000000 00a445a0 03d3eda8
0x03d3eb3c:   042d42a8 03fd8128 00a445a0 00000000
0x03d3eb4c:   03d3eb60 03d3eb80 52a9698f 00000020
0x03d3eb5c:   042d4220 52973d83 03fd8000 3dbb6001
0x03d3eb6c:   00000000 03d3eba4 52973d83 00000020
0x03d3eb7c:   042d420c 00000001 03fd8000 03d3ede0
0x03d3eb8c:   03d3eb7c 03d3eba0 03d3f46c 3dbb6035
0x03d3eb9c:   042d41ee fffffffe 03d3ebb8 52a15dad 

Instructions: (pc=0x52a15ad9)
0x52a15ab9:   8e 09 00 33 f6 eb 02 8b f1 6a 06 56 e8 46 e3 f5
0x52a15ac9:   ff 8b 7d 0c 83 c4 08 b3 01 85 ff 74 3d 8b 45 10
0x52a15ad9:   8b 00 50 32 db e8 3d 8f f7 ff 83 c4 04 85 c0 74
0x52a15ae9:   29 8b 0f 8b 49 04 8b 50 10 83 c1 08 39 44 0a f8 


Register to memory mapping:

EAX=0x00000000 is an unknown value
EBX=0x00a44501 is an unknown value
ECX=0x00000000 is an unknown value
EDX=0x00000000 is an unknown value
ESP=0x03d3eb2c is pointing into the stack for thread: 0x03fd8000
EBP=0x03d3eb38 is pointing into the stack for thread: 0x03fd8000
ESI=0x03fd8000 is a thread
EDI=0x00a445a0 is an unknown value


Stack: [0x03cf0000,0x03d40000],  sp=0x03d3eb2c,  free space=314k
Native frames: (J=compiled Java code, j=interpreted, Vv=VM code, C=native code)
V  [jvm.dll+0xa5ad9]
C  0x042d42a8
C  0x042d4d2e
J  com.sun.jna.Function.invokeInt(I[Ljava/lang/Object;)I
J  com.sun.jna.Function.invoke([Ljava/lang/Object;Ljava/lang/Class;Z)Ljava/lang/Object;
V  [jvm.dll+0x124afa]
V  [jvm.dll+0x1d224e]
V  [jvm.dll+0x124caf]
V  [jvm.dll+0x124d17]
V  [jvm.dll+0xcf06f]
V  [jvm.dll+0x144447]
V  [jvm.dll+0x1445b0]
V  [jvm.dll+0x177bb9]
C  [msvcr100.dll+0x5c6de]  endthreadex+0x3a
C  [msvcr100.dll+0x5c788]  endthreadex+0xe4
C  [kernel32.dll+0x4ed6c]  BaseThreadInitThunk+0x12
C  [ntdll.dll+0x637eb]  RtlInitializeExceptionChain+0xef
C  [ntdll.dll+0x637be]  RtlInitializeExceptionChain+0xc2

Java frames: (J=compiled Java code, j=interpreted, Vv=VM code)
J  com.sun.jna.Function.invokeInt(I[Ljava/lang/Object;)I
J  com.sun.jna.Function.invoke([Ljava/lang/Object;Ljava/lang/Class;Z)Ljava/lang/Object;
J  com.sun.jna.Function.invoke(Ljava/lang/Class;[Ljava/lang/Object;Ljava/util/Map;)Ljava/lang/Object;
J  com.sun.jna.Library$Handler.invoke(Ljava/lang/Object;Ljava/lang/reflect/Method;[Ljava/lang/Object;)Ljava/lang/Object;
J  com.sun.proxy.$Proxy0.EE_EngineGetNextEvent(Lcom/sun/jna/Pointer;)I
J  com.lw.eeg.EEGLog.EEGLog$Thread_EEG.run()V
v  ~StubRoutines::call_stub

---------------  P R O C E S S  ---------------

Java Threads: ( => current thread )
  0x008eb400 JavaThread "DestroyJavaVM" [_thread_blocked, id=13976, stack(0x00920000,0x00970000)]
=>0x03fd8000 JavaThread "Thread-0" daemon [_thread_in_vm, id=10532, stack(0x03cf0000,0x03d40000)]
  0x00a53c00 JavaThread "Service Thread" daemon [_thread_blocked, id=5116, stack(0x03f50000,0x03fa0000)]
  0x00a49c00 JavaThread "C1 CompilerThread0" daemon [_thread_blocked, id=9676, stack(0x03ee0000,0x03f30000)]
  0x00a48c00 JavaThread "Attach Listener" daemon [_thread_blocked, id=13868, stack(0x03da0000,0x03df0000)]
  0x00a6f800 JavaThread "Signal Dispatcher" daemon [_thread_blocked, id=10724, stack(0x03d50000,0x03da0000)]
  0x00a27400 JavaThread "Finalizer" daemon [_thread_blocked, id=5288, stack(0x03e90000,0x03ee0000)]
  0x00a22800 JavaThread "Reference Handler" daemon [_thread_blocked, id=10600, stack(0x01c50000,0x01ca0000)]

Other Threads:
  0x00a21400 VMThread [stack: 0x03e10000,0x03e60000] [id=5612]
  0x00a56800 WatcherThread [stack: 0x04220000,0x04270000] [id=11788]

VM state:not at safepoint (normal execution)

VM Mutex/Monitor currently owned by a thread: None

Heap
 def new generation   total 78656K, used 70870K [0x23cf0000, 0x29240000, 0x29240000)
  eden space 69952K, 100% used [0x23cf0000, 0x28140000, 0x28140000)
  from space 8704K,  10% used [0x289c0000, 0x28aa5b88, 0x29240000)
  to   space 8704K,   0% used [0x28140000, 0x28140000, 0x289c0000)
 tenured generation   total 174784K, used 174784K [0x29240000, 0x33cf0000, 0x33cf0000)
   the space 174784K, 100% used [0x29240000, 0x33cf0000, 0x33cf0000, 0x33cf0000)
 compacting perm gen  total 12288K, used 1565K [0x33cf0000, 0x348f0000, 0x37cf0000)
   the space 12288K,  12% used [0x33cf0000, 0x33e777f8, 0x33e77800, 0x348f0000)
    ro space 10240K,  45% used [0x37cf0000, 0x38179b28, 0x38179c00, 0x386f0000)
    rw space 12288K,  54% used [0x386f0000, 0x38d7d0e8, 0x38d7d200, 0x392f0000)

Card table byte_map: [0x01b80000,0x01c30000] byte_map_base: 0x01a61880

Polling page: 0x00270000

Code Cache  [0x01cf0000, 0x01e40000, 0x03cf0000)
 total_blobs=412 nmethods=243 adapters=104 free_code_cache=31437Kb largest_free_block=32192128

Compilation events (10 events):
Event: 27.943 Thread 0x00a49c00  232             java.util.ArrayList::elementData (7 bytes)
Event: 27.943 Thread 0x00a49c00 nmethod 232 0x01e36a88 code [0x01e36b80, 0x01e36c20]
Event: 27.943 Thread 0x00a49c00  233             java.util.ArrayList::get (11 bytes)
Event: 27.943 Thread 0x00a49c00 nmethod 233 0x01e36cc8 code [0x01e36de0, 0x01e36f28]
Event: 27.944 Thread 0x00a49c00  234  s!         sun.misc.URLClassPath::getLoader (154 bytes)
Event: 27.945 Thread 0x00a49c00 nmethod 234 0x01e370c8 code [0x01e37310, 0x01e383d0]
Event: 27.958 Thread 0x00a49c00  235   !         java.net.URL::<init> (543 bytes)
Event: 27.961 Thread 0x00a49c00 nmethod 235 0x01e394c8 code [0x01e397e0, 0x01e3a654]
Event: 27.961 Thread 0x00a49c00  236             java.util.zip.ZStreamRef::address (5 bytes)
Event: 27.961 Thread 0x00a49c00 nmethod 236 0x01e3c6c8 code [0x01e3c7c0, 0x01e3c840]

GC Heap History (10 events):
Event: 26.218 GC heap before
{Heap before GC invocations=79 (full 54):
 def new generation   total 78656K, used 78655K [0x23cf0000, 0x29240000, 0x29240000)
  eden space 69952K, 100% used [0x23cf0000, 0x28140000, 0x28140000)
  from space 8704K,  99% used [0x289c0000, 0x2923fff8, 0x29240000)
  to   space 8704K,   0% used [0x28140000, 0x28140000, 0x289c0000)
 tenured generation   total 174784K, used 174784K [0x29240000, 0x33cf0000, 0x33cf0000)
   the space 174784K, 100% used [0x29240000, 0x33cf0000, 0x33cf0000, 0x33cf0000)
 compacting perm gen  total 12288K, used 975K [0x33cf0000, 0x348f0000, 0x37cf0000)
   the space 12288K,   7% used [0x33cf0000, 0x33de3cc0, 0x33de3e00, 0x348f0000)
    ro space 10240K,  45% used [0x37cf0000, 0x38179b28, 0x38179c00, 0x386f0000)
    rw space 12288K,  54% used [0x386f0000, 0x38d7d0e8, 0x38d7d200, 0x392f0000)
Event: 26.486 GC heap after
Heap after GC invocations=80 (full 55):
 def new generation   total 78656K, used 46655K [0x23cf0000, 0x29240000, 0x29240000)
  eden space 69952K,  66% used [0x23cf0000, 0x26a7fd88, 0x28140000)
  from space 8704K,   0% used [0x289c0000, 0x289c0000, 0x29240000)
  to   space 8704K,   0% used [0x28140000, 0x28140000, 0x289c0000)
 tenured generation   total 174784K, used 174784K [0x29240000, 0x33cf0000, 0x33cf0000)
   the space 174784K, 100% used [0x29240000, 0x33cf0000, 0x33cf0000, 0x33cf0000)
 compacting perm gen  total 12288K, used 975K [0x33cf0000, 0x348f0000, 0x37cf0000)
   the space 12288K,   7% used [0x33cf0000, 0x33de3cc0, 0x33de3e00, 0x348f0000)
    ro space 10240K,  45% used [0x37cf0000, 0x38179b28, 0x38179c00, 0x386f0000)
    rw space 12288K,  54% used [0x386f0000, 0x38d7d0e8, 0x38d7d200, 0x392f0000)
}
Event: 26.627 GC heap before
{Heap before GC invocations=80 (full 55):
 def new generation   total 78656K, used 78655K [0x23cf0000, 0x29240000, 0x29240000)
  eden space 69952K, 100% used [0x23cf0000, 0x28140000, 0x28140000)
  from space 8704K,  99% used [0x289c0000, 0x2923ffd8, 0x29240000)
  to   space 8704K,   0% used [0x28140000, 0x28140000, 0x289c0000)
 tenured generation   total 174784K, used 174784K [0x29240000, 0x33cf0000, 0x33cf0000)
   the space 174784K, 100% used [0x29240000, 0x33cf0000, 0x33cf0000, 0x33cf0000)
 compacting perm gen  total 12288K, used 975K [0x33cf0000, 0x348f0000, 0x37cf0000)
   the space 12288K,   7% used [0x33cf0000, 0x33de3cc0, 0x33de3e00, 0x348f0000)
    ro space 10240K,  45% used [0x37cf0000, 0x38179b28, 0x38179c00, 0x386f0000)
    rw space 12288K,  54% used [0x386f0000, 0x38d7d0e8, 0x38d7d200, 0x392f0000)
Event: 26.928 GC heap after
Heap after GC invocations=81 (full 56):
 def new generation   total 78656K, used 46655K [0x23cf0000, 0x29240000, 0x29240000)
  eden space 69952K,  66% used [0x23cf0000, 0x26a7fd00, 0x28140000)
  from space 8704K,   0% used [0x289c0000, 0x289c0000, 0x29240000)
  to   space 8704K,   0% used [0x28140000, 0x28140000, 0x289c0000)
 tenured generation   total 174784K, used 174783K [0x29240000, 0x33cf0000, 0x33cf0000)
   the space 174784K,  99% used [0x29240000, 0x33ceffb8, 0x33cf0000, 0x33cf0000)
 compacting perm gen  total 12288K, used 975K [0x33cf0000, 0x348f0000, 0x37cf0000)
   the space 12288K,   7% used [0x33cf0000, 0x33de3cc0, 0x33de3e00, 0x348f0000)
    ro space 10240K,  45% used [0x37cf0000, 0x38179b28, 0x38179c00, 0x386f0000)
    rw space 12288K,  54% used [0x386f0000, 0x38d7d0e8, 0x38d7d200, 0x392f0000)
}
Event: 26.928 GC heap before
{Heap before GC invocations=81 (full 56):
 def new generation   total 78656K, used 69952K [0x23cf0000, 0x29240000, 0x29240000)
  eden space 69952K, 100% used [0x23cf0000, 0x28140000, 0x28140000)
  from space 8704K,   0% used [0x289c0000, 0x289c0000, 0x29240000)
  to   space 8704K,   0% used [0x28140000, 0x28140000, 0x289c0000)
 tenured generation   total 174784K, used 174783K [0x29240000, 0x33cf0000, 0x33cf0000)
   the space 174784K,  99% used [0x29240000, 0x33ceffb8, 0x33cf0000, 0x33cf0000)
 compacting perm gen  total 12288K, used 975K [0x33cf0000, 0x348f0000, 0x37cf0000)
   the space 12288K,   7% used [0x33cf0000, 0x33de3cc0, 0x33de3e00, 0x348f0000)
    ro space 10240K,  45% used [0x37cf0000, 0x38179b28, 0x38179c00, 0x386f0000)
    rw space 12288K,  54% used [0x386f0000, 0x38d7d0e8, 0x38d7d200, 0x392f0000)
Event: 27.188 GC heap after
Heap after GC invocations=82 (full 57):
 def new generation   total 78656K, used 46655K [0x23cf0000, 0x29240000, 0x29240000)
  eden space 69952K,  66% used [0x23cf0000, 0x26a7fda8, 0x28140000)
  from space 8704K,   0% used [0x289c0000, 0x289c0000, 0x29240000)
  to   space 8704K,   0% used [0x28140000, 0x28140000, 0x289c0000)
 tenured generation   total 174784K, used 174783K [0x29240000, 0x33cf0000, 0x33cf0000)
   the space 174784K,  99% used [0x29240000, 0x33ceffb8, 0x33cf0000, 0x33cf0000)
 compacting perm gen  total 12288K, used 975K [0x33cf0000, 0x348f0000, 0x37cf0000)
   the space 12288K,   7% used [0x33cf0000, 0x33de3cc0, 0x33de3e00, 0x348f0000)
    ro space 10240K,  45% used [0x37cf0000, 0x38179b28, 0x38179c00, 0x386f0000)
    rw space 12288K,  54% used [0x386f0000, 0x38d7d0e8, 0x38d7d200, 0x392f0000)
}
Event: 27.188 GC heap before
{Heap before GC invocations=82 (full 57):
 def new generation   total 78656K, used 46655K [0x23cf0000, 0x29240000, 0x29240000)
  eden space 69952K,  66% used [0x23cf0000, 0x26a7fda8, 0x28140000)
  from space 8704K,   0% used [0x289c0000, 0x289c0000, 0x29240000)
  to   space 8704K,   0% used [0x28140000, 0x28140000, 0x289c0000)
 tenured generation   total 174784K, used 174783K [0x29240000, 0x33cf0000, 0x33cf0000)
   the space 174784K,  99% used [0x29240000, 0x33ceffb8, 0x33cf0000, 0x33cf0000)
 compacting perm gen  total 12288K, used 975K [0x33cf0000, 0x348f0000, 0x37cf0000)
   the space 12288K,   7% used [0x33cf0000, 0x33de3cc0, 0x33de3e00, 0x348f0000)
    ro space 10240K,  45% used [0x37cf0000, 0x38179b28, 0x38179c00, 0x386f0000)
    rw space 12288K,  54% used [0x386f0000, 0x38d7d0e8, 0x38d7d200, 0x392f0000)
Event: 27.445 GC heap after
Heap after GC invocations=83 (full 58):
 def new generation   total 78656K, used 46655K [0x23cf0000, 0x29240000, 0x29240000)
  eden space 69952K,  66% used [0x23cf0000, 0x26a7fda8, 0x28140000)
  from space 8704K,   0% used [0x289c0000, 0x289c0000, 0x29240000)
  to   space 8704K,   0% used [0x28140000, 0x28140000, 0x289c0000)
 tenured generation   total 174784K, used 174783K [0x29240000, 0x33cf0000, 0x33cf0000)
   the space 174784K,  99% used [0x29240000, 0x33ceffb8, 0x33cf0000, 0x33cf0000)
 compacting perm gen  total 12288K, used 975K [0x33cf0000, 0x348f0000, 0x37cf0000)
   the space 12288K,   7% used [0x33cf0000, 0x33de3cc0, 0x33de3e00, 0x348f0000)
    ro space 10240K,  45% used [0x37cf0000, 0x38179b28, 0x38179c00, 0x386f0000)
    rw space 12288K,  54% used [0x386f0000, 0x38d7d0e8, 0x38d7d200, 0x392f0000)
}
Event: 27.581 GC heap before
{Heap before GC invocations=83 (full 58):
 def new generation   total 78656K, used 78656K [0x23cf0000, 0x29240000, 0x29240000)
  eden space 69952K, 100% used [0x23cf0000, 0x28140000, 0x28140000)
  from space 8704K, 100% used [0x289c0000, 0x29240000, 0x29240000)
  to   space 8704K,   0% used [0x28140000, 0x28140000, 0x289c0000)
 tenured generation   total 174784K, used 174784K [0x29240000, 0x33cf0000, 0x33cf0000)
   the space 174784K, 100% used [0x29240000, 0x33cf0000, 0x33cf0000, 0x33cf0000)
 compacting perm gen  total 12288K, used 975K [0x33cf0000, 0x348f0000, 0x37cf0000)
   the space 12288K,   7% used [0x33cf0000, 0x33de3cc0, 0x33de3e00, 0x348f0000)
    ro space 10240K,  45% used [0x37cf0000, 0x38179b28, 0x38179c00, 0x386f0000)
    rw space 12288K,  54% used [0x386f0000, 0x38d7d0e8, 0x38d7d200, 0x392f0000)
Event: 27.875 GC heap after
Heap after GC invocations=84 (full 59):
 def new generation   total 78656K, used 46655K [0x23cf0000, 0x29240000, 0x29240000)
  eden space 69952K,  66% used [0x23cf0000, 0x26a7fd70, 0x28140000)
  from space 8704K,   0% used [0x289c0000, 0x289c0000, 0x29240000)
  to   space 8704K,   0% used [0x28140000, 0x28140000, 0x289c0000)
 tenured generation   total 174784K, used 174784K [0x29240000, 0x33cf0000, 0x33cf0000)
   the space 174784K, 100% used [0x29240000, 0x33cf0000, 0x33cf0000, 0x33cf0000)
 compacting perm gen  total 12288K, used 975K [0x33cf0000, 0x348f0000, 0x37cf0000)
   the space 12288K,   7% used [0x33cf0000, 0x33de3cc0, 0x33de3e00, 0x348f0000)
    ro space 10240K,  45% used [0x37cf0000, 0x38179b28, 0x38179c00, 0x386f0000)
    rw space 12288K,  54% used [0x386f0000, 0x38d7d0e8, 0x38d7d200, 0x392f0000)
}

Deoptimization events (0 events):
No events

Internal exceptions (10 events):
Event: 27.956 Thread 0x008eb400 Threw 0x274e6318 at C:\jdk7u2_32P\jdk7u25\hotspot\src\share\vm\prims\jvm.cpp:1235
Event: 27.957 Thread 0x008eb400 Threw 0x274e8cc8 at C:\jdk7u2_32P\jdk7u25\hotspot\src\share\vm\prims\jvm.cpp:1235
Event: 27.957 Thread 0x008eb400 Threw 0x274f9a38 at C:\jdk7u2_32P\jdk7u25\hotspot\src\share\vm\prims\jvm.cpp:1235
Event: 27.958 Thread 0x008eb400 Threw 0x274fc090 at C:\jdk7u2_32P\jdk7u25\hotspot\src\share\vm\prims\jvm.cpp:1235
Event: 27.958 Thread 0x008eb400 Threw 0x274feaa0 at C:\jdk7u2_32P\jdk7u25\hotspot\src\share\vm\prims\jvm.cpp:1235
Event: 27.958 Thread 0x008eb400 Threw 0x275012b8 at C:\jdk7u2_32P\jdk7u25\hotspot\src\share\vm\prims\jvm.cpp:1235
Event: 27.959 Thread 0x008eb400 Threw 0x275070f0 at C:\jdk7u2_32P\jdk7u25\hotspot\src\share\vm\prims\jvm.cpp:1235
Event: 27.960 Thread 0x008eb400 Threw 0x27514410 at C:\jdk7u2_32P\jdk7u25\hotspot\src\share\vm\prims\jvm.cpp:1235
Event: 27.961 Thread 0x008eb400 Threw 0x27519770 at C:\jdk7u2_32P\jdk7u25\hotspot\src\share\vm\prims\jvm.cpp:1235
Event: 27.962 Thread 0x008eb400 Threw 0x2751df98 at C:\jdk7u2_32P\jdk7u25\hotspot\src\share\vm\prims\jvm.cpp:1235

Events (10 events):
Event: 27.961 Executing VM operation: Deoptimize done
Event: 27.961 loading class 0x03fda068
Event: 27.961 loading class 0x03fda068 done
Event: 27.962 loading class 0x05569488
Event: 27.962 loading class 0x05569488 done
Event: 27.963 Thread 0x008eb400 Thread exited: 0x008eb400
Event: 27.963 Thread 0x008eb400 Thread added: 0x008eb400
Event: 27.963 Thread 0x0556a400 Thread added: 0x0556a400
Event: 27.964 loading class 0x39312800
Event: 27.964 loading class 0x39312800 done


Dynamic libraries:
0x00ad0000 - 0x00aff000 	C:\Program Files\Java\jdk1.7.0_25\bin\javaw.exe
0x772c0000 - 0x773fc000 	C:\Windows\SYSTEM32\ntdll.dll
0x76fb0000 - 0x77084000 	C:\Windows\system32\kernel32.dll
0x755e0000 - 0x7562b000 	C:\Windows\system32\KERNELBASE.dll
0x77220000 - 0x772c0000 	C:\Windows\system32\ADVAPI32.dll
0x76d40000 - 0x76dec000 	C:\Windows\system32\msvcrt.dll
0x77160000 - 0x77179000 	C:\Windows\SYSTEM32\sechost.dll
0x76c90000 - 0x76d32000 	C:\Windows\system32\RPCRT4.dll
0x77410000 - 0x774d9000 	C:\Windows\system32\USER32.dll
0x75eb0000 - 0x75efe000 	C:\Windows\system32\GDI32.dll
0x774e0000 - 0x774ea000 	C:\Windows\system32\LPK.dll
0x75db0000 - 0x75e4d000 	C:\Windows\system32\USP10.dll
0x746a0000 - 0x7483e000 	C:\Windows\WinSxS\x86_microsoft.windows.common-controls_6595b64144ccf1df_6.0.7601.17514_none_41e6975e2bd6f2b2\COMCTL32.dll
0x77180000 - 0x771d7000 	C:\Windows\system32\SHLWAPI.dll
0x75660000 - 0x7567f000 	C:\Windows\system32\IMM32.DLL
0x77090000 - 0x7715c000 	C:\Windows\system32\MSCTF.dll
0x661d0000 - 0x6628e000 	C:\Program Files\Java\jdk1.7.0_25\jre\bin\msvcr100.dll
0x52970000 - 0x52cb2000 	C:\Program Files\Java\jdk1.7.0_25\jre\bin\client\jvm.dll
0x73210000 - 0x73217000 	C:\Windows\system32\WSOCK32.dll
0x771e0000 - 0x77215000 	C:\Windows\system32\WS2_32.dll
0x75f00000 - 0x75f06000 	C:\Windows\system32\NSI.dll
0x73180000 - 0x731b2000 	C:\Windows\system32\WINMM.dll
0x75960000 - 0x75965000 	C:\Windows\system32\PSAPI.DLL
0x721f0000 - 0x721fc000 	C:\Program Files\Java\jdk1.7.0_25\jre\bin\verify.dll
0x6d920000 - 0x6d940000 	C:\Program Files\Java\jdk1.7.0_25\jre\bin\java.dll
0x6d900000 - 0x6d913000 	C:\Program Files\Java\jdk1.7.0_25\jre\bin\zip.dll
0x74db0000 - 0x74dc6000 	C:\Windows\system32\CRYPTSP.dll
0x74b50000 - 0x74b8b000 	C:\Windows\system32\rsaenh.dll
0x74280000 - 0x74297000 	C:\Windows\system32\USERENV.dll
0x75300000 - 0x7530b000 	C:\Windows\system32\profapi.dll
0x75280000 - 0x7528c000 	C:\Windows\system32\CRYPTBASE.dll
0x6d8e0000 - 0x6d8f4000 	C:\Program Files\Java\jdk1.7.0_25\jre\bin\net.dll
0x74d70000 - 0x74dac000 	C:\Windows\system32\mswsock.dll
0x74d60000 - 0x74d66000 	C:\Windows\System32\wship6.dll
0x73550000 - 0x73560000 	C:\Windows\system32\NLAapi.dll
0x71e00000 - 0x71e10000 	C:\Windows\system32\napinsp.dll
0x71de0000 - 0x71df2000 	C:\Windows\system32\pnrpnsp.dll
0x74c30000 - 0x74c74000 	C:\Windows\system32\DNSAPI.dll
0x71d30000 - 0x71d38000 	C:\Windows\System32\winrnr.dll
0x71d20000 - 0x71d2d000 	C:\Windows\system32\wshbth.dll
0x71cb0000 - 0x71cd7000 	C:\Program Files\Common Files\Microsoft Shared\Windows Live\WLIDNSP.DLL
0x71c60000 - 0x71c81000 	C:\Program Files\Bonjour\mdnsNSP.dll
0x73fe0000 - 0x73ffc000 	C:\Windows\system32\Iphlpapi.DLL
0x73fd0000 - 0x73fd7000 	C:\Windows\system32\WINNSI.DLL
0x10000000 - 0x10017000 	C:\Program Files\Common Files\Thunder Network\NetMon\net_monitor2.0.2.9.dll
0x75f10000 - 0x76b5a000 	C:\Windows\system32\SHELL32.dll
0x75c50000 - 0x75dac000 	C:\Windows\system32\ole32.dll
0x7c3a0000 - 0x7c41b000 	C:\Windows\system32\MSVCP71.dll
0x7c340000 - 0x7c396000 	C:\Windows\system32\MSVCR71.dll
0x74410000 - 0x74419000 	C:\Windows\system32\VERSION.dll
0x73ed0000 - 0x73ed6000 	C:\Windows\System32\wshqos.dll
0x73ec0000 - 0x73ec5000 	C:\Windows\system32\wshtcpip.DLL
0x71950000 - 0x71956000 	C:\Windows\system32\rasadhlp.dll
0x72a50000 - 0x72a88000 	C:\Windows\System32\fwpuclnt.dll
0x6e800000 - 0x6e80f000 	C:\Program Files\Java\jdk1.7.0_25\jre\bin\nio.dll
0x5d9b0000 - 0x5dbcf000 	E:\workspace\android\MSCPROJECT\EEGAnalysis\edk.dll
0x52e10000 - 0x53002000 	E:\workspace\android\MSCPROJECT\EEGAnalysis\edk_utils.dll
0x6f730000 - 0x6f799000 	C:\Windows\system32\MSVCP100.dll
0x759a0000 - 0x75b3d000 	C:\Windows\system32\SETUPAPI.dll
0x755b0000 - 0x755d7000 	C:\Windows\system32\CFGMGR32.dll
0x75bc0000 - 0x75c4f000 	C:\Windows\system32\OLEAUT32.dll
0x75410000 - 0x75422000 	C:\Windows\system32\DEVOBJ.dll
0x73660000 - 0x73669000 	C:\Windows\system32\HID.DLL
0x737a0000 - 0x737e0000 	C:\Windows\system32\uxtheme.dll
0x70840000 - 0x708df000 	C:\ProgramData\Tencent\TSVulFw\TSVulFW.DAT
0x75630000 - 0x7565e000 	C:\Windows\system32\WINTRUST.dll
0x75440000 - 0x75560000 	C:\Windows\system32\CRYPT32.dll
0x75370000 - 0x7537c000 	C:\Windows\system32\MSASN1.dll
0x73230000 - 0x7331b000 	C:\Windows\system32\dbghelp.dll

VM Arguments:
jvm_args: -Dfile.encoding=GBK 
java_command: com.lw.eeg.Main.EEGAnalysis
Launcher Type: SUN_STANDARD

Environment Variables:
JAVA_HOME=C:\Program Files\Java\jdk1.7.0_25
CLASSPATH=.;C:\Program Files\Java\jdk1.7.0_25\lib
PATH=C:/Program Files/Java/jre7/bin/client;C:/Program Files/Java/jre7/bin;C:/Program Files/Java/jre7/lib/i386;C:\Windows\system32;C:\Windows\System32;C:\Program Files\Java\jdk1.7.0_25\bin;E:\dvlTools\adt-bundle-windows-x86-20130522\eclipse;
USERNAME=Leslie
OS=Windows_NT
PROCESSOR_IDENTIFIER=x86 Family 6 Model 58 Stepping 9, GenuineIntel



---------------  S Y S T E M  ---------------

OS: Windows 7 Build 7601 Service Pack 1

CPU:total 4 (2 cores per cpu, 2 threads per core) family 6 model 58 stepping 9, cmov, cx8, fxsr, mmx, sse, sse2, sse3, ssse3, sse4.1, sse4.2, popcnt, avx, ht, tsc, tscinvbit, tscinv

Memory: 4k page, physical 3412076k(846616k free), swap 6822400k(2647840k free)

vm_info: Java HotSpot(TM) Client VM (23.25-b01) for windows-x86 JRE (1.7.0_25-b16), built on Jun 12 2013 20:29:09 by "java_re" with unknown MS VC++:1600

time: Wed Aug 21 13:40:04 2013
elapsed time: 27 seconds

