#
# A fatal error has been detected by the Java Runtime Environment:
#
#  EXCEPTION_ACCESS_VIOLATION (0xc0000005) at pc=0x65605ad9, pid=14092, tid=18440
#
# JRE version: 7.0_25-b16
# Java VM: Java HotSpot(TM) Client VM (23.25-b01 mixed mode, sharing windows-x86 )
# Problematic frame:
# V  [jvm.dll+0xa5ad9]
#
# Failed to write core dump. Minidumps are not enabled by default on client versions of Windows
#
# If you would like to submit a bug report, please visit:
#   http://bugreport.sun.com/bugreport/crash.jsp
#

---------------  T H R E A D  ---------------

Current thread (0x04179800):  JavaThread "Thread-2" daemon [_thread_in_vm, id=18440, stack(0x058c0000,0x05910000)]

siginfo: ExceptionCode=0xc0000005, reading address 0x00000000

Registers:
EAX=0x00000000, EBX=0x04127101, ECX=0x00000000, EDX=0x00000000
ESP=0x0590effc, EBP=0x0590f008, ESI=0x04179800, EDI=0x04127168
EIP=0x65605ad9, EFLAGS=0x00010202

Top of Stack: (sp=0x0590effc)
0x0590effc:   0590f0a0 00000000 04127168 0590f288
0x0590f00c:   058442a8 04179928 04127168 00000000
0x0590f01c:   0590f030 0590f050 0590f098 00000020
0x0590f02c:   05844220 0590f0a0 0590f0a8 00000020
0x0590f03c:   0590f070 65563d83 04179800 00000020
0x0590f04c:   0584420c 0590f084 65563d83 04179800
0x0590f05c:   d397315d 00000002 04179800 0590f2c0
0x0590f06c:   0590f05c 0590f080 0590f99c d397315d 

Instructions: (pc=0x65605ad9)
0x65605ab9:   8e 09 00 33 f6 eb 02 8b f1 6a 06 56 e8 46 e3 f5
0x65605ac9:   ff 8b 7d 0c 83 c4 08 b3 01 85 ff 74 3d 8b 45 10
0x65605ad9:   8b 00 50 32 db e8 3d 8f f7 ff 83 c4 04 85 c0 74
0x65605ae9:   29 8b 0f 8b 49 04 8b 50 10 83 c1 08 39 44 0a f8 


Register to memory mapping:

EAX=0x00000000 is an unknown value
EBX=0x04127101 is an unknown value
ECX=0x00000000 is an unknown value
EDX=0x00000000 is an unknown value
ESP=0x0590effc is pointing into the stack for thread: 0x04179800
EBP=0x0590f008 is pointing into the stack for thread: 0x04179800
ESI=0x04179800 is a thread
EDI=0x04127168 is an unknown value


Stack: [0x058c0000,0x05910000],  sp=0x0590effc,  free space=315k
Native frames: (J=compiled Java code, j=interpreted, Vv=VM code, C=native code)
V  [jvm.dll+0xa5ad9]
C  [jna2336605651797212911.dll+0x42a8]  Java_com_sun_jna_Pointer__1getString+0x778
C  [jna2336605651797212911.dll+0x4d2e]  Java_com_sun_jna_Function_invokeInt+0x2e
J  com.sun.jna.Function.invokeInt(I[Ljava/lang/Object;)I
J  com.sun.jna.Function.invoke([Ljava/lang/Object;Ljava/lang/Class;Z)Ljava/lang/Object;
V  [jvm.dll+0x124afa]
V  [jvm.dll+0x1d224e]
V  [jvm.dll+0x124caf]
V  [jvm.dll+0x124d17]
V  [jvm.dll+0xcf06f]
V  [jvm.dll+0x144447]
V  [jvm.dll+0x1445b0]
V  [jvm.dll+0x177bb9]
C  [msvcr100.dll+0x5c6de]  endthreadex+0x3a
C  [msvcr100.dll+0x5c788]  endthreadex+0xe4
C  [kernel32.dll+0x4ed6c]  BaseThreadInitThunk+0x12
C  [ntdll.dll+0x637eb]  RtlInitializeExceptionChain+0xef
C  [ntdll.dll+0x637be]  RtlInitializeExceptionChain+0xc2

Java frames: (J=compiled Java code, j=interpreted, Vv=VM code)
J  com.sun.jna.Function.invokeInt(I[Ljava/lang/Object;)I
J  com.sun.jna.Function.invoke([Ljava/lang/Object;Ljava/lang/Class;Z)Ljava/lang/Object;
J  com.sun.jna.Function.invoke(Ljava/lang/Class;[Ljava/lang/Object;Ljava/util/Map;)Ljava/lang/Object;
J  com.sun.jna.Library$Handler.invoke(Ljava/lang/Object;Ljava/lang/reflect/Method;[Ljava/lang/Object;)Ljava/lang/Object;
J  com.sun.proxy.$Proxy0.EE_EmoEngineEventGetEmoState(Lcom/sun/jna/Pointer;Lcom/sun/jna/Pointer;)I
J  com.lw.eeg.EEGLog.EEGLog$Thread_EEG.run()V
v  ~StubRoutines::call_stub

---------------  P R O C E S S  ---------------

Java Threads: ( => current thread )
  0x0529dc00 JavaThread "Thread-0" daemon [_thread_in_native, id=18620, stack(0x06b50000,0x06ba0000)]
=>0x04179800 JavaThread "Thread-2" daemon [_thread_in_vm, id=18440, stack(0x058c0000,0x05910000)]
  0x04176000 JavaThread "TimerQueue" daemon [_thread_blocked, id=18736, stack(0x06350000,0x063a0000)]
  0x01bab800 JavaThread "DestroyJavaVM" [_thread_blocked, id=17920, stack(0x00280000,0x002d0000)]
  0x040d6c00 JavaThread "AWT-EventQueue-0" [_thread_blocked, id=18420, stack(0x04c70000,0x04cc0000)]
  0x040cdc00 JavaThread "AWT-Shutdown" [_thread_blocked, id=19396, stack(0x04400000,0x04450000)]
  0x040cb000 JavaThread "Java2D Disposer" daemon [_thread_blocked, id=19496, stack(0x04230000,0x04280000)]
  0x01c8fc00 JavaThread "Service Thread" daemon [_thread_blocked, id=19604, stack(0x03f60000,0x03fb0000)]
  0x01c8b400 JavaThread "C1 CompilerThread0" daemon [_thread_blocked, id=19200, stack(0x03d30000,0x03d80000)]
  0x01c89c00 JavaThread "Attach Listener" daemon [_thread_blocked, id=19808, stack(0x03f00000,0x03f50000)]
  0x01c87000 JavaThread "Signal Dispatcher" daemon [_thread_blocked, id=17488, stack(0x03fc0000,0x04010000)]
  0x01c64400 JavaThread "Finalizer" daemon [_thread_blocked, id=3664, stack(0x03d80000,0x03dd0000)]
  0x01c62c00 JavaThread "Reference Handler" daemon [_thread_blocked, id=19532, stack(0x03cd0000,0x03d20000)]

Other Threads:
  0x01c61400 VMThread [stack: 0x03e20000,0x03e70000] [id=20328]
  0x04020c00 WatcherThread [stack: 0x042c0000,0x04310000] [id=19352]

VM state:not at safepoint (normal execution)

VM Mutex/Monitor currently owned by a thread: None

Heap
 def new generation   total 7808K, used 5402K [0x23cf0000, 0x24560000, 0x29240000)
  eden space 6976K,  74% used [0x23cf0000, 0x24209c58, 0x243c0000)
  from space 832K,  21% used [0x24490000, 0x244bcea0, 0x24560000)
  to   space 832K,   0% used [0x243c0000, 0x243c0000, 0x24490000)
 tenured generation   total 17152K, used 10845K [0x29240000, 0x2a300000, 0x33cf0000)
   the space 17152K,  63% used [0x29240000, 0x29cd7738, 0x29cd7800, 0x2a300000)
 compacting perm gen  total 12288K, used 3152K [0x33cf0000, 0x348f0000, 0x37cf0000)
   the space 12288K,  25% used [0x33cf0000, 0x34004090, 0x34004200, 0x348f0000)
    ro space 10240K,  45% used [0x37cf0000, 0x38179b28, 0x38179c00, 0x386f0000)
    rw space 12288K,  54% used [0x386f0000, 0x38d7d0e8, 0x38d7d200, 0x392f0000)

Card table byte_map: [0x01a50000,0x01b00000] byte_map_base: 0x01931880

Polling page: 0x00120000

Code Cache  [0x01cb0000, 0x01e68000, 0x03cb0000)
 total_blobs=906 nmethods=654 adapters=187 free_code_cache=31026Kb largest_free_block=31770432

Compilation events (10 events):
Event: 13.067 Thread 0x01c8b400  657             sun.awt.EventQueueItem::<init> (10 bytes)
Event: 13.067 Thread 0x01c8b400 nmethod 657 0x01e629c8 code [0x01e62ac0, 0x01e62b50]
Event: 13.082 Thread 0x01c8b400  658             java.lang.Long::toString (52 bytes)
Event: 13.082 Thread 0x01c8b400 nmethod 658 0x01e62b88 code [0x01e62cb0, 0x01e62eb4]
Event: 13.168 Thread 0x01c8b400  659  s          sun.font.FontManagerFactory::getInstance (25 bytes)
Event: 13.168 Thread 0x01c8b400 nmethod 659 0x01e62fc8 code [0x01e630e0, 0x01e6333c]
Event: 13.236 Thread 0x01c8b400  660             javax.swing.SwingUtilities::getAncestorOfClass (37 bytes)
Event: 13.236 Thread 0x01c8b400 nmethod 660 0x01e633c8 code [0x01e634f0, 0x01e63604]
Event: 13.270 Thread 0x01c8b400  661             java.awt.Color::getRGB (5 bytes)
Event: 13.270 Thread 0x01c8b400 nmethod 661 0x01e63708 code [0x01e63800, 0x01e63880]

GC Heap History (10 events):
Event: 13.107 GC heap before
{Heap before GC invocations=199 (full 1):
 def new generation   total 7808K, used 7171K [0x23cf0000, 0x24560000, 0x29240000)
  eden space 6976K, 100% used [0x23cf0000, 0x243c0000, 0x243c0000)
  from space 832K,  23% used [0x243c0000, 0x243f0da0, 0x24490000)
  to   space 832K,   0% used [0x24490000, 0x24490000, 0x24560000)
 tenured generation   total 17152K, used 10778K [0x29240000, 0x2a300000, 0x33cf0000)
   the space 17152K,  62% used [0x29240000, 0x29cc6bf0, 0x29cc6c00, 0x2a300000)
 compacting perm gen  total 12288K, used 3129K [0x33cf0000, 0x348f0000, 0x37cf0000)
   the space 12288K,  25% used [0x33cf0000, 0x33ffe7a8, 0x33ffe800, 0x348f0000)
    ro space 10240K,  45% used [0x37cf0000, 0x38179b28, 0x38179c00, 0x386f0000)
    rw space 12288K,  54% used [0x386f0000, 0x38d7d0e8, 0x38d7d200, 0x392f0000)
Event: 13.108 GC heap after
Heap after GC invocations=200 (full 1):
 def new generation   total 7808K, used 190K [0x23cf0000, 0x24560000, 0x29240000)
  eden space 6976K,   0% used [0x23cf0000, 0x23cf0000, 0x243c0000)
  from space 832K,  22% used [0x24490000, 0x244bfba0, 0x24560000)
  to   space 832K,   0% used [0x243c0000, 0x243c0000, 0x24490000)
 tenured generation   total 17152K, used 10793K [0x29240000, 0x2a300000, 0x33cf0000)
   the space 17152K,  62% used [0x29240000, 0x29cca7a8, 0x29cca800, 0x2a300000)
 compacting perm gen  total 12288K, used 3129K [0x33cf0000, 0x348f0000, 0x37cf0000)
   the space 12288K,  25% used [0x33cf0000, 0x33ffe7a8, 0x33ffe800, 0x348f0000)
    ro space 10240K,  45% used [0x37cf0000, 0x38179b28, 0x38179c00, 0x386f0000)
    rw space 12288K,  54% used [0x386f0000, 0x38d7d0e8, 0x38d7d200, 0x392f0000)
}
Event: 13.183 GC heap before
{Heap before GC invocations=200 (full 1):
 def new generation   total 7808K, used 7166K [0x23cf0000, 0x24560000, 0x29240000)
  eden space 6976K, 100% used [0x23cf0000, 0x243c0000, 0x243c0000)
  from space 832K,  22% used [0x24490000, 0x244bfba0, 0x24560000)
  to   space 832K,   0% used [0x243c0000, 0x243c0000, 0x24490000)
 tenured generation   total 17152K, used 10793K [0x29240000, 0x2a300000, 0x33cf0000)
   the space 17152K,  62% used [0x29240000, 0x29cca7a8, 0x29cca800, 0x2a300000)
 compacting perm gen  total 12288K, used 3129K [0x33cf0000, 0x348f0000, 0x37cf0000)
   the space 12288K,  25% used [0x33cf0000, 0x33ffe7a8, 0x33ffe800, 0x348f0000)
    ro space 10240K,  45% used [0x37cf0000, 0x38179b28, 0x38179c00, 0x386f0000)
    rw space 12288K,  54% used [0x386f0000, 0x38d7d0e8, 0x38d7d200, 0x392f0000)
Event: 13.184 GC heap after
Heap after GC invocations=201 (full 1):
 def new generation   total 7808K, used 195K [0x23cf0000, 0x24560000, 0x29240000)
  eden space 6976K,   0% used [0x23cf0000, 0x23cf0000, 0x243c0000)
  from space 832K,  23% used [0x243c0000, 0x243f0c10, 0x24490000)
  to   space 832K,   0% used [0x24490000, 0x24490000, 0x24560000)
 tenured generation   total 17152K, used 10804K [0x29240000, 0x2a300000, 0x33cf0000)
   the space 17152K,  62% used [0x29240000, 0x29ccd308, 0x29ccd400, 0x2a300000)
 compacting perm gen  total 12288K, used 3129K [0x33cf0000, 0x348f0000, 0x37cf0000)
   the space 12288K,  25% used [0x33cf0000, 0x33ffe7a8, 0x33ffe800, 0x348f0000)
    ro space 10240K,  45% used [0x37cf0000, 0x38179b28, 0x38179c00, 0x386f0000)
    rw space 12288K,  54% used [0x386f0000, 0x38d7d0e8, 0x38d7d200, 0x392f0000)
}
Event: 13.260 GC heap before
{Heap before GC invocations=201 (full 1):
 def new generation   total 7808K, used 7171K [0x23cf0000, 0x24560000, 0x29240000)
  eden space 6976K, 100% used [0x23cf0000, 0x243c0000, 0x243c0000)
  from space 832K,  23% used [0x243c0000, 0x243f0c10, 0x24490000)
  to   space 832K,   0% used [0x24490000, 0x24490000, 0x24560000)
 tenured generation   total 17152K, used 10804K [0x29240000, 0x2a300000, 0x33cf0000)
   the space 17152K,  62% used [0x29240000, 0x29ccd308, 0x29ccd400, 0x2a300000)
 compacting perm gen  total 12288K, used 3129K [0x33cf0000, 0x348f0000, 0x37cf0000)
   the space 12288K,  25% used [0x33cf0000, 0x33ffe7a8, 0x33ffe800, 0x348f0000)
    ro space 10240K,  45% used [0x37cf0000, 0x38179b28, 0x38179c00, 0x386f0000)
    rw space 12288K,  54% used [0x386f0000, 0x38d7d0e8, 0x38d7d200, 0x392f0000)
Event: 13.261 GC heap after
Heap after GC invocations=202 (full 1):
 def new generation   total 7808K, used 190K [0x23cf0000, 0x24560000, 0x29240000)
  eden space 6976K,   0% used [0x23cf0000, 0x23cf0000, 0x243c0000)
  from space 832K,  22% used [0x24490000, 0x244bf830, 0x24560000)
  to   space 832K,   0% used [0x243c0000, 0x243c0000, 0x24490000)
 tenured generation   total 17152K, used 10820K [0x29240000, 0x2a300000, 0x33cf0000)
   the space 17152K,  63% used [0x29240000, 0x29cd1078, 0x29cd1200, 0x2a300000)
 compacting perm gen  total 12288K, used 3129K [0x33cf0000, 0x348f0000, 0x37cf0000)
   the space 12288K,  25% used [0x33cf0000, 0x33ffe7a8, 0x33ffe800, 0x348f0000)
    ro space 10240K,  45% used [0x37cf0000, 0x38179b28, 0x38179c00, 0x386f0000)
    rw space 12288K,  54% used [0x386f0000, 0x38d7d0e8, 0x38d7d200, 0x392f0000)
}
Event: 13.338 GC heap before
{Heap before GC invocations=202 (full 1):
 def new generation   total 7808K, used 7166K [0x23cf0000, 0x24560000, 0x29240000)
  eden space 6976K, 100% used [0x23cf0000, 0x243c0000, 0x243c0000)
  from space 832K,  22% used [0x24490000, 0x244bf830, 0x24560000)
  to   space 832K,   0% used [0x243c0000, 0x243c0000, 0x24490000)
 tenured generation   total 17152K, used 10820K [0x29240000, 0x2a300000, 0x33cf0000)
   the space 17152K,  63% used [0x29240000, 0x29cd1078, 0x29cd1200, 0x2a300000)
 compacting perm gen  total 12288K, used 3129K [0x33cf0000, 0x348f0000, 0x37cf0000)
   the space 12288K,  25% used [0x33cf0000, 0x33ffe7a8, 0x33ffe800, 0x348f0000)
    ro space 10240K,  45% used [0x37cf0000, 0x38179b28, 0x38179c00, 0x386f0000)
    rw space 12288K,  54% used [0x386f0000, 0x38d7d0e8, 0x38d7d200, 0x392f0000)
Event: 13.338 GC heap after
Heap after GC invocations=203 (full 1):
 def new generation   total 7808K, used 195K [0x23cf0000, 0x24560000, 0x29240000)
  eden space 6976K,   0% used [0x23cf0000, 0x23cf0000, 0x243c0000)
  from space 832K,  23% used [0x243c0000, 0x243f0c40, 0x24490000)
  to   space 832K,   0% used [0x24490000, 0x24490000, 0x24560000)
 tenured generation   total 17152K, used 10830K [0x29240000, 0x2a300000, 0x33cf0000)
   the space 17152K,  63% used [0x29240000, 0x29cd39c8, 0x29cd3a00, 0x2a300000)
 compacting perm gen  total 12288K, used 3129K [0x33cf0000, 0x348f0000, 0x37cf0000)
   the space 12288K,  25% used [0x33cf0000, 0x33ffe7a8, 0x33ffe800, 0x348f0000)
    ro space 10240K,  45% used [0x37cf0000, 0x38179b28, 0x38179c00, 0x386f0000)
    rw space 12288K,  54% used [0x386f0000, 0x38d7d0e8, 0x38d7d200, 0x392f0000)
}
Event: 13.412 GC heap before
{Heap before GC invocations=203 (full 1):
 def new generation   total 7808K, used 7171K [0x23cf0000, 0x24560000, 0x29240000)
  eden space 6976K, 100% used [0x23cf0000, 0x243c0000, 0x243c0000)
  from space 832K,  23% used [0x243c0000, 0x243f0c40, 0x24490000)
  to   space 832K,   0% used [0x24490000, 0x24490000, 0x24560000)
 tenured generation   total 17152K, used 10830K [0x29240000, 0x2a300000, 0x33cf0000)
   the space 17152K,  63% used [0x29240000, 0x29cd39c8, 0x29cd3a00, 0x2a300000)
 compacting perm gen  total 12288K, used 3129K [0x33cf0000, 0x348f0000, 0x37cf0000)
   the space 12288K,  25% used [0x33cf0000, 0x33ffe7a8, 0x33ffe800, 0x348f0000)
    ro space 10240K,  45% used [0x37cf0000, 0x38179b28, 0x38179c00, 0x386f0000)
    rw space 12288K,  54% used [0x386f0000, 0x38d7d0e8, 0x38d7d200, 0x392f0000)
Event: 13.412 GC heap after
Heap after GC invocations=204 (full 1):
 def new generation   total 7808K, used 179K [0x23cf0000, 0x24560000, 0x29240000)
  eden space 6976K,   0% used [0x23cf0000, 0x23cf0000, 0x243c0000)
  from space 832K,  21% used [0x24490000, 0x244bcea0, 0x24560000)
  to   space 832K,   0% used [0x243c0000, 0x243c0000, 0x24490000)
 tenured generation   total 17152K, used 10845K [0x29240000, 0x2a300000, 0x33cf0000)
   the space 17152K,  63% used [0x29240000, 0x29cd7738, 0x29cd7800, 0x2a300000)
 compacting perm gen  total 12288K, used 3129K [0x33cf0000, 0x348f0000, 0x37cf0000)
   the space 12288K,  25% used [0x33cf0000, 0x33ffe7a8, 0x33ffe800, 0x348f0000)
    ro space 10240K,  45% used [0x37cf0000, 0x38179b28, 0x38179c00, 0x386f0000)
    rw space 12288K,  54% used [0x386f0000, 0x38d7d0e8, 0x38d7d200, 0x392f0000)
}

Deoptimization events (0 events):
No events

Internal exceptions (10 events):
Event: 1.977 Thread 0x040d6c00 Threw 0x23ff58f0 at C:\jdk7u2_32P\jdk7u25\hotspot\src\share\vm\prims\jvm.cpp:1235
Event: 1.978 Thread 0x040d6c00 Threw 0x24001538 at C:\jdk7u2_32P\jdk7u25\hotspot\src\share\vm\prims\jvm.cpp:1235
Event: 1.978 Thread 0x040d6c00 Threw 0x240074a8 at C:\jdk7u2_32P\jdk7u25\hotspot\src\share\vm\prims\jvm.cpp:1235
Event: 1.979 Thread 0x04179800 Threw 0x2400e598 at C:\jdk7u2_32P\jdk7u25\hotspot\src\share\vm\prims\jvm.cpp:1235
Event: 1.979 Thread 0x040d6c00 Threw 0x24012ee0 at C:\jdk7u2_32P\jdk7u25\hotspot\src\share\vm\prims\jvm.cpp:1235
Event: 1.979 Thread 0x040d6c00 Threw 0x24016218 at C:\jdk7u2_32P\jdk7u25\hotspot\src\share\vm\prims\jvm.cpp:1235
Event: 1.981 Thread 0x040d6c00 Threw 0x2401be58 at C:\jdk7u2_32P\jdk7u25\hotspot\src\share\vm\prims\jvm.cpp:1235
Event: 1.982 Thread 0x040d6c00 Threw 0x2405d668 at C:\jdk7u2_32P\jdk7u25\hotspot\src\share\vm\prims\jvm.cpp:1235
Event: 1.982 Thread 0x040d6c00 Threw 0x2407af38 at C:\jdk7u2_32P\jdk7u25\hotspot\src\share\vm\prims\jvm.cpp:1235
Event: 1.983 Thread 0x040d6c00 Threw 0x2408c0c8 at C:\jdk7u2_32P\jdk7u25\hotspot\src\share\vm\prims\jvm.cpp:1235

Events (10 events):
Event: 13.261 Executing VM operation: GenCollectForAllocation done
Event: 13.338 Executing VM operation: GenCollectForAllocation
Event: 13.338 Executing VM operation: GenCollectForAllocation done
Event: 13.412 Executing VM operation: GenCollectForAllocation
Event: 13.412 Executing VM operation: GenCollectForAllocation done
Event: 13.467 Thread 0x0529d000 Thread added: 0x0529d000
Event: 13.467 Thread 0x0529d800 Thread added: 0x0529d800
Event: 13.467 Thread 0x0529dc00 Thread added: 0x0529dc00
Event: 13.469 loading class 0x39312800
Event: 13.469 loading class 0x39312800 done


Dynamic libraries:
0x01250000 - 0x0127f000 	C:\Program Files\Java\jdk1.7.0_25\bin\javaw.exe
0x77810000 - 0x7794c000 	C:\Windows\SYSTEM32\ntdll.dll
0x77520000 - 0x775f4000 	C:\Windows\system32\kernel32.dll
0x75ab0000 - 0x75afb000 	C:\Windows\system32\KERNELBASE.dll
0x76d40000 - 0x76de0000 	C:\Windows\system32\ADVAPI32.dll
0x77460000 - 0x7750c000 	C:\Windows\system32\msvcrt.dll
0x77220000 - 0x77239000 	C:\Windows\SYSTEM32\sechost.dll
0x75bb0000 - 0x75c52000 	C:\Windows\system32\RPCRT4.dll
0x77300000 - 0x773c9000 	C:\Windows\system32\USER32.dll
0x76f70000 - 0x76fbe000 	C:\Windows\system32\GDI32.dll
0x77510000 - 0x7751a000 	C:\Windows\system32\LPK.dll
0x779a0000 - 0x77a3d000 	C:\Windows\system32\USP10.dll
0x74bf0000 - 0x74d8e000 	C:\Windows\WinSxS\x86_microsoft.windows.common-controls_6595b64144ccf1df_6.0.7601.17514_none_41e6975e2bd6f2b2\COMCTL32.dll
0x76fc0000 - 0x77017000 	C:\Windows\system32\SHLWAPI.dll
0x76de0000 - 0x76dff000 	C:\Windows\system32\IMM32.DLL
0x75eb0000 - 0x75f7c000 	C:\Windows\system32\MSCTF.dll
0x6d9e0000 - 0x6da9e000 	C:\Program Files\Java\jdk1.7.0_25\jre\bin\msvcr100.dll
0x65560000 - 0x658a2000 	C:\Program Files\Java\jdk1.7.0_25\jre\bin\client\jvm.dll
0x72d30000 - 0x72d37000 	C:\Windows\system32\WSOCK32.dll
0x77240000 - 0x77275000 	C:\Windows\system32\WS2_32.dll
0x76f60000 - 0x76f66000 	C:\Windows\system32\NSI.dll
0x74440000 - 0x74472000 	C:\Windows\system32\WINMM.dll
0x76d30000 - 0x76d35000 	C:\Windows\system32\PSAPI.DLL
0x73fa0000 - 0x73fac000 	C:\Program Files\Java\jdk1.7.0_25\jre\bin\verify.dll
0x73610000 - 0x73630000 	C:\Program Files\Java\jdk1.7.0_25\jre\bin\java.dll
0x73630000 - 0x73643000 	C:\Program Files\Java\jdk1.7.0_25\jre\bin\zip.dll
0x63e20000 - 0x63f64000 	C:\Program Files\Java\jdk1.7.0_25\jre\bin\awt.dll
0x75e20000 - 0x75eaf000 	C:\Windows\system32\OLEAUT32.dll
0x76bd0000 - 0x76d2c000 	C:\Windows\system32\ole32.dll
0x73e10000 - 0x73e50000 	C:\Windows\system32\uxtheme.dll
0x71db0000 - 0x71e4f000 	C:\ProgramData\Tencent\TSVulFw\TSVulFW.DAT
0x74960000 - 0x74969000 	C:\Windows\system32\VERSION.dll
0x75f80000 - 0x76bca000 	C:\Windows\system32\SHELL32.dll
0x73c00000 - 0x73c13000 	C:\Windows\system32\dwmapi.dll
0x757d0000 - 0x757dc000 	C:\Windows\system32\CRYPTBASE.dll
0x10000000 - 0x1000f000 	D:\Users\Leslie\AppData\Local\Youdao\Dict\5.4.43.3217\WordStrokeHelper32.dll
0x72500000 - 0x72531000 	C:\Program Files\Java\jdk1.7.0_25\jre\bin\fontmanager.dll
0x72980000 - 0x72994000 	C:\Program Files\Java\jdk1.7.0_25\jre\bin\net.dll
0x752a0000 - 0x752dc000 	C:\Windows\system32\mswsock.dll
0x75290000 - 0x75296000 	C:\Windows\System32\wship6.dll
0x73fb0000 - 0x73fbf000 	C:\Program Files\Java\jdk1.7.0_25\jre\bin\nio.dll
0x73250000 - 0x73280000 	C:\Program Files\Java\jdk1.7.0_25\jre\bin\t2k.dll
0x773d0000 - 0x77453000 	C:\Windows\system32\CLBCatQ.DLL
0x75300000 - 0x75316000 	C:\Windows\system32\CRYPTSP.dll
0x75080000 - 0x750bb000 	C:\Windows\system32\rsaenh.dll
0x747d0000 - 0x747e7000 	C:\Windows\system32\USERENV.dll
0x75850000 - 0x7585b000 	C:\Windows\system32\profapi.dll
0x73ad0000 - 0x73ae0000 	C:\Windows\system32\NLAapi.dll
0x724b0000 - 0x724c0000 	C:\Windows\system32\napinsp.dll
0x72470000 - 0x72482000 	C:\Windows\system32\pnrpnsp.dll
0x75160000 - 0x751a4000 	C:\Windows\system32\DNSAPI.dll
0x72460000 - 0x72468000 	C:\Windows\System32\winrnr.dll
0x72450000 - 0x7245d000 	C:\Windows\system32\wshbth.dll
0x72420000 - 0x72447000 	C:\Program Files\Common Files\Microsoft Shared\Windows Live\WLIDNSP.DLL
0x723f0000 - 0x72411000 	C:\Program Files\Bonjour\mdnsNSP.dll
0x74530000 - 0x7454c000 	C:\Windows\system32\Iphlpapi.DLL
0x74520000 - 0x74527000 	C:\Windows\system32\WINNSI.DLL
0x05820000 - 0x05837000 	C:\Program Files\Common Files\Thunder Network\NetMon\net_monitor2.0.2.9.dll
0x7c3a0000 - 0x7c41b000 	C:\Windows\system32\MSVCP71.dll
0x7c340000 - 0x7c396000 	C:\Windows\system32\MSVCR71.dll
0x74420000 - 0x74426000 	C:\Windows\System32\wshqos.dll
0x74410000 - 0x74415000 	C:\Windows\system32\wshtcpip.DLL
0x72300000 - 0x72306000 	C:\Windows\system32\rasadhlp.dll
0x70dd0000 - 0x70e08000 	C:\Windows\System32\fwpuclnt.dll
0x05840000 - 0x05895000 	C:\Users\Leslie\AppData\Local\Temp\jna2336605651797212911.dll
0x5cab0000 - 0x5cccf000 	E:\workspace\android\MSCPROJECT\EEGAnalysis\edk.dll
0x54280000 - 0x54472000 	E:\workspace\android\MSCPROJECT\EEGAnalysis\edk_utils.dll
0x6fa80000 - 0x6fae9000 	C:\Windows\system32\MSVCP100.dll
0x77020000 - 0x771bd000 	C:\Windows\system32\SETUPAPI.dll
0x75a80000 - 0x75aa7000 	C:\Windows\system32\CFGMGR32.dll
0x75b90000 - 0x75ba2000 	C:\Windows\system32\DEVOBJ.dll
0x73ba0000 - 0x73ba9000 	C:\Windows\system32\HID.DLL
0x75a40000 - 0x75a6e000 	C:\Windows\system32\WINTRUST.dll
0x75920000 - 0x75a40000 	C:\Windows\system32\CRYPT32.dll
0x758c0000 - 0x758cc000 	C:\Windows\system32\MSASN1.dll
0x062c0000 - 0x0631f000 	D:\Users\Leslie\AppData\Local\Youdao\Dict\5.4.43.3217\TextExtractorImpl32.dll
0x73290000 - 0x732cc000 	C:\Windows\system32\OLEACC.dll
0x72d50000 - 0x72e3b000 	C:\Windows\system32\dbghelp.dll
0x75780000 - 0x757cc000 	C:\Windows\system32\apphelp.dll

VM Arguments:
jvm_args: -Dfile.encoding=GBK 
java_command: com.lw.eeg.Main.EEGAnalysis
Launcher Type: SUN_STANDARD

Environment Variables:
JAVA_HOME=C:\Program Files\Java\jdk1.7.0_25
CLASSPATH=.;.;C:\PROGRA~1\JMF21~1.1E\lib\sound.jar;C:\PROGRA~1\JMF21~1.1E\lib\jmf.jar;C:\PROGRA~1\JMF21~1.1E\lib;
PATH=C:/Program Files/Java/jre7/bin/client;C:/Program Files/Java/jre7/bin;C:/Program Files/Java/jre7/lib/i386;C:\Windows\system32;C:\Windows\System32;C:\Program Files\Java\jdk1.7.0_25\bin;D:\Program Files\LaTex\miktex\bin\;E:\dvlTools\adt-bundle-windows-x86-20130522\eclipse;
USERNAME=Leslie
OS=Windows_NT
PROCESSOR_IDENTIFIER=x86 Family 6 Model 58 Stepping 9, GenuineIntel



---------------  S Y S T E M  ---------------

OS: Windows 7 Build 7601 Service Pack 1

CPU:total 4 (2 cores per cpu, 2 threads per core) family 6 model 58 stepping 9, cmov, cx8, fxsr, mmx, sse, sse2, sse3, ssse3, sse4.1, sse4.2, popcnt, avx, ht, tsc, tscinvbit, tscinv

Memory: 4k page, physical 3412076k(901744k free), swap 6822400k(2959408k free)

vm_info: Java HotSpot(TM) Client VM (23.25-b01) for windows-x86 JRE (1.7.0_25-b16), built on Jun 12 2013 20:29:09 by "java_re" with unknown MS VC++:1600

time: Sat Aug 31 21:31:48 2013
elapsed time: 13 seconds

