#
# A fatal error has been detected by the Java Runtime Environment:
#
#  EXCEPTION_ACCESS_VIOLATION (0xc0000005) at pc=0x65605ad9, pid=3668, tid=16800
#
# JRE version: 7.0_25-b16
# Java VM: Java HotSpot(TM) Client VM (23.25-b01 mixed mode, sharing windows-x86 )
# Problematic frame:
# V  [jvm.dll+0xa5ad9]
#
# Failed to write core dump. Minidumps are not enabled by default on client versions of Windows
#
# If you would like to submit a bug report, please visit:
#   http://bugreport.sun.com/bugreport/crash.jsp
#

---------------  T H R E A D  ---------------

Current thread (0x041fac00):  JavaThread "Thread-2" daemon [_thread_in_vm, id=16800, stack(0x063e0000,0x06430000)]

siginfo: ExceptionCode=0xc0000005, reading address 0x00000000

Registers:
EAX=0x00000000, EBX=0x041a9701, ECX=0x00000000, EDX=0x00000000
ESP=0x0642ebec, EBP=0x0642ebf8, ESI=0x041fac00, EDI=0x041a9798
EIP=0x65605ad9, EFLAGS=0x00010202

Top of Stack: (sp=0x0642ebec)
0x0642ebec:   0642ec90 00000000 041a9798 0642ee78
0x0642ebfc:   058e42a8 041fad28 041a9798 00000000
0x0642ec0c:   058e4220 0642ec80 0642ec88 00000020
0x0642ec1c:   058e4220 65563d83 041fac00 00000020
0x0642ec2c:   0642ec60 65563d83 041fac00 00000020
0x0642ec3c:   058e420c 0642ec74 65563d83 041fac00
0x0642ec4c:   40b2510c 00000002 041fac00 0642eeb0
0x0642ec5c:   0642ec4c 0642ec70 0642f58c 40b2510c 

Instructions: (pc=0x65605ad9)
0x65605ab9:   8e 09 00 33 f6 eb 02 8b f1 6a 06 56 e8 46 e3 f5
0x65605ac9:   ff 8b 7d 0c 83 c4 08 b3 01 85 ff 74 3d 8b 45 10
0x65605ad9:   8b 00 50 32 db e8 3d 8f f7 ff 83 c4 04 85 c0 74
0x65605ae9:   29 8b 0f 8b 49 04 8b 50 10 83 c1 08 39 44 0a f8 


Register to memory mapping:

EAX=0x00000000 is an unknown value
EBX=0x041a9701 is an unknown value
ECX=0x00000000 is an unknown value
EDX=0x00000000 is an unknown value
ESP=0x0642ebec is pointing into the stack for thread: 0x041fac00
EBP=0x0642ebf8 is pointing into the stack for thread: 0x041fac00
ESI=0x041fac00 is a thread
EDI=0x041a9798 is an unknown value


Stack: [0x063e0000,0x06430000],  sp=0x0642ebec,  free space=314k
Native frames: (J=compiled Java code, j=interpreted, Vv=VM code, C=native code)
V  [jvm.dll+0xa5ad9]
C  [jna151647292436488963.dll+0x42a8]  Java_com_sun_jna_Pointer__1getString+0x778
C  [jna151647292436488963.dll+0x4d2e]  Java_com_sun_jna_Function_invokeInt+0x2e
J  com.sun.jna.Function.invokeInt(I[Ljava/lang/Object;)I
J  com.sun.jna.Function.invoke([Ljava/lang/Object;Ljava/lang/Class;Z)Ljava/lang/Object;
V  [jvm.dll+0x124afa]
V  [jvm.dll+0x1d224e]
V  [jvm.dll+0x124caf]
V  [jvm.dll+0x124d17]
V  [jvm.dll+0xcf06f]
V  [jvm.dll+0x144447]
V  [jvm.dll+0x1445b0]
V  [jvm.dll+0x177bb9]
C  [msvcr100.dll+0x5c6de]  endthreadex+0x3a
C  [msvcr100.dll+0x5c788]  endthreadex+0xe4
C  [kernel32.dll+0x4ed6c]  BaseThreadInitThunk+0x12
C  [ntdll.dll+0x637eb]  RtlInitializeExceptionChain+0xef
C  [ntdll.dll+0x637be]  RtlInitializeExceptionChain+0xc2

Java frames: (J=compiled Java code, j=interpreted, Vv=VM code)
J  com.sun.jna.Function.invokeInt(I[Ljava/lang/Object;)I
J  com.sun.jna.Function.invoke([Ljava/lang/Object;Ljava/lang/Class;Z)Ljava/lang/Object;
J  com.sun.jna.Function.invoke(Ljava/lang/Class;[Ljava/lang/Object;Ljava/util/Map;)Ljava/lang/Object;
J  com.sun.jna.Library$Handler.invoke(Ljava/lang/Object;Ljava/lang/reflect/Method;[Ljava/lang/Object;)Ljava/lang/Object;
J  com.sun.proxy.$Proxy0.EE_DataGetNumberOfSample(Lcom/sun/jna/Pointer;Lcom/sun/jna/ptr/IntByReference;)I
J  com.lw.eeg.EEGLog.EEGLog$Thread_EEG.run()V
v  ~StubRoutines::call_stub

---------------  P R O C E S S  ---------------

Java Threads: ( => current thread )
  0x05173800 JavaThread "Thread-0" daemon [_thread_in_native, id=19180, stack(0x06a20000,0x06a70000)]
=>0x041fac00 JavaThread "Thread-2" daemon [_thread_in_vm, id=16800, stack(0x063e0000,0x06430000)]
  0x041f7400 JavaThread "TimerQueue" daemon [_thread_blocked, id=19764, stack(0x05950000,0x059a0000)]
  0x01b3b800 JavaThread "DestroyJavaVM" [_thread_blocked, id=19420, stack(0x01b40000,0x01b90000)]
  0x0414c000 JavaThread "AWT-EventQueue-0" [_thread_blocked, id=20468, stack(0x04770000,0x047c0000)]
  0x04142000 JavaThread "AWT-Shutdown" [_thread_blocked, id=18976, stack(0x04440000,0x04490000)]
  0x0413f400 JavaThread "Java2D Disposer" daemon [_thread_blocked, id=19916, stack(0x04390000,0x043e0000)]
  0x04098800 JavaThread "Service Thread" daemon [_thread_blocked, id=12652, stack(0x03e80000,0x03ed0000)]
  0x01a32000 JavaThread "C1 CompilerThread0" daemon [_thread_blocked, id=18868, stack(0x03fd0000,0x04020000)]
  0x01a31800 JavaThread "Attach Listener" daemon [_thread_blocked, id=20256, stack(0x03dc0000,0x03e10000)]
  0x01a27000 JavaThread "Signal Dispatcher" daemon [_thread_blocked, id=18948, stack(0x04040000,0x04090000)]
  0x01a04400 JavaThread "Finalizer" daemon [_thread_blocked, id=19708, stack(0x03ef0000,0x03f40000)]
  0x01a02c00 JavaThread "Reference Handler" daemon [_thread_blocked, id=20004, stack(0x03d10000,0x03d60000)]

Other Threads:
  0x01a01400 VMThread [stack: 0x03e30000,0x03e80000] [id=19792]
  0x01a33c00 WatcherThread [stack: 0x042a0000,0x042f0000] [id=11800]

VM state:not at safepoint (normal execution)

VM Mutex/Monitor currently owned by a thread: None

Heap
 def new generation   total 15616K, used 14831K [0x23cf0000, 0x24de0000, 0x29240000)
  eden space 13888K,  98% used [0x23cf0000, 0x24a51310, 0x24a80000)
  from space 1728K,  65% used [0x24c30000, 0x24d4aa78, 0x24de0000)
  to   space 1728K,   0% used [0x24a80000, 0x24a80000, 0x24c30000)
 tenured generation   total 34552K, used 21979K [0x29240000, 0x2b3fe000, 0x33cf0000)
   the space 34552K,  63% used [0x29240000, 0x2a7b6e90, 0x2a7b7000, 0x2b3fe000)
 compacting perm gen  total 12288K, used 3584K [0x33cf0000, 0x348f0000, 0x37cf0000)
   the space 12288K,  29% used [0x33cf0000, 0x340700f8, 0x34070200, 0x348f0000)
    ro space 10240K,  45% used [0x37cf0000, 0x38179b28, 0x38179c00, 0x386f0000)
    rw space 12288K,  54% used [0x386f0000, 0x38d7d0e8, 0x38d7d200, 0x392f0000)

Card table byte_map: [0x03c10000,0x03cc0000] byte_map_base: 0x03af1880

Polling page: 0x00250000

Code Cache  [0x01b90000, 0x01e90000, 0x03b90000)
 total_blobs=1718 nmethods=1449 adapters=203 free_code_cache=29716Kb largest_free_block=30429568

Compilation events (10 events):
Event: 31.929 Thread 0x01a32000 1448             org.jfree.data.time.DynamicTimeSeriesCollection::getSeriesCount (5 bytes)
Event: 31.929 Thread 0x01a32000 nmethod 1448 0x01e89908 code [0x01e89a00, 0x01e89a80]
Event: 32.626 Thread 0x01a32000 1449   !         sun.java2d.SunGraphics2D::fillRect (74 bytes)
Event: 32.626 Thread 0x01a32000 nmethod 1449 0x01e89ac8 code [0x01e89bf0, 0x01e89e04]
Event: 32.659 Thread 0x01a32000 1450             javax.swing.RepaintManager::isDoubleBufferingEnabled (5 bytes)
Event: 32.659 Thread 0x01a32000 nmethod 1450 0x01e8a088 code [0x01e8a180, 0x01e8a200]
Event: 33.291 Thread 0x01a32000 1451             sun.misc.FDBigInt::multaddMe (125 bytes)
Event: 33.291 Thread 0x01a32000 nmethod 1451 0x01e8a248 code [0x01e8a350, 0x01e8a5c0]
Event: 33.320 Thread 0x01a32000 1452             java.util.PriorityQueue::siftUpComparable (61 bytes)
Event: 33.321 Thread 0x01a32000 nmethod 1452 0x01e8a808 code [0x01e8a930, 0x01e8ab9c]

GC Heap History (10 events):
Event: 33.182 GC heap before
{Heap before GC invocations=561 (full 11):
 def new generation   total 15616K, used 15341K [0x23cf0000, 0x24de0000, 0x29240000)
  eden space 13888K, 100% used [0x23cf0000, 0x24a80000, 0x24a80000)
  from space 1728K,  84% used [0x24a80000, 0x24beb648, 0x24c30000)
  to   space 1728K,   0% used [0x24c30000, 0x24c30000, 0x24de0000)
 tenured generation   total 34552K, used 21913K [0x29240000, 0x2b3fe000, 0x33cf0000)
   the space 34552K,  63% used [0x29240000, 0x2a7a6708, 0x2a7a6800, 0x2b3fe000)
 compacting perm gen  total 12288K, used 3562K [0x33cf0000, 0x348f0000, 0x37cf0000)
   the space 12288K,  28% used [0x33cf0000, 0x3406a800, 0x3406a800, 0x348f0000)
    ro space 10240K,  45% used [0x37cf0000, 0x38179b28, 0x38179c00, 0x386f0000)
    rw space 12288K,  54% used [0x386f0000, 0x38d7d0e8, 0x38d7d200, 0x392f0000)
Event: 33.183 GC heap after
Heap after GC invocations=562 (full 11):
 def new generation   total 15616K, used 30K [0x23cf0000, 0x24de0000, 0x29240000)
  eden space 13888K,   0% used [0x23cf0000, 0x23cf0000, 0x24a80000)
  from space 1728K,   1% used [0x24c30000, 0x24c37a48, 0x24de0000)
  to   space 1728K,   0% used [0x24a80000, 0x24a80000, 0x24c30000)
 tenured generation   total 34552K, used 21944K [0x29240000, 0x2b3fe000, 0x33cf0000)
   the space 34552K,  63% used [0x29240000, 0x2a7ae3d0, 0x2a7ae400, 0x2b3fe000)
 compacting perm gen  total 12288K, used 3562K [0x33cf0000, 0x348f0000, 0x37cf0000)
   the space 12288K,  28% used [0x33cf0000, 0x3406a800, 0x3406a800, 0x348f0000)
    ro space 10240K,  45% used [0x37cf0000, 0x38179b28, 0x38179c00, 0x386f0000)
    rw space 12288K,  54% used [0x386f0000, 0x38d7d0e8, 0x38d7d200, 0x392f0000)
}
Event: 33.234 GC heap before
{Heap before GC invocations=562 (full 11):
 def new generation   total 15616K, used 13918K [0x23cf0000, 0x24de0000, 0x29240000)
  eden space 13888K, 100% used [0x23cf0000, 0x24a80000, 0x24a80000)
  from space 1728K,   1% used [0x24c30000, 0x24c37a48, 0x24de0000)
  to   space 1728K,   0% used [0x24a80000, 0x24a80000, 0x24c30000)
 tenured generation   total 34552K, used 21944K [0x29240000, 0x2b3fe000, 0x33cf0000)
   the space 34552K,  63% used [0x29240000, 0x2a7ae3d0, 0x2a7ae400, 0x2b3fe000)
 compacting perm gen  total 12288K, used 3562K [0x33cf0000, 0x348f0000, 0x37cf0000)
   the space 12288K,  28% used [0x33cf0000, 0x3406a800, 0x3406a800, 0x348f0000)
    ro space 10240K,  45% used [0x37cf0000, 0x38179b28, 0x38179c00, 0x386f0000)
    rw space 12288K,  54% used [0x386f0000, 0x38d7d0e8, 0x38d7d200, 0x392f0000)
Event: 33.237 GC heap after
Heap after GC invocations=563 (full 11):
 def new generation   total 15616K, used 790K [0x23cf0000, 0x24de0000, 0x29240000)
  eden space 13888K,   0% used [0x23cf0000, 0x23cf0000, 0x24a80000)
  from space 1728K,  45% used [0x24a80000, 0x24b45998, 0x24c30000)
  to   space 1728K,   0% used [0x24c30000, 0x24c30000, 0x24de0000)
 tenured generation   total 34552K, used 21944K [0x29240000, 0x2b3fe000, 0x33cf0000)
   the space 34552K,  63% used [0x29240000, 0x2a7ae3d0, 0x2a7ae400, 0x2b3fe000)
 compacting perm gen  total 12288K, used 3562K [0x33cf0000, 0x348f0000, 0x37cf0000)
   the space 12288K,  28% used [0x33cf0000, 0x3406a800, 0x3406a800, 0x348f0000)
    ro space 10240K,  45% used [0x37cf0000, 0x38179b28, 0x38179c00, 0x386f0000)
    rw space 12288K,  54% used [0x386f0000, 0x38d7d0e8, 0x38d7d200, 0x392f0000)
}
Event: 33.275 GC heap before
{Heap before GC invocations=563 (full 11):
 def new generation   total 15616K, used 14678K [0x23cf0000, 0x24de0000, 0x29240000)
  eden space 13888K, 100% used [0x23cf0000, 0x24a80000, 0x24a80000)
  from space 1728K,  45% used [0x24a80000, 0x24b45998, 0x24c30000)
  to   space 1728K,   0% used [0x24c30000, 0x24c30000, 0x24de0000)
 tenured generation   total 34552K, used 21944K [0x29240000, 0x2b3fe000, 0x33cf0000)
   the space 34552K,  63% used [0x29240000, 0x2a7ae3d0, 0x2a7ae400, 0x2b3fe000)
 compacting perm gen  total 12288K, used 3562K [0x33cf0000, 0x348f0000, 0x37cf0000)
   the space 12288K,  28% used [0x33cf0000, 0x3406a800, 0x3406a800, 0x348f0000)
    ro space 10240K,  45% used [0x37cf0000, 0x38179b28, 0x38179c00, 0x386f0000)
    rw space 12288K,  54% used [0x386f0000, 0x38d7d0e8, 0x38d7d200, 0x392f0000)
Event: 33.279 GC heap after
Heap after GC invocations=564 (full 11):
 def new generation   total 15616K, used 1727K [0x23cf0000, 0x24de0000, 0x29240000)
  eden space 13888K,   0% used [0x23cf0000, 0x23cf0000, 0x24a80000)
  from space 1728K,  99% used [0x24c30000, 0x24ddfff8, 0x24de0000)
  to   space 1728K,   0% used [0x24a80000, 0x24a80000, 0x24c30000)
 tenured generation   total 34552K, used 21953K [0x29240000, 0x2b3fe000, 0x33cf0000)
   the space 34552K,  63% used [0x29240000, 0x2a7b0588, 0x2a7b0600, 0x2b3fe000)
 compacting perm gen  total 12288K, used 3562K [0x33cf0000, 0x348f0000, 0x37cf0000)
   the space 12288K,  28% used [0x33cf0000, 0x3406a800, 0x3406a800, 0x348f0000)
    ro space 10240K,  45% used [0x37cf0000, 0x38179b28, 0x38179c00, 0x386f0000)
    rw space 12288K,  54% used [0x386f0000, 0x38d7d0e8, 0x38d7d200, 0x392f0000)
}
Event: 33.369 GC heap before
{Heap before GC invocations=564 (full 11):
 def new generation   total 15616K, used 15615K [0x23cf0000, 0x24de0000, 0x29240000)
  eden space 13888K, 100% used [0x23cf0000, 0x24a80000, 0x24a80000)
  from space 1728K,  99% used [0x24c30000, 0x24ddfff8, 0x24de0000)
  to   space 1728K,   0% used [0x24a80000, 0x24a80000, 0x24c30000)
 tenured generation   total 34552K, used 21953K [0x29240000, 0x2b3fe000, 0x33cf0000)
   the space 34552K,  63% used [0x29240000, 0x2a7b0588, 0x2a7b0600, 0x2b3fe000)
 compacting perm gen  total 12288K, used 3562K [0x33cf0000, 0x348f0000, 0x37cf0000)
   the space 12288K,  28% used [0x33cf0000, 0x3406a810, 0x3406aa00, 0x348f0000)
    ro space 10240K,  45% used [0x37cf0000, 0x38179b28, 0x38179c00, 0x386f0000)
    rw space 12288K,  54% used [0x386f0000, 0x38d7d0e8, 0x38d7d200, 0x392f0000)
Event: 33.370 GC heap after
Heap after GC invocations=565 (full 11):
 def new generation   total 15616K, used 184K [0x23cf0000, 0x24de0000, 0x29240000)
  eden space 13888K,   0% used [0x23cf0000, 0x23cf0000, 0x24a80000)
  from space 1728K,  10% used [0x24a80000, 0x24aae228, 0x24c30000)
  to   space 1728K,   0% used [0x24c30000, 0x24c30000, 0x24de0000)
 tenured generation   total 34552K, used 21979K [0x29240000, 0x2b3fe000, 0x33cf0000)
   the space 34552K,  63% used [0x29240000, 0x2a7b6e90, 0x2a7b7000, 0x2b3fe000)
 compacting perm gen  total 12288K, used 3562K [0x33cf0000, 0x348f0000, 0x37cf0000)
   the space 12288K,  28% used [0x33cf0000, 0x3406a810, 0x3406aa00, 0x348f0000)
    ro space 10240K,  45% used [0x37cf0000, 0x38179b28, 0x38179c00, 0x386f0000)
    rw space 12288K,  54% used [0x386f0000, 0x38d7d0e8, 0x38d7d200, 0x392f0000)
}
Event: 33.423 GC heap before
{Heap before GC invocations=565 (full 11):
 def new generation   total 15616K, used 14072K [0x23cf0000, 0x24de0000, 0x29240000)
  eden space 13888K, 100% used [0x23cf0000, 0x24a80000, 0x24a80000)
  from space 1728K,  10% used [0x24a80000, 0x24aae228, 0x24c30000)
  to   space 1728K,   0% used [0x24c30000, 0x24c30000, 0x24de0000)
 tenured generation   total 34552K, used 21979K [0x29240000, 0x2b3fe000, 0x33cf0000)
   the space 34552K,  63% used [0x29240000, 0x2a7b6e90, 0x2a7b7000, 0x2b3fe000)
 compacting perm gen  total 12288K, used 3562K [0x33cf0000, 0x348f0000, 0x37cf0000)
   the space 12288K,  28% used [0x33cf0000, 0x3406a810, 0x3406aa00, 0x348f0000)
    ro space 10240K,  45% used [0x37cf0000, 0x38179b28, 0x38179c00, 0x386f0000)
    rw space 12288K,  54% used [0x386f0000, 0x38d7d0e8, 0x38d7d200, 0x392f0000)
Event: 33.426 GC heap after
Heap after GC invocations=566 (full 11):
 def new generation   total 15616K, used 1130K [0x23cf0000, 0x24de0000, 0x29240000)
  eden space 13888K,   0% used [0x23cf0000, 0x23cf0000, 0x24a80000)
  from space 1728K,  65% used [0x24c30000, 0x24d4aa78, 0x24de0000)
  to   space 1728K,   0% used [0x24a80000, 0x24a80000, 0x24c30000)
 tenured generation   total 34552K, used 21979K [0x29240000, 0x2b3fe000, 0x33cf0000)
   the space 34552K,  63% used [0x29240000, 0x2a7b6e90, 0x2a7b7000, 0x2b3fe000)
 compacting perm gen  total 12288K, used 3562K [0x33cf0000, 0x348f0000, 0x37cf0000)
   the space 12288K,  28% used [0x33cf0000, 0x3406a810, 0x3406aa00, 0x348f0000)
    ro space 10240K,  45% used [0x37cf0000, 0x38179b28, 0x38179c00, 0x386f0000)
    rw space 12288K,  54% used [0x386f0000, 0x38d7d0e8, 0x38d7d200, 0x392f0000)
}

Deoptimization events (0 events):
No events

Internal exceptions (10 events):
Event: 2.242 Thread 0x0414c000 Threw 0x23d09778 at C:\jdk7u2_32P\jdk7u25\hotspot\src\share\vm\prims\jvm.cpp:1235
Event: 2.243 Thread 0x0414c000 Threw 0x23d0d190 at C:\jdk7u2_32P\jdk7u25\hotspot\src\share\vm\prims\jvm.cpp:1235
Event: 2.247 Thread 0x0414c000 Threw 0x23d341c0 at C:\jdk7u2_32P\jdk7u25\hotspot\src\share\vm\prims\jvm.cpp:1235
Event: 2.249 Thread 0x0414c000 Threw 0x23d3d8c8 at C:\jdk7u2_32P\jdk7u25\hotspot\src\share\vm\prims\jvm.cpp:1235
Event: 2.250 Thread 0x0414c000 Threw 0x23d58c20 at C:\jdk7u2_32P\jdk7u25\hotspot\src\share\vm\prims\jvm.cpp:1235
Event: 2.279 Thread 0x0414c000 Threw 0x23f76ac0 at C:\jdk7u2_32P\jdk7u25\hotspot\src\share\vm\prims\jvm.cpp:1235
Event: 2.301 Thread 0x0414c000 Threw 0x23f81658 at C:\jdk7u2_32P\jdk7u25\hotspot\src\share\vm\prims\jvm.cpp:1235
Event: 2.302 Thread 0x0414c000 Threw 0x240aa800 at C:\jdk7u2_32P\jdk7u25\hotspot\src\share\vm\prims\jvm.cpp:1235
Event: 2.303 Thread 0x0414c000 Threw 0x240aeb48 at C:\jdk7u2_32P\jdk7u25\hotspot\src\share\vm\prims\jvm.cpp:1235
Event: 2.303 Thread 0x0414c000 Threw 0x240b26d0 at C:\jdk7u2_32P\jdk7u25\hotspot\src\share\vm\prims\jvm.cpp:1235

Events (10 events):
Event: 33.369 Executing VM operation: GenCollectForAllocation
Event: 33.370 Executing VM operation: GenCollectForAllocation done
Event: 33.423 Executing VM operation: GenCollectForAllocation
Event: 33.426 Executing VM operation: GenCollectForAllocation done
Event: 33.494 Thread 0x05172400 Thread added: 0x05172400
Event: 33.494 Thread 0x05172c00 Thread added: 0x05172c00
Event: 33.494 Thread 0x05172400 Thread exited: 0x05172400
Event: 33.494 Thread 0x05173800 Thread added: 0x05173800
Event: 33.495 loading class 0x39312800
Event: 33.495 loading class 0x39312800 done


Dynamic libraries:
0x01250000 - 0x0127f000 	C:\Program Files\Java\jdk1.7.0_25\bin\javaw.exe
0x77810000 - 0x7794c000 	C:\Windows\SYSTEM32\ntdll.dll
0x77520000 - 0x775f4000 	C:\Windows\system32\kernel32.dll
0x75ab0000 - 0x75afb000 	C:\Windows\system32\KERNELBASE.dll
0x76d40000 - 0x76de0000 	C:\Windows\system32\ADVAPI32.dll
0x77460000 - 0x7750c000 	C:\Windows\system32\msvcrt.dll
0x77220000 - 0x77239000 	C:\Windows\SYSTEM32\sechost.dll
0x75bb0000 - 0x75c52000 	C:\Windows\system32\RPCRT4.dll
0x77300000 - 0x773c9000 	C:\Windows\system32\USER32.dll
0x76f70000 - 0x76fbe000 	C:\Windows\system32\GDI32.dll
0x77510000 - 0x7751a000 	C:\Windows\system32\LPK.dll
0x779a0000 - 0x77a3d000 	C:\Windows\system32\USP10.dll
0x74bf0000 - 0x74d8e000 	C:\Windows\WinSxS\x86_microsoft.windows.common-controls_6595b64144ccf1df_6.0.7601.17514_none_41e6975e2bd6f2b2\COMCTL32.dll
0x76fc0000 - 0x77017000 	C:\Windows\system32\SHLWAPI.dll
0x76de0000 - 0x76dff000 	C:\Windows\system32\IMM32.DLL
0x75eb0000 - 0x75f7c000 	C:\Windows\system32\MSCTF.dll
0x6d9e0000 - 0x6da9e000 	C:\Program Files\Java\jdk1.7.0_25\jre\bin\msvcr100.dll
0x65560000 - 0x658a2000 	C:\Program Files\Java\jdk1.7.0_25\jre\bin\client\jvm.dll
0x72d30000 - 0x72d37000 	C:\Windows\system32\WSOCK32.dll
0x77240000 - 0x77275000 	C:\Windows\system32\WS2_32.dll
0x76f60000 - 0x76f66000 	C:\Windows\system32\NSI.dll
0x74440000 - 0x74472000 	C:\Windows\system32\WINMM.dll
0x76d30000 - 0x76d35000 	C:\Windows\system32\PSAPI.DLL
0x73fa0000 - 0x73fac000 	C:\Program Files\Java\jdk1.7.0_25\jre\bin\verify.dll
0x73610000 - 0x73630000 	C:\Program Files\Java\jdk1.7.0_25\jre\bin\java.dll
0x73630000 - 0x73643000 	C:\Program Files\Java\jdk1.7.0_25\jre\bin\zip.dll
0x5cb80000 - 0x5ccc4000 	C:\Program Files\Java\jdk1.7.0_25\jre\bin\awt.dll
0x75e20000 - 0x75eaf000 	C:\Windows\system32\OLEAUT32.dll
0x76bd0000 - 0x76d2c000 	C:\Windows\system32\ole32.dll
0x73e10000 - 0x73e50000 	C:\Windows\system32\uxtheme.dll
0x71db0000 - 0x71e4f000 	C:\ProgramData\Tencent\TSVulFw\TSVulFW.DAT
0x74960000 - 0x74969000 	C:\Windows\system32\VERSION.dll
0x75f80000 - 0x76bca000 	C:\Windows\system32\SHELL32.dll
0x73c00000 - 0x73c13000 	C:\Windows\system32\dwmapi.dll
0x757d0000 - 0x757dc000 	C:\Windows\system32\CRYPTBASE.dll
0x10000000 - 0x1000f000 	D:\Users\Leslie\AppData\Local\Youdao\Dict\5.4.43.3217\WordStrokeHelper32.dll
0x72500000 - 0x72531000 	C:\Program Files\Java\jdk1.7.0_25\jre\bin\fontmanager.dll
0x72980000 - 0x72994000 	C:\Program Files\Java\jdk1.7.0_25\jre\bin\net.dll
0x752a0000 - 0x752dc000 	C:\Windows\system32\mswsock.dll
0x75290000 - 0x75296000 	C:\Windows\System32\wship6.dll
0x73fb0000 - 0x73fbf000 	C:\Program Files\Java\jdk1.7.0_25\jre\bin\nio.dll
0x73250000 - 0x73280000 	C:\Program Files\Java\jdk1.7.0_25\jre\bin\t2k.dll
0x773d0000 - 0x77453000 	C:\Windows\system32\CLBCatQ.DLL
0x75300000 - 0x75316000 	C:\Windows\system32\CRYPTSP.dll
0x75080000 - 0x750bb000 	C:\Windows\system32\rsaenh.dll
0x747d0000 - 0x747e7000 	C:\Windows\system32\USERENV.dll
0x75850000 - 0x7585b000 	C:\Windows\system32\profapi.dll
0x73ad0000 - 0x73ae0000 	C:\Windows\system32\NLAapi.dll
0x724b0000 - 0x724c0000 	C:\Windows\system32\napinsp.dll
0x72470000 - 0x72482000 	C:\Windows\system32\pnrpnsp.dll
0x75160000 - 0x751a4000 	C:\Windows\system32\DNSAPI.dll
0x72460000 - 0x72468000 	C:\Windows\System32\winrnr.dll
0x72450000 - 0x7245d000 	C:\Windows\system32\wshbth.dll
0x72420000 - 0x72447000 	C:\Program Files\Common Files\Microsoft Shared\Windows Live\WLIDNSP.DLL
0x723f0000 - 0x72411000 	C:\Program Files\Bonjour\mdnsNSP.dll
0x74530000 - 0x7454c000 	C:\Windows\system32\Iphlpapi.DLL
0x74520000 - 0x74527000 	C:\Windows\system32\WINNSI.DLL
0x05090000 - 0x050a7000 	C:\Program Files\Common Files\Thunder Network\NetMon\net_monitor2.0.2.9.dll
0x7c3a0000 - 0x7c41b000 	C:\Windows\system32\MSVCP71.dll
0x7c340000 - 0x7c396000 	C:\Windows\system32\MSVCR71.dll
0x74420000 - 0x74426000 	C:\Windows\System32\wshqos.dll
0x74410000 - 0x74415000 	C:\Windows\system32\wshtcpip.DLL
0x72300000 - 0x72306000 	C:\Windows\system32\rasadhlp.dll
0x70dd0000 - 0x70e08000 	C:\Windows\System32\fwpuclnt.dll
0x058e0000 - 0x05935000 	C:\Users\Leslie\AppData\Local\Temp\jna151647292436488963.dll
0x54260000 - 0x5447f000 	E:\workspace\android\MSCPROJECT\EEGAnalysis\edk.dll
0x53360000 - 0x53552000 	E:\workspace\android\MSCPROJECT\EEGAnalysis\edk_utils.dll
0x6fa80000 - 0x6fae9000 	C:\Windows\system32\MSVCP100.dll
0x77020000 - 0x771bd000 	C:\Windows\system32\SETUPAPI.dll
0x75a80000 - 0x75aa7000 	C:\Windows\system32\CFGMGR32.dll
0x75b90000 - 0x75ba2000 	C:\Windows\system32\DEVOBJ.dll
0x73ba0000 - 0x73ba9000 	C:\Windows\system32\HID.DLL
0x75a40000 - 0x75a6e000 	C:\Windows\system32\WINTRUST.dll
0x75920000 - 0x75a40000 	C:\Windows\system32\CRYPT32.dll
0x758c0000 - 0x758cc000 	C:\Windows\system32\MSASN1.dll
0x059a0000 - 0x059ff000 	D:\Users\Leslie\AppData\Local\Youdao\Dict\5.4.43.3217\TextExtractorImpl32.dll
0x73290000 - 0x732cc000 	C:\Windows\system32\OLEACC.dll
0x71f50000 - 0x71f74000 	C:\Program Files\Java\jdk1.7.0_25\jre\bin\dcpr.dll
0x72d50000 - 0x72e3b000 	C:\Windows\system32\dbghelp.dll
0x75780000 - 0x757cc000 	C:\Windows\system32\apphelp.dll

VM Arguments:
jvm_args: -Dfile.encoding=GBK 
java_command: com.lw.eeg.Main.EEGAnalysis
Launcher Type: SUN_STANDARD

Environment Variables:
JAVA_HOME=C:\Program Files\Java\jdk1.7.0_25
CLASSPATH=.;.;C:\PROGRA~1\JMF21~1.1E\lib\sound.jar;C:\PROGRA~1\JMF21~1.1E\lib\jmf.jar;C:\PROGRA~1\JMF21~1.1E\lib;
PATH=C:/Program Files/Java/jre7/bin/client;C:/Program Files/Java/jre7/bin;C:/Program Files/Java/jre7/lib/i386;C:\Windows\system32;C:\Windows\System32;C:\Program Files\Java\jdk1.7.0_25\bin;D:\Program Files\LaTex\miktex\bin\;E:\dvlTools\adt-bundle-windows-x86-20130522\eclipse;
USERNAME=Leslie
OS=Windows_NT
PROCESSOR_IDENTIFIER=x86 Family 6 Model 58 Stepping 9, GenuineIntel



---------------  S Y S T E M  ---------------

OS: Windows 7 Build 7601 Service Pack 1

CPU:total 4 (2 cores per cpu, 2 threads per core) family 6 model 58 stepping 9, cmov, cx8, fxsr, mmx, sse, sse2, sse3, ssse3, sse4.1, sse4.2, popcnt, avx, ht, tsc, tscinvbit, tscinv

Memory: 4k page, physical 3412076k(856060k free), swap 6822400k(2908744k free)

vm_info: Java HotSpot(TM) Client VM (23.25-b01) for windows-x86 JRE (1.7.0_25-b16), built on Jun 12 2013 20:29:09 by "java_re" with unknown MS VC++:1600

time: Sat Aug 31 21:36:06 2013
elapsed time: 33 seconds

