#
# A fatal error has been detected by the Java Runtime Environment:
#
#  EXCEPTION_ACCESS_VIOLATION (0xc0000005) at pc=0x65605ad9, pid=21988, tid=19584
#
# JRE version: 7.0_25-b16
# Java VM: Java HotSpot(TM) Client VM (23.25-b01 mixed mode, sharing windows-x86 )
# Problematic frame:
# V  [jvm.dll+0xa5ad9]
#
# Failed to write core dump. Minidumps are not enabled by default on client versions of Windows
#
# If you would like to submit a bug report, please visit:
#   http://bugreport.sun.com/bugreport/crash.jsp
#

---------------  T H R E A D  ---------------

Current thread (0x051cc400):  JavaThread "Thread-2" daemon [_thread_in_vm, id=19584, stack(0x04820000,0x04870000)]

siginfo: ExceptionCode=0xc0000005, reading address 0x00000000

Registers:
EAX=0x00000000, EBX=0x04214901, ECX=0x00000000, EDX=0x00000000
ESP=0x0486f0dc, EBP=0x0486f0e8, ESI=0x051cc400, EDI=0x042149a0
EIP=0x65605ad9, EFLAGS=0x00010206

Top of Stack: (sp=0x0486f0dc)
0x0486f0dc:   0486f170 00000000 042149a0 0486f358
0x0486f0ec:   04ad42a8 051cc528 042149a0 00000000
0x0486f0fc:   04ad4220 0486f170 0486f178 00000020
0x0486f10c:   04ad4220 65563d83 051cc400 f5a35e91
0x0486f11c:   00000000 0486f154 65563d83 00000020
0x0486f12c:   04ad420c 00000001 051cc400 0486f390
0x0486f13c:   0486f12c 0486f150 0486fa6c f5a35e85
0x0486f14c:   04ad41ee fffffffe 0486f168 65605dad 

Instructions: (pc=0x65605ad9)
0x65605ab9:   8e 09 00 33 f6 eb 02 8b f1 6a 06 56 e8 46 e3 f5
0x65605ac9:   ff 8b 7d 0c 83 c4 08 b3 01 85 ff 74 3d 8b 45 10
0x65605ad9:   8b 00 50 32 db e8 3d 8f f7 ff 83 c4 04 85 c0 74
0x65605ae9:   29 8b 0f 8b 49 04 8b 50 10 83 c1 08 39 44 0a f8 


Register to memory mapping:

EAX=0x00000000 is an unknown value
EBX=0x04214901 is an unknown value
ECX=0x00000000 is an unknown value
EDX=0x00000000 is an unknown value
ESP=0x0486f0dc is pointing into the stack for thread: 0x051cc400
EBP=0x0486f0e8 is pointing into the stack for thread: 0x051cc400
ESI=0x051cc400 is a thread
EDI=0x042149a0 is an unknown value


Stack: [0x04820000,0x04870000],  sp=0x0486f0dc,  free space=316k
Native frames: (J=compiled Java code, j=interpreted, Vv=VM code, C=native code)
V  [jvm.dll+0xa5ad9]
C  [jna6482768115130687959.dll+0x42a8]  Java_com_sun_jna_Pointer__1getString+0x778
C  [jna6482768115130687959.dll+0x4d6e]  Java_com_sun_jna_Function_invokeFloat+0x2e
J  com.sun.jna.Function.invokeFloat(I[Ljava/lang/Object;)F
J  com.sun.jna.Function.invoke([Ljava/lang/Object;Ljava/lang/Class;Z)Ljava/lang/Object;
V  [jvm.dll+0x124afa]
V  [jvm.dll+0x1d224e]
V  [jvm.dll+0x124caf]
V  [jvm.dll+0x124d17]
V  [jvm.dll+0xcf06f]
V  [jvm.dll+0x144447]
V  [jvm.dll+0x1445b0]
V  [jvm.dll+0x177bb9]
C  [msvcr100.dll+0x5c6de]  endthreadex+0x3a
C  [msvcr100.dll+0x5c788]  endthreadex+0xe4
C  [kernel32.dll+0x4ed6c]  BaseThreadInitThunk+0x12
C  [ntdll.dll+0x637eb]  RtlInitializeExceptionChain+0xef
C  [ntdll.dll+0x637be]  RtlInitializeExceptionChain+0xc2

Java frames: (J=compiled Java code, j=interpreted, Vv=VM code)
J  com.sun.jna.Function.invokeFloat(I[Ljava/lang/Object;)F
J  com.sun.jna.Function.invoke([Ljava/lang/Object;Ljava/lang/Class;Z)Ljava/lang/Object;
J  com.sun.jna.Function.invoke(Ljava/lang/Class;[Ljava/lang/Object;Ljava/util/Map;)Ljava/lang/Object;
J  com.sun.jna.Library$Handler.invoke(Ljava/lang/Object;Ljava/lang/reflect/Method;[Ljava/lang/Object;)Ljava/lang/Object;
J  com.sun.proxy.$Proxy1.ES_GetTimeFromStart(Lcom/sun/jna/Pointer;)F
J  com.lw.eeg.EEGLog.EEGLog$Thread_EEG.run()V
v  ~StubRoutines::call_stub

---------------  P R O C E S S  ---------------

Java Threads: ( => current thread )
  0x05377800 JavaThread "Thread-0" daemon [_thread_in_native, id=18812, stack(0x06cd0000,0x06d20000)]
=>0x051cc400 JavaThread "Thread-2" daemon [_thread_in_vm, id=19584, stack(0x04820000,0x04870000)]
  0x0427dc00 JavaThread "TimerQueue" daemon [_thread_blocked, id=20000, stack(0x06b80000,0x06bd0000)]
  0x0134b800 JavaThread "DestroyJavaVM" [_thread_blocked, id=16544, stack(0x01b50000,0x01ba0000)]
  0x041d3000 JavaThread "AWT-EventQueue-0" [_thread_blocked, id=22280, stack(0x04060000,0x040b0000)]
  0x041c2400 JavaThread "AWT-Shutdown" [_thread_blocked, id=9764, stack(0x04570000,0x045c0000)]
  0x041bf800 JavaThread "Java2D Disposer" daemon [_thread_blocked, id=21980, stack(0x044e0000,0x04530000)]
  0x01435000 JavaThread "Service Thread" daemon [_thread_blocked, id=22156, stack(0x040b0000,0x04100000)]
  0x0142b000 JavaThread "C1 CompilerThread0" daemon [_thread_blocked, id=21196, stack(0x04010000,0x04060000)]
  0x01429c00 JavaThread "Attach Listener" daemon [_thread_blocked, id=14012, stack(0x03d40000,0x03d90000)]
  0x01427000 JavaThread "Signal Dispatcher" daemon [_thread_blocked, id=20608, stack(0x03fa0000,0x03ff0000)]
  0x01407800 JavaThread "Finalizer" daemon [_thread_blocked, id=18724, stack(0x03e80000,0x03ed0000)]
  0x01402c00 JavaThread "Reference Handler" daemon [_thread_blocked, id=22324, stack(0x03f10000,0x03f60000)]

Other Threads:
  0x01401400 VMThread [stack: 0x03e00000,0x03e50000] [id=21976]
  0x04103800 WatcherThread [stack: 0x03cb0000,0x03d00000] [id=18596]

VM state:not at safepoint (normal execution)

VM Mutex/Monitor currently owned by a thread: None

Heap
 def new generation   total 12352K, used 6906K [0x23cf0000, 0x24a50000, 0x29240000)
  eden space 11008K,  57% used [0x23cf0000, 0x2432b268, 0x247b0000)
  from space 1344K,  39% used [0x247b0000, 0x24833978, 0x24900000)
  to   space 1344K,   0% used [0x24900000, 0x24900000, 0x24a50000)
 tenured generation   total 27288K, used 22699K [0x29240000, 0x2ace6000, 0x33cf0000)
   the space 27288K,  83% used [0x29240000, 0x2a86ac08, 0x2a86ae00, 0x2ace6000)
 compacting perm gen  total 12288K, used 3603K [0x33cf0000, 0x348f0000, 0x37cf0000)
   the space 12288K,  29% used [0x33cf0000, 0x34074d20, 0x34074e00, 0x348f0000)
    ro space 10240K,  45% used [0x37cf0000, 0x38179b28, 0x38179c00, 0x386f0000)
    rw space 12288K,  54% used [0x386f0000, 0x38d7d0e8, 0x38d7d200, 0x392f0000)

Card table byte_map: [0x03ba0000,0x03c50000] byte_map_base: 0x03a81880

Polling page: 0x00250000

Code Cache  [0x01ba0000, 0x01df8000, 0x03ba0000)
 total_blobs=1277 nmethods=1008 adapters=203 free_code_cache=30382Kb largest_free_block=31111232

Compilation events (10 events):
Event: 190.880 Thread 0x0142b000 1009             org.jfree.chart.renderer.xy.AbstractXYItemRenderer::getURLGenerator (5 bytes)
Event: 190.881 Thread 0x0142b000 nmethod 1009 0x01df25c8 code [0x01df26c0, 0x01df2740]
Event: 190.881 Thread 0x0142b000 1010             org.jfree.chart.entity.XYItemEntity::<init> (26 bytes)
Event: 190.881 Thread 0x0142b000 nmethod 1010 0x01df2788 code [0x01df2890, 0x01df298c]
Event: 190.881 Thread 0x0142b000 1011             sun.dc.pr.Rasterizer::getTypicalAlpha (54 bytes)
Event: 190.881 Thread 0x0142b000 nmethod 1011 0x01df2a08 code [0x01df2b10, 0x01df2bec]
Event: 192.573 Thread 0x0142b000 1013             sun.font.FontDesignMetrics::stringWidth (154 bytes)
Event: 192.575 Thread 0x0142b000 nmethod 1013 0x01df2c88 code [0x01df2e50, 0x01df336c]
Event: 194.055 Thread 0x0142b000 1014             sun.java2d.SurfaceData::validatePipe (827 bytes)
Event: 194.056 Thread 0x0142b000 nmethod 1014 0x01df3a88 code [0x01df3c80, 0x01df4634]

GC Heap History (10 events):
Event: 193.690 GC heap before
{Heap before GC invocations=556 (full 3):
 def new generation   total 12352K, used 11543K [0x23cf0000, 0x24a50000, 0x29240000)
  eden space 11008K, 100% used [0x23cf0000, 0x247b0000, 0x247b0000)
  from space 1344K,  39% used [0x24900000, 0x24985ec8, 0x24a50000)
  to   space 1344K,   0% used [0x247b0000, 0x247b0000, 0x24900000)
 tenured generation   total 27288K, used 22561K [0x29240000, 0x2ace6000, 0x33cf0000)
   the space 27288K,  82% used [0x29240000, 0x2a848780, 0x2a848800, 0x2ace6000)
 compacting perm gen  total 12288K, used 3581K [0x33cf0000, 0x348f0000, 0x37cf0000)
   the space 12288K,  29% used [0x33cf0000, 0x3406f408, 0x3406f600, 0x348f0000)
    ro space 10240K,  45% used [0x37cf0000, 0x38179b28, 0x38179c00, 0x386f0000)
    rw space 12288K,  54% used [0x386f0000, 0x38d7d0e8, 0x38d7d200, 0x392f0000)
Event: 193.692 GC heap after
Heap after GC invocations=557 (full 3):
 def new generation   total 12352K, used 542K [0x23cf0000, 0x24a50000, 0x29240000)
  eden space 11008K,   0% used [0x23cf0000, 0x23cf0000, 0x247b0000)
  from space 1344K,  40% used [0x247b0000, 0x248378b8, 0x24900000)
  to   space 1344K,   0% used [0x24900000, 0x24900000, 0x24a50000)
 tenured generation   total 27288K, used 22582K [0x29240000, 0x2ace6000, 0x33cf0000)
   the space 27288K,  82% used [0x29240000, 0x2a84d8c0, 0x2a84da00, 0x2ace6000)
 compacting perm gen  total 12288K, used 3581K [0x33cf0000, 0x348f0000, 0x37cf0000)
   the space 12288K,  29% used [0x33cf0000, 0x3406f408, 0x3406f600, 0x348f0000)
    ro space 10240K,  45% used [0x37cf0000, 0x38179b28, 0x38179c00, 0x386f0000)
    rw space 12288K,  54% used [0x386f0000, 0x38d7d0e8, 0x38d7d200, 0x392f0000)
}
Event: 193.845 GC heap before
{Heap before GC invocations=557 (full 3):
 def new generation   total 12352K, used 11550K [0x23cf0000, 0x24a50000, 0x29240000)
  eden space 11008K, 100% used [0x23cf0000, 0x247b0000, 0x247b0000)
  from space 1344K,  40% used [0x247b0000, 0x248378b8, 0x24900000)
  to   space 1344K,   0% used [0x24900000, 0x24900000, 0x24a50000)
 tenured generation   total 27288K, used 22582K [0x29240000, 0x2ace6000, 0x33cf0000)
   the space 27288K,  82% used [0x29240000, 0x2a84d8c0, 0x2a84da00, 0x2ace6000)
 compacting perm gen  total 12288K, used 3581K [0x33cf0000, 0x348f0000, 0x37cf0000)
   the space 12288K,  29% used [0x33cf0000, 0x3406f408, 0x3406f600, 0x348f0000)
    ro space 10240K,  45% used [0x37cf0000, 0x38179b28, 0x38179c00, 0x386f0000)
    rw space 12288K,  54% used [0x386f0000, 0x38d7d0e8, 0x38d7d200, 0x392f0000)
Event: 193.846 GC heap after
Heap after GC invocations=558 (full 3):
 def new generation   total 12352K, used 540K [0x23cf0000, 0x24a50000, 0x29240000)
  eden space 11008K,   0% used [0x23cf0000, 0x23cf0000, 0x247b0000)
  from space 1344K,  40% used [0x24900000, 0x249872e0, 0x24a50000)
  to   space 1344K,   0% used [0x247b0000, 0x247b0000, 0x24900000)
 tenured generation   total 27288K, used 22608K [0x29240000, 0x2ace6000, 0x33cf0000)
   the space 27288K,  82% used [0x29240000, 0x2a854160, 0x2a854200, 0x2ace6000)
 compacting perm gen  total 12288K, used 3581K [0x33cf0000, 0x348f0000, 0x37cf0000)
   the space 12288K,  29% used [0x33cf0000, 0x3406f408, 0x3406f600, 0x348f0000)
    ro space 10240K,  45% used [0x37cf0000, 0x38179b28, 0x38179c00, 0x386f0000)
    rw space 12288K,  54% used [0x386f0000, 0x38d7d0e8, 0x38d7d200, 0x392f0000)
}
Event: 193.995 GC heap before
{Heap before GC invocations=558 (full 3):
 def new generation   total 12352K, used 11548K [0x23cf0000, 0x24a50000, 0x29240000)
  eden space 11008K, 100% used [0x23cf0000, 0x247b0000, 0x247b0000)
  from space 1344K,  40% used [0x24900000, 0x249872e0, 0x24a50000)
  to   space 1344K,   0% used [0x247b0000, 0x247b0000, 0x24900000)
 tenured generation   total 27288K, used 22608K [0x29240000, 0x2ace6000, 0x33cf0000)
   the space 27288K,  82% used [0x29240000, 0x2a854160, 0x2a854200, 0x2ace6000)
 compacting perm gen  total 12288K, used 3581K [0x33cf0000, 0x348f0000, 0x37cf0000)
   the space 12288K,  29% used [0x33cf0000, 0x3406f408, 0x3406f600, 0x348f0000)
    ro space 10240K,  45% used [0x37cf0000, 0x38179b28, 0x38179c00, 0x386f0000)
    rw space 12288K,  54% used [0x386f0000, 0x38d7d0e8, 0x38d7d200, 0x392f0000)
Event: 193.996 GC heap after
Heap after GC invocations=559 (full 3):
 def new generation   total 12352K, used 535K [0x23cf0000, 0x24a50000, 0x29240000)
  eden space 11008K,   0% used [0x23cf0000, 0x23cf0000, 0x247b0000)
  from space 1344K,  39% used [0x247b0000, 0x24835f08, 0x24900000)
  to   space 1344K,   0% used [0x24900000, 0x24900000, 0x24a50000)
 tenured generation   total 27288K, used 22638K [0x29240000, 0x2ace6000, 0x33cf0000)
   the space 27288K,  82% used [0x29240000, 0x2a85ba60, 0x2a85bc00, 0x2ace6000)
 compacting perm gen  total 12288K, used 3581K [0x33cf0000, 0x348f0000, 0x37cf0000)
   the space 12288K,  29% used [0x33cf0000, 0x3406f408, 0x3406f600, 0x348f0000)
    ro space 10240K,  45% used [0x37cf0000, 0x38179b28, 0x38179c00, 0x386f0000)
    rw space 12288K,  54% used [0x386f0000, 0x38d7d0e8, 0x38d7d200, 0x392f0000)
}
Event: 194.149 GC heap before
{Heap before GC invocations=559 (full 3):
 def new generation   total 12352K, used 11543K [0x23cf0000, 0x24a50000, 0x29240000)
  eden space 11008K, 100% used [0x23cf0000, 0x247b0000, 0x247b0000)
  from space 1344K,  39% used [0x247b0000, 0x24835f08, 0x24900000)
  to   space 1344K,   0% used [0x24900000, 0x24900000, 0x24a50000)
 tenured generation   total 27288K, used 22638K [0x29240000, 0x2ace6000, 0x33cf0000)
   the space 27288K,  82% used [0x29240000, 0x2a85ba60, 0x2a85bc00, 0x2ace6000)
 compacting perm gen  total 12288K, used 3581K [0x33cf0000, 0x348f0000, 0x37cf0000)
   the space 12288K,  29% used [0x33cf0000, 0x3406f418, 0x3406f600, 0x348f0000)
    ro space 10240K,  45% used [0x37cf0000, 0x38179b28, 0x38179c00, 0x386f0000)
    rw space 12288K,  54% used [0x386f0000, 0x38d7d0e8, 0x38d7d200, 0x392f0000)
Event: 194.150 GC heap after
Heap after GC invocations=560 (full 3):
 def new generation   total 12352K, used 521K [0x23cf0000, 0x24a50000, 0x29240000)
  eden space 11008K,   0% used [0x23cf0000, 0x23cf0000, 0x247b0000)
  from space 1344K,  38% used [0x24900000, 0x24982740, 0x24a50000)
  to   space 1344K,   0% used [0x247b0000, 0x247b0000, 0x24900000)
 tenured generation   total 27288K, used 22678K [0x29240000, 0x2ace6000, 0x33cf0000)
   the space 27288K,  83% used [0x29240000, 0x2a865918, 0x2a865a00, 0x2ace6000)
 compacting perm gen  total 12288K, used 3581K [0x33cf0000, 0x348f0000, 0x37cf0000)
   the space 12288K,  29% used [0x33cf0000, 0x3406f418, 0x3406f600, 0x348f0000)
    ro space 10240K,  45% used [0x37cf0000, 0x38179b28, 0x38179c00, 0x386f0000)
    rw space 12288K,  54% used [0x386f0000, 0x38d7d0e8, 0x38d7d200, 0x392f0000)
}
Event: 194.311 GC heap before
{Heap before GC invocations=560 (full 3):
 def new generation   total 12352K, used 11529K [0x23cf0000, 0x24a50000, 0x29240000)
  eden space 11008K, 100% used [0x23cf0000, 0x247b0000, 0x247b0000)
  from space 1344K,  38% used [0x24900000, 0x24982740, 0x24a50000)
  to   space 1344K,   0% used [0x247b0000, 0x247b0000, 0x24900000)
 tenured generation   total 27288K, used 22678K [0x29240000, 0x2ace6000, 0x33cf0000)
   the space 27288K,  83% used [0x29240000, 0x2a865918, 0x2a865a00, 0x2ace6000)
 compacting perm gen  total 12288K, used 3581K [0x33cf0000, 0x348f0000, 0x37cf0000)
   the space 12288K,  29% used [0x33cf0000, 0x3406f418, 0x3406f600, 0x348f0000)
    ro space 10240K,  45% used [0x37cf0000, 0x38179b28, 0x38179c00, 0x386f0000)
    rw space 12288K,  54% used [0x386f0000, 0x38d7d0e8, 0x38d7d200, 0x392f0000)
Event: 194.312 GC heap after
Heap after GC invocations=561 (full 3):
 def new generation   total 12352K, used 526K [0x23cf0000, 0x24a50000, 0x29240000)
  eden space 11008K,   0% used [0x23cf0000, 0x23cf0000, 0x247b0000)
  from space 1344K,  39% used [0x247b0000, 0x24833978, 0x24900000)
  to   space 1344K,   0% used [0x24900000, 0x24900000, 0x24a50000)
 tenured generation   total 27288K, used 22699K [0x29240000, 0x2ace6000, 0x33cf0000)
   the space 27288K,  83% used [0x29240000, 0x2a86ac08, 0x2a86ae00, 0x2ace6000)
 compacting perm gen  total 12288K, used 3581K [0x33cf0000, 0x348f0000, 0x37cf0000)
   the space 12288K,  29% used [0x33cf0000, 0x3406f418, 0x3406f600, 0x348f0000)
    ro space 10240K,  45% used [0x37cf0000, 0x38179b28, 0x38179c00, 0x386f0000)
    rw space 12288K,  54% used [0x386f0000, 0x38d7d0e8, 0x38d7d200, 0x392f0000)
}

Deoptimization events (0 events):
No events

Internal exceptions (10 events):
Event: 190.640 Thread 0x041d3000 Threw 0x241b99b0 at C:\jdk7u2_32P\jdk7u25\hotspot\src\share\vm\prims\jvm.cpp:1235
Event: 190.643 Thread 0x041d3000 Threw 0x241fae80 at C:\jdk7u2_32P\jdk7u25\hotspot\src\share\vm\prims\jvm.cpp:1235
Event: 190.648 Thread 0x041d3000 Threw 0x2426c468 at C:\jdk7u2_32P\jdk7u25\hotspot\src\share\vm\prims\jvm.cpp:1235
Event: 190.650 Thread 0x041d3000 Threw 0x24279068 at C:\jdk7u2_32P\jdk7u25\hotspot\src\share\vm\prims\jvm.cpp:1235
Event: 190.653 Thread 0x041d3000 Threw 0x242bb8f8 at C:\jdk7u2_32P\jdk7u25\hotspot\src\share\vm\prims\jvm.cpp:1235
Event: 190.694 Thread 0x041d3000 Threw 0x23ec5280 at C:\jdk7u2_32P\jdk7u25\hotspot\src\share\vm\prims\jvm.cpp:1235
Event: 190.720 Thread 0x041d3000 Threw 0x2403f100 at C:\jdk7u2_32P\jdk7u25\hotspot\src\share\vm\prims\jvm.cpp:1235
Event: 190.720 Thread 0x041d3000 Threw 0x24042790 at C:\jdk7u2_32P\jdk7u25\hotspot\src\share\vm\prims\jvm.cpp:1235
Event: 190.721 Thread 0x041d3000 Threw 0x24061038 at C:\jdk7u2_32P\jdk7u25\hotspot\src\share\vm\prims\jvm.cpp:1235
Event: 190.722 Thread 0x041d3000 Threw 0x24064c70 at C:\jdk7u2_32P\jdk7u25\hotspot\src\share\vm\prims\jvm.cpp:1235

Events (10 events):
Event: 194.149 Executing VM operation: GenCollectForAllocation
Event: 194.150 Executing VM operation: GenCollectForAllocation done
Event: 194.311 Executing VM operation: GenCollectForAllocation
Event: 194.312 Executing VM operation: GenCollectForAllocation done
Event: 194.393 Thread 0x05377400 Thread added: 0x05377400
Event: 194.393 Thread 0x05377800 Thread added: 0x05377800
Event: 194.393 Thread 0x05379000 Thread added: 0x05379000
Event: 194.393 Thread 0x05379000 Thread exited: 0x05379000
Event: 194.393 loading class 0x39312800
Event: 194.394 loading class 0x39312800 done


Dynamic libraries:
0x01250000 - 0x0127f000 	C:\Program Files\Java\jdk1.7.0_25\bin\javaw.exe
0x77810000 - 0x7794c000 	C:\Windows\SYSTEM32\ntdll.dll
0x77520000 - 0x775f4000 	C:\Windows\system32\kernel32.dll
0x75ab0000 - 0x75afb000 	C:\Windows\system32\KERNELBASE.dll
0x76d40000 - 0x76de0000 	C:\Windows\system32\ADVAPI32.dll
0x77460000 - 0x7750c000 	C:\Windows\system32\msvcrt.dll
0x77220000 - 0x77239000 	C:\Windows\SYSTEM32\sechost.dll
0x75bb0000 - 0x75c52000 	C:\Windows\system32\RPCRT4.dll
0x77300000 - 0x773c9000 	C:\Windows\system32\USER32.dll
0x76f70000 - 0x76fbe000 	C:\Windows\system32\GDI32.dll
0x77510000 - 0x7751a000 	C:\Windows\system32\LPK.dll
0x779a0000 - 0x77a3d000 	C:\Windows\system32\USP10.dll
0x74bf0000 - 0x74d8e000 	C:\Windows\WinSxS\x86_microsoft.windows.common-controls_6595b64144ccf1df_6.0.7601.17514_none_41e6975e2bd6f2b2\COMCTL32.dll
0x76fc0000 - 0x77017000 	C:\Windows\system32\SHLWAPI.dll
0x76de0000 - 0x76dff000 	C:\Windows\system32\IMM32.DLL
0x75eb0000 - 0x75f7c000 	C:\Windows\system32\MSCTF.dll
0x6d9e0000 - 0x6da9e000 	C:\Program Files\Java\jdk1.7.0_25\jre\bin\msvcr100.dll
0x65560000 - 0x658a2000 	C:\Program Files\Java\jdk1.7.0_25\jre\bin\client\jvm.dll
0x72d30000 - 0x72d37000 	C:\Windows\system32\WSOCK32.dll
0x77240000 - 0x77275000 	C:\Windows\system32\WS2_32.dll
0x76f60000 - 0x76f66000 	C:\Windows\system32\NSI.dll
0x74440000 - 0x74472000 	C:\Windows\system32\WINMM.dll
0x76d30000 - 0x76d35000 	C:\Windows\system32\PSAPI.DLL
0x73fa0000 - 0x73fac000 	C:\Program Files\Java\jdk1.7.0_25\jre\bin\verify.dll
0x73610000 - 0x73630000 	C:\Program Files\Java\jdk1.7.0_25\jre\bin\java.dll
0x73630000 - 0x73643000 	C:\Program Files\Java\jdk1.7.0_25\jre\bin\zip.dll
0x5d050000 - 0x5d194000 	C:\Program Files\Java\jdk1.7.0_25\jre\bin\awt.dll
0x75e20000 - 0x75eaf000 	C:\Windows\system32\OLEAUT32.dll
0x76bd0000 - 0x76d2c000 	C:\Windows\system32\ole32.dll
0x73e10000 - 0x73e50000 	C:\Windows\system32\uxtheme.dll
0x71db0000 - 0x71e4f000 	C:\ProgramData\Tencent\TSVulFw\TSVulFW.DAT
0x74960000 - 0x74969000 	C:\Windows\system32\VERSION.dll
0x75f80000 - 0x76bca000 	C:\Windows\system32\SHELL32.dll
0x73c00000 - 0x73c13000 	C:\Windows\system32\dwmapi.dll
0x757d0000 - 0x757dc000 	C:\Windows\system32\CRYPTBASE.dll
0x10000000 - 0x1000f000 	D:\Users\Leslie\AppData\Local\Youdao\Dict\5.4.43.3217\WordStrokeHelper32.dll
0x6ed20000 - 0x6ed51000 	C:\Program Files\Java\jdk1.7.0_25\jre\bin\fontmanager.dll
0x72980000 - 0x72994000 	C:\Program Files\Java\jdk1.7.0_25\jre\bin\net.dll
0x752a0000 - 0x752dc000 	C:\Windows\system32\mswsock.dll
0x75290000 - 0x75296000 	C:\Windows\System32\wship6.dll
0x73fb0000 - 0x73fbf000 	C:\Program Files\Java\jdk1.7.0_25\jre\bin\nio.dll
0x773d0000 - 0x77453000 	C:\Windows\system32\CLBCatQ.DLL
0x73980000 - 0x73ab0000 	C:\Windows\system32\WindowsCodecs.dll
0x75780000 - 0x757cc000 	C:\Windows\system32\apphelp.dll
0x05850000 - 0x05899000 	D:\Program Files\QvodPlayer\QvodExtend\5.0.91.0\QvodExtend.dll
0x75c60000 - 0x75e18000 	C:\Windows\system32\WININET.dll
0x758d0000 - 0x758d4000 	C:\Windows\system32\api-ms-win-downlevel-user32-l1-1-0.dll
0x75a70000 - 0x75a75000 	C:\Windows\system32\api-ms-win-downlevel-advapi32-l1-1-0.dll
0x758e0000 - 0x758e4000 	C:\Windows\system32\api-ms-win-downlevel-shlwapi-l1-1-0.dll
0x758f0000 - 0x758f4000 	C:\Windows\system32\api-ms-win-downlevel-version-l1-1-0.dll
0x75900000 - 0x75903000 	C:\Windows\system32\api-ms-win-downlevel-normaliz-l1-1-0.dll
0x77600000 - 0x77603000 	C:\Windows\system32\normaliz.DLL
0x77610000 - 0x77808000 	C:\Windows\system32\iertutil.dll
0x671d0000 - 0x67201000 	C:\Windows\system32\EhStorShell.dll
0x77020000 - 0x771bd000 	C:\Windows\system32\SETUPAPI.dll
0x75a80000 - 0x75aa7000 	C:\Windows\system32\CFGMGR32.dll
0x75b90000 - 0x75ba2000 	C:\Windows\system32\DEVOBJ.dll
0x73e80000 - 0x73f75000 	C:\Windows\system32\PROPSYS.dll
0x66130000 - 0x66536000 	C:\PROGRA~1\MICROS~4\Office14\GROOVEEX.DLL
0x746d0000 - 0x74773000 	C:\Windows\WinSxS\x86_microsoft.vc90.crt_1fc8b3b9a1e18e3b_9.0.30729.6161_none_50934f2ebcb7eb57\MSVCR90.dll
0x70c70000 - 0x70cfe000 	C:\Windows\WinSxS\x86_microsoft.vc90.crt_1fc8b3b9a1e18e3b_9.0.30729.6161_none_50934f2ebcb7eb57\MSVCP90.dll
0x671a0000 - 0x671cb000 	C:\Windows\WinSxS\x86_microsoft.vc90.atl_1fc8b3b9a1e18e3b_9.0.30729.6161_none_51cd0a7abbe4e19b\ATL90.DLL
0x66d80000 - 0x6719a000 	C:\PROGRA~1\COMMON~1\MICROS~1\OFFICE14\Cultures\office.odf
0x65920000 - 0x66130000 	C:\PROGRA~1\MICROS~4\Office14\2052\GrooveIntlResource.dll
0x66d10000 - 0x66d80000 	C:\Windows\system32\ntshrui.dll
0x755a0000 - 0x755b9000 	C:\Windows\system32\srvcli.dll
0x6f0a0000 - 0x6f0ab000 	C:\Windows\system32\cscapi.dll
0x73740000 - 0x7374a000 	C:\Windows\system32\slc.dll
0x6dc00000 - 0x6dc30000 	C:\Program Files\Java\jdk1.7.0_25\jre\bin\t2k.dll
0x06900000 - 0x0695f000 	D:\Users\Leslie\AppData\Local\Youdao\Dict\5.4.43.3217\TextExtractorImpl32.dll
0x73290000 - 0x732cc000 	C:\Windows\system32\OLEACC.dll
0x75300000 - 0x75316000 	C:\Windows\system32\CRYPTSP.dll
0x75080000 - 0x750bb000 	C:\Windows\system32\rsaenh.dll
0x747d0000 - 0x747e7000 	C:\Windows\system32\USERENV.dll
0x75850000 - 0x7585b000 	C:\Windows\system32\profapi.dll
0x73ad0000 - 0x73ae0000 	C:\Windows\system32\NLAapi.dll
0x724b0000 - 0x724c0000 	C:\Windows\system32\napinsp.dll
0x72470000 - 0x72482000 	C:\Windows\system32\pnrpnsp.dll
0x75160000 - 0x751a4000 	C:\Windows\system32\DNSAPI.dll
0x72460000 - 0x72468000 	C:\Windows\System32\winrnr.dll
0x72450000 - 0x7245d000 	C:\Windows\system32\wshbth.dll
0x72420000 - 0x72447000 	C:\Program Files\Common Files\Microsoft Shared\Windows Live\WLIDNSP.DLL
0x723f0000 - 0x72411000 	C:\Program Files\Bonjour\mdnsNSP.dll
0x74530000 - 0x7454c000 	C:\Windows\system32\Iphlpapi.DLL
0x74520000 - 0x74527000 	C:\Windows\system32\WINNSI.DLL
0x04880000 - 0x04897000 	C:\Program Files\Common Files\Thunder Network\NetMon\net_monitor2.0.2.9.dll
0x7c3a0000 - 0x7c41b000 	C:\Windows\system32\MSVCP71.dll
0x7c340000 - 0x7c396000 	C:\Windows\system32\MSVCR71.dll
0x74420000 - 0x74426000 	C:\Windows\System32\wshqos.dll
0x74410000 - 0x74415000 	C:\Windows\system32\wshtcpip.DLL
0x72300000 - 0x72306000 	C:\Windows\system32\rasadhlp.dll
0x70dd0000 - 0x70e08000 	C:\Windows\System32\fwpuclnt.dll
0x04ad0000 - 0x04b25000 	C:\Users\Leslie\AppData\Local\Temp\jna6482768115130687959.dll
0x5cab0000 - 0x5cccf000 	E:\workspace\android\MSCPROJECT\EEGAnalysis\edk.dll
0x53ef0000 - 0x540e2000 	E:\workspace\android\MSCPROJECT\EEGAnalysis\edk_utils.dll
0x6fa80000 - 0x6fae9000 	C:\Windows\system32\MSVCP100.dll
0x73ba0000 - 0x73ba9000 	C:\Windows\system32\HID.DLL
0x75a40000 - 0x75a6e000 	C:\Windows\system32\WINTRUST.dll
0x75920000 - 0x75a40000 	C:\Windows\system32\CRYPT32.dll
0x758c0000 - 0x758cc000 	C:\Windows\system32\MSASN1.dll
0x73250000 - 0x73274000 	C:\Program Files\Java\jdk1.7.0_25\jre\bin\dcpr.dll
0x72d50000 - 0x72e3b000 	C:\Windows\system32\dbghelp.dll

VM Arguments:
jvm_args: -Dfile.encoding=GBK 
java_command: com.lw.eeg.Main.EEGAnalysis
Launcher Type: SUN_STANDARD

Environment Variables:
JAVA_HOME=C:\Program Files\Java\jdk1.7.0_25
CLASSPATH=.;.;C:\PROGRA~1\JMF21~1.1E\lib\sound.jar;C:\PROGRA~1\JMF21~1.1E\lib\jmf.jar;C:\PROGRA~1\JMF21~1.1E\lib;
PATH=C:/Program Files/Java/jre7/bin/client;C:/Program Files/Java/jre7/bin;C:/Program Files/Java/jre7/lib/i386;C:\Windows\system32;C:\Windows\System32;C:\Program Files\Java\jdk1.7.0_25\bin;D:\Program Files\LaTex\miktex\bin\;E:\dvlTools\adt-bundle-windows-x86-20130522\eclipse;
USERNAME=Leslie
OS=Windows_NT
PROCESSOR_IDENTIFIER=x86 Family 6 Model 58 Stepping 9, GenuineIntel



---------------  S Y S T E M  ---------------

OS: Windows 7 Build 7601 Service Pack 1

CPU:total 4 (2 cores per cpu, 2 threads per core) family 6 model 58 stepping 9, cmov, cx8, fxsr, mmx, sse, sse2, sse3, ssse3, sse4.1, sse4.2, popcnt, avx, ht, tsc, tscinvbit, tscinv

Memory: 4k page, physical 3412076k(827292k free), swap 6822400k(2416576k free)

vm_info: Java HotSpot(TM) Client VM (23.25-b01) for windows-x86 JRE (1.7.0_25-b16), built on Jun 12 2013 20:29:09 by "java_re" with unknown MS VC++:1600

time: Sat Aug 31 23:42:34 2013
elapsed time: 194 seconds

