#
# A fatal error has been detected by the Java Runtime Environment:
#
#  EXCEPTION_ACCESS_VIOLATION (0xc0000005) at pc=0x65605ad9, pid=18688, tid=15508
#
# JRE version: 7.0_25-b16
# Java VM: Java HotSpot(TM) Client VM (23.25-b01 mixed mode, sharing windows-x86 )
# Problematic frame:
# V  [jvm.dll+0xa5ad9]
#
# Failed to write core dump. Minidumps are not enabled by default on client versions of Windows
#
# If you would like to submit a bug report, please visit:
#   http://bugreport.sun.com/bugreport/crash.jsp
#

---------------  T H R E A D  ---------------

Current thread (0x051a0800):  JavaThread "Thread-2" daemon [_thread_in_vm, id=15508, stack(0x059a0000,0x059f0000)]

siginfo: ExceptionCode=0xc0000005, reading address 0x00000000

Registers:
EAX=0x00000000, EBX=0x041d1901, ECX=0x00000000, EDX=0x00000000
ESP=0x059eea3c, EBP=0x059eea48, ESI=0x051a0800, EDI=0x041d19d8
EIP=0x65605ad9, EFLAGS=0x00010206

Top of Stack: (sp=0x059eea3c)
0x059eea3c:   059eeae0 00000000 041d19d8 059eecc8
0x059eea4c:   066442a8 051a0928 041d19d8 00000000
0x059eea5c:   06644220 059eead0 059eead8 00000020
0x059eea6c:   06644220 65563d83 051a0800 00000020
0x059eea7c:   059eeab0 65563d83 051a0800 00000020
0x059eea8c:   0664420c 059eeac4 65563d83 051a0800
0x059eea9c:   20a56ca4 00000002 051a0800 059eed00
0x059eeaac:   059eea9c 059eeac0 059ef3dc 20a56ca4 

Instructions: (pc=0x65605ad9)
0x65605ab9:   8e 09 00 33 f6 eb 02 8b f1 6a 06 56 e8 46 e3 f5
0x65605ac9:   ff 8b 7d 0c 83 c4 08 b3 01 85 ff 74 3d 8b 45 10
0x65605ad9:   8b 00 50 32 db e8 3d 8f f7 ff 83 c4 04 85 c0 74
0x65605ae9:   29 8b 0f 8b 49 04 8b 50 10 83 c1 08 39 44 0a f8 


Register to memory mapping:

EAX=0x00000000 is an unknown value
EBX=0x041d1901 is an unknown value
ECX=0x00000000 is an unknown value
EDX=0x00000000 is an unknown value
ESP=0x059eea3c is pointing into the stack for thread: 0x051a0800
EBP=0x059eea48 is pointing into the stack for thread: 0x051a0800
ESI=0x051a0800 is a thread
EDI=0x041d19d8 is an unknown value


Stack: [0x059a0000,0x059f0000],  sp=0x059eea3c,  free space=314k
Native frames: (J=compiled Java code, j=interpreted, Vv=VM code, C=native code)
V  [jvm.dll+0xa5ad9]
C  [jna694588973602354177.dll+0x42a8]  Java_com_sun_jna_Pointer__1getString+0x778
C  [jna694588973602354177.dll+0x4d2e]  Java_com_sun_jna_Function_invokeInt+0x2e
J  com.sun.jna.Function.invokeInt(I[Ljava/lang/Object;)I
J  com.sun.jna.Function.invoke([Ljava/lang/Object;Ljava/lang/Class;Z)Ljava/lang/Object;
V  [jvm.dll+0x124afa]
V  [jvm.dll+0x1d224e]
V  [jvm.dll+0x124caf]
V  [jvm.dll+0x124d17]
V  [jvm.dll+0xcf06f]
V  [jvm.dll+0x144447]
V  [jvm.dll+0x1445b0]
V  [jvm.dll+0x177bb9]
C  [msvcr100.dll+0x5c6de]  endthreadex+0x3a
C  [msvcr100.dll+0x5c788]  endthreadex+0xe4
C  [kernel32.dll+0x4ed6c]  BaseThreadInitThunk+0x12
C  [ntdll.dll+0x637eb]  RtlInitializeExceptionChain+0xef
C  [ntdll.dll+0x637be]  RtlInitializeExceptionChain+0xc2

Java frames: (J=compiled Java code, j=interpreted, Vv=VM code)
J  com.sun.jna.Function.invokeInt(I[Ljava/lang/Object;)I
J  com.sun.jna.Function.invoke([Ljava/lang/Object;Ljava/lang/Class;Z)Ljava/lang/Object;
J  com.sun.jna.Function.invoke(Ljava/lang/Class;[Ljava/lang/Object;Ljava/util/Map;)Ljava/lang/Object;
J  com.sun.jna.Library$Handler.invoke(Ljava/lang/Object;Ljava/lang/reflect/Method;[Ljava/lang/Object;)Ljava/lang/Object;
J  com.sun.proxy.$Proxy0.EE_DataGetNumberOfSample(Lcom/sun/jna/Pointer;Lcom/sun/jna/ptr/IntByReference;)I
J  com.lw.eeg.EEGLog.EEGLog$Thread_EEG.run()V
v  ~StubRoutines::call_stub

---------------  P R O C E S S  ---------------

Java Threads: ( => current thread )
  0x0413c800 JavaThread "Thread-0" daemon [_thread_in_native, id=20136, stack(0x06990000,0x069e0000)]
=>0x051a0800 JavaThread "Thread-2" daemon [_thread_in_vm, id=15508, stack(0x059a0000,0x059f0000)]
  0x0519fc00 JavaThread "TimerQueue" daemon [_thread_blocked, id=18764, stack(0x05920000,0x05970000)]
  0x0113b800 JavaThread "DestroyJavaVM" [_thread_blocked, id=19008, stack(0x01ad0000,0x01b20000)]
  0x04183000 JavaThread "AWT-EventQueue-0" [_thread_blocked, id=13600, stack(0x03ee0000,0x03f30000)]
  0x0416f400 JavaThread "AWT-Shutdown" [_thread_blocked, id=19472, stack(0x044f0000,0x04540000)]
  0x0416cc00 JavaThread "Java2D Disposer" daemon [_thread_blocked, id=14204, stack(0x043a0000,0x043f0000)]
  0x01c04000 JavaThread "Service Thread" daemon [_thread_blocked, id=18520, stack(0x042e0000,0x04330000)]
  0x01c02400 JavaThread "C1 CompilerThread0" daemon [_thread_blocked, id=16184, stack(0x03d00000,0x03d50000)]
  0x01bfa000 JavaThread "Attach Listener" daemon [_thread_blocked, id=18680, stack(0x04060000,0x040b0000)]
  0x01c1fc00 JavaThread "Signal Dispatcher" daemon [_thread_blocked, id=17272, stack(0x03f90000,0x03fe0000)]
  0x01bd7800 JavaThread "Finalizer" daemon [_thread_blocked, id=20176, stack(0x03f40000,0x03f90000)]
  0x01bd2c00 JavaThread "Reference Handler" daemon [_thread_blocked, id=18588, stack(0x03e60000,0x03eb0000)]

Other Threads:
  0x01bd1400 VMThread [stack: 0x03dc0000,0x03e10000] [id=16064]
  0x01c05000 WatcherThread [stack: 0x04010000,0x04060000] [id=20112]

VM state:not at safepoint (normal execution)

VM Mutex/Monitor currently owned by a thread: None

Heap
 def new generation   total 9216K, used 6048K [0x23cf0000, 0x246f0000, 0x29240000)
  eden space 8192K,  71% used [0x23cf0000, 0x242aa728, 0x244f0000)
  from space 1024K,  17% used [0x245f0000, 0x2461dcb8, 0x246f0000)
  to   space 1024K,   0% used [0x244f0000, 0x244f0000, 0x245f0000)
 tenured generation   total 20408K, used 14031K [0x29240000, 0x2a62e000, 0x33cf0000)
   the space 20408K,  68% used [0x29240000, 0x29ff3fa0, 0x29ff4000, 0x2a62e000)
 compacting perm gen  total 12288K, used 3590K [0x33cf0000, 0x348f0000, 0x37cf0000)
   the space 12288K,  29% used [0x33cf0000, 0x340719a8, 0x34071a00, 0x348f0000)
    ro space 10240K,  45% used [0x37cf0000, 0x38179b28, 0x38179c00, 0x386f0000)
    rw space 12288K,  54% used [0x386f0000, 0x38d7d0e8, 0x38d7d200, 0x392f0000)

Card table byte_map: [0x03c20000,0x03cd0000] byte_map_base: 0x03b01880

Polling page: 0x00240000

Code Cache  [0x01c20000, 0x01f38000, 0x03c20000)
 total_blobs=1770 nmethods=1501 adapters=203 free_code_cache=29628Kb largest_free_block=30338944

Compilation events (10 events):
Event: 12.407 Thread 0x01c02400 1502             java.awt.Rectangle::translate (197 bytes)
Event: 12.408 Thread 0x01c02400 nmethod 1502 0x01f2fc48 code [0x01f2fd40, 0x01f2fea0]
Event: 12.409 Thread 0x01c02400 1503             java.awt.geom.Rectangle2D$Double::<init> (15 bytes)
Event: 12.409 Thread 0x01c02400 nmethod 1503 0x01f2ff08 code [0x01f30000, 0x01f300a0]
Event: 12.455 Thread 0x01c02400 1504             org.jfree.chart.block.BlockBorder::getInsets (5 bytes)
Event: 12.456 Thread 0x01c02400 nmethod 1504 0x01f30108 code [0x01f30200, 0x01f30280]
Event: 12.673 Thread 0x01c02400 1505   !         sun.awt.AWTAutoShutdown::setToolkitBusy (124 bytes)
Event: 12.673 Thread 0x01c02400 nmethod 1505 0x01f302c8 code [0x01f30420, 0x01f3094c]
Event: 12.687 Thread 0x01c02400 1506             org.jfree.data.time.Second::peg (10 bytes)
Event: 12.687 Thread 0x01c02400 nmethod 1506 0x01f30e88 code [0x01f30f80, 0x01f3101c]

GC Heap History (10 events):
Event: 12.397 GC heap before
{Heap before GC invocations=169 (full 1):
 def new generation   total 9216K, used 8356K [0x23cf0000, 0x246f0000, 0x29240000)
  eden space 8192K, 100% used [0x23cf0000, 0x244f0000, 0x244f0000)
  from space 1024K,  16% used [0x244f0000, 0x245193d0, 0x245f0000)
  to   space 1024K,   0% used [0x245f0000, 0x245f0000, 0x246f0000)
 tenured generation   total 20408K, used 13995K [0x29240000, 0x2a62e000, 0x33cf0000)
   the space 20408K,  68% used [0x29240000, 0x29feae80, 0x29feb000, 0x2a62e000)
 compacting perm gen  total 12288K, used 3568K [0x33cf0000, 0x348f0000, 0x37cf0000)
   the space 12288K,  29% used [0x33cf0000, 0x3406c0c0, 0x3406c200, 0x348f0000)
    ro space 10240K,  45% used [0x37cf0000, 0x38179b28, 0x38179c00, 0x386f0000)
    rw space 12288K,  54% used [0x386f0000, 0x38d7d0e8, 0x38d7d200, 0x392f0000)
Event: 12.398 GC heap after
Heap after GC invocations=170 (full 1):
 def new generation   total 9216K, used 267K [0x23cf0000, 0x246f0000, 0x29240000)
  eden space 8192K,   0% used [0x23cf0000, 0x23cf0000, 0x244f0000)
  from space 1024K,  26% used [0x245f0000, 0x24632d98, 0x246f0000)
  to   space 1024K,   0% used [0x244f0000, 0x244f0000, 0x245f0000)
 tenured generation   total 20408K, used 14006K [0x29240000, 0x2a62e000, 0x33cf0000)
   the space 20408K,  68% used [0x29240000, 0x29fed840, 0x29feda00, 0x2a62e000)
 compacting perm gen  total 12288K, used 3568K [0x33cf0000, 0x348f0000, 0x37cf0000)
   the space 12288K,  29% used [0x33cf0000, 0x3406c0c0, 0x3406c200, 0x348f0000)
    ro space 10240K,  45% used [0x37cf0000, 0x38179b28, 0x38179c00, 0x386f0000)
    rw space 12288K,  54% used [0x386f0000, 0x38d7d0e8, 0x38d7d200, 0x392f0000)
}
Event: 12.451 GC heap before
{Heap before GC invocations=170 (full 1):
 def new generation   total 9216K, used 8459K [0x23cf0000, 0x246f0000, 0x29240000)
  eden space 8192K, 100% used [0x23cf0000, 0x244f0000, 0x244f0000)
  from space 1024K,  26% used [0x245f0000, 0x24632d98, 0x246f0000)
  to   space 1024K,   0% used [0x244f0000, 0x244f0000, 0x245f0000)
 tenured generation   total 20408K, used 14006K [0x29240000, 0x2a62e000, 0x33cf0000)
   the space 20408K,  68% used [0x29240000, 0x29fed840, 0x29feda00, 0x2a62e000)
 compacting perm gen  total 12288K, used 3568K [0x33cf0000, 0x348f0000, 0x37cf0000)
   the space 12288K,  29% used [0x33cf0000, 0x3406c0c0, 0x3406c200, 0x348f0000)
    ro space 10240K,  45% used [0x37cf0000, 0x38179b28, 0x38179c00, 0x386f0000)
    rw space 12288K,  54% used [0x386f0000, 0x38d7d0e8, 0x38d7d200, 0x392f0000)
Event: 12.453 GC heap after
Heap after GC invocations=171 (full 1):
 def new generation   total 9216K, used 355K [0x23cf0000, 0x246f0000, 0x29240000)
  eden space 8192K,   0% used [0x23cf0000, 0x23cf0000, 0x244f0000)
  from space 1024K,  34% used [0x244f0000, 0x24548fc0, 0x245f0000)
  to   space 1024K,   0% used [0x245f0000, 0x245f0000, 0x246f0000)
 tenured generation   total 20408K, used 14011K [0x29240000, 0x2a62e000, 0x33cf0000)
   the space 20408K,  68% used [0x29240000, 0x29feec38, 0x29feee00, 0x2a62e000)
 compacting perm gen  total 12288K, used 3568K [0x33cf0000, 0x348f0000, 0x37cf0000)
   the space 12288K,  29% used [0x33cf0000, 0x3406c0c0, 0x3406c200, 0x348f0000)
    ro space 10240K,  45% used [0x37cf0000, 0x38179b28, 0x38179c00, 0x386f0000)
    rw space 12288K,  54% used [0x386f0000, 0x38d7d0e8, 0x38d7d200, 0x392f0000)
}
Event: 12.517 GC heap before
{Heap before GC invocations=171 (full 1):
 def new generation   total 9216K, used 8547K [0x23cf0000, 0x246f0000, 0x29240000)
  eden space 8192K, 100% used [0x23cf0000, 0x244f0000, 0x244f0000)
  from space 1024K,  34% used [0x244f0000, 0x24548fc0, 0x245f0000)
  to   space 1024K,   0% used [0x245f0000, 0x245f0000, 0x246f0000)
 tenured generation   total 20408K, used 14011K [0x29240000, 0x2a62e000, 0x33cf0000)
   the space 20408K,  68% used [0x29240000, 0x29feec38, 0x29feee00, 0x2a62e000)
 compacting perm gen  total 12288K, used 3568K [0x33cf0000, 0x348f0000, 0x37cf0000)
   the space 12288K,  29% used [0x33cf0000, 0x3406c0c0, 0x3406c200, 0x348f0000)
    ro space 10240K,  45% used [0x37cf0000, 0x38179b28, 0x38179c00, 0x386f0000)
    rw space 12288K,  54% used [0x386f0000, 0x38d7d0e8, 0x38d7d200, 0x392f0000)
Event: 12.517 GC heap after
Heap after GC invocations=172 (full 1):
 def new generation   total 9216K, used 172K [0x23cf0000, 0x246f0000, 0x29240000)
  eden space 8192K,   0% used [0x23cf0000, 0x23cf0000, 0x244f0000)
  from space 1024K,  16% used [0x245f0000, 0x2461b3b0, 0x246f0000)
  to   space 1024K,   0% used [0x244f0000, 0x244f0000, 0x245f0000)
 tenured generation   total 20408K, used 14021K [0x29240000, 0x2a62e000, 0x33cf0000)
   the space 20408K,  68% used [0x29240000, 0x29ff15f8, 0x29ff1600, 0x2a62e000)
 compacting perm gen  total 12288K, used 3568K [0x33cf0000, 0x348f0000, 0x37cf0000)
   the space 12288K,  29% used [0x33cf0000, 0x3406c0c0, 0x3406c200, 0x348f0000)
    ro space 10240K,  45% used [0x37cf0000, 0x38179b28, 0x38179c00, 0x386f0000)
    rw space 12288K,  54% used [0x386f0000, 0x38d7d0e8, 0x38d7d200, 0x392f0000)
}
Event: 12.570 GC heap before
{Heap before GC invocations=172 (full 1):
 def new generation   total 9216K, used 8364K [0x23cf0000, 0x246f0000, 0x29240000)
  eden space 8192K, 100% used [0x23cf0000, 0x244f0000, 0x244f0000)
  from space 1024K,  16% used [0x245f0000, 0x2461b3b0, 0x246f0000)
  to   space 1024K,   0% used [0x244f0000, 0x244f0000, 0x245f0000)
 tenured generation   total 20408K, used 14021K [0x29240000, 0x2a62e000, 0x33cf0000)
   the space 20408K,  68% used [0x29240000, 0x29ff15f8, 0x29ff1600, 0x2a62e000)
 compacting perm gen  total 12288K, used 3568K [0x33cf0000, 0x348f0000, 0x37cf0000)
   the space 12288K,  29% used [0x33cf0000, 0x3406c0c0, 0x3406c200, 0x348f0000)
    ro space 10240K,  45% used [0x37cf0000, 0x38179b28, 0x38179c00, 0x386f0000)
    rw space 12288K,  54% used [0x386f0000, 0x38d7d0e8, 0x38d7d200, 0x392f0000)
Event: 12.571 GC heap after
Heap after GC invocations=173 (full 1):
 def new generation   total 9216K, used 264K [0x23cf0000, 0x246f0000, 0x29240000)
  eden space 8192K,   0% used [0x23cf0000, 0x23cf0000, 0x244f0000)
  from space 1024K,  25% used [0x244f0000, 0x24532198, 0x245f0000)
  to   space 1024K,   0% used [0x245f0000, 0x245f0000, 0x246f0000)
 tenured generation   total 20408K, used 14021K [0x29240000, 0x2a62e000, 0x33cf0000)
   the space 20408K,  68% used [0x29240000, 0x29ff15f8, 0x29ff1600, 0x2a62e000)
 compacting perm gen  total 12288K, used 3568K [0x33cf0000, 0x348f0000, 0x37cf0000)
   the space 12288K,  29% used [0x33cf0000, 0x3406c0c0, 0x3406c200, 0x348f0000)
    ro space 10240K,  45% used [0x37cf0000, 0x38179b28, 0x38179c00, 0x386f0000)
    rw space 12288K,  54% used [0x386f0000, 0x38d7d0e8, 0x38d7d200, 0x392f0000)
}
Event: 12.640 GC heap before
{Heap before GC invocations=173 (full 1):
 def new generation   total 9216K, used 8456K [0x23cf0000, 0x246f0000, 0x29240000)
  eden space 8192K, 100% used [0x23cf0000, 0x244f0000, 0x244f0000)
  from space 1024K,  25% used [0x244f0000, 0x24532198, 0x245f0000)
  to   space 1024K,   0% used [0x245f0000, 0x245f0000, 0x246f0000)
 tenured generation   total 20408K, used 14021K [0x29240000, 0x2a62e000, 0x33cf0000)
   the space 20408K,  68% used [0x29240000, 0x29ff15f8, 0x29ff1600, 0x2a62e000)
 compacting perm gen  total 12288K, used 3568K [0x33cf0000, 0x348f0000, 0x37cf0000)
   the space 12288K,  29% used [0x33cf0000, 0x3406c0c0, 0x3406c200, 0x348f0000)
    ro space 10240K,  45% used [0x37cf0000, 0x38179b28, 0x38179c00, 0x386f0000)
    rw space 12288K,  54% used [0x386f0000, 0x38d7d0e8, 0x38d7d200, 0x392f0000)
Event: 12.641 GC heap after
Heap after GC invocations=174 (full 1):
 def new generation   total 9216K, used 183K [0x23cf0000, 0x246f0000, 0x29240000)
  eden space 8192K,   0% used [0x23cf0000, 0x23cf0000, 0x244f0000)
  from space 1024K,  17% used [0x245f0000, 0x2461dcb8, 0x246f0000)
  to   space 1024K,   0% used [0x244f0000, 0x244f0000, 0x245f0000)
 tenured generation   total 20408K, used 14031K [0x29240000, 0x2a62e000, 0x33cf0000)
   the space 20408K,  68% used [0x29240000, 0x29ff3fa0, 0x29ff4000, 0x2a62e000)
 compacting perm gen  total 12288K, used 3568K [0x33cf0000, 0x348f0000, 0x37cf0000)
   the space 12288K,  29% used [0x33cf0000, 0x3406c0c0, 0x3406c200, 0x348f0000)
    ro space 10240K,  45% used [0x37cf0000, 0x38179b28, 0x38179c00, 0x386f0000)
    rw space 12288K,  54% used [0x386f0000, 0x38d7d0e8, 0x38d7d200, 0x392f0000)
}

Deoptimization events (0 events):
No events

Internal exceptions (10 events):
Event: 2.182 Thread 0x04183000 Threw 0x24096110 at C:\jdk7u2_32P\jdk7u25\hotspot\src\share\vm\prims\jvm.cpp:1235
Event: 2.183 Thread 0x04183000 Threw 0x24099b28 at C:\jdk7u2_32P\jdk7u25\hotspot\src\share\vm\prims\jvm.cpp:1235
Event: 2.188 Thread 0x04183000 Threw 0x240d8160 at C:\jdk7u2_32P\jdk7u25\hotspot\src\share\vm\prims\jvm.cpp:1235
Event: 2.190 Thread 0x04183000 Threw 0x240f9a00 at C:\jdk7u2_32P\jdk7u25\hotspot\src\share\vm\prims\jvm.cpp:1235
Event: 2.191 Thread 0x04183000 Threw 0x240fe728 at C:\jdk7u2_32P\jdk7u25\hotspot\src\share\vm\prims\jvm.cpp:1235
Event: 2.257 Thread 0x04183000 Threw 0x23ea8400 at C:\jdk7u2_32P\jdk7u25\hotspot\src\share\vm\prims\jvm.cpp:1235
Event: 2.283 Thread 0x04183000 Threw 0x23ecb018 at C:\jdk7u2_32P\jdk7u25\hotspot\src\share\vm\prims\jvm.cpp:1235
Event: 2.284 Thread 0x04183000 Threw 0x23ece670 at C:\jdk7u2_32P\jdk7u25\hotspot\src\share\vm\prims\jvm.cpp:1235
Event: 2.285 Thread 0x04183000 Threw 0x24052a00 at C:\jdk7u2_32P\jdk7u25\hotspot\src\share\vm\prims\jvm.cpp:1235
Event: 2.285 Thread 0x04183000 Threw 0x24056588 at C:\jdk7u2_32P\jdk7u25\hotspot\src\share\vm\prims\jvm.cpp:1235

Events (10 events):
Event: 12.570 Executing VM operation: GenCollectForAllocation
Event: 12.571 Executing VM operation: GenCollectForAllocation done
Event: 12.640 Executing VM operation: GenCollectForAllocation
Event: 12.641 Executing VM operation: GenCollectForAllocation done
Event: 12.689 Thread 0x0413bc00 Thread added: 0x0413bc00
Event: 12.689 Thread 0x0413c000 Thread added: 0x0413c000
Event: 12.689 Thread 0x0413bc00 Thread exited: 0x0413bc00
Event: 12.689 Thread 0x0413c800 Thread added: 0x0413c800
Event: 12.690 loading class 0x39312800
Event: 12.690 loading class 0x39312800 done


Dynamic libraries:
0x01250000 - 0x0127f000 	C:\Program Files\Java\jdk1.7.0_25\bin\javaw.exe
0x77810000 - 0x7794c000 	C:\Windows\SYSTEM32\ntdll.dll
0x77520000 - 0x775f4000 	C:\Windows\system32\kernel32.dll
0x75ab0000 - 0x75afb000 	C:\Windows\system32\KERNELBASE.dll
0x76d40000 - 0x76de0000 	C:\Windows\system32\ADVAPI32.dll
0x77460000 - 0x7750c000 	C:\Windows\system32\msvcrt.dll
0x77220000 - 0x77239000 	C:\Windows\SYSTEM32\sechost.dll
0x75bb0000 - 0x75c52000 	C:\Windows\system32\RPCRT4.dll
0x77300000 - 0x773c9000 	C:\Windows\system32\USER32.dll
0x76f70000 - 0x76fbe000 	C:\Windows\system32\GDI32.dll
0x77510000 - 0x7751a000 	C:\Windows\system32\LPK.dll
0x779a0000 - 0x77a3d000 	C:\Windows\system32\USP10.dll
0x74bf0000 - 0x74d8e000 	C:\Windows\WinSxS\x86_microsoft.windows.common-controls_6595b64144ccf1df_6.0.7601.17514_none_41e6975e2bd6f2b2\COMCTL32.dll
0x76fc0000 - 0x77017000 	C:\Windows\system32\SHLWAPI.dll
0x76de0000 - 0x76dff000 	C:\Windows\system32\IMM32.DLL
0x75eb0000 - 0x75f7c000 	C:\Windows\system32\MSCTF.dll
0x6d9e0000 - 0x6da9e000 	C:\Program Files\Java\jdk1.7.0_25\jre\bin\msvcr100.dll
0x65560000 - 0x658a2000 	C:\Program Files\Java\jdk1.7.0_25\jre\bin\client\jvm.dll
0x72d30000 - 0x72d37000 	C:\Windows\system32\WSOCK32.dll
0x77240000 - 0x77275000 	C:\Windows\system32\WS2_32.dll
0x76f60000 - 0x76f66000 	C:\Windows\system32\NSI.dll
0x74440000 - 0x74472000 	C:\Windows\system32\WINMM.dll
0x76d30000 - 0x76d35000 	C:\Windows\system32\PSAPI.DLL
0x73fa0000 - 0x73fac000 	C:\Program Files\Java\jdk1.7.0_25\jre\bin\verify.dll
0x73610000 - 0x73630000 	C:\Program Files\Java\jdk1.7.0_25\jre\bin\java.dll
0x73630000 - 0x73643000 	C:\Program Files\Java\jdk1.7.0_25\jre\bin\zip.dll
0x5cb80000 - 0x5ccc4000 	C:\Program Files\Java\jdk1.7.0_25\jre\bin\awt.dll
0x75e20000 - 0x75eaf000 	C:\Windows\system32\OLEAUT32.dll
0x76bd0000 - 0x76d2c000 	C:\Windows\system32\ole32.dll
0x73e10000 - 0x73e50000 	C:\Windows\system32\uxtheme.dll
0x71db0000 - 0x71e4f000 	C:\ProgramData\Tencent\TSVulFw\TSVulFW.DAT
0x74960000 - 0x74969000 	C:\Windows\system32\VERSION.dll
0x75f80000 - 0x76bca000 	C:\Windows\system32\SHELL32.dll
0x73c00000 - 0x73c13000 	C:\Windows\system32\dwmapi.dll
0x757d0000 - 0x757dc000 	C:\Windows\system32\CRYPTBASE.dll
0x10000000 - 0x1000f000 	D:\Users\Leslie\AppData\Local\Youdao\Dict\5.4.43.3217\WordStrokeHelper32.dll
0x72500000 - 0x72531000 	C:\Program Files\Java\jdk1.7.0_25\jre\bin\fontmanager.dll
0x72980000 - 0x72994000 	C:\Program Files\Java\jdk1.7.0_25\jre\bin\net.dll
0x752a0000 - 0x752dc000 	C:\Windows\system32\mswsock.dll
0x75290000 - 0x75296000 	C:\Windows\System32\wship6.dll
0x73fb0000 - 0x73fbf000 	C:\Program Files\Java\jdk1.7.0_25\jre\bin\nio.dll
0x73250000 - 0x73280000 	C:\Program Files\Java\jdk1.7.0_25\jre\bin\t2k.dll
0x773d0000 - 0x77453000 	C:\Windows\system32\CLBCatQ.DLL
0x75300000 - 0x75316000 	C:\Windows\system32\CRYPTSP.dll
0x75080000 - 0x750bb000 	C:\Windows\system32\rsaenh.dll
0x747d0000 - 0x747e7000 	C:\Windows\system32\USERENV.dll
0x75850000 - 0x7585b000 	C:\Windows\system32\profapi.dll
0x73ad0000 - 0x73ae0000 	C:\Windows\system32\NLAapi.dll
0x724b0000 - 0x724c0000 	C:\Windows\system32\napinsp.dll
0x72470000 - 0x72482000 	C:\Windows\system32\pnrpnsp.dll
0x75160000 - 0x751a4000 	C:\Windows\system32\DNSAPI.dll
0x72460000 - 0x72468000 	C:\Windows\System32\winrnr.dll
0x72450000 - 0x7245d000 	C:\Windows\system32\wshbth.dll
0x72420000 - 0x72447000 	C:\Program Files\Common Files\Microsoft Shared\Windows Live\WLIDNSP.DLL
0x723f0000 - 0x72411000 	C:\Program Files\Bonjour\mdnsNSP.dll
0x74530000 - 0x7454c000 	C:\Windows\system32\Iphlpapi.DLL
0x74520000 - 0x74527000 	C:\Windows\system32\WINNSI.DLL
0x04fe0000 - 0x04ff7000 	C:\Program Files\Common Files\Thunder Network\NetMon\net_monitor2.0.2.9.dll
0x7c3a0000 - 0x7c41b000 	C:\Windows\system32\MSVCP71.dll
0x7c340000 - 0x7c396000 	C:\Windows\system32\MSVCR71.dll
0x74420000 - 0x74426000 	C:\Windows\System32\wshqos.dll
0x74410000 - 0x74415000 	C:\Windows\system32\wshtcpip.DLL
0x72300000 - 0x72306000 	C:\Windows\system32\rasadhlp.dll
0x70dd0000 - 0x70e08000 	C:\Windows\System32\fwpuclnt.dll
0x06640000 - 0x06695000 	C:\Users\Leslie\AppData\Local\Temp\jna694588973602354177.dll
0x54260000 - 0x5447f000 	E:\workspace\android\MSCPROJECT\EEGAnalysis\edk.dll
0x53ef0000 - 0x540e2000 	E:\workspace\android\MSCPROJECT\EEGAnalysis\edk_utils.dll
0x6fa80000 - 0x6fae9000 	C:\Windows\system32\MSVCP100.dll
0x77020000 - 0x771bd000 	C:\Windows\system32\SETUPAPI.dll
0x75a80000 - 0x75aa7000 	C:\Windows\system32\CFGMGR32.dll
0x75b90000 - 0x75ba2000 	C:\Windows\system32\DEVOBJ.dll
0x73ba0000 - 0x73ba9000 	C:\Windows\system32\HID.DLL
0x75a40000 - 0x75a6e000 	C:\Windows\system32\WINTRUST.dll
0x75920000 - 0x75a40000 	C:\Windows\system32\CRYPT32.dll
0x758c0000 - 0x758cc000 	C:\Windows\system32\MSASN1.dll
0x066a0000 - 0x066ff000 	D:\Users\Leslie\AppData\Local\Youdao\Dict\5.4.43.3217\TextExtractorImpl32.dll
0x73290000 - 0x732cc000 	C:\Windows\system32\OLEACC.dll
0x71f50000 - 0x71f74000 	C:\Program Files\Java\jdk1.7.0_25\jre\bin\dcpr.dll
0x72d50000 - 0x72e3b000 	C:\Windows\system32\dbghelp.dll
0x75780000 - 0x757cc000 	C:\Windows\system32\apphelp.dll

VM Arguments:
jvm_args: -Dfile.encoding=GBK 
java_command: com.lw.eeg.Main.EEGAnalysis
Launcher Type: SUN_STANDARD

Environment Variables:
JAVA_HOME=C:\Program Files\Java\jdk1.7.0_25
CLASSPATH=.;.;C:\PROGRA~1\JMF21~1.1E\lib\sound.jar;C:\PROGRA~1\JMF21~1.1E\lib\jmf.jar;C:\PROGRA~1\JMF21~1.1E\lib;
PATH=C:/Program Files/Java/jre7/bin/client;C:/Program Files/Java/jre7/bin;C:/Program Files/Java/jre7/lib/i386;C:\Windows\system32;C:\Windows\System32;C:\Program Files\Java\jdk1.7.0_25\bin;D:\Program Files\LaTex\miktex\bin\;E:\dvlTools\adt-bundle-windows-x86-20130522\eclipse;
USERNAME=Leslie
OS=Windows_NT
PROCESSOR_IDENTIFIER=x86 Family 6 Model 58 Stepping 9, GenuineIntel



---------------  S Y S T E M  ---------------

OS: Windows 7 Build 7601 Service Pack 1

CPU:total 4 (2 cores per cpu, 2 threads per core) family 6 model 58 stepping 9, cmov, cx8, fxsr, mmx, sse, sse2, sse3, ssse3, sse4.1, sse4.2, popcnt, avx, ht, tsc, tscinvbit, tscinv

Memory: 4k page, physical 3412076k(882180k free), swap 6822400k(2928400k free)

vm_info: Java HotSpot(TM) Client VM (23.25-b01) for windows-x86 JRE (1.7.0_25-b16), built on Jun 12 2013 20:29:09 by "java_re" with unknown MS VC++:1600

time: Sat Aug 31 21:37:07 2013
elapsed time: 12 seconds

