#
# A fatal error has been detected by the Java Runtime Environment:
#
#  EXCEPTION_ACCESS_VIOLATION (0xc0000005) at pc=0x52a15ad9, pid=6948, tid=13096
#
# JRE version: 7.0_25-b16
# Java VM: Java HotSpot(TM) Client VM (23.25-b01 mixed mode, sharing windows-x86 )
# Problematic frame:
# V  [jvm.dll+0xa5ad9]
#
# Failed to write core dump. Minidumps are not enabled by default on client versions of Windows
#
# If you would like to submit a bug report, please visit:
#   http://bugreport.sun.com/bugreport/crash.jsp
#

---------------  T H R E A D  ---------------

Current thread (0x0411a400):  JavaThread "Thread-0" daemon [_thread_in_vm, id=13096, stack(0x04410000,0x04460000)]

siginfo: ExceptionCode=0xc0000005, reading address 0x00000000

Registers:
EAX=0x00000000, EBX=0x00e64501, ECX=0x00000000, EDX=0x00000000
ESP=0x0445ed0c, EBP=0x0445ed18, ESI=0x0411a400, EDI=0x00e645a0
EIP=0x52a15ad9, EFLAGS=0x00010206

Top of Stack: (sp=0x0445ed0c)
0x0445ed0c:   0445eda0 00000000 00e645a0 0445ef88
0x0445ed1c:   03cf42a8 0411a528 00e645a0 00000000
0x0445ed2c:   0445ed40 0445ed60 0445ed54 00000020
0x0445ed3c:   03cf4220 52973d83 0411a400 33ff003e
0x0445ed4c:   00000000 0445ed84 52973d83 00000020
0x0445ed5c:   03cf420c 00000001 0411a400 0445efc0
0x0445ed6c:   0445ed5c 0445ed80 0445f64c 33ff00ca
0x0445ed7c:   03cf41ee fffffffe 0445ed98 52a15dad 

Instructions: (pc=0x52a15ad9)
0x52a15ab9:   8e 09 00 33 f6 eb 02 8b f1 6a 06 56 e8 46 e3 f5
0x52a15ac9:   ff 8b 7d 0c 83 c4 08 b3 01 85 ff 74 3d 8b 45 10
0x52a15ad9:   8b 00 50 32 db e8 3d 8f f7 ff 83 c4 04 85 c0 74
0x52a15ae9:   29 8b 0f 8b 49 04 8b 50 10 83 c1 08 39 44 0a f8 


Register to memory mapping:

EAX=0x00000000 is an unknown value
EBX=0x00e64501 is an unknown value
ECX=0x00000000 is an unknown value
EDX=0x00000000 is an unknown value
ESP=0x0445ed0c is pointing into the stack for thread: 0x0411a400
EBP=0x0445ed18 is pointing into the stack for thread: 0x0411a400
ESI=0x0411a400 is a thread
EDI=0x00e645a0 is an unknown value


Stack: [0x04410000,0x04460000],  sp=0x0445ed0c,  free space=315k
Native frames: (J=compiled Java code, j=interpreted, Vv=VM code, C=native code)
V  [jvm.dll+0xa5ad9]
C  0x03cf42a8
C  0x03cf4d2e
J  com.sun.jna.Function.invokeInt(I[Ljava/lang/Object;)I
J  com.sun.jna.Function.invoke([Ljava/lang/Object;Ljava/lang/Class;Z)Ljava/lang/Object;
V  [jvm.dll+0x124afa]
V  [jvm.dll+0x1d224e]
V  [jvm.dll+0x124caf]
V  [jvm.dll+0x124d17]
V  [jvm.dll+0xcf06f]
V  [jvm.dll+0x144447]
V  [jvm.dll+0x1445b0]
V  [jvm.dll+0x177bb9]
C  [msvcr100.dll+0x5c6de]  endthreadex+0x3a
C  [msvcr100.dll+0x5c788]  endthreadex+0xe4
C  [kernel32.dll+0x4ed6c]  BaseThreadInitThunk+0x12
C  [ntdll.dll+0x637eb]  RtlInitializeExceptionChain+0xef
C  [ntdll.dll+0x637be]  RtlInitializeExceptionChain+0xc2

Java frames: (J=compiled Java code, j=interpreted, Vv=VM code)
J  com.sun.jna.Function.invokeInt(I[Ljava/lang/Object;)I
J  com.sun.jna.Function.invoke([Ljava/lang/Object;Ljava/lang/Class;Z)Ljava/lang/Object;
J  com.sun.jna.Function.invoke(Ljava/lang/Class;[Ljava/lang/Object;Ljava/util/Map;)Ljava/lang/Object;
J  com.sun.jna.Library$Handler.invoke(Ljava/lang/Object;Ljava/lang/reflect/Method;[Ljava/lang/Object;)Ljava/lang/Object;
J  com.sun.proxy.$Proxy0.EE_EngineGetNextEvent(Lcom/sun/jna/Pointer;)I
J  com.lw.eeg.EEGLog.EEGLog$Thread_EEG.run()V
v  ~StubRoutines::call_stub

---------------  P R O C E S S  ---------------

Java Threads: ( => current thread )
  0x00eeb400 JavaThread "DestroyJavaVM" [_thread_blocked, id=14288, stack(0x00d40000,0x00d90000)]
=>0x0411a400 JavaThread "Thread-0" daemon [_thread_in_vm, id=13096, stack(0x04410000,0x04460000)]
  0x00e6f000 JavaThread "Service Thread" daemon [_thread_blocked, id=14016, stack(0x03e00000,0x03e50000)]
  0x00e69c00 JavaThread "C1 CompilerThread0" daemon [_thread_blocked, id=10752, stack(0x040a0000,0x040f0000)]
  0x00e68c00 JavaThread "Attach Listener" daemon [_thread_blocked, id=10632, stack(0x04000000,0x04050000)]
  0x00e8f800 JavaThread "Signal Dispatcher" daemon [_thread_blocked, id=11352, stack(0x03f60000,0x03fb0000)]
  0x00e47400 JavaThread "Finalizer" daemon [_thread_blocked, id=5000, stack(0x03f10000,0x03f60000)]
  0x00e42800 JavaThread "Reference Handler" daemon [_thread_blocked, id=7752, stack(0x03d50000,0x03da0000)]

Other Threads:
  0x00e41400 VMThread [stack: 0x03e80000,0x03ed0000] [id=12616]
  0x04108c00 WatcherThread [stack: 0x04390000,0x043e0000] [id=5400]

VM state:not at safepoint (normal execution)

VM Mutex/Monitor currently owned by a thread: None

Heap
 def new generation   total 78656K, used 75264K [0x23cf0000, 0x29240000, 0x29240000)
  eden space 69952K, 100% used [0x23cf0000, 0x28140000, 0x28140000)
  from space 8704K,  61% used [0x28140000, 0x28670208, 0x289c0000)
  to   space 8704K,   0% used [0x289c0000, 0x289c0000, 0x29240000)
 tenured generation   total 174784K, used 174783K [0x29240000, 0x33cf0000, 0x33cf0000)
   the space 174784K,  99% used [0x29240000, 0x33ceffe8, 0x33cf0000, 0x33cf0000)
 compacting perm gen  total 12288K, used 1542K [0x33cf0000, 0x348f0000, 0x37cf0000)
   the space 12288K,  12% used [0x33cf0000, 0x33e71a38, 0x33e71c00, 0x348f0000)
    ro space 10240K,  45% used [0x37cf0000, 0x38179b28, 0x38179c00, 0x386f0000)
    rw space 12288K,  54% used [0x386f0000, 0x38d7d0e8, 0x38d7d200, 0x392f0000)

Card table byte_map: [0x03c40000,0x03cf0000] byte_map_base: 0x03b21880

Polling page: 0x00120000

Code Cache  [0x01c40000, 0x01d90000, 0x03c40000)
 total_blobs=410 nmethods=242 adapters=103 free_code_cache=31451Kb largest_free_block=32206080

Compilation events (10 events):
Event: 24.092 Thread 0x00e69c00  231             java.util.TreeMap::put (247 bytes)
Event: 24.093 Thread 0x00e69c00 nmethod 231 0x01d84a08 code [0x01d84b90, 0x01d85038]
Event: 24.093 Thread 0x00e69c00  232             java.util.TreeMap::fixAfterInsertion (267 bytes)
Event: 24.095 Thread 0x00e69c00 nmethod 232 0x01d853c8 code [0x01d85580, 0x01d85b60]
Event: 24.095 Thread 0x00e69c00  233             java.util.TreeMap::parentOf (13 bytes)
Event: 24.095 Thread 0x00e69c00 nmethod 233 0x01d863c8 code [0x01d864c0, 0x01d86550]
Event: 24.095 Thread 0x00e69c00  234             java.lang.String::compareTo (78 bytes)
Event: 24.095 Thread 0x00e69c00 nmethod 234 0x01d865c8 code [0x01d866d0, 0x01d867f0]
Event: 24.102 Thread 0x00e69c00  235  s!         sun.misc.URLClassPath::getLoader (154 bytes)
Event: 24.103 Thread 0x00e69c00 nmethod 235 0x01d86f08 code [0x01d87150, 0x01d88210]

GC Heap History (10 events):
Event: 22.549 GC heap before
{Heap before GC invocations=74 (full 49):
 def new generation   total 78656K, used 46655K [0x23cf0000, 0x29240000, 0x29240000)
  eden space 69952K,  66% used [0x23cf0000, 0x26a7fd88, 0x28140000)
  from space 8704K,   0% used [0x28140000, 0x28140000, 0x289c0000)
  to   space 8704K,   0% used [0x289c0000, 0x289c0000, 0x29240000)
 tenured generation   total 174784K, used 174783K [0x29240000, 0x33cf0000, 0x33cf0000)
   the space 174784K,  99% used [0x29240000, 0x33ceffe8, 0x33cf0000, 0x33cf0000)
 compacting perm gen  total 12288K, used 975K [0x33cf0000, 0x348f0000, 0x37cf0000)
   the space 12288K,   7% used [0x33cf0000, 0x33de3cb0, 0x33de3e00, 0x348f0000)
    ro space 10240K,  45% used [0x37cf0000, 0x38179b28, 0x38179c00, 0x386f0000)
    rw space 12288K,  54% used [0x386f0000, 0x38d7d0e8, 0x38d7d200, 0x392f0000)
Event: 22.810 GC heap after
Heap after GC invocations=75 (full 50):
 def new generation   total 78656K, used 46655K [0x23cf0000, 0x29240000, 0x29240000)
  eden space 69952K,  66% used [0x23cf0000, 0x26a7fd88, 0x28140000)
  from space 8704K,   0% used [0x28140000, 0x28140000, 0x289c0000)
  to   space 8704K,   0% used [0x289c0000, 0x289c0000, 0x29240000)
 tenured generation   total 174784K, used 174783K [0x29240000, 0x33cf0000, 0x33cf0000)
   the space 174784K,  99% used [0x29240000, 0x33ceffe8, 0x33cf0000, 0x33cf0000)
 compacting perm gen  total 12288K, used 975K [0x33cf0000, 0x348f0000, 0x37cf0000)
   the space 12288K,   7% used [0x33cf0000, 0x33de3cb0, 0x33de3e00, 0x348f0000)
    ro space 10240K,  45% used [0x37cf0000, 0x38179b28, 0x38179c00, 0x386f0000)
    rw space 12288K,  54% used [0x386f0000, 0x38d7d0e8, 0x38d7d200, 0x392f0000)
}
Event: 22.810 GC heap before
{Heap before GC invocations=75 (full 50):
 def new generation   total 78656K, used 69952K [0x23cf0000, 0x29240000, 0x29240000)
  eden space 69952K, 100% used [0x23cf0000, 0x28140000, 0x28140000)
  from space 8704K,   0% used [0x28140000, 0x28140000, 0x289c0000)
  to   space 8704K,   0% used [0x289c0000, 0x289c0000, 0x29240000)
 tenured generation   total 174784K, used 174783K [0x29240000, 0x33cf0000, 0x33cf0000)
   the space 174784K,  99% used [0x29240000, 0x33ceffe8, 0x33cf0000, 0x33cf0000)
 compacting perm gen  total 12288K, used 975K [0x33cf0000, 0x348f0000, 0x37cf0000)
   the space 12288K,   7% used [0x33cf0000, 0x33de3cb0, 0x33de3e00, 0x348f0000)
    ro space 10240K,  45% used [0x37cf0000, 0x38179b28, 0x38179c00, 0x386f0000)
    rw space 12288K,  54% used [0x386f0000, 0x38d7d0e8, 0x38d7d200, 0x392f0000)
Event: 23.065 GC heap after
Heap after GC invocations=76 (full 51):
 def new generation   total 78656K, used 46655K [0x23cf0000, 0x29240000, 0x29240000)
  eden space 69952K,  66% used [0x23cf0000, 0x26a7fce0, 0x28140000)
  from space 8704K,   0% used [0x28140000, 0x28140000, 0x289c0000)
  to   space 8704K,   0% used [0x289c0000, 0x289c0000, 0x29240000)
 tenured generation   total 174784K, used 174783K [0x29240000, 0x33cf0000, 0x33cf0000)
   the space 174784K,  99% used [0x29240000, 0x33ceffe8, 0x33cf0000, 0x33cf0000)
 compacting perm gen  total 12288K, used 975K [0x33cf0000, 0x348f0000, 0x37cf0000)
   the space 12288K,   7% used [0x33cf0000, 0x33de3cb0, 0x33de3e00, 0x348f0000)
    ro space 10240K,  45% used [0x37cf0000, 0x38179b28, 0x38179c00, 0x386f0000)
    rw space 12288K,  54% used [0x386f0000, 0x38d7d0e8, 0x38d7d200, 0x392f0000)
}
Event: 23.202 GC heap before
{Heap before GC invocations=76 (full 51):
 def new generation   total 78656K, used 78655K [0x23cf0000, 0x29240000, 0x29240000)
  eden space 69952K, 100% used [0x23cf0000, 0x28140000, 0x28140000)
  from space 8704K,  99% used [0x28140000, 0x289bfff8, 0x289c0000)
  to   space 8704K,   0% used [0x289c0000, 0x289c0000, 0x29240000)
 tenured generation   total 174784K, used 174783K [0x29240000, 0x33cf0000, 0x33cf0000)
   the space 174784K,  99% used [0x29240000, 0x33cefff8, 0x33cf0000, 0x33cf0000)
 compacting perm gen  total 12288K, used 975K [0x33cf0000, 0x348f0000, 0x37cf0000)
   the space 12288K,   7% used [0x33cf0000, 0x33de3cb0, 0x33de3e00, 0x348f0000)
    ro space 10240K,  45% used [0x37cf0000, 0x38179b28, 0x38179c00, 0x386f0000)
    rw space 12288K,  54% used [0x386f0000, 0x38d7d0e8, 0x38d7d200, 0x392f0000)
Event: 23.462 GC heap after
Heap after GC invocations=77 (full 52):
 def new generation   total 78656K, used 46655K [0x23cf0000, 0x29240000, 0x29240000)
  eden space 69952K,  66% used [0x23cf0000, 0x26a7fd28, 0x28140000)
  from space 8704K,   0% used [0x28140000, 0x28140000, 0x289c0000)
  to   space 8704K,   0% used [0x289c0000, 0x289c0000, 0x29240000)
 tenured generation   total 174784K, used 174783K [0x29240000, 0x33cf0000, 0x33cf0000)
   the space 174784K,  99% used [0x29240000, 0x33cefff8, 0x33cf0000, 0x33cf0000)
 compacting perm gen  total 12288K, used 975K [0x33cf0000, 0x348f0000, 0x37cf0000)
   the space 12288K,   7% used [0x33cf0000, 0x33de3cb0, 0x33de3e00, 0x348f0000)
    ro space 10240K,  45% used [0x37cf0000, 0x38179b28, 0x38179c00, 0x386f0000)
    rw space 12288K,  54% used [0x386f0000, 0x38d7d0e8, 0x38d7d200, 0x392f0000)
}
Event: 23.463 GC heap before
{Heap before GC invocations=77 (full 52):
 def new generation   total 78656K, used 69952K [0x23cf0000, 0x29240000, 0x29240000)
  eden space 69952K, 100% used [0x23cf0000, 0x28140000, 0x28140000)
  from space 8704K,   0% used [0x28140000, 0x28140000, 0x289c0000)
  to   space 8704K,   0% used [0x289c0000, 0x289c0000, 0x29240000)
 tenured generation   total 174784K, used 174783K [0x29240000, 0x33cf0000, 0x33cf0000)
   the space 174784K,  99% used [0x29240000, 0x33cefff8, 0x33cf0000, 0x33cf0000)
 compacting perm gen  total 12288K, used 975K [0x33cf0000, 0x348f0000, 0x37cf0000)
   the space 12288K,   7% used [0x33cf0000, 0x33de3cb0, 0x33de3e00, 0x348f0000)
    ro space 10240K,  45% used [0x37cf0000, 0x38179b28, 0x38179c00, 0x386f0000)
    rw space 12288K,  54% used [0x386f0000, 0x38d7d0e8, 0x38d7d200, 0x392f0000)
Event: 23.734 GC heap after
Heap after GC invocations=78 (full 53):
 def new generation   total 78656K, used 46655K [0x23cf0000, 0x29240000, 0x29240000)
  eden space 69952K,  66% used [0x23cf0000, 0x26a7fd50, 0x28140000)
  from space 8704K,   0% used [0x28140000, 0x28140000, 0x289c0000)
  to   space 8704K,   0% used [0x289c0000, 0x289c0000, 0x29240000)
 tenured generation   total 174784K, used 174783K [0x29240000, 0x33cf0000, 0x33cf0000)
   the space 174784K,  99% used [0x29240000, 0x33cefff8, 0x33cf0000, 0x33cf0000)
 compacting perm gen  total 12288K, used 975K [0x33cf0000, 0x348f0000, 0x37cf0000)
   the space 12288K,   7% used [0x33cf0000, 0x33de3cb0, 0x33de3e00, 0x348f0000)
    ro space 10240K,  45% used [0x37cf0000, 0x38179b28, 0x38179c00, 0x386f0000)
    rw space 12288K,  54% used [0x386f0000, 0x38d7d0e8, 0x38d7d200, 0x392f0000)
}
Event: 23.734 GC heap before
{Heap before GC invocations=78 (full 53):
 def new generation   total 78656K, used 46655K [0x23cf0000, 0x29240000, 0x29240000)
  eden space 69952K,  66% used [0x23cf0000, 0x26a7fd50, 0x28140000)
  from space 8704K,   0% used [0x28140000, 0x28140000, 0x289c0000)
  to   space 8704K,   0% used [0x289c0000, 0x289c0000, 0x29240000)
 tenured generation   total 174784K, used 174783K [0x29240000, 0x33cf0000, 0x33cf0000)
   the space 174784K,  99% used [0x29240000, 0x33cefff8, 0x33cf0000, 0x33cf0000)
 compacting perm gen  total 12288K, used 975K [0x33cf0000, 0x348f0000, 0x37cf0000)
   the space 12288K,   7% used [0x33cf0000, 0x33de3cb0, 0x33de3e00, 0x348f0000)
    ro space 10240K,  45% used [0x37cf0000, 0x38179b28, 0x38179c00, 0x386f0000)
    rw space 12288K,  54% used [0x386f0000, 0x38d7d0e8, 0x38d7d200, 0x392f0000)
Event: 23.992 GC heap after
Heap after GC invocations=79 (full 54):
 def new generation   total 78656K, used 46655K [0x23cf0000, 0x29240000, 0x29240000)
  eden space 69952K,  66% used [0x23cf0000, 0x26a7fd50, 0x28140000)
  from space 8704K,   0% used [0x28140000, 0x28140000, 0x289c0000)
  to   space 8704K,   0% used [0x289c0000, 0x289c0000, 0x29240000)
 tenured generation   total 174784K, used 174783K [0x29240000, 0x33cf0000, 0x33cf0000)
   the space 174784K,  99% used [0x29240000, 0x33ceffe8, 0x33cf0000, 0x33cf0000)
 compacting perm gen  total 12288K, used 975K [0x33cf0000, 0x348f0000, 0x37cf0000)
   the space 12288K,   7% used [0x33cf0000, 0x33de3cb0, 0x33de3e00, 0x348f0000)
    ro space 10240K,  45% used [0x37cf0000, 0x38179b28, 0x38179c00, 0x386f0000)
    rw space 12288K,  54% used [0x386f0000, 0x38d7d0e8, 0x38d7d200, 0x392f0000)
}

Deoptimization events (0 events):
No events

Internal exceptions (10 events):
Event: 24.108 Thread 0x00eeb400 Threw 0x2861c470 at C:\jdk7u2_32P\jdk7u25\hotspot\src\share\vm\prims\jvm.cpp:1235
Event: 24.108 Thread 0x00eeb400 Threw 0x28620320 at C:\jdk7u2_32P\jdk7u25\hotspot\src\share\vm\prims\jvm.cpp:1235
Event: 24.110 Thread 0x00eeb400 Threw 0x28631748 at C:\jdk7u2_32P\jdk7u25\hotspot\src\share\vm\prims\jvm.cpp:1235
Event: 24.111 Thread 0x00eeb400 Threw 0x28637298 at C:\jdk7u2_32P\jdk7u25\hotspot\src\share\vm\prims\jvm.cpp:1235
Event: 24.111 Thread 0x00eeb400 Threw 0x2863f508 at C:\jdk7u2_32P\jdk7u25\hotspot\src\share\vm\prims\jvm.cpp:1235
Event: 24.112 Thread 0x00eeb400 Threw 0x28642be8 at C:\jdk7u2_32P\jdk7u25\hotspot\src\share\vm\prims\jvm.cpp:1235
Event: 24.112 Thread 0x00eeb400 Threw 0x28655248 at C:\jdk7u2_32P\jdk7u25\hotspot\src\share\vm\prims\jvm.cpp:1235
Event: 24.113 Thread 0x00eeb400 Threw 0x286584e0 at C:\jdk7u2_32P\jdk7u25\hotspot\src\share\vm\prims\jvm.cpp:1235
Event: 24.113 Thread 0x00eeb400 Threw 0x2865ba90 at C:\jdk7u2_32P\jdk7u25\hotspot\src\share\vm\prims\jvm.cpp:1235
Event: 24.113 Thread 0x00eeb400 Threw 0x2865f278 at C:\jdk7u2_32P\jdk7u25\hotspot\src\share\vm\prims\jvm.cpp:1235

Events (10 events):
Event: 24.113 loading class 0x057e02f0 done
Event: 24.114 loading class 0x392fd838
Event: 24.114 loading class 0x392fd9e0
Event: 24.114 loading class 0x392fd9e0 done
Event: 24.114 loading class 0x392fd838 done
Event: 24.114 Thread 0x00eeb400 Thread exited: 0x00eeb400
Event: 24.114 Thread 0x00eeb400 Thread added: 0x00eeb400
Event: 24.115 Thread 0x057e1400 Thread added: 0x057e1400
Event: 24.115 loading class 0x39312800
Event: 24.115 loading class 0x39312800 done


Dynamic libraries:
0x01010000 - 0x0103f000 	C:\Program Files\Java\jdk1.7.0_25\bin\javaw.exe
0x772c0000 - 0x773fc000 	C:\Windows\SYSTEM32\ntdll.dll
0x76fb0000 - 0x77084000 	C:\Windows\system32\kernel32.dll
0x755e0000 - 0x7562b000 	C:\Windows\system32\KERNELBASE.dll
0x77220000 - 0x772c0000 	C:\Windows\system32\ADVAPI32.dll
0x76d40000 - 0x76dec000 	C:\Windows\system32\msvcrt.dll
0x77160000 - 0x77179000 	C:\Windows\SYSTEM32\sechost.dll
0x76c90000 - 0x76d32000 	C:\Windows\system32\RPCRT4.dll
0x77410000 - 0x774d9000 	C:\Windows\system32\USER32.dll
0x75eb0000 - 0x75efe000 	C:\Windows\system32\GDI32.dll
0x774e0000 - 0x774ea000 	C:\Windows\system32\LPK.dll
0x75db0000 - 0x75e4d000 	C:\Windows\system32\USP10.dll
0x746a0000 - 0x7483e000 	C:\Windows\WinSxS\x86_microsoft.windows.common-controls_6595b64144ccf1df_6.0.7601.17514_none_41e6975e2bd6f2b2\COMCTL32.dll
0x77180000 - 0x771d7000 	C:\Windows\system32\SHLWAPI.dll
0x75660000 - 0x7567f000 	C:\Windows\system32\IMM32.DLL
0x77090000 - 0x7715c000 	C:\Windows\system32\MSCTF.dll
0x661d0000 - 0x6628e000 	C:\Program Files\Java\jdk1.7.0_25\jre\bin\msvcr100.dll
0x52970000 - 0x52cb2000 	C:\Program Files\Java\jdk1.7.0_25\jre\bin\client\jvm.dll
0x73210000 - 0x73217000 	C:\Windows\system32\WSOCK32.dll
0x771e0000 - 0x77215000 	C:\Windows\system32\WS2_32.dll
0x75f00000 - 0x75f06000 	C:\Windows\system32\NSI.dll
0x73180000 - 0x731b2000 	C:\Windows\system32\WINMM.dll
0x75960000 - 0x75965000 	C:\Windows\system32\PSAPI.DLL
0x72210000 - 0x7221c000 	C:\Program Files\Java\jdk1.7.0_25\jre\bin\verify.dll
0x721f0000 - 0x72210000 	C:\Program Files\Java\jdk1.7.0_25\jre\bin\java.dll
0x6e810000 - 0x6e823000 	C:\Program Files\Java\jdk1.7.0_25\jre\bin\zip.dll
0x74db0000 - 0x74dc6000 	C:\Windows\system32\CRYPTSP.dll
0x74b50000 - 0x74b8b000 	C:\Windows\system32\rsaenh.dll
0x74280000 - 0x74297000 	C:\Windows\system32\USERENV.dll
0x75300000 - 0x7530b000 	C:\Windows\system32\profapi.dll
0x75280000 - 0x7528c000 	C:\Windows\system32\CRYPTBASE.dll
0x6d7b0000 - 0x6d7c4000 	C:\Program Files\Java\jdk1.7.0_25\jre\bin\net.dll
0x74d70000 - 0x74dac000 	C:\Windows\system32\mswsock.dll
0x74d60000 - 0x74d66000 	C:\Windows\System32\wship6.dll
0x73550000 - 0x73560000 	C:\Windows\system32\NLAapi.dll
0x71e00000 - 0x71e10000 	C:\Windows\system32\napinsp.dll
0x71de0000 - 0x71df2000 	C:\Windows\system32\pnrpnsp.dll
0x74c30000 - 0x74c74000 	C:\Windows\system32\DNSAPI.dll
0x71d30000 - 0x71d38000 	C:\Windows\System32\winrnr.dll
0x71d20000 - 0x71d2d000 	C:\Windows\system32\wshbth.dll
0x71cb0000 - 0x71cd7000 	C:\Program Files\Common Files\Microsoft Shared\Windows Live\WLIDNSP.DLL
0x71c60000 - 0x71c81000 	C:\Program Files\Bonjour\mdnsNSP.dll
0x73fe0000 - 0x73ffc000 	C:\Windows\system32\Iphlpapi.DLL
0x73fd0000 - 0x73fd7000 	C:\Windows\system32\WINNSI.DLL
0x10000000 - 0x10017000 	C:\Program Files\Common Files\Thunder Network\NetMon\net_monitor2.0.2.9.dll
0x75f10000 - 0x76b5a000 	C:\Windows\system32\SHELL32.dll
0x75c50000 - 0x75dac000 	C:\Windows\system32\ole32.dll
0x7c3a0000 - 0x7c41b000 	C:\Windows\system32\MSVCP71.dll
0x7c340000 - 0x7c396000 	C:\Windows\system32\MSVCR71.dll
0x74410000 - 0x74419000 	C:\Windows\system32\VERSION.dll
0x73ed0000 - 0x73ed6000 	C:\Windows\System32\wshqos.dll
0x73ec0000 - 0x73ec5000 	C:\Windows\system32\wshtcpip.DLL
0x71950000 - 0x71956000 	C:\Windows\system32\rasadhlp.dll
0x72a50000 - 0x72a88000 	C:\Windows\System32\fwpuclnt.dll
0x72250000 - 0x7225f000 	C:\Program Files\Java\jdk1.7.0_25\jre\bin\nio.dll
0x5d9b0000 - 0x5dbcf000 	E:\workspace\android\MSCPROJECT\EEGAnalysis\edk.dll
0x52e10000 - 0x53002000 	E:\workspace\android\MSCPROJECT\EEGAnalysis\edk_utils.dll
0x6f730000 - 0x6f799000 	C:\Windows\system32\MSVCP100.dll
0x759a0000 - 0x75b3d000 	C:\Windows\system32\SETUPAPI.dll
0x755b0000 - 0x755d7000 	C:\Windows\system32\CFGMGR32.dll
0x75bc0000 - 0x75c4f000 	C:\Windows\system32\OLEAUT32.dll
0x75410000 - 0x75422000 	C:\Windows\system32\DEVOBJ.dll
0x73660000 - 0x73669000 	C:\Windows\system32\HID.DLL
0x737a0000 - 0x737e0000 	C:\Windows\system32\uxtheme.dll
0x70840000 - 0x708df000 	C:\ProgramData\Tencent\TSVulFw\TSVulFW.DAT
0x75630000 - 0x7565e000 	C:\Windows\system32\WINTRUST.dll
0x75440000 - 0x75560000 	C:\Windows\system32\CRYPT32.dll
0x75370000 - 0x7537c000 	C:\Windows\system32\MSASN1.dll
0x73230000 - 0x7331b000 	C:\Windows\system32\dbghelp.dll

VM Arguments:
jvm_args: -Dfile.encoding=GBK 
java_command: com.lw.eeg.Main.EEGAnalysis
Launcher Type: SUN_STANDARD

Environment Variables:
JAVA_HOME=C:\Program Files\Java\jdk1.7.0_25
CLASSPATH=.;C:\Program Files\Java\jdk1.7.0_25\lib
PATH=C:/Program Files/Java/jre7/bin/client;C:/Program Files/Java/jre7/bin;C:/Program Files/Java/jre7/lib/i386;C:\Windows\system32;C:\Windows\System32;C:\Program Files\Java\jdk1.7.0_25\bin;E:\dvlTools\adt-bundle-windows-x86-20130522\eclipse;
USERNAME=Leslie
OS=Windows_NT
PROCESSOR_IDENTIFIER=x86 Family 6 Model 58 Stepping 9, GenuineIntel



---------------  S Y S T E M  ---------------

OS: Windows 7 Build 7601 Service Pack 1

CPU:total 4 (2 cores per cpu, 2 threads per core) family 6 model 58 stepping 9, cmov, cx8, fxsr, mmx, sse, sse2, sse3, ssse3, sse4.1, sse4.2, popcnt, avx, ht, tsc, tscinvbit, tscinv

Memory: 4k page, physical 3412076k(849008k free), swap 6822400k(2696852k free)

vm_info: Java HotSpot(TM) Client VM (23.25-b01) for windows-x86 JRE (1.7.0_25-b16), built on Jun 12 2013 20:29:09 by "java_re" with unknown MS VC++:1600

time: Wed Aug 21 13:36:57 2013
elapsed time: 24 seconds

