#
# A fatal error has been detected by the Java Runtime Environment:
#
#  EXCEPTION_ACCESS_VIOLATION (0xc0000005) at pc=0x65605ad9, pid=19988, tid=20360
#
# JRE version: 7.0_25-b16
# Java VM: Java HotSpot(TM) Client VM (23.25-b01 mixed mode, sharing windows-x86 )
# Problematic frame:
# V  [jvm.dll+0xa5ad9]
#
# Failed to write core dump. Minidumps are not enabled by default on client versions of Windows
#
# If you would like to submit a bug report, please visit:
#   http://bugreport.sun.com/bugreport/crash.jsp
#

---------------  T H R E A D  ---------------

Current thread (0x042cf000):  JavaThread "Thread-2" daemon [_thread_in_vm, id=20360, stack(0x06410000,0x06460000)]

siginfo: ExceptionCode=0xc0000005, reading address 0x00000000

Registers:
EAX=0x00000000, EBX=0x0427e501, ECX=0x00000000, EDX=0x00000000
ESP=0x0645ef7c, EBP=0x0645ef88, ESI=0x042cf000, EDI=0x0427e594
EIP=0x65605ad9, EFLAGS=0x00010202

Top of Stack: (sp=0x0645ef7c)
0x0645ef7c:   0645f020 00000001 0427e594 0645f208
0x0645ef8c:   059142a8 042cf128 0427e594 00000000
0x0645ef9c:   0645efb0 0645efd0 0645f018 00000020
0x0645efac:   05914220 0645f020 0645f028 00000020
0x0645efbc:   0645eff0 65563d83 042cf000 00000020
0x0645efcc:   0591420c 059250c4 65563d83 042cf000
0x0645efdc:   8d268230 00000002 042cf000 0645f240
0x0645efec:   0645efdc 0645f000 0645f91c 8d268230 

Instructions: (pc=0x65605ad9)
0x65605ab9:   8e 09 00 33 f6 eb 02 8b f1 6a 06 56 e8 46 e3 f5
0x65605ac9:   ff 8b 7d 0c 83 c4 08 b3 01 85 ff 74 3d 8b 45 10
0x65605ad9:   8b 00 50 32 db e8 3d 8f f7 ff 83 c4 04 85 c0 74
0x65605ae9:   29 8b 0f 8b 49 04 8b 50 10 83 c1 08 39 44 0a f8 


Register to memory mapping:

EAX=0x00000000 is an unknown value
EBX=0x0427e501 is an unknown value
ECX=0x00000000 is an unknown value
EDX=0x00000000 is an unknown value
ESP=0x0645ef7c is pointing into the stack for thread: 0x042cf000
EBP=0x0645ef88 is pointing into the stack for thread: 0x042cf000
ESI=0x042cf000 is a thread
EDI=0x0427e594 is an unknown value


Stack: [0x06410000,0x06460000],  sp=0x0645ef7c,  free space=315k
Native frames: (J=compiled Java code, j=interpreted, Vv=VM code, C=native code)
V  [jvm.dll+0xa5ad9]
C  [jna5080508412643731823.dll+0x42a8]  Java_com_sun_jna_Pointer__1getString+0x778
C  [jna5080508412643731823.dll+0x4d2e]  Java_com_sun_jna_Function_invokeInt+0x2e
J  com.sun.jna.Function.invokeInt(I[Ljava/lang/Object;)I
J  com.sun.jna.Function.invoke([Ljava/lang/Object;Ljava/lang/Class;Z)Ljava/lang/Object;
V  [jvm.dll+0x124afa]
V  [jvm.dll+0x1d224e]
V  [jvm.dll+0x124caf]
V  [jvm.dll+0x124d17]
V  [jvm.dll+0xcf06f]
V  [jvm.dll+0x144447]
V  [jvm.dll+0x1445b0]
V  [jvm.dll+0x177bb9]
C  [msvcr100.dll+0x5c6de]  endthreadex+0x3a
C  [msvcr100.dll+0x5c788]  endthreadex+0xe4
C  [kernel32.dll+0x4ed6c]  BaseThreadInitThunk+0x12
C  [ntdll.dll+0x637eb]  RtlInitializeExceptionChain+0xef
C  [ntdll.dll+0x637be]  RtlInitializeExceptionChain+0xc2

Java frames: (J=compiled Java code, j=interpreted, Vv=VM code)
J  com.sun.jna.Function.invokeInt(I[Ljava/lang/Object;)I
J  com.sun.jna.Function.invoke([Ljava/lang/Object;Ljava/lang/Class;Z)Ljava/lang/Object;
J  com.sun.jna.Function.invoke(Ljava/lang/Class;[Ljava/lang/Object;Ljava/util/Map;)Ljava/lang/Object;
J  com.sun.jna.Library$Handler.invoke(Ljava/lang/Object;Ljava/lang/reflect/Method;[Ljava/lang/Object;)Ljava/lang/Object;
J  com.sun.proxy.$Proxy0.EE_EmoEngineEventGetEmoState(Lcom/sun/jna/Pointer;Lcom/sun/jna/Pointer;)I
J  com.lw.eeg.EEGLog.EEGLog$Thread_EEG.run()V
v  ~StubRoutines::call_stub

---------------  P R O C E S S  ---------------

Java Threads: ( => current thread )
  0x041c7c00 JavaThread "Thread-0" daemon [_thread_in_native, id=19080, stack(0x073d0000,0x07420000)]
=>0x042cf000 JavaThread "Thread-2" daemon [_thread_in_vm, id=20360, stack(0x06410000,0x06460000)]
  0x042e7400 JavaThread "TimerQueue" daemon [_thread_blocked, id=19504, stack(0x058c0000,0x05910000)]
  0x01b3b800 JavaThread "DestroyJavaVM" [_thread_blocked, id=18688, stack(0x011f0000,0x01240000)]
  0x04226000 JavaThread "AWT-EventQueue-0" [_thread_blocked, id=19944, stack(0x04640000,0x04690000)]
  0x0421e000 JavaThread "AWT-Shutdown" [_thread_blocked, id=16840, stack(0x03db0000,0x03e00000)]
  0x0421b800 JavaThread "Java2D Disposer" daemon [_thread_blocked, id=19624, stack(0x04390000,0x043e0000)]
  0x01c1fc00 JavaThread "Service Thread" daemon [_thread_blocked, id=17500, stack(0x01cc0000,0x01d10000)]
  0x01c1b400 JavaThread "C1 CompilerThread0" daemon [_thread_blocked, id=19680, stack(0x04120000,0x04170000)]
  0x01c19c00 JavaThread "Attach Listener" daemon [_thread_blocked, id=18412, stack(0x04070000,0x040c0000)]
  0x01c17000 JavaThread "Signal Dispatcher" daemon [_thread_blocked, id=18972, stack(0x03ff0000,0x04040000)]
  0x01bf7800 JavaThread "Finalizer" daemon [_thread_blocked, id=19448, stack(0x03f60000,0x03fb0000)]
  0x01bf2c00 JavaThread "Reference Handler" daemon [_thread_blocked, id=19048, stack(0x03ee0000,0x03f30000)]

Other Threads:
  0x01bf1400 VMThread [stack: 0x03e00000,0x03e50000] [id=20024]
  0x01c21400 WatcherThread [stack: 0x04420000,0x04470000] [id=18872]

VM state:not at safepoint (normal execution)

VM Mutex/Monitor currently owned by a thread: None

Heap
 def new generation   total 12928K, used 7707K [0x23cf0000, 0x24af0000, 0x29240000)
  eden space 11520K,  64% used [0x23cf0000, 0x24426220, 0x24830000)
  from space 1408K,  22% used [0x24990000, 0x249e0d50, 0x24af0000)
  to   space 1408K,   0% used [0x24830000, 0x24830000, 0x24990000)
 tenured generation   total 28568K, used 17138K [0x29240000, 0x2ae26000, 0x33cf0000)
   the space 28568K,  59% used [0x29240000, 0x2a2fc9d0, 0x2a2fca00, 0x2ae26000)
 compacting perm gen  total 12288K, used 3584K [0x33cf0000, 0x348f0000, 0x37cf0000)
   the space 12288K,  29% used [0x33cf0000, 0x340701b8, 0x34070200, 0x348f0000)
    ro space 10240K,  45% used [0x37cf0000, 0x38179b28, 0x38179c00, 0x386f0000)
    rw space 12288K,  54% used [0x386f0000, 0x38d7d0e8, 0x38d7d200, 0x392f0000)

Card table byte_map: [0x01a50000,0x01b00000] byte_map_base: 0x01931880

Polling page: 0x00170000

Code Cache  [0x01d60000, 0x01f38000, 0x03d60000)
 total_blobs=1005 nmethods=737 adapters=203 free_code_cache=30885Kb largest_free_block=31625344

Compilation events (10 events):
Event: 10.421 Thread 0x01c1b400  740  s          com.sun.java.swing.plaf.windows.XPStyle::getXP (89 bytes)
Event: 10.422 Thread 0x01c1b400 nmethod 740 0x01f35ac8 code [0x01f35c40, 0x01f36014]
Event: 10.422 Thread 0x01c1b400  741             javax.swing.JComponent::setFlag (34 bytes)
Event: 10.422 Thread 0x01c1b400 nmethod 741 0x01f36288 code [0x01f36380, 0x01f36450]
Event: 10.422 Thread 0x01c1b400  742             sun.java2d.SurfaceData::isValid (5 bytes)
Event: 10.422 Thread 0x01c1b400 nmethod 742 0x01f36488 code [0x01f36580, 0x01f36600]
Event: 10.424 Thread 0x01c1b400  743             sun.java2d.pipe.Region::getIntersection (132 bytes)
Event: 10.424 Thread 0x01c1b400 nmethod 743 0x01f36648 code [0x01f36770, 0x01f36964]
Event: 10.582 Thread 0x01c1b400  744  s!         java.awt.Toolkit::getDefaultToolkit (39 bytes)
Event: 10.582 Thread 0x01c1b400 nmethod 744 0x01f36a48 code [0x01f36b80, 0x01f36e1c]

GC Heap History (10 events):
Event: 10.502 GC heap before
{Heap before GC invocations=100 (full 2):
 def new generation   total 12928K, used 11735K [0x23cf0000, 0x24af0000, 0x29240000)
  eden space 11520K, 100% used [0x23cf0000, 0x24830000, 0x24830000)
  from space 1408K,  15% used [0x24830000, 0x24865ea8, 0x24990000)
  to   space 1408K,   0% used [0x24990000, 0x24990000, 0x24af0000)
 tenured generation   total 28568K, used 17138K [0x29240000, 0x2ae26000, 0x33cf0000)
   the space 28568K,  59% used [0x29240000, 0x2a2fc9d0, 0x2a2fca00, 0x2ae26000)
 compacting perm gen  total 12288K, used 3562K [0x33cf0000, 0x348f0000, 0x37cf0000)
   the space 12288K,  28% used [0x33cf0000, 0x3406a8d0, 0x3406aa00, 0x348f0000)
    ro space 10240K,  45% used [0x37cf0000, 0x38179b28, 0x38179c00, 0x386f0000)
    rw space 12288K,  54% used [0x386f0000, 0x38d7d0e8, 0x38d7d200, 0x392f0000)
Event: 10.502 GC heap after
Heap after GC invocations=101 (full 2):
 def new generation   total 12928K, used 236K [0x23cf0000, 0x24af0000, 0x29240000)
  eden space 11520K,   0% used [0x23cf0000, 0x23cf0000, 0x24830000)
  from space 1408K,  16% used [0x24990000, 0x249cb240, 0x24af0000)
  to   space 1408K,   0% used [0x24830000, 0x24830000, 0x24990000)
 tenured generation   total 28568K, used 17138K [0x29240000, 0x2ae26000, 0x33cf0000)
   the space 28568K,  59% used [0x29240000, 0x2a2fc9d0, 0x2a2fca00, 0x2ae26000)
 compacting perm gen  total 12288K, used 3562K [0x33cf0000, 0x348f0000, 0x37cf0000)
   the space 12288K,  28% used [0x33cf0000, 0x3406a8d0, 0x3406aa00, 0x348f0000)
    ro space 10240K,  45% used [0x37cf0000, 0x38179b28, 0x38179c00, 0x386f0000)
    rw space 12288K,  54% used [0x386f0000, 0x38d7d0e8, 0x38d7d200, 0x392f0000)
}
Event: 10.630 GC heap before
{Heap before GC invocations=101 (full 2):
 def new generation   total 12928K, used 11756K [0x23cf0000, 0x24af0000, 0x29240000)
  eden space 11520K, 100% used [0x23cf0000, 0x24830000, 0x24830000)
  from space 1408K,  16% used [0x24990000, 0x249cb240, 0x24af0000)
  to   space 1408K,   0% used [0x24830000, 0x24830000, 0x24990000)
 tenured generation   total 28568K, used 17138K [0x29240000, 0x2ae26000, 0x33cf0000)
   the space 28568K,  59% used [0x29240000, 0x2a2fc9d0, 0x2a2fca00, 0x2ae26000)
 compacting perm gen  total 12288K, used 3562K [0x33cf0000, 0x348f0000, 0x37cf0000)
   the space 12288K,  28% used [0x33cf0000, 0x3406a8d0, 0x3406aa00, 0x348f0000)
    ro space 10240K,  45% used [0x37cf0000, 0x38179b28, 0x38179c00, 0x386f0000)
    rw space 12288K,  54% used [0x386f0000, 0x38d7d0e8, 0x38d7d200, 0x392f0000)
Event: 10.631 GC heap after
Heap after GC invocations=102 (full 2):
 def new generation   total 12928K, used 251K [0x23cf0000, 0x24af0000, 0x29240000)
  eden space 11520K,   0% used [0x23cf0000, 0x23cf0000, 0x24830000)
  from space 1408K,  17% used [0x24830000, 0x2486ef98, 0x24990000)
  to   space 1408K,   0% used [0x24990000, 0x24990000, 0x24af0000)
 tenured generation   total 28568K, used 17138K [0x29240000, 0x2ae26000, 0x33cf0000)
   the space 28568K,  59% used [0x29240000, 0x2a2fc9d0, 0x2a2fca00, 0x2ae26000)
 compacting perm gen  total 12288K, used 3562K [0x33cf0000, 0x348f0000, 0x37cf0000)
   the space 12288K,  28% used [0x33cf0000, 0x3406a8d0, 0x3406aa00, 0x348f0000)
    ro space 10240K,  45% used [0x37cf0000, 0x38179b28, 0x38179c00, 0x386f0000)
    rw space 12288K,  54% used [0x386f0000, 0x38d7d0e8, 0x38d7d200, 0x392f0000)
}
Event: 10.752 GC heap before
{Heap before GC invocations=102 (full 2):
 def new generation   total 12928K, used 11771K [0x23cf0000, 0x24af0000, 0x29240000)
  eden space 11520K, 100% used [0x23cf0000, 0x24830000, 0x24830000)
  from space 1408K,  17% used [0x24830000, 0x2486ef98, 0x24990000)
  to   space 1408K,   0% used [0x24990000, 0x24990000, 0x24af0000)
 tenured generation   total 28568K, used 17138K [0x29240000, 0x2ae26000, 0x33cf0000)
   the space 28568K,  59% used [0x29240000, 0x2a2fc9d0, 0x2a2fca00, 0x2ae26000)
 compacting perm gen  total 12288K, used 3562K [0x33cf0000, 0x348f0000, 0x37cf0000)
   the space 12288K,  28% used [0x33cf0000, 0x3406a8d0, 0x3406aa00, 0x348f0000)
    ro space 10240K,  45% used [0x37cf0000, 0x38179b28, 0x38179c00, 0x386f0000)
    rw space 12288K,  54% used [0x386f0000, 0x38d7d0e8, 0x38d7d200, 0x392f0000)
Event: 10.753 GC heap after
Heap after GC invocations=103 (full 2):
 def new generation   total 12928K, used 252K [0x23cf0000, 0x24af0000, 0x29240000)
  eden space 11520K,   0% used [0x23cf0000, 0x23cf0000, 0x24830000)
  from space 1408K,  17% used [0x24990000, 0x249cf158, 0x24af0000)
  to   space 1408K,   0% used [0x24830000, 0x24830000, 0x24990000)
 tenured generation   total 28568K, used 17138K [0x29240000, 0x2ae26000, 0x33cf0000)
   the space 28568K,  59% used [0x29240000, 0x2a2fc9d0, 0x2a2fca00, 0x2ae26000)
 compacting perm gen  total 12288K, used 3562K [0x33cf0000, 0x348f0000, 0x37cf0000)
   the space 12288K,  28% used [0x33cf0000, 0x3406a8d0, 0x3406aa00, 0x348f0000)
    ro space 10240K,  45% used [0x37cf0000, 0x38179b28, 0x38179c00, 0x386f0000)
    rw space 12288K,  54% used [0x386f0000, 0x38d7d0e8, 0x38d7d200, 0x392f0000)
}
Event: 10.887 GC heap before
{Heap before GC invocations=103 (full 2):
 def new generation   total 12928K, used 11772K [0x23cf0000, 0x24af0000, 0x29240000)
  eden space 11520K, 100% used [0x23cf0000, 0x24830000, 0x24830000)
  from space 1408K,  17% used [0x24990000, 0x249cf158, 0x24af0000)
  to   space 1408K,   0% used [0x24830000, 0x24830000, 0x24990000)
 tenured generation   total 28568K, used 17138K [0x29240000, 0x2ae26000, 0x33cf0000)
   the space 28568K,  59% used [0x29240000, 0x2a2fc9d0, 0x2a2fca00, 0x2ae26000)
 compacting perm gen  total 12288K, used 3562K [0x33cf0000, 0x348f0000, 0x37cf0000)
   the space 12288K,  28% used [0x33cf0000, 0x3406a8d0, 0x3406aa00, 0x348f0000)
    ro space 10240K,  45% used [0x37cf0000, 0x38179b28, 0x38179c00, 0x386f0000)
    rw space 12288K,  54% used [0x386f0000, 0x38d7d0e8, 0x38d7d200, 0x392f0000)
Event: 10.888 GC heap after
Heap after GC invocations=104 (full 2):
 def new generation   total 12928K, used 302K [0x23cf0000, 0x24af0000, 0x29240000)
  eden space 11520K,   0% used [0x23cf0000, 0x23cf0000, 0x24830000)
  from space 1408K,  21% used [0x24830000, 0x2487bbc8, 0x24990000)
  to   space 1408K,   0% used [0x24990000, 0x24990000, 0x24af0000)
 tenured generation   total 28568K, used 17138K [0x29240000, 0x2ae26000, 0x33cf0000)
   the space 28568K,  59% used [0x29240000, 0x2a2fc9d0, 0x2a2fca00, 0x2ae26000)
 compacting perm gen  total 12288K, used 3562K [0x33cf0000, 0x348f0000, 0x37cf0000)
   the space 12288K,  28% used [0x33cf0000, 0x3406a8d0, 0x3406aa00, 0x348f0000)
    ro space 10240K,  45% used [0x37cf0000, 0x38179b28, 0x38179c00, 0x386f0000)
    rw space 12288K,  54% used [0x386f0000, 0x38d7d0e8, 0x38d7d200, 0x392f0000)
}
Event: 11.015 GC heap before
{Heap before GC invocations=104 (full 2):
 def new generation   total 12928K, used 11822K [0x23cf0000, 0x24af0000, 0x29240000)
  eden space 11520K, 100% used [0x23cf0000, 0x24830000, 0x24830000)
  from space 1408K,  21% used [0x24830000, 0x2487bbc8, 0x24990000)
  to   space 1408K,   0% used [0x24990000, 0x24990000, 0x24af0000)
 tenured generation   total 28568K, used 17138K [0x29240000, 0x2ae26000, 0x33cf0000)
   the space 28568K,  59% used [0x29240000, 0x2a2fc9d0, 0x2a2fca00, 0x2ae26000)
 compacting perm gen  total 12288K, used 3562K [0x33cf0000, 0x348f0000, 0x37cf0000)
   the space 12288K,  28% used [0x33cf0000, 0x3406a8d0, 0x3406aa00, 0x348f0000)
    ro space 10240K,  45% used [0x37cf0000, 0x38179b28, 0x38179c00, 0x386f0000)
    rw space 12288K,  54% used [0x386f0000, 0x38d7d0e8, 0x38d7d200, 0x392f0000)
Event: 11.016 GC heap after
Heap after GC invocations=105 (full 2):
 def new generation   total 12928K, used 323K [0x23cf0000, 0x24af0000, 0x29240000)
  eden space 11520K,   0% used [0x23cf0000, 0x23cf0000, 0x24830000)
  from space 1408K,  22% used [0x24990000, 0x249e0d50, 0x24af0000)
  to   space 1408K,   0% used [0x24830000, 0x24830000, 0x24990000)
 tenured generation   total 28568K, used 17138K [0x29240000, 0x2ae26000, 0x33cf0000)
   the space 28568K,  59% used [0x29240000, 0x2a2fc9d0, 0x2a2fca00, 0x2ae26000)
 compacting perm gen  total 12288K, used 3562K [0x33cf0000, 0x348f0000, 0x37cf0000)
   the space 12288K,  28% used [0x33cf0000, 0x3406a8d0, 0x3406aa00, 0x348f0000)
    ro space 10240K,  45% used [0x37cf0000, 0x38179b28, 0x38179c00, 0x386f0000)
    rw space 12288K,  54% used [0x386f0000, 0x38d7d0e8, 0x38d7d200, 0x392f0000)
}

Deoptimization events (0 events):
No events

Internal exceptions (10 events):
Event: 1.824 Thread 0x04226000 Threw 0x24061cf8 at C:\jdk7u2_32P\jdk7u25\hotspot\src\share\vm\prims\jvm.cpp:1235
Event: 1.824 Thread 0x04226000 Threw 0x2406b6e0 at C:\jdk7u2_32P\jdk7u25\hotspot\src\share\vm\prims\jvm.cpp:1235
Event: 1.828 Thread 0x04226000 Threw 0x24097ff8 at C:\jdk7u2_32P\jdk7u25\hotspot\src\share\vm\prims\jvm.cpp:1235
Event: 1.830 Thread 0x04226000 Threw 0x240a1738 at C:\jdk7u2_32P\jdk7u25\hotspot\src\share\vm\prims\jvm.cpp:1235
Event: 1.831 Thread 0x04226000 Threw 0x240bb770 at C:\jdk7u2_32P\jdk7u25\hotspot\src\share\vm\prims\jvm.cpp:1235
Event: 1.894 Thread 0x04226000 Threw 0x23da9a18 at C:\jdk7u2_32P\jdk7u25\hotspot\src\share\vm\prims\jvm.cpp:1235
Event: 1.915 Thread 0x04226000 Threw 0x23dd2308 at C:\jdk7u2_32P\jdk7u25\hotspot\src\share\vm\prims\jvm.cpp:1235
Event: 1.916 Thread 0x04226000 Threw 0x23dd5960 at C:\jdk7u2_32P\jdk7u25\hotspot\src\share\vm\prims\jvm.cpp:1235
Event: 1.916 Thread 0x04226000 Threw 0x23dd9ca8 at C:\jdk7u2_32P\jdk7u25\hotspot\src\share\vm\prims\jvm.cpp:1235
Event: 1.917 Thread 0x04226000 Threw 0x23ddd830 at C:\jdk7u2_32P\jdk7u25\hotspot\src\share\vm\prims\jvm.cpp:1235

Events (10 events):
Event: 10.887 Executing VM operation: GenCollectForAllocation
Event: 10.888 Executing VM operation: GenCollectForAllocation done
Event: 11.015 Executing VM operation: GenCollectForAllocation
Event: 11.016 Executing VM operation: GenCollectForAllocation done
Event: 11.092 Thread 0x041c7000 Thread added: 0x041c7000
Event: 11.092 Thread 0x041c7800 Thread added: 0x041c7800
Event: 11.092 Thread 0x041c7000 Thread exited: 0x041c7000
Event: 11.092 Thread 0x041c7c00 Thread added: 0x041c7c00
Event: 11.094 loading class 0x39312800
Event: 11.094 loading class 0x39312800 done


Dynamic libraries:
0x01250000 - 0x0127f000 	C:\Program Files\Java\jdk1.7.0_25\bin\javaw.exe
0x77810000 - 0x7794c000 	C:\Windows\SYSTEM32\ntdll.dll
0x77520000 - 0x775f4000 	C:\Windows\system32\kernel32.dll
0x75ab0000 - 0x75afb000 	C:\Windows\system32\KERNELBASE.dll
0x76d40000 - 0x76de0000 	C:\Windows\system32\ADVAPI32.dll
0x77460000 - 0x7750c000 	C:\Windows\system32\msvcrt.dll
0x77220000 - 0x77239000 	C:\Windows\SYSTEM32\sechost.dll
0x75bb0000 - 0x75c52000 	C:\Windows\system32\RPCRT4.dll
0x77300000 - 0x773c9000 	C:\Windows\system32\USER32.dll
0x76f70000 - 0x76fbe000 	C:\Windows\system32\GDI32.dll
0x77510000 - 0x7751a000 	C:\Windows\system32\LPK.dll
0x779a0000 - 0x77a3d000 	C:\Windows\system32\USP10.dll
0x74bf0000 - 0x74d8e000 	C:\Windows\WinSxS\x86_microsoft.windows.common-controls_6595b64144ccf1df_6.0.7601.17514_none_41e6975e2bd6f2b2\COMCTL32.dll
0x76fc0000 - 0x77017000 	C:\Windows\system32\SHLWAPI.dll
0x76de0000 - 0x76dff000 	C:\Windows\system32\IMM32.DLL
0x75eb0000 - 0x75f7c000 	C:\Windows\system32\MSCTF.dll
0x6d9e0000 - 0x6da9e000 	C:\Program Files\Java\jdk1.7.0_25\jre\bin\msvcr100.dll
0x65560000 - 0x658a2000 	C:\Program Files\Java\jdk1.7.0_25\jre\bin\client\jvm.dll
0x72d30000 - 0x72d37000 	C:\Windows\system32\WSOCK32.dll
0x77240000 - 0x77275000 	C:\Windows\system32\WS2_32.dll
0x76f60000 - 0x76f66000 	C:\Windows\system32\NSI.dll
0x74440000 - 0x74472000 	C:\Windows\system32\WINMM.dll
0x76d30000 - 0x76d35000 	C:\Windows\system32\PSAPI.DLL
0x73fa0000 - 0x73fac000 	C:\Program Files\Java\jdk1.7.0_25\jre\bin\verify.dll
0x73610000 - 0x73630000 	C:\Program Files\Java\jdk1.7.0_25\jre\bin\java.dll
0x73630000 - 0x73643000 	C:\Program Files\Java\jdk1.7.0_25\jre\bin\zip.dll
0x63e20000 - 0x63f64000 	C:\Program Files\Java\jdk1.7.0_25\jre\bin\awt.dll
0x75e20000 - 0x75eaf000 	C:\Windows\system32\OLEAUT32.dll
0x76bd0000 - 0x76d2c000 	C:\Windows\system32\ole32.dll
0x73e10000 - 0x73e50000 	C:\Windows\system32\uxtheme.dll
0x71db0000 - 0x71e4f000 	C:\ProgramData\Tencent\TSVulFw\TSVulFW.DAT
0x74960000 - 0x74969000 	C:\Windows\system32\VERSION.dll
0x75f80000 - 0x76bca000 	C:\Windows\system32\SHELL32.dll
0x73c00000 - 0x73c13000 	C:\Windows\system32\dwmapi.dll
0x757d0000 - 0x757dc000 	C:\Windows\system32\CRYPTBASE.dll
0x10000000 - 0x1000f000 	D:\Users\Leslie\AppData\Local\Youdao\Dict\5.4.43.3217\WordStrokeHelper32.dll
0x71f40000 - 0x71f71000 	C:\Program Files\Java\jdk1.7.0_25\jre\bin\fontmanager.dll
0x72980000 - 0x72994000 	C:\Program Files\Java\jdk1.7.0_25\jre\bin\net.dll
0x752a0000 - 0x752dc000 	C:\Windows\system32\mswsock.dll
0x75290000 - 0x75296000 	C:\Windows\System32\wship6.dll
0x73fb0000 - 0x73fbf000 	C:\Program Files\Java\jdk1.7.0_25\jre\bin\nio.dll
0x72510000 - 0x72540000 	C:\Program Files\Java\jdk1.7.0_25\jre\bin\t2k.dll
0x773d0000 - 0x77453000 	C:\Windows\system32\CLBCatQ.DLL
0x75300000 - 0x75316000 	C:\Windows\system32\CRYPTSP.dll
0x75080000 - 0x750bb000 	C:\Windows\system32\rsaenh.dll
0x747d0000 - 0x747e7000 	C:\Windows\system32\USERENV.dll
0x75850000 - 0x7585b000 	C:\Windows\system32\profapi.dll
0x73ad0000 - 0x73ae0000 	C:\Windows\system32\NLAapi.dll
0x724b0000 - 0x724c0000 	C:\Windows\system32\napinsp.dll
0x72470000 - 0x72482000 	C:\Windows\system32\pnrpnsp.dll
0x75160000 - 0x751a4000 	C:\Windows\system32\DNSAPI.dll
0x72460000 - 0x72468000 	C:\Windows\System32\winrnr.dll
0x72450000 - 0x7245d000 	C:\Windows\system32\wshbth.dll
0x72420000 - 0x72447000 	C:\Program Files\Common Files\Microsoft Shared\Windows Live\WLIDNSP.DLL
0x723f0000 - 0x72411000 	C:\Program Files\Bonjour\mdnsNSP.dll
0x74530000 - 0x7454c000 	C:\Windows\system32\Iphlpapi.DLL
0x74520000 - 0x74527000 	C:\Windows\system32\WINNSI.DLL
0x05000000 - 0x05017000 	C:\Program Files\Common Files\Thunder Network\NetMon\net_monitor2.0.2.9.dll
0x7c3a0000 - 0x7c41b000 	C:\Windows\system32\MSVCP71.dll
0x7c340000 - 0x7c396000 	C:\Windows\system32\MSVCR71.dll
0x74420000 - 0x74426000 	C:\Windows\System32\wshqos.dll
0x74410000 - 0x74415000 	C:\Windows\system32\wshtcpip.DLL
0x72300000 - 0x72306000 	C:\Windows\system32\rasadhlp.dll
0x70dd0000 - 0x70e08000 	C:\Windows\System32\fwpuclnt.dll
0x05910000 - 0x05965000 	C:\Users\Leslie\AppData\Local\Temp\jna5080508412643731823.dll
0x54260000 - 0x5447f000 	E:\workspace\android\MSCPROJECT\EEGAnalysis\edk.dll
0x5cad0000 - 0x5ccc2000 	E:\workspace\android\MSCPROJECT\EEGAnalysis\edk_utils.dll
0x6fa80000 - 0x6fae9000 	C:\Windows\system32\MSVCP100.dll
0x77020000 - 0x771bd000 	C:\Windows\system32\SETUPAPI.dll
0x75a80000 - 0x75aa7000 	C:\Windows\system32\CFGMGR32.dll
0x75b90000 - 0x75ba2000 	C:\Windows\system32\DEVOBJ.dll
0x73ba0000 - 0x73ba9000 	C:\Windows\system32\HID.DLL
0x064a0000 - 0x064ff000 	D:\Users\Leslie\AppData\Local\Youdao\Dict\5.4.43.3217\TextExtractorImpl32.dll
0x73290000 - 0x732cc000 	C:\Windows\system32\OLEACC.dll
0x75a40000 - 0x75a6e000 	C:\Windows\system32\WINTRUST.dll
0x75920000 - 0x75a40000 	C:\Windows\system32\CRYPT32.dll
0x758c0000 - 0x758cc000 	C:\Windows\system32\MSASN1.dll
0x73250000 - 0x73274000 	C:\Program Files\Java\jdk1.7.0_25\jre\bin\dcpr.dll
0x72d50000 - 0x72e3b000 	C:\Windows\system32\dbghelp.dll
0x75780000 - 0x757cc000 	C:\Windows\system32\apphelp.dll

VM Arguments:
jvm_args: -Dfile.encoding=GBK 
java_command: com.lw.eeg.Main.EEGAnalysis
Launcher Type: SUN_STANDARD

Environment Variables:
JAVA_HOME=C:\Program Files\Java\jdk1.7.0_25
CLASSPATH=.;.;C:\PROGRA~1\JMF21~1.1E\lib\sound.jar;C:\PROGRA~1\JMF21~1.1E\lib\jmf.jar;C:\PROGRA~1\JMF21~1.1E\lib;
PATH=C:/Program Files/Java/jre7/bin/client;C:/Program Files/Java/jre7/bin;C:/Program Files/Java/jre7/lib/i386;C:\Windows\system32;C:\Windows\System32;C:\Program Files\Java\jdk1.7.0_25\bin;D:\Program Files\LaTex\miktex\bin\;E:\dvlTools\adt-bundle-windows-x86-20130522\eclipse;
USERNAME=Leslie
OS=Windows_NT
PROCESSOR_IDENTIFIER=x86 Family 6 Model 58 Stepping 9, GenuineIntel



---------------  S Y S T E M  ---------------

OS: Windows 7 Build 7601 Service Pack 1

CPU:total 4 (2 cores per cpu, 2 threads per core) family 6 model 58 stepping 9, cmov, cx8, fxsr, mmx, sse, sse2, sse3, ssse3, sse4.1, sse4.2, popcnt, avx, ht, tsc, tscinvbit, tscinv

Memory: 4k page, physical 3412076k(859280k free), swap 6822400k(2913656k free)

vm_info: Java HotSpot(TM) Client VM (23.25-b01) for windows-x86 JRE (1.7.0_25-b16), built on Jun 12 2013 20:29:09 by "java_re" with unknown MS VC++:1600

time: Sat Aug 31 21:33:44 2013
elapsed time: 11 seconds

