#
# A fatal error has been detected by the Java Runtime Environment:
#
#  EXCEPTION_ACCESS_VIOLATION (0xc0000005) at pc=0x65605ad9, pid=16780, tid=15328
#
# JRE version: 7.0_25-b16
# Java VM: Java HotSpot(TM) Client VM (23.25-b01 mixed mode, sharing windows-x86 )
# Problematic frame:
# V  [jvm.dll+0xa5ad9]
#
# Failed to write core dump. Minidumps are not enabled by default on client versions of Windows
#
# If you would like to submit a bug report, please visit:
#   http://bugreport.sun.com/bugreport/crash.jsp
#

---------------  T H R E A D  ---------------

Current thread (0x04333400):  JavaThread "Thread-2" daemon [_thread_in_vm, id=15328, stack(0x05830000,0x05880000)]

siginfo: ExceptionCode=0xc0000005, reading address 0x00000000

Registers:
EAX=0x00000000, EBX=0x042e2701, ECX=0x00000000, EDX=0x00000000
ESP=0x0587f01c, EBP=0x0587f028, ESI=0x04333400, EDI=0x042e27c0
EIP=0x65605ad9, EFLAGS=0x00010206

Top of Stack: (sp=0x0587f01c)
0x0587f01c:   0587f0b0 00000000 042e27c0 0587f298
0x0587f02c:   065742a8 04333528 042e27c0 00000000
0x0587f03c:   06574220 0587f0b0 0587f0b8 00000020
0x0587f04c:   06574220 65563d83 04333400 620114c2
0x0587f05c:   00000000 0587f094 65563d83 00000020
0x0587f06c:   0657420c 00000001 04333400 0587f2d0
0x0587f07c:   0587f06c 0587f090 0587f9ac 620114d6
0x0587f08c:   065741ee fffffffe 0587f0a8 65605dad 

Instructions: (pc=0x65605ad9)
0x65605ab9:   8e 09 00 33 f6 eb 02 8b f1 6a 06 56 e8 46 e3 f5
0x65605ac9:   ff 8b 7d 0c 83 c4 08 b3 01 85 ff 74 3d 8b 45 10
0x65605ad9:   8b 00 50 32 db e8 3d 8f f7 ff 83 c4 04 85 c0 74
0x65605ae9:   29 8b 0f 8b 49 04 8b 50 10 83 c1 08 39 44 0a f8 


Register to memory mapping:

EAX=0x00000000 is an unknown value
EBX=0x042e2701 is an unknown value
ECX=0x00000000 is an unknown value
EDX=0x00000000 is an unknown value
ESP=0x0587f01c is pointing into the stack for thread: 0x04333400
EBP=0x0587f028 is pointing into the stack for thread: 0x04333400
ESI=0x04333400 is a thread
EDI=0x042e27c0 is an unknown value


Stack: [0x05830000,0x05880000],  sp=0x0587f01c,  free space=316k
Native frames: (J=compiled Java code, j=interpreted, Vv=VM code, C=native code)
V  [jvm.dll+0xa5ad9]
C  [jna8220849041923336137.dll+0x42a8]  Java_com_sun_jna_Pointer__1getString+0x778
C  [jna8220849041923336137.dll+0x4d6e]  Java_com_sun_jna_Function_invokeFloat+0x2e
J  com.sun.jna.Function.invokeFloat(I[Ljava/lang/Object;)F
J  com.sun.jna.Function.invoke([Ljava/lang/Object;Ljava/lang/Class;Z)Ljava/lang/Object;
V  [jvm.dll+0x124afa]
V  [jvm.dll+0x1d224e]
V  [jvm.dll+0x124caf]
V  [jvm.dll+0x124d17]
V  [jvm.dll+0xcf06f]
V  [jvm.dll+0x144447]
V  [jvm.dll+0x1445b0]
V  [jvm.dll+0x177bb9]
C  [msvcr100.dll+0x5c6de]  endthreadex+0x3a
C  [msvcr100.dll+0x5c788]  endthreadex+0xe4
C  [kernel32.dll+0x4ed6c]  BaseThreadInitThunk+0x12
C  [ntdll.dll+0x637eb]  RtlInitializeExceptionChain+0xef
C  [ntdll.dll+0x637be]  RtlInitializeExceptionChain+0xc2

Java frames: (J=compiled Java code, j=interpreted, Vv=VM code)
J  com.sun.jna.Function.invokeFloat(I[Ljava/lang/Object;)F
J  com.sun.jna.Function.invoke([Ljava/lang/Object;Ljava/lang/Class;Z)Ljava/lang/Object;
J  com.sun.jna.Function.invoke(Ljava/lang/Class;[Ljava/lang/Object;Ljava/util/Map;)Ljava/lang/Object;
J  com.sun.jna.Library$Handler.invoke(Ljava/lang/Object;Ljava/lang/reflect/Method;[Ljava/lang/Object;)Ljava/lang/Object;
J  com.sun.proxy.$Proxy1.ES_GetTimeFromStart(Lcom/sun/jna/Pointer;)F
J  com.lw.eeg.EEGLog.EEGLog$Thread_EEG.run()V
v  ~StubRoutines::call_stub

---------------  P R O C E S S  ---------------

Java Threads: ( => current thread )
  0x05472c00 JavaThread "Thread-0" daemon [_thread_in_native, id=17712, stack(0x069a0000,0x069f0000)]
=>0x04333400 JavaThread "Thread-2" daemon [_thread_in_vm, id=15328, stack(0x05830000,0x05880000)]
  0x04348c00 JavaThread "TimerQueue" daemon [_thread_blocked, id=16716, stack(0x05880000,0x058d0000)]
  0x01b0b800 JavaThread "DestroyJavaVM" [_thread_blocked, id=17276, stack(0x01bb0000,0x01c00000)]
  0x042ad000 JavaThread "AWT-EventQueue-0" [_thread_blocked, id=17584, stack(0x04850000,0x048a0000)]
  0x04265c00 JavaThread "AWT-Shutdown" [_thread_blocked, id=17652, stack(0x044e0000,0x04530000)]
  0x04263400 JavaThread "Java2D Disposer" daemon [_thread_blocked, id=15652, stack(0x04490000,0x044e0000)]
  0x01cdf800 JavaThread "Service Thread" daemon [_thread_blocked, id=17888, stack(0x04170000,0x041c0000)]
  0x01cdb400 JavaThread "C1 CompilerThread0" daemon [_thread_blocked, id=18076, stack(0x03ff0000,0x04040000)]
  0x01cd9c00 JavaThread "Attach Listener" daemon [_thread_blocked, id=18068, stack(0x03d50000,0x03da0000)]
  0x01cd7000 JavaThread "Signal Dispatcher" daemon [_thread_blocked, id=17880, stack(0x03e80000,0x03ed0000)]
  0x01cb4400 JavaThread "Finalizer" daemon [_thread_blocked, id=16728, stack(0x03f60000,0x03fb0000)]
  0x01cb2c00 JavaThread "Reference Handler" daemon [_thread_blocked, id=17108, stack(0x03f00000,0x03f50000)]

Other Threads:
  0x01cb1400 VMThread [stack: 0x03dc0000,0x03e10000] [id=17792]
  0x041d8c00 WatcherThread [stack: 0x04110000,0x04160000] [id=18096]

VM state:not at safepoint (normal execution)

VM Mutex/Monitor currently owned by a thread: None

Heap
 def new generation   total 9216K, used 8040K [0x23cf0000, 0x246e0000, 0x29240000)
  eden space 8256K,  94% used [0x23cf0000, 0x2448b2d0, 0x24500000)
  from space 960K,  26% used [0x24500000, 0x2453edc8, 0x245f0000)
  to   space 960K,   0% used [0x245f0000, 0x245f0000, 0x246e0000)
 tenured generation   total 20260K, used 15330K [0x29240000, 0x2a609000, 0x33cf0000)
   the space 20260K,  75% used [0x29240000, 0x2a138a20, 0x2a138c00, 0x2a609000)
 compacting perm gen  total 12288K, used 3590K [0x33cf0000, 0x348f0000, 0x37cf0000)
   the space 12288K,  29% used [0x33cf0000, 0x34071840, 0x34071a00, 0x348f0000)
    ro space 10240K,  45% used [0x37cf0000, 0x38179b28, 0x38179c00, 0x386f0000)
    rw space 12288K,  54% used [0x386f0000, 0x38d7d0e8, 0x38d7d200, 0x392f0000)

Card table byte_map: [0x01a50000,0x01b00000] byte_map_base: 0x01931880

Polling page: 0x00250000

Code Cache  [0x01d00000, 0x02030000, 0x03d00000)
 total_blobs=1868 nmethods=1599 adapters=203 free_code_cache=29509Kb largest_free_block=30217088

Compilation events (10 events):
Event: 21.136 Thread 0x01cdb400 1600             java.awt.Component::getX (5 bytes)
Event: 21.136 Thread 0x01cdb400 nmethod 1600 0x0202c848 code [0x0202c940, 0x0202c9c0]
Event: 21.136 Thread 0x01cdb400 1601             java.awt.Component::getY (5 bytes)
Event: 21.136 Thread 0x01cdb400 nmethod 1601 0x0202ca08 code [0x0202cb00, 0x0202cb80]
Event: 21.332 Thread 0x01cdb400 1602             sun.java2d.loops.Blit::getFromCache (132 bytes)
Event: 21.333 Thread 0x01cdb400 nmethod 1602 0x0202cbc8 code [0x0202ce20, 0x0202db70]
Event: 21.370 Thread 0x01cdb400 1603             sun.java2d.SurfaceData::canRenderParallelograms (146 bytes)
Event: 21.370 Thread 0x01cdb400 nmethod 1603 0x0202e688 code [0x0202e7b0, 0x0202e9a8]
Event: 21.409 Thread 0x01cdb400 1604             java.awt.image.ColorModel::getTransparency (5 bytes)
Event: 21.409 Thread 0x01cdb400 nmethod 1604 0x0202eac8 code [0x0202ebc0, 0x0202ec40]

GC Heap History (10 events):
Event: 21.149 GC heap before
{Heap before GC invocations=345 (full 1):
 def new generation   total 9216K, used 8581K [0x23cf0000, 0x246e0000, 0x29240000)
  eden space 8256K, 100% used [0x23cf0000, 0x24500000, 0x24500000)
  from space 960K,  33% used [0x245f0000, 0x24641588, 0x246e0000)
  to   space 960K,   0% used [0x24500000, 0x24500000, 0x245f0000)
 tenured generation   total 20260K, used 15285K [0x29240000, 0x2a609000, 0x33cf0000)
   the space 20260K,  75% used [0x29240000, 0x2a12d4e8, 0x2a12d600, 0x2a609000)
 compacting perm gen  total 12288K, used 3567K [0x33cf0000, 0x348f0000, 0x37cf0000)
   the space 12288K,  29% used [0x33cf0000, 0x3406bf58, 0x3406c000, 0x348f0000)
    ro space 10240K,  45% used [0x37cf0000, 0x38179b28, 0x38179c00, 0x386f0000)
    rw space 12288K,  54% used [0x386f0000, 0x38d7d0e8, 0x38d7d200, 0x392f0000)
Event: 21.150 GC heap after
Heap after GC invocations=346 (full 1):
 def new generation   total 9216K, used 138K [0x23cf0000, 0x246e0000, 0x29240000)
  eden space 8256K,   0% used [0x23cf0000, 0x23cf0000, 0x24500000)
  from space 960K,  14% used [0x24500000, 0x24522a80, 0x245f0000)
  to   space 960K,   0% used [0x245f0000, 0x245f0000, 0x246e0000)
 tenured generation   total 20260K, used 15295K [0x29240000, 0x2a609000, 0x33cf0000)
   the space 20260K,  75% used [0x29240000, 0x2a12fe88, 0x2a130000, 0x2a609000)
 compacting perm gen  total 12288K, used 3567K [0x33cf0000, 0x348f0000, 0x37cf0000)
   the space 12288K,  29% used [0x33cf0000, 0x3406bf58, 0x3406c000, 0x348f0000)
    ro space 10240K,  45% used [0x37cf0000, 0x38179b28, 0x38179c00, 0x386f0000)
    rw space 12288K,  54% used [0x386f0000, 0x38d7d0e8, 0x38d7d200, 0x392f0000)
}
Event: 21.205 GC heap before
{Heap before GC invocations=346 (full 1):
 def new generation   total 9216K, used 8394K [0x23cf0000, 0x246e0000, 0x29240000)
  eden space 8256K, 100% used [0x23cf0000, 0x24500000, 0x24500000)
  from space 960K,  14% used [0x24500000, 0x24522a80, 0x245f0000)
  to   space 960K,   0% used [0x245f0000, 0x245f0000, 0x246e0000)
 tenured generation   total 20260K, used 15295K [0x29240000, 0x2a609000, 0x33cf0000)
   the space 20260K,  75% used [0x29240000, 0x2a12fe88, 0x2a130000, 0x2a609000)
 compacting perm gen  total 12288K, used 3567K [0x33cf0000, 0x348f0000, 0x37cf0000)
   the space 12288K,  29% used [0x33cf0000, 0x3406bf58, 0x3406c000, 0x348f0000)
    ro space 10240K,  45% used [0x37cf0000, 0x38179b28, 0x38179c00, 0x386f0000)
    rw space 12288K,  54% used [0x386f0000, 0x38d7d0e8, 0x38d7d200, 0x392f0000)
Event: 21.206 GC heap after
Heap after GC invocations=347 (full 1):
 def new generation   total 9216K, used 219K [0x23cf0000, 0x246e0000, 0x29240000)
  eden space 8256K,   0% used [0x23cf0000, 0x23cf0000, 0x24500000)
  from space 960K,  22% used [0x245f0000, 0x24626d90, 0x246e0000)
  to   space 960K,   0% used [0x24500000, 0x24500000, 0x245f0000)
 tenured generation   total 20260K, used 15305K [0x29240000, 0x2a609000, 0x33cf0000)
   the space 20260K,  75% used [0x29240000, 0x2a132660, 0x2a132800, 0x2a609000)
 compacting perm gen  total 12288K, used 3567K [0x33cf0000, 0x348f0000, 0x37cf0000)
   the space 12288K,  29% used [0x33cf0000, 0x3406bf58, 0x3406c000, 0x348f0000)
    ro space 10240K,  45% used [0x37cf0000, 0x38179b28, 0x38179c00, 0x386f0000)
    rw space 12288K,  54% used [0x386f0000, 0x38d7d0e8, 0x38d7d200, 0x392f0000)
}
Event: 21.257 GC heap before
{Heap before GC invocations=347 (full 1):
 def new generation   total 9216K, used 8475K [0x23cf0000, 0x246e0000, 0x29240000)
  eden space 8256K, 100% used [0x23cf0000, 0x24500000, 0x24500000)
  from space 960K,  22% used [0x245f0000, 0x24626d90, 0x246e0000)
  to   space 960K,   0% used [0x24500000, 0x24500000, 0x245f0000)
 tenured generation   total 20260K, used 15305K [0x29240000, 0x2a609000, 0x33cf0000)
   the space 20260K,  75% used [0x29240000, 0x2a132660, 0x2a132800, 0x2a609000)
 compacting perm gen  total 12288K, used 3567K [0x33cf0000, 0x348f0000, 0x37cf0000)
   the space 12288K,  29% used [0x33cf0000, 0x3406bf58, 0x3406c000, 0x348f0000)
    ro space 10240K,  45% used [0x37cf0000, 0x38179b28, 0x38179c00, 0x386f0000)
    rw space 12288K,  54% used [0x386f0000, 0x38d7d0e8, 0x38d7d200, 0x392f0000)
Event: 21.258 GC heap after
Heap after GC invocations=348 (full 1):
 def new generation   total 9216K, used 133K [0x23cf0000, 0x246e0000, 0x29240000)
  eden space 8256K,   0% used [0x23cf0000, 0x23cf0000, 0x24500000)
  from space 960K,  13% used [0x24500000, 0x245217f0, 0x245f0000)
  to   space 960K,   0% used [0x245f0000, 0x245f0000, 0x246e0000)
 tenured generation   total 20260K, used 15315K [0x29240000, 0x2a609000, 0x33cf0000)
   the space 20260K,  75% used [0x29240000, 0x2a134e50, 0x2a135000, 0x2a609000)
 compacting perm gen  total 12288K, used 3567K [0x33cf0000, 0x348f0000, 0x37cf0000)
   the space 12288K,  29% used [0x33cf0000, 0x3406bf58, 0x3406c000, 0x348f0000)
    ro space 10240K,  45% used [0x37cf0000, 0x38179b28, 0x38179c00, 0x386f0000)
    rw space 12288K,  54% used [0x386f0000, 0x38d7d0e8, 0x38d7d200, 0x392f0000)
}
Event: 21.318 GC heap before
{Heap before GC invocations=348 (full 1):
 def new generation   total 9216K, used 8389K [0x23cf0000, 0x246e0000, 0x29240000)
  eden space 8256K, 100% used [0x23cf0000, 0x24500000, 0x24500000)
  from space 960K,  13% used [0x24500000, 0x245217f0, 0x245f0000)
  to   space 960K,   0% used [0x245f0000, 0x245f0000, 0x246e0000)
 tenured generation   total 20260K, used 15315K [0x29240000, 0x2a609000, 0x33cf0000)
   the space 20260K,  75% used [0x29240000, 0x2a134e50, 0x2a135000, 0x2a609000)
 compacting perm gen  total 12288K, used 3567K [0x33cf0000, 0x348f0000, 0x37cf0000)
   the space 12288K,  29% used [0x33cf0000, 0x3406bf58, 0x3406c000, 0x348f0000)
    ro space 10240K,  45% used [0x37cf0000, 0x38179b28, 0x38179c00, 0x386f0000)
    rw space 12288K,  54% used [0x386f0000, 0x38d7d0e8, 0x38d7d200, 0x392f0000)
Event: 21.319 GC heap after
Heap after GC invocations=349 (full 1):
 def new generation   total 9216K, used 136K [0x23cf0000, 0x246e0000, 0x29240000)
  eden space 8256K,   0% used [0x23cf0000, 0x23cf0000, 0x24500000)
  from space 960K,  14% used [0x245f0000, 0x246121a0, 0x246e0000)
  to   space 960K,   0% used [0x24500000, 0x24500000, 0x245f0000)
 tenured generation   total 20260K, used 15320K [0x29240000, 0x2a609000, 0x33cf0000)
   the space 20260K,  75% used [0x29240000, 0x2a136248, 0x2a136400, 0x2a609000)
 compacting perm gen  total 12288K, used 3567K [0x33cf0000, 0x348f0000, 0x37cf0000)
   the space 12288K,  29% used [0x33cf0000, 0x3406bf58, 0x3406c000, 0x348f0000)
    ro space 10240K,  45% used [0x37cf0000, 0x38179b28, 0x38179c00, 0x386f0000)
    rw space 12288K,  54% used [0x386f0000, 0x38d7d0e8, 0x38d7d200, 0x392f0000)
}
Event: 21.363 GC heap before
{Heap before GC invocations=349 (full 1):
 def new generation   total 9216K, used 8392K [0x23cf0000, 0x246e0000, 0x29240000)
  eden space 8256K, 100% used [0x23cf0000, 0x24500000, 0x24500000)
  from space 960K,  14% used [0x245f0000, 0x246121a0, 0x246e0000)
  to   space 960K,   0% used [0x24500000, 0x24500000, 0x245f0000)
 tenured generation   total 20260K, used 15320K [0x29240000, 0x2a609000, 0x33cf0000)
   the space 20260K,  75% used [0x29240000, 0x2a136248, 0x2a136400, 0x2a609000)
 compacting perm gen  total 12288K, used 3567K [0x33cf0000, 0x348f0000, 0x37cf0000)
   the space 12288K,  29% used [0x33cf0000, 0x3406bf58, 0x3406c000, 0x348f0000)
    ro space 10240K,  45% used [0x37cf0000, 0x38179b28, 0x38179c00, 0x386f0000)
    rw space 12288K,  54% used [0x386f0000, 0x38d7d0e8, 0x38d7d200, 0x392f0000)
Event: 21.365 GC heap after
Heap after GC invocations=350 (full 1):
 def new generation   total 9216K, used 251K [0x23cf0000, 0x246e0000, 0x29240000)
  eden space 8256K,   0% used [0x23cf0000, 0x23cf0000, 0x24500000)
  from space 960K,  26% used [0x24500000, 0x2453edc8, 0x245f0000)
  to   space 960K,   0% used [0x245f0000, 0x245f0000, 0x246e0000)
 tenured generation   total 20260K, used 15330K [0x29240000, 0x2a609000, 0x33cf0000)
   the space 20260K,  75% used [0x29240000, 0x2a138a20, 0x2a138c00, 0x2a609000)
 compacting perm gen  total 12288K, used 3567K [0x33cf0000, 0x348f0000, 0x37cf0000)
   the space 12288K,  29% used [0x33cf0000, 0x3406bf58, 0x3406c000, 0x348f0000)
    ro space 10240K,  45% used [0x37cf0000, 0x38179b28, 0x38179c00, 0x386f0000)
    rw space 12288K,  54% used [0x386f0000, 0x38d7d0e8, 0x38d7d200, 0x392f0000)
}

Deoptimization events (0 events):
No events

Internal exceptions (10 events):
Event: 2.505 Thread 0x042ad000 Threw 0x23d13808 at C:\jdk7u2_32P\jdk7u25\hotspot\src\share\vm\prims\jvm.cpp:1235
Event: 2.506 Thread 0x042ad000 Threw 0x23d17270 at C:\jdk7u2_32P\jdk7u25\hotspot\src\share\vm\prims\jvm.cpp:1235
Event: 2.509 Thread 0x042ad000 Threw 0x23d3f150 at C:\jdk7u2_32P\jdk7u25\hotspot\src\share\vm\prims\jvm.cpp:1235
Event: 2.510 Thread 0x042ad000 Threw 0x23d6f188 at C:\jdk7u2_32P\jdk7u25\hotspot\src\share\vm\prims\jvm.cpp:1235
Event: 2.512 Thread 0x042ad000 Threw 0x23d9dba8 at C:\jdk7u2_32P\jdk7u25\hotspot\src\share\vm\prims\jvm.cpp:1235
Event: 2.540 Thread 0x042ad000 Threw 0x2406baa8 at C:\jdk7u2_32P\jdk7u25\hotspot\src\share\vm\prims\jvm.cpp:1235
Event: 2.562 Thread 0x042ad000 Threw 0x240b0590 at C:\jdk7u2_32P\jdk7u25\hotspot\src\share\vm\prims\jvm.cpp:1235
Event: 2.562 Thread 0x042ad000 Threw 0x240b3be8 at C:\jdk7u2_32P\jdk7u25\hotspot\src\share\vm\prims\jvm.cpp:1235
Event: 2.563 Thread 0x042ad000 Threw 0x2424d050 at C:\jdk7u2_32P\jdk7u25\hotspot\src\share\vm\prims\jvm.cpp:1235
Event: 2.563 Thread 0x042ad000 Threw 0x24250bd8 at C:\jdk7u2_32P\jdk7u25\hotspot\src\share\vm\prims\jvm.cpp:1235

Events (10 events):
Event: 21.318 Executing VM operation: GenCollectForAllocation
Event: 21.319 Executing VM operation: GenCollectForAllocation done
Event: 21.363 Executing VM operation: GenCollectForAllocation
Event: 21.365 Executing VM operation: GenCollectForAllocation done
Event: 21.410 Thread 0x05472800 Thread added: 0x05472800
Event: 21.410 Thread 0x05472c00 Thread added: 0x05472c00
Event: 21.410 Thread 0x05472800 Thread exited: 0x05472800
Event: 21.410 Thread 0x05473400 Thread added: 0x05473400
Event: 21.411 loading class 0x39312800
Event: 21.411 loading class 0x39312800 done


Dynamic libraries:
0x01250000 - 0x0127f000 	C:\Program Files\Java\jdk1.7.0_25\bin\javaw.exe
0x77810000 - 0x7794c000 	C:\Windows\SYSTEM32\ntdll.dll
0x77520000 - 0x775f4000 	C:\Windows\system32\kernel32.dll
0x75ab0000 - 0x75afb000 	C:\Windows\system32\KERNELBASE.dll
0x76d40000 - 0x76de0000 	C:\Windows\system32\ADVAPI32.dll
0x77460000 - 0x7750c000 	C:\Windows\system32\msvcrt.dll
0x77220000 - 0x77239000 	C:\Windows\SYSTEM32\sechost.dll
0x75bb0000 - 0x75c52000 	C:\Windows\system32\RPCRT4.dll
0x77300000 - 0x773c9000 	C:\Windows\system32\USER32.dll
0x76f70000 - 0x76fbe000 	C:\Windows\system32\GDI32.dll
0x77510000 - 0x7751a000 	C:\Windows\system32\LPK.dll
0x779a0000 - 0x77a3d000 	C:\Windows\system32\USP10.dll
0x74bf0000 - 0x74d8e000 	C:\Windows\WinSxS\x86_microsoft.windows.common-controls_6595b64144ccf1df_6.0.7601.17514_none_41e6975e2bd6f2b2\COMCTL32.dll
0x76fc0000 - 0x77017000 	C:\Windows\system32\SHLWAPI.dll
0x76de0000 - 0x76dff000 	C:\Windows\system32\IMM32.DLL
0x75eb0000 - 0x75f7c000 	C:\Windows\system32\MSCTF.dll
0x6d9e0000 - 0x6da9e000 	C:\Program Files\Java\jdk1.7.0_25\jre\bin\msvcr100.dll
0x65560000 - 0x658a2000 	C:\Program Files\Java\jdk1.7.0_25\jre\bin\client\jvm.dll
0x72d30000 - 0x72d37000 	C:\Windows\system32\WSOCK32.dll
0x77240000 - 0x77275000 	C:\Windows\system32\WS2_32.dll
0x76f60000 - 0x76f66000 	C:\Windows\system32\NSI.dll
0x74440000 - 0x74472000 	C:\Windows\system32\WINMM.dll
0x76d30000 - 0x76d35000 	C:\Windows\system32\PSAPI.DLL
0x73fa0000 - 0x73fac000 	C:\Program Files\Java\jdk1.7.0_25\jre\bin\verify.dll
0x73610000 - 0x73630000 	C:\Program Files\Java\jdk1.7.0_25\jre\bin\java.dll
0x73630000 - 0x73643000 	C:\Program Files\Java\jdk1.7.0_25\jre\bin\zip.dll
0x54b10000 - 0x54c54000 	C:\Program Files\Java\jdk1.7.0_25\jre\bin\awt.dll
0x75e20000 - 0x75eaf000 	C:\Windows\system32\OLEAUT32.dll
0x76bd0000 - 0x76d2c000 	C:\Windows\system32\ole32.dll
0x73e10000 - 0x73e50000 	C:\Windows\system32\uxtheme.dll
0x71db0000 - 0x71e4f000 	C:\ProgramData\Tencent\TSVulFw\TSVulFW.DAT
0x74960000 - 0x74969000 	C:\Windows\system32\VERSION.dll
0x75f80000 - 0x76bca000 	C:\Windows\system32\SHELL32.dll
0x73c00000 - 0x73c13000 	C:\Windows\system32\dwmapi.dll
0x757d0000 - 0x757dc000 	C:\Windows\system32\CRYPTBASE.dll
0x10000000 - 0x1000f000 	D:\Users\Leslie\AppData\Local\Youdao\Dict\5.4.43.3217\WordStrokeHelper32.dll
0x71f40000 - 0x71f71000 	C:\Program Files\Java\jdk1.7.0_25\jre\bin\fontmanager.dll
0x72980000 - 0x72994000 	C:\Program Files\Java\jdk1.7.0_25\jre\bin\net.dll
0x752a0000 - 0x752dc000 	C:\Windows\system32\mswsock.dll
0x75290000 - 0x75296000 	C:\Windows\System32\wship6.dll
0x73fb0000 - 0x73fbf000 	C:\Program Files\Java\jdk1.7.0_25\jre\bin\nio.dll
0x73250000 - 0x73280000 	C:\Program Files\Java\jdk1.7.0_25\jre\bin\t2k.dll
0x773d0000 - 0x77453000 	C:\Windows\system32\CLBCatQ.DLL
0x75300000 - 0x75316000 	C:\Windows\system32\CRYPTSP.dll
0x75080000 - 0x750bb000 	C:\Windows\system32\rsaenh.dll
0x747d0000 - 0x747e7000 	C:\Windows\system32\USERENV.dll
0x75850000 - 0x7585b000 	C:\Windows\system32\profapi.dll
0x73ad0000 - 0x73ae0000 	C:\Windows\system32\NLAapi.dll
0x724b0000 - 0x724c0000 	C:\Windows\system32\napinsp.dll
0x72470000 - 0x72482000 	C:\Windows\system32\pnrpnsp.dll
0x75160000 - 0x751a4000 	C:\Windows\system32\DNSAPI.dll
0x72460000 - 0x72468000 	C:\Windows\System32\winrnr.dll
0x72450000 - 0x7245d000 	C:\Windows\system32\wshbth.dll
0x72420000 - 0x72447000 	C:\Program Files\Common Files\Microsoft Shared\Windows Live\WLIDNSP.DLL
0x723f0000 - 0x72411000 	C:\Program Files\Bonjour\mdnsNSP.dll
0x74530000 - 0x7454c000 	C:\Windows\system32\Iphlpapi.DLL
0x74520000 - 0x74527000 	C:\Windows\system32\WINNSI.DLL
0x06350000 - 0x06367000 	C:\Program Files\Common Files\Thunder Network\NetMon\net_monitor2.0.2.9.dll
0x7c3a0000 - 0x7c41b000 	C:\Windows\system32\MSVCP71.dll
0x7c340000 - 0x7c396000 	C:\Windows\system32\MSVCR71.dll
0x74420000 - 0x74426000 	C:\Windows\System32\wshqos.dll
0x74410000 - 0x74415000 	C:\Windows\system32\wshtcpip.DLL
0x72300000 - 0x72306000 	C:\Windows\system32\rasadhlp.dll
0x70dd0000 - 0x70e08000 	C:\Windows\System32\fwpuclnt.dll
0x06570000 - 0x065c5000 	C:\Users\Leslie\AppData\Local\Temp\jna8220849041923336137.dll
0x54260000 - 0x5447f000 	E:\workspace\android\MSCPROJECT\EEGAnalysis\edk.dll
0x53ef0000 - 0x540e2000 	E:\workspace\android\MSCPROJECT\EEGAnalysis\edk_utils.dll
0x6fa80000 - 0x6fae9000 	C:\Windows\system32\MSVCP100.dll
0x77020000 - 0x771bd000 	C:\Windows\system32\SETUPAPI.dll
0x75a80000 - 0x75aa7000 	C:\Windows\system32\CFGMGR32.dll
0x75b90000 - 0x75ba2000 	C:\Windows\system32\DEVOBJ.dll
0x73ba0000 - 0x73ba9000 	C:\Windows\system32\HID.DLL
0x75a40000 - 0x75a6e000 	C:\Windows\system32\WINTRUST.dll
0x75920000 - 0x75a40000 	C:\Windows\system32\CRYPT32.dll
0x758c0000 - 0x758cc000 	C:\Windows\system32\MSASN1.dll
0x065d0000 - 0x0662f000 	D:\Users\Leslie\AppData\Local\Youdao\Dict\5.4.43.3217\TextExtractorImpl32.dll
0x73290000 - 0x732cc000 	C:\Windows\system32\OLEACC.dll
0x72510000 - 0x72534000 	C:\Program Files\Java\jdk1.7.0_25\jre\bin\dcpr.dll
0x72d50000 - 0x72e3b000 	C:\Windows\system32\dbghelp.dll
0x75780000 - 0x757cc000 	C:\Windows\system32\apphelp.dll

VM Arguments:
jvm_args: -Dfile.encoding=GBK 
java_command: com.lw.eeg.Main.EEGAnalysis
Launcher Type: SUN_STANDARD

Environment Variables:
JAVA_HOME=C:\Program Files\Java\jdk1.7.0_25
CLASSPATH=.;.;C:\PROGRA~1\JMF21~1.1E\lib\sound.jar;C:\PROGRA~1\JMF21~1.1E\lib\jmf.jar;C:\PROGRA~1\JMF21~1.1E\lib;
PATH=C:/Program Files/Java/jre7/bin/client;C:/Program Files/Java/jre7/bin;C:/Program Files/Java/jre7/lib/i386;C:\Windows\system32;C:\Windows\System32;C:\Program Files\Java\jdk1.7.0_25\bin;D:\Program Files\LaTex\miktex\bin\;E:\dvlTools\adt-bundle-windows-x86-20130522\eclipse;
USERNAME=Leslie
OS=Windows_NT
PROCESSOR_IDENTIFIER=x86 Family 6 Model 58 Stepping 9, GenuineIntel



---------------  S Y S T E M  ---------------

OS: Windows 7 Build 7601 Service Pack 1

CPU:total 4 (2 cores per cpu, 2 threads per core) family 6 model 58 stepping 9, cmov, cx8, fxsr, mmx, sse, sse2, sse3, ssse3, sse4.1, sse4.2, popcnt, avx, ht, tsc, tscinvbit, tscinv

Memory: 4k page, physical 3412076k(980124k free), swap 6822400k(3191984k free)

vm_info: Java HotSpot(TM) Client VM (23.25-b01) for windows-x86 JRE (1.7.0_25-b16), built on Jun 12 2013 20:29:09 by "java_re" with unknown MS VC++:1600

time: Sat Aug 31 19:46:07 2013
elapsed time: 21 seconds

