#
# A fatal error has been detected by the Java Runtime Environment:
#
#  EXCEPTION_ACCESS_VIOLATION (0xc0000005) at pc=0x65605ad9, pid=18028, tid=17432
#
# JRE version: 7.0_25-b16
# Java VM: Java HotSpot(TM) Client VM (23.25-b01 mixed mode, sharing windows-x86 )
# Problematic frame:
# V  [jvm.dll+0xa5ad9]
#
# Failed to write core dump. Minidumps are not enabled by default on client versions of Windows
#
# If you would like to submit a bug report, please visit:
#   http://bugreport.sun.com/bugreport/crash.jsp
#

---------------  T H R E A D  ---------------

Current thread (0x0404d800):  JavaThread "Thread-2" daemon [_thread_in_vm, id=17432, stack(0x04f10000,0x04f60000)]

siginfo: ExceptionCode=0xc0000005, reading address 0x00000000

Registers:
EAX=0x00000000, EBX=0x0411a701, ECX=0x00000000, EDX=0x00000000
ESP=0x04f5ec6c, EBP=0x04f5ec78, ESI=0x0404d800, EDI=0x0411a7b0
EIP=0x65605ad9, EFLAGS=0x00010202

Top of Stack: (sp=0x04f5ec6c)
0x04f5ec6c:   04f5ed10 00000000 0411a7b0 04f5eef8
0x04f5ec7c:   057d42a8 0404d928 0411a7b0 00000000
0x04f5ec8c:   057d4220 04f5ed00 04f5ed08 00000020
0x04f5ec9c:   057d4220 65563d83 0404d800 00000020
0x04f5ecac:   04f5ece0 65563d83 0404d800 00000020
0x04f5ecbc:   057d420c 04f5ecf4 65563d83 0404d800
0x04f5eccc:   c7747f6b 00000002 0404d800 04f5ef30
0x04f5ecdc:   04f5eccc 04f5ecf0 04f5f60c c7747f6b 

Instructions: (pc=0x65605ad9)
0x65605ab9:   8e 09 00 33 f6 eb 02 8b f1 6a 06 56 e8 46 e3 f5
0x65605ac9:   ff 8b 7d 0c 83 c4 08 b3 01 85 ff 74 3d 8b 45 10
0x65605ad9:   8b 00 50 32 db e8 3d 8f f7 ff 83 c4 04 85 c0 74
0x65605ae9:   29 8b 0f 8b 49 04 8b 50 10 83 c1 08 39 44 0a f8 


Register to memory mapping:

EAX=0x00000000 is an unknown value
EBX=0x0411a701 is an unknown value
ECX=0x00000000 is an unknown value
EDX=0x00000000 is an unknown value
ESP=0x04f5ec6c is pointing into the stack for thread: 0x0404d800
EBP=0x04f5ec78 is pointing into the stack for thread: 0x0404d800
ESI=0x0404d800 is a thread
EDI=0x0411a7b0 is an unknown value


Stack: [0x04f10000,0x04f60000],  sp=0x04f5ec6c,  free space=315k
Native frames: (J=compiled Java code, j=interpreted, Vv=VM code, C=native code)
V  [jvm.dll+0xa5ad9]
C  [jna1550725049976769997.dll+0x42a8]  Java_com_sun_jna_Pointer__1getString+0x778
C  [jna1550725049976769997.dll+0x4d2e]  Java_com_sun_jna_Function_invokeInt+0x2e
J  com.sun.jna.Function.invokeInt(I[Ljava/lang/Object;)I
J  com.sun.jna.Function.invoke([Ljava/lang/Object;Ljava/lang/Class;Z)Ljava/lang/Object;
V  [jvm.dll+0x124afa]
V  [jvm.dll+0x1d224e]
V  [jvm.dll+0x124caf]
V  [jvm.dll+0x124d17]
V  [jvm.dll+0xcf06f]
V  [jvm.dll+0x144447]
V  [jvm.dll+0x1445b0]
V  [jvm.dll+0x177bb9]
C  [msvcr100.dll+0x5c6de]  endthreadex+0x3a
C  [msvcr100.dll+0x5c788]  endthreadex+0xe4
C  [kernel32.dll+0x4ed6c]  BaseThreadInitThunk+0x12
C  [ntdll.dll+0x637eb]  RtlInitializeExceptionChain+0xef
C  [ntdll.dll+0x637be]  RtlInitializeExceptionChain+0xc2

Java frames: (J=compiled Java code, j=interpreted, Vv=VM code)
J  com.sun.jna.Function.invokeInt(I[Ljava/lang/Object;)I
J  com.sun.jna.Function.invoke([Ljava/lang/Object;Ljava/lang/Class;Z)Ljava/lang/Object;
J  com.sun.jna.Function.invoke(Ljava/lang/Class;[Ljava/lang/Object;Ljava/util/Map;)Ljava/lang/Object;
J  com.sun.jna.Library$Handler.invoke(Ljava/lang/Object;Ljava/lang/reflect/Method;[Ljava/lang/Object;)Ljava/lang/Object;
J  com.sun.proxy.$Proxy0.EE_DataGetNumberOfSample(Lcom/sun/jna/Pointer;Lcom/sun/jna/ptr/IntByReference;)I
J  com.lw.eeg.EEGLog.EEGLog$Thread_EEG.run()V
v  ~StubRoutines::call_stub

---------------  P R O C E S S  ---------------

Java Threads: ( => current thread )
  0x04197c00 JavaThread "Thread-0" daemon [_thread_in_native, id=17700, stack(0x071f0000,0x07240000)]
=>0x0404d800 JavaThread "Thread-2" daemon [_thread_in_vm, id=17432, stack(0x04f10000,0x04f60000)]
  0x0404c000 JavaThread "TimerQueue" daemon [_thread_blocked, id=18296, stack(0x06310000,0x06360000)]
  0x000eb800 JavaThread "DestroyJavaVM" [_thread_blocked, id=16764, stack(0x01b90000,0x01be0000)]
  0x040e9400 JavaThread "AWT-EventQueue-0" [_thread_blocked, id=16896, stack(0x04490000,0x044e0000)]
  0x040ba800 JavaThread "AWT-Shutdown" [_thread_blocked, id=16928, stack(0x043f0000,0x04440000)]
  0x040ba000 JavaThread "Java2D Disposer" daemon [_thread_blocked, id=17580, stack(0x04440000,0x04490000)]
  0x01b60400 JavaThread "Service Thread" daemon [_thread_blocked, id=16388, stack(0x042f0000,0x04340000)]
  0x01b5b400 JavaThread "C1 CompilerThread0" daemon [_thread_blocked, id=17044, stack(0x03cb0000,0x03d00000)]
  0x01b59c00 JavaThread "Attach Listener" daemon [_thread_blocked, id=15164, stack(0x03e80000,0x03ed0000)]
  0x01b57000 JavaThread "Signal Dispatcher" daemon [_thread_blocked, id=17380, stack(0x03fb0000,0x04000000)]
  0x01b37800 JavaThread "Finalizer" daemon [_thread_blocked, id=17376, stack(0x03ef0000,0x03f40000)]
  0x01b32c00 JavaThread "Reference Handler" daemon [_thread_blocked, id=15852, stack(0x03dc0000,0x03e10000)]

Other Threads:
  0x01b31400 VMThread [stack: 0x03e10000,0x03e60000] [id=17276]
  0x01b61400 WatcherThread [stack: 0x04360000,0x043b0000] [id=17684]

VM state:not at safepoint (normal execution)

VM Mutex/Monitor currently owned by a thread: None

Heap
 def new generation   total 17856K, used 13595K [0x23cf0000, 0x25050000, 0x29240000)
  eden space 15872K,  80% used [0x23cf0000, 0x2496ef20, 0x24c70000)
  from space 1984K,  40% used [0x24c70000, 0x24d37d38, 0x24e60000)
  to   space 1984K,   0% used [0x24e60000, 0x24e60000, 0x25050000)
 tenured generation   total 39640K, used 25044K [0x29240000, 0x2b8f6000, 0x33cf0000)
   the space 39640K,  63% used [0x29240000, 0x2aab5248, 0x2aab5400, 0x2b8f6000)
 compacting perm gen  total 12288K, used 3607K [0x33cf0000, 0x348f0000, 0x37cf0000)
   the space 12288K,  29% used [0x33cf0000, 0x34075d58, 0x34075e00, 0x348f0000)
    ro space 10240K,  45% used [0x37cf0000, 0x38179b28, 0x38179c00, 0x386f0000)
    rw space 12288K,  54% used [0x386f0000, 0x38d7d0e8, 0x38d7d200, 0x392f0000)

Card table byte_map: [0x03be0000,0x03c90000] byte_map_base: 0x03ac1880

Polling page: 0x00130000

Code Cache  [0x01be0000, 0x01f28000, 0x03be0000)
 total_blobs=1851 nmethods=1582 adapters=203 free_code_cache=29436Kb largest_free_block=30142336

Compilation events (10 events):
Event: 80.256 Thread 0x01b5b400 1584             org.jfree.chart.axis.DateAxis::estimateMaximumTickLabelWidth (174 bytes)
Event: 80.257 Thread 0x01b5b400 nmethod 1584 0x01f1ab48 code [0x01f1ad80, 0x01f1bcb8]
Event: 83.767 Thread 0x01b5b400 1585             java.util.Currency::getInstance (233 bytes)
Event: 83.768 Thread 0x01b5b400 nmethod 1585 0x01f1cfc8 code [0x01f1d1e0, 0x01f1dda0]
Event: 83.768 Thread 0x01b5b400 1586             java.util.Currency::getMainTableEntry (49 bytes)
Event: 83.768 Thread 0x01b5b400 nmethod 1586 0x01f1ec48 code [0x01f1ed50, 0x01f1ee7c]
Event: 83.768 Thread 0x01b5b400 1587   !         java.util.Currency::getInstance (218 bytes)
Event: 83.770 Thread 0x01b5b400 nmethod 1587 0x01f1ef88 code [0x01f1f1b0, 0x01f1fa84]
Event: 84.432 Thread 0x01b5b400 1588             org.jfree.chart.title.Title::getPosition (5 bytes)
Event: 84.432 Thread 0x01b5b400 nmethod 1588 0x01f20ec8 code [0x01f20fc0, 0x01f21040]

GC Heap History (10 events):
Event: 84.354 GC heap before
{Heap before GC invocations=1401 (full 7):
 def new generation   total 17856K, used 17145K [0x23cf0000, 0x25050000, 0x29240000)
  eden space 15872K, 100% used [0x23cf0000, 0x24c70000, 0x24c70000)
  from space 1984K,  64% used [0x24e60000, 0x24f9e548, 0x25050000)
  to   space 1984K,   0% used [0x24c70000, 0x24c70000, 0x24e60000)
 tenured generation   total 39640K, used 24920K [0x29240000, 0x2b8f6000, 0x33cf0000)
   the space 39640K,  62% used [0x29240000, 0x2aa96020, 0x2aa96200, 0x2b8f6000)
 compacting perm gen  total 12288K, used 3585K [0x33cf0000, 0x348f0000, 0x37cf0000)
   the space 12288K,  29% used [0x33cf0000, 0x34070470, 0x34070600, 0x348f0000)
    ro space 10240K,  45% used [0x37cf0000, 0x38179b28, 0x38179c00, 0x386f0000)
    rw space 12288K,  54% used [0x386f0000, 0x38d7d0e8, 0x38d7d200, 0x392f0000)
Event: 84.355 GC heap after
Heap after GC invocations=1402 (full 7):
 def new generation   total 17856K, used 377K [0x23cf0000, 0x25050000, 0x29240000)
  eden space 15872K,   0% used [0x23cf0000, 0x23cf0000, 0x24c70000)
  from space 1984K,  19% used [0x24c70000, 0x24cce668, 0x24e60000)
  to   space 1984K,   0% used [0x24e60000, 0x24e60000, 0x25050000)
 tenured generation   total 39640K, used 25019K [0x29240000, 0x2b8f6000, 0x33cf0000)
   the space 39640K,  63% used [0x29240000, 0x2aaaeed0, 0x2aaaf000, 0x2b8f6000)
 compacting perm gen  total 12288K, used 3585K [0x33cf0000, 0x348f0000, 0x37cf0000)
   the space 12288K,  29% used [0x33cf0000, 0x34070470, 0x34070600, 0x348f0000)
    ro space 10240K,  45% used [0x37cf0000, 0x38179b28, 0x38179c00, 0x386f0000)
    rw space 12288K,  54% used [0x386f0000, 0x38d7d0e8, 0x38d7d200, 0x392f0000)
}
Event: 84.407 GC heap before
{Heap before GC invocations=1402 (full 7):
 def new generation   total 17856K, used 16249K [0x23cf0000, 0x25050000, 0x29240000)
  eden space 15872K, 100% used [0x23cf0000, 0x24c70000, 0x24c70000)
  from space 1984K,  19% used [0x24c70000, 0x24cce668, 0x24e60000)
  to   space 1984K,   0% used [0x24e60000, 0x24e60000, 0x25050000)
 tenured generation   total 39640K, used 25019K [0x29240000, 0x2b8f6000, 0x33cf0000)
   the space 39640K,  63% used [0x29240000, 0x2aaaeed0, 0x2aaaf000, 0x2b8f6000)
 compacting perm gen  total 12288K, used 3585K [0x33cf0000, 0x348f0000, 0x37cf0000)
   the space 12288K,  29% used [0x33cf0000, 0x34070470, 0x34070600, 0x348f0000)
    ro space 10240K,  45% used [0x37cf0000, 0x38179b28, 0x38179c00, 0x386f0000)
    rw space 12288K,  54% used [0x386f0000, 0x38d7d0e8, 0x38d7d200, 0x392f0000)
Event: 84.411 GC heap after
Heap after GC invocations=1403 (full 7):
 def new generation   total 17856K, used 1433K [0x23cf0000, 0x25050000, 0x29240000)
  eden space 15872K,   0% used [0x23cf0000, 0x23cf0000, 0x24c70000)
  from space 1984K,  72% used [0x24e60000, 0x24fc67d0, 0x25050000)
  to   space 1984K,   0% used [0x24c70000, 0x24c70000, 0x24e60000)
 tenured generation   total 39640K, used 25019K [0x29240000, 0x2b8f6000, 0x33cf0000)
   the space 39640K,  63% used [0x29240000, 0x2aaaeed0, 0x2aaaf000, 0x2b8f6000)
 compacting perm gen  total 12288K, used 3585K [0x33cf0000, 0x348f0000, 0x37cf0000)
   the space 12288K,  29% used [0x33cf0000, 0x34070470, 0x34070600, 0x348f0000)
    ro space 10240K,  45% used [0x37cf0000, 0x38179b28, 0x38179c00, 0x386f0000)
    rw space 12288K,  54% used [0x386f0000, 0x38d7d0e8, 0x38d7d200, 0x392f0000)
}
Event: 84.501 GC heap before
{Heap before GC invocations=1403 (full 7):
 def new generation   total 17856K, used 17305K [0x23cf0000, 0x25050000, 0x29240000)
  eden space 15872K, 100% used [0x23cf0000, 0x24c70000, 0x24c70000)
  from space 1984K,  72% used [0x24e60000, 0x24fc67d0, 0x25050000)
  to   space 1984K,   0% used [0x24c70000, 0x24c70000, 0x24e60000)
 tenured generation   total 39640K, used 25019K [0x29240000, 0x2b8f6000, 0x33cf0000)
   the space 39640K,  63% used [0x29240000, 0x2aaaeed0, 0x2aaaf000, 0x2b8f6000)
 compacting perm gen  total 12288K, used 3585K [0x33cf0000, 0x348f0000, 0x37cf0000)
   the space 12288K,  29% used [0x33cf0000, 0x34070470, 0x34070600, 0x348f0000)
    ro space 10240K,  45% used [0x37cf0000, 0x38179b28, 0x38179c00, 0x386f0000)
    rw space 12288K,  54% used [0x386f0000, 0x38d7d0e8, 0x38d7d200, 0x392f0000)
Event: 84.503 GC heap after
Heap after GC invocations=1404 (full 7):
 def new generation   total 17856K, used 588K [0x23cf0000, 0x25050000, 0x29240000)
  eden space 15872K,   0% used [0x23cf0000, 0x23cf0000, 0x24c70000)
  from space 1984K,  29% used [0x24c70000, 0x24d03038, 0x24e60000)
  to   space 1984K,   0% used [0x24e60000, 0x24e60000, 0x25050000)
 tenured generation   total 39640K, used 25044K [0x29240000, 0x2b8f6000, 0x33cf0000)
   the space 39640K,  63% used [0x29240000, 0x2aab5248, 0x2aab5400, 0x2b8f6000)
 compacting perm gen  total 12288K, used 3585K [0x33cf0000, 0x348f0000, 0x37cf0000)
   the space 12288K,  29% used [0x33cf0000, 0x34070470, 0x34070600, 0x348f0000)
    ro space 10240K,  45% used [0x37cf0000, 0x38179b28, 0x38179c00, 0x386f0000)
    rw space 12288K,  54% used [0x386f0000, 0x38d7d0e8, 0x38d7d200, 0x392f0000)
}
Event: 84.567 GC heap before
{Heap before GC invocations=1404 (full 7):
 def new generation   total 17856K, used 16460K [0x23cf0000, 0x25050000, 0x29240000)
  eden space 15872K, 100% used [0x23cf0000, 0x24c70000, 0x24c70000)
  from space 1984K,  29% used [0x24c70000, 0x24d03038, 0x24e60000)
  to   space 1984K,   0% used [0x24e60000, 0x24e60000, 0x25050000)
 tenured generation   total 39640K, used 25044K [0x29240000, 0x2b8f6000, 0x33cf0000)
   the space 39640K,  63% used [0x29240000, 0x2aab5248, 0x2aab5400, 0x2b8f6000)
 compacting perm gen  total 12288K, used 3585K [0x33cf0000, 0x348f0000, 0x37cf0000)
   the space 12288K,  29% used [0x33cf0000, 0x34070470, 0x34070600, 0x348f0000)
    ro space 10240K,  45% used [0x37cf0000, 0x38179b28, 0x38179c00, 0x386f0000)
    rw space 12288K,  54% used [0x386f0000, 0x38d7d0e8, 0x38d7d200, 0x392f0000)
Event: 84.568 GC heap after
Heap after GC invocations=1405 (full 7):
 def new generation   total 17856K, used 39K [0x23cf0000, 0x25050000, 0x29240000)
  eden space 15872K,   0% used [0x23cf0000, 0x23cf0000, 0x24c70000)
  from space 1984K,   1% used [0x24e60000, 0x24e69d90, 0x25050000)
  to   space 1984K,   0% used [0x24c70000, 0x24c70000, 0x24e60000)
 tenured generation   total 39640K, used 25044K [0x29240000, 0x2b8f6000, 0x33cf0000)
   the space 39640K,  63% used [0x29240000, 0x2aab5248, 0x2aab5400, 0x2b8f6000)
 compacting perm gen  total 12288K, used 3585K [0x33cf0000, 0x348f0000, 0x37cf0000)
   the space 12288K,  29% used [0x33cf0000, 0x34070470, 0x34070600, 0x348f0000)
    ro space 10240K,  45% used [0x37cf0000, 0x38179b28, 0x38179c00, 0x386f0000)
    rw space 12288K,  54% used [0x386f0000, 0x38d7d0e8, 0x38d7d200, 0x392f0000)
}
Event: 84.644 GC heap before
{Heap before GC invocations=1405 (full 7):
 def new generation   total 17856K, used 15911K [0x23cf0000, 0x25050000, 0x29240000)
  eden space 15872K, 100% used [0x23cf0000, 0x24c70000, 0x24c70000)
  from space 1984K,   1% used [0x24e60000, 0x24e69d90, 0x25050000)
  to   space 1984K,   0% used [0x24c70000, 0x24c70000, 0x24e60000)
 tenured generation   total 39640K, used 25044K [0x29240000, 0x2b8f6000, 0x33cf0000)
   the space 39640K,  63% used [0x29240000, 0x2aab5248, 0x2aab5400, 0x2b8f6000)
 compacting perm gen  total 12288K, used 3585K [0x33cf0000, 0x348f0000, 0x37cf0000)
   the space 12288K,  29% used [0x33cf0000, 0x34070470, 0x34070600, 0x348f0000)
    ro space 10240K,  45% used [0x37cf0000, 0x38179b28, 0x38179c00, 0x386f0000)
    rw space 12288K,  54% used [0x386f0000, 0x38d7d0e8, 0x38d7d200, 0x392f0000)
Event: 84.646 GC heap after
Heap after GC invocations=1406 (full 7):
 def new generation   total 17856K, used 799K [0x23cf0000, 0x25050000, 0x29240000)
  eden space 15872K,   0% used [0x23cf0000, 0x23cf0000, 0x24c70000)
  from space 1984K,  40% used [0x24c70000, 0x24d37d38, 0x24e60000)
  to   space 1984K,   0% used [0x24e60000, 0x24e60000, 0x25050000)
 tenured generation   total 39640K, used 25044K [0x29240000, 0x2b8f6000, 0x33cf0000)
   the space 39640K,  63% used [0x29240000, 0x2aab5248, 0x2aab5400, 0x2b8f6000)
 compacting perm gen  total 12288K, used 3585K [0x33cf0000, 0x348f0000, 0x37cf0000)
   the space 12288K,  29% used [0x33cf0000, 0x34070470, 0x34070600, 0x348f0000)
    ro space 10240K,  45% used [0x37cf0000, 0x38179b28, 0x38179c00, 0x386f0000)
    rw space 12288K,  54% used [0x386f0000, 0x38d7d0e8, 0x38d7d200, 0x392f0000)
}

Deoptimization events (0 events):
No events

Internal exceptions (10 events):
Event: 10.977 Thread 0x040e9400 Threw 0x240bac68 at C:\jdk7u2_32P\jdk7u25\hotspot\src\share\vm\prims\jvm.cpp:1235
Event: 10.977 Thread 0x040e9400 Threw 0x240c66c8 at C:\jdk7u2_32P\jdk7u25\hotspot\src\share\vm\prims\jvm.cpp:1235
Event: 10.981 Thread 0x040e9400 Threw 0x24112e80 at C:\jdk7u2_32P\jdk7u25\hotspot\src\share\vm\prims\jvm.cpp:1235
Event: 10.983 Thread 0x040e9400 Threw 0x24137800 at C:\jdk7u2_32P\jdk7u25\hotspot\src\share\vm\prims\jvm.cpp:1235
Event: 11.012 Thread 0x040e9400 Threw 0x23d08640 at C:\jdk7u2_32P\jdk7u25\hotspot\src\share\vm\prims\jvm.cpp:1235
Event: 11.035 Thread 0x040e9400 Threw 0x23e98900 at C:\jdk7u2_32P\jdk7u25\hotspot\src\share\vm\prims\jvm.cpp:1235
Event: 11.052 Thread 0x040e9400 Threw 0x23ebd2c0 at C:\jdk7u2_32P\jdk7u25\hotspot\src\share\vm\prims\jvm.cpp:1235
Event: 11.052 Thread 0x040e9400 Threw 0x23ec0918 at C:\jdk7u2_32P\jdk7u25\hotspot\src\share\vm\prims\jvm.cpp:1235
Event: 11.053 Thread 0x040e9400 Threw 0x2403a5f0 at C:\jdk7u2_32P\jdk7u25\hotspot\src\share\vm\prims\jvm.cpp:1235
Event: 11.053 Thread 0x040e9400 Threw 0x2403e178 at C:\jdk7u2_32P\jdk7u25\hotspot\src\share\vm\prims\jvm.cpp:1235

Events (10 events):
Event: 84.567 Executing VM operation: GenCollectForAllocation
Event: 84.568 Executing VM operation: GenCollectForAllocation done
Event: 84.644 Executing VM operation: GenCollectForAllocation
Event: 84.646 Executing VM operation: GenCollectForAllocation done
Event: 84.700 Thread 0x04197000 Thread added: 0x04197000
Event: 84.700 Thread 0x04197400 Thread added: 0x04197400
Event: 84.700 Thread 0x04197000 Thread exited: 0x04197000
Event: 84.700 Thread 0x04197c00 Thread added: 0x04197c00
Event: 84.700 loading class 0x39312800
Event: 84.701 loading class 0x39312800 done


Dynamic libraries:
0x01250000 - 0x0127f000 	C:\Program Files\Java\jdk1.7.0_25\bin\javaw.exe
0x77810000 - 0x7794c000 	C:\Windows\SYSTEM32\ntdll.dll
0x77520000 - 0x775f4000 	C:\Windows\system32\kernel32.dll
0x75ab0000 - 0x75afb000 	C:\Windows\system32\KERNELBASE.dll
0x76d40000 - 0x76de0000 	C:\Windows\system32\ADVAPI32.dll
0x77460000 - 0x7750c000 	C:\Windows\system32\msvcrt.dll
0x77220000 - 0x77239000 	C:\Windows\SYSTEM32\sechost.dll
0x75bb0000 - 0x75c52000 	C:\Windows\system32\RPCRT4.dll
0x77300000 - 0x773c9000 	C:\Windows\system32\USER32.dll
0x76f70000 - 0x76fbe000 	C:\Windows\system32\GDI32.dll
0x77510000 - 0x7751a000 	C:\Windows\system32\LPK.dll
0x779a0000 - 0x77a3d000 	C:\Windows\system32\USP10.dll
0x74bf0000 - 0x74d8e000 	C:\Windows\WinSxS\x86_microsoft.windows.common-controls_6595b64144ccf1df_6.0.7601.17514_none_41e6975e2bd6f2b2\COMCTL32.dll
0x76fc0000 - 0x77017000 	C:\Windows\system32\SHLWAPI.dll
0x76de0000 - 0x76dff000 	C:\Windows\system32\IMM32.DLL
0x75eb0000 - 0x75f7c000 	C:\Windows\system32\MSCTF.dll
0x6d9e0000 - 0x6da9e000 	C:\Program Files\Java\jdk1.7.0_25\jre\bin\msvcr100.dll
0x65560000 - 0x658a2000 	C:\Program Files\Java\jdk1.7.0_25\jre\bin\client\jvm.dll
0x72d30000 - 0x72d37000 	C:\Windows\system32\WSOCK32.dll
0x77240000 - 0x77275000 	C:\Windows\system32\WS2_32.dll
0x76f60000 - 0x76f66000 	C:\Windows\system32\NSI.dll
0x74440000 - 0x74472000 	C:\Windows\system32\WINMM.dll
0x76d30000 - 0x76d35000 	C:\Windows\system32\PSAPI.DLL
0x73fa0000 - 0x73fac000 	C:\Program Files\Java\jdk1.7.0_25\jre\bin\verify.dll
0x73610000 - 0x73630000 	C:\Program Files\Java\jdk1.7.0_25\jre\bin\java.dll
0x73630000 - 0x73643000 	C:\Program Files\Java\jdk1.7.0_25\jre\bin\zip.dll
0x63e20000 - 0x63f64000 	C:\Program Files\Java\jdk1.7.0_25\jre\bin\awt.dll
0x75e20000 - 0x75eaf000 	C:\Windows\system32\OLEAUT32.dll
0x76bd0000 - 0x76d2c000 	C:\Windows\system32\ole32.dll
0x73e10000 - 0x73e50000 	C:\Windows\system32\uxtheme.dll
0x71db0000 - 0x71e4f000 	C:\ProgramData\Tencent\TSVulFw\TSVulFW.DAT
0x74960000 - 0x74969000 	C:\Windows\system32\VERSION.dll
0x75f80000 - 0x76bca000 	C:\Windows\system32\SHELL32.dll
0x73c00000 - 0x73c13000 	C:\Windows\system32\dwmapi.dll
0x757d0000 - 0x757dc000 	C:\Windows\system32\CRYPTBASE.dll
0x10000000 - 0x1000f000 	D:\Users\Leslie\AppData\Local\Youdao\Dict\5.4.43.3217\WordStrokeHelper32.dll
0x72940000 - 0x72971000 	C:\Program Files\Java\jdk1.7.0_25\jre\bin\fontmanager.dll
0x72980000 - 0x72994000 	C:\Program Files\Java\jdk1.7.0_25\jre\bin\net.dll
0x752a0000 - 0x752dc000 	C:\Windows\system32\mswsock.dll
0x75290000 - 0x75296000 	C:\Windows\System32\wship6.dll
0x73fb0000 - 0x73fbf000 	C:\Program Files\Java\jdk1.7.0_25\jre\bin\nio.dll
0x72510000 - 0x72540000 	C:\Program Files\Java\jdk1.7.0_25\jre\bin\t2k.dll
0x773d0000 - 0x77453000 	C:\Windows\system32\CLBCatQ.DLL
0x75300000 - 0x75316000 	C:\Windows\system32\CRYPTSP.dll
0x75080000 - 0x750bb000 	C:\Windows\system32\rsaenh.dll
0x747d0000 - 0x747e7000 	C:\Windows\system32\USERENV.dll
0x75850000 - 0x7585b000 	C:\Windows\system32\profapi.dll
0x73ad0000 - 0x73ae0000 	C:\Windows\system32\NLAapi.dll
0x724b0000 - 0x724c0000 	C:\Windows\system32\napinsp.dll
0x72470000 - 0x72482000 	C:\Windows\system32\pnrpnsp.dll
0x75160000 - 0x751a4000 	C:\Windows\system32\DNSAPI.dll
0x72460000 - 0x72468000 	C:\Windows\System32\winrnr.dll
0x72450000 - 0x7245d000 	C:\Windows\system32\wshbth.dll
0x72420000 - 0x72447000 	C:\Program Files\Common Files\Microsoft Shared\Windows Live\WLIDNSP.DLL
0x723f0000 - 0x72411000 	C:\Program Files\Bonjour\mdnsNSP.dll
0x74530000 - 0x7454c000 	C:\Windows\system32\Iphlpapi.DLL
0x74520000 - 0x74527000 	C:\Windows\system32\WINNSI.DLL
0x04f70000 - 0x04f87000 	C:\Program Files\Common Files\Thunder Network\NetMon\net_monitor2.0.2.9.dll
0x7c3a0000 - 0x7c41b000 	C:\Windows\system32\MSVCP71.dll
0x7c340000 - 0x7c396000 	C:\Windows\system32\MSVCR71.dll
0x74420000 - 0x74426000 	C:\Windows\System32\wshqos.dll
0x74410000 - 0x74415000 	C:\Windows\system32\wshtcpip.DLL
0x72300000 - 0x72306000 	C:\Windows\system32\rasadhlp.dll
0x70dd0000 - 0x70e08000 	C:\Windows\System32\fwpuclnt.dll
0x057d0000 - 0x05825000 	C:\Users\Leslie\AppData\Local\Temp\jna1550725049976769997.dll
0x5cab0000 - 0x5cccf000 	E:\workspace\android\MSCPROJECT\EEGAnalysis\edk.dll
0x5c800000 - 0x5c9f2000 	E:\workspace\android\MSCPROJECT\EEGAnalysis\edk_utils.dll
0x6fa80000 - 0x6fae9000 	C:\Windows\system32\MSVCP100.dll
0x77020000 - 0x771bd000 	C:\Windows\system32\SETUPAPI.dll
0x75a80000 - 0x75aa7000 	C:\Windows\system32\CFGMGR32.dll
0x75b90000 - 0x75ba2000 	C:\Windows\system32\DEVOBJ.dll
0x73ba0000 - 0x73ba9000 	C:\Windows\system32\HID.DLL
0x75a40000 - 0x75a6e000 	C:\Windows\system32\WINTRUST.dll
0x75920000 - 0x75a40000 	C:\Windows\system32\CRYPT32.dll
0x758c0000 - 0x758cc000 	C:\Windows\system32\MSASN1.dll
0x06460000 - 0x064bf000 	D:\Users\Leslie\AppData\Local\Youdao\Dict\5.4.43.3217\TextExtractorImpl32.dll
0x73290000 - 0x732cc000 	C:\Windows\system32\OLEACC.dll
0x71f50000 - 0x71f74000 	C:\Program Files\Java\jdk1.7.0_25\jre\bin\dcpr.dll
0x72d50000 - 0x72e3b000 	C:\Windows\system32\dbghelp.dll
0x75780000 - 0x757cc000 	C:\Windows\system32\apphelp.dll

VM Arguments:
jvm_args: -Dfile.encoding=GBK 
java_command: com.lw.eeg.Main.EEGAnalysis
Launcher Type: SUN_STANDARD

Environment Variables:
JAVA_HOME=C:\Program Files\Java\jdk1.7.0_25
CLASSPATH=.;.;C:\PROGRA~1\JMF21~1.1E\lib\sound.jar;C:\PROGRA~1\JMF21~1.1E\lib\jmf.jar;C:\PROGRA~1\JMF21~1.1E\lib;
PATH=C:/Program Files/Java/jre7/bin/client;C:/Program Files/Java/jre7/bin;C:/Program Files/Java/jre7/lib/i386;C:\Windows\system32;C:\Windows\System32;C:\Program Files\Java\jdk1.7.0_25\bin;D:\Program Files\LaTex\miktex\bin\;E:\dvlTools\adt-bundle-windows-x86-20130522\eclipse;
USERNAME=Leslie
OS=Windows_NT
PROCESSOR_IDENTIFIER=x86 Family 6 Model 58 Stepping 9, GenuineIntel



---------------  S Y S T E M  ---------------

OS: Windows 7 Build 7601 Service Pack 1

CPU:total 4 (2 cores per cpu, 2 threads per core) family 6 model 58 stepping 9, cmov, cx8, fxsr, mmx, sse, sse2, sse3, ssse3, sse4.1, sse4.2, popcnt, avx, ht, tsc, tscinvbit, tscinv

Memory: 4k page, physical 3412076k(1089740k free), swap 6822400k(3246556k free)

vm_info: Java HotSpot(TM) Client VM (23.25-b01) for windows-x86 JRE (1.7.0_25-b16), built on Jun 12 2013 20:29:09 by "java_re" with unknown MS VC++:1600

time: Sat Aug 31 20:35:32 2013
elapsed time: 84 seconds

