#
# A fatal error has been detected by the Java Runtime Environment:
#
#  EXCEPTION_ACCESS_VIOLATION (0xc0000005) at pc=0x65605ad9, pid=20404, tid=19600
#
# JRE version: 7.0_25-b16
# Java VM: Java HotSpot(TM) Client VM (23.25-b01 mixed mode, sharing windows-x86 )
# Problematic frame:
# V  [jvm.dll+0xa5ad9]
#
# Failed to write core dump. Minidumps are not enabled by default on client versions of Windows
#
# If you would like to submit a bug report, please visit:
#   http://bugreport.sun.com/bugreport/crash.jsp
#

---------------  T H R E A D  ---------------

Current thread (0x04289400):  JavaThread "Thread-2" daemon [_thread_in_vm, id=19600, stack(0x06360000,0x063b0000)]

siginfo: ExceptionCode=0xc0000005, reading address 0x00000000

Registers:
EAX=0x00000000, EBX=0x0423d901, ECX=0x00000000, EDX=0x00000000
ESP=0x063af1dc, EBP=0x063af1e8, ESI=0x04289400, EDI=0x0423d900
EIP=0x65605ad9, EFLAGS=0x00010206

Top of Stack: (sp=0x063af1dc)
0x063af1dc:   063af280 00000000 0423d900 063af468
0x063af1ec:   066142a8 04289528 0423d900 00000000
0x063af1fc:   063af210 063af230 063af278 00000020
0x063af20c:   06614220 063af280 063af288 00000020
0x063af21c:   063af250 65563d83 04289400 00000020
0x063af22c:   0661420c 063af264 65563d83 04289400
0x063af23c:   34ade7d8 00000002 04289400 063af4a0
0x063af24c:   063af23c 063af260 063afb7c 34ade7d8 

Instructions: (pc=0x65605ad9)
0x65605ab9:   8e 09 00 33 f6 eb 02 8b f1 6a 06 56 e8 46 e3 f5
0x65605ac9:   ff 8b 7d 0c 83 c4 08 b3 01 85 ff 74 3d 8b 45 10
0x65605ad9:   8b 00 50 32 db e8 3d 8f f7 ff 83 c4 04 85 c0 74
0x65605ae9:   29 8b 0f 8b 49 04 8b 50 10 83 c1 08 39 44 0a f8 


Register to memory mapping:

EAX=0x00000000 is an unknown value
EBX=0x0423d901 is an unknown value
ECX=0x00000000 is an unknown value
EDX=0x00000000 is an unknown value
ESP=0x063af1dc is pointing into the stack for thread: 0x04289400
EBP=0x063af1e8 is pointing into the stack for thread: 0x04289400
ESI=0x04289400 is a thread
EDI=0x0423d900 is an unknown value


Stack: [0x06360000,0x063b0000],  sp=0x063af1dc,  free space=316k
Native frames: (J=compiled Java code, j=interpreted, Vv=VM code, C=native code)
V  [jvm.dll+0xa5ad9]
C  [jna6216632531096281588.dll+0x42a8]  Java_com_sun_jna_Pointer__1getString+0x778
C  [jna6216632531096281588.dll+0x4d2e]  Java_com_sun_jna_Function_invokeInt+0x2e
J  com.sun.jna.Function.invokeInt(I[Ljava/lang/Object;)I
J  com.sun.jna.Function.invoke([Ljava/lang/Object;Ljava/lang/Class;Z)Ljava/lang/Object;
V  [jvm.dll+0x124afa]
V  [jvm.dll+0x1d224e]
V  [jvm.dll+0x124caf]
V  [jvm.dll+0x124d17]
V  [jvm.dll+0xcf06f]
V  [jvm.dll+0x144447]
V  [jvm.dll+0x1445b0]
V  [jvm.dll+0x177bb9]
C  [msvcr100.dll+0x5c6de]  endthreadex+0x3a
C  [msvcr100.dll+0x5c788]  endthreadex+0xe4
C  [kernel32.dll+0x4ed6c]  BaseThreadInitThunk+0x12
C  [ntdll.dll+0x637eb]  RtlInitializeExceptionChain+0xef
C  [ntdll.dll+0x637be]  RtlInitializeExceptionChain+0xc2

Java frames: (J=compiled Java code, j=interpreted, Vv=VM code)
J  com.sun.jna.Function.invokeInt(I[Ljava/lang/Object;)I
J  com.sun.jna.Function.invoke([Ljava/lang/Object;Ljava/lang/Class;Z)Ljava/lang/Object;
J  com.sun.jna.Function.invoke(Ljava/lang/Class;[Ljava/lang/Object;Ljava/util/Map;)Ljava/lang/Object;
J  com.sun.jna.Library$Handler.invoke(Ljava/lang/Object;Ljava/lang/reflect/Method;[Ljava/lang/Object;)Ljava/lang/Object;
J  com.sun.proxy.$Proxy0.EE_EmoEngineEventGetEmoState(Lcom/sun/jna/Pointer;Lcom/sun/jna/Pointer;)I
J  com.lw.eeg.EEGLog.EEGLog$Thread_EEG.run()V
v  ~StubRoutines::call_stub

---------------  P R O C E S S  ---------------

Java Threads: ( => current thread )
  0x04305800 JavaThread "Thread-0" daemon [_thread_in_native, id=18048, stack(0x06260000,0x062b0000)]
  0x05388400 JavaThread "Thread-4" daemon [_thread_in_vm, id=18508, stack(0x068d0000,0x06920000)]
=>0x04289400 JavaThread "Thread-2" daemon [_thread_in_vm, id=19600, stack(0x06360000,0x063b0000)]
  0x05099800 JavaThread "TimerQueue" daemon [_thread_blocked, id=19064, stack(0x062e0000,0x06330000)]
  0x01a6b800 JavaThread "DestroyJavaVM" [_thread_blocked, id=20236, stack(0x01a00000,0x01a50000)]
  0x04211000 JavaThread "AWT-EventQueue-0" [_thread_blocked, id=17220, stack(0x048f0000,0x04940000)]
  0x04207400 JavaThread "AWT-Shutdown" [_thread_blocked, id=18996, stack(0x04080000,0x040d0000)]
  0x041e8c00 JavaThread "Java2D Disposer" daemon [_thread_blocked, id=19136, stack(0x04400000,0x04450000)]
  0x04130800 JavaThread "Service Thread" daemon [_thread_blocked, id=19336, stack(0x03ca0000,0x03cf0000)]
  0x01b56400 JavaThread "C1 CompilerThread0" daemon [_thread_blocked, id=19448, stack(0x040e0000,0x04130000)]
  0x01b49c00 JavaThread "Attach Listener" daemon [_thread_blocked, id=20396, stack(0x03ff0000,0x04040000)]
  0x01b47000 JavaThread "Signal Dispatcher" daemon [_thread_blocked, id=18900, stack(0x03e40000,0x03e90000)]
  0x01b27800 JavaThread "Finalizer" daemon [_thread_blocked, id=20372, stack(0x03d80000,0x03dd0000)]
  0x01b22c00 JavaThread "Reference Handler" daemon [_thread_blocked, id=16744, stack(0x03f00000,0x03f50000)]

Other Threads:
  0x01b21400 VMThread [stack: 0x03df0000,0x03e40000] [id=20084]
  0x0413a000 WatcherThread [stack: 0x04370000,0x043c0000] [id=17084]

VM state:not at safepoint (normal execution)

VM Mutex/Monitor currently owned by a thread: None

Heap
 def new generation   total 8704K, used 4490K [0x23cf0000, 0x24660000, 0x29240000)
  eden space 7744K,  53% used [0x23cf0000, 0x240f5668, 0x24480000)
  from space 960K,  38% used [0x24480000, 0x244dd1d8, 0x24570000)
  to   space 960K,   0% used [0x24570000, 0x24570000, 0x24660000)
 tenured generation   total 19304K, used 12108K [0x29240000, 0x2a51a000, 0x33cf0000)
   the space 19304K,  62% used [0x29240000, 0x29e13258, 0x29e13400, 0x2a51a000)
 compacting perm gen  total 12288K, used 3583K [0x33cf0000, 0x348f0000, 0x37cf0000)
   the space 12288K,  29% used [0x33cf0000, 0x3406fd00, 0x3406fe00, 0x348f0000)
    ro space 10240K,  45% used [0x37cf0000, 0x38179b28, 0x38179c00, 0x386f0000)
    rw space 12288K,  54% used [0x386f0000, 0x38d7d0e8, 0x38d7d200, 0x392f0000)

Card table byte_map: [0x03bf0000,0x03ca0000] byte_map_base: 0x03ad1880

Polling page: 0x00270000

Code Cache  [0x01bf0000, 0x01dd8000, 0x03bf0000)
 total_blobs=952 nmethods=684 adapters=203 free_code_cache=30844Kb largest_free_block=31584000

Compilation events (10 events):
Event: 6.176 Thread 0x01b56400  686             java.util.IdentityHashMap::hash (18 bytes)
Event: 6.176 Thread 0x01b56400 nmethod 686 0x01dd01c8 code [0x01dd02c0, 0x01dd035c]
Event: 6.210 Thread 0x01b56400  687             sun.java2d.pipe.Region::isInsideQuickCheck (57 bytes)
Event: 6.211 Thread 0x01b56400 nmethod 687 0x01dd03c8 code [0x01dd04c0, 0x01dd05a0]
Event: 6.381 Thread 0x01b56400  688             com.sun.java.swing.SwingUtilities3::getDelegateRepaintManager (72 bytes)
Event: 6.382 Thread 0x01b56400 nmethod 688 0x01dd0608 code [0x01dd0760, 0x01dd094c]
Event: 6.416 Thread 0x01b56400  689             java.util.WeakHashMap$HashIterator::hasNext (95 bytes)
Event: 6.416 Thread 0x01b56400 nmethod 689 0x01dd0b08 code [0x01dd0c10, 0x01dd0d70]
Event: 6.553 Thread 0x01b56400  690             sun.awt.AWTAccessor::getComponentAccessor (19 bytes)
Event: 6.554 Thread 0x01b56400 nmethod 690 0x01dd0f08 code [0x01dd1010, 0x01dd10ac]

GC Heap History (10 events):
Event: 6.250 GC heap before
{Heap before GC invocations=43 (full 1):
 def new generation   total 8704K, used 8138K [0x23cf0000, 0x24660000, 0x29240000)
  eden space 7744K, 100% used [0x23cf0000, 0x24480000, 0x24480000)
  from space 960K,  41% used [0x24570000, 0x245d29c0, 0x24660000)
  to   space 960K,   0% used [0x24480000, 0x24480000, 0x24570000)
 tenured generation   total 19304K, used 12031K [0x29240000, 0x2a51a000, 0x33cf0000)
   the space 19304K,  62% used [0x29240000, 0x29dffdb8, 0x29dffe00, 0x2a51a000)
 compacting perm gen  total 12288K, used 3561K [0x33cf0000, 0x348f0000, 0x37cf0000)
   the space 12288K,  28% used [0x33cf0000, 0x3406a418, 0x3406a600, 0x348f0000)
    ro space 10240K,  45% used [0x37cf0000, 0x38179b28, 0x38179c00, 0x386f0000)
    rw space 12288K,  54% used [0x386f0000, 0x38d7d0e8, 0x38d7d200, 0x392f0000)
Event: 6.252 GC heap after
Heap after GC invocations=44 (full 1):
 def new generation   total 8704K, used 389K [0x23cf0000, 0x24660000, 0x29240000)
  eden space 7744K,   0% used [0x23cf0000, 0x23cf0000, 0x24480000)
  from space 960K,  40% used [0x24480000, 0x244e1450, 0x24570000)
  to   space 960K,   0% used [0x24570000, 0x24570000, 0x24660000)
 tenured generation   total 19304K, used 12046K [0x29240000, 0x2a51a000, 0x33cf0000)
   the space 19304K,  62% used [0x29240000, 0x29e03b10, 0x29e03c00, 0x2a51a000)
 compacting perm gen  total 12288K, used 3561K [0x33cf0000, 0x348f0000, 0x37cf0000)
   the space 12288K,  28% used [0x33cf0000, 0x3406a418, 0x3406a600, 0x348f0000)
    ro space 10240K,  45% used [0x37cf0000, 0x38179b28, 0x38179c00, 0x386f0000)
    rw space 12288K,  54% used [0x386f0000, 0x38d7d0e8, 0x38d7d200, 0x392f0000)
}
Event: 6.325 GC heap before
{Heap before GC invocations=44 (full 1):
 def new generation   total 8704K, used 8133K [0x23cf0000, 0x24660000, 0x29240000)
  eden space 7744K, 100% used [0x23cf0000, 0x24480000, 0x24480000)
  from space 960K,  40% used [0x24480000, 0x244e1450, 0x24570000)
  to   space 960K,   0% used [0x24570000, 0x24570000, 0x24660000)
 tenured generation   total 19304K, used 12046K [0x29240000, 0x2a51a000, 0x33cf0000)
   the space 19304K,  62% used [0x29240000, 0x29e03b10, 0x29e03c00, 0x2a51a000)
 compacting perm gen  total 12288K, used 3561K [0x33cf0000, 0x348f0000, 0x37cf0000)
   the space 12288K,  28% used [0x33cf0000, 0x3406a418, 0x3406a600, 0x348f0000)
    ro space 10240K,  45% used [0x37cf0000, 0x38179b28, 0x38179c00, 0x386f0000)
    rw space 12288K,  54% used [0x386f0000, 0x38d7d0e8, 0x38d7d200, 0x392f0000)
Event: 6.326 GC heap after
Heap after GC invocations=45 (full 1):
 def new generation   total 8704K, used 388K [0x23cf0000, 0x24660000, 0x29240000)
  eden space 7744K,   0% used [0x23cf0000, 0x23cf0000, 0x24480000)
  from space 960K,  40% used [0x24570000, 0x245d1330, 0x24660000)
  to   space 960K,   0% used [0x24480000, 0x24480000, 0x24570000)
 tenured generation   total 19304K, used 12062K [0x29240000, 0x2a51a000, 0x33cf0000)
   the space 19304K,  62% used [0x29240000, 0x29e07868, 0x29e07a00, 0x2a51a000)
 compacting perm gen  total 12288K, used 3561K [0x33cf0000, 0x348f0000, 0x37cf0000)
   the space 12288K,  28% used [0x33cf0000, 0x3406a418, 0x3406a600, 0x348f0000)
    ro space 10240K,  45% used [0x37cf0000, 0x38179b28, 0x38179c00, 0x386f0000)
    rw space 12288K,  54% used [0x386f0000, 0x38d7d0e8, 0x38d7d200, 0x392f0000)
}
Event: 6.387 GC heap before
{Heap before GC invocations=45 (full 1):
 def new generation   total 8704K, used 8132K [0x23cf0000, 0x24660000, 0x29240000)
  eden space 7744K, 100% used [0x23cf0000, 0x24480000, 0x24480000)
  from space 960K,  40% used [0x24570000, 0x245d1330, 0x24660000)
  to   space 960K,   0% used [0x24480000, 0x24480000, 0x24570000)
 tenured generation   total 19304K, used 12062K [0x29240000, 0x2a51a000, 0x33cf0000)
   the space 19304K,  62% used [0x29240000, 0x29e07868, 0x29e07a00, 0x2a51a000)
 compacting perm gen  total 12288K, used 3561K [0x33cf0000, 0x348f0000, 0x37cf0000)
   the space 12288K,  28% used [0x33cf0000, 0x3406a418, 0x3406a600, 0x348f0000)
    ro space 10240K,  45% used [0x37cf0000, 0x38179b28, 0x38179c00, 0x386f0000)
    rw space 12288K,  54% used [0x386f0000, 0x38d7d0e8, 0x38d7d200, 0x392f0000)
Event: 6.388 GC heap after
Heap after GC invocations=46 (full 1):
 def new generation   total 8704K, used 383K [0x23cf0000, 0x24660000, 0x29240000)
  eden space 7744K,   0% used [0x23cf0000, 0x23cf0000, 0x24480000)
  from space 960K,  39% used [0x24480000, 0x244dfd78, 0x24570000)
  to   space 960K,   0% used [0x24570000, 0x24570000, 0x24660000)
 tenured generation   total 19304K, used 12077K [0x29240000, 0x2a51a000, 0x33cf0000)
   the space 19304K,  62% used [0x29240000, 0x29e0b5c0, 0x29e0b600, 0x2a51a000)
 compacting perm gen  total 12288K, used 3561K [0x33cf0000, 0x348f0000, 0x37cf0000)
   the space 12288K,  28% used [0x33cf0000, 0x3406a418, 0x3406a600, 0x348f0000)
    ro space 10240K,  45% used [0x37cf0000, 0x38179b28, 0x38179c00, 0x386f0000)
    rw space 12288K,  54% used [0x386f0000, 0x38d7d0e8, 0x38d7d200, 0x392f0000)
}
Event: 6.447 GC heap before
{Heap before GC invocations=46 (full 1):
 def new generation   total 8704K, used 8127K [0x23cf0000, 0x24660000, 0x29240000)
  eden space 7744K, 100% used [0x23cf0000, 0x24480000, 0x24480000)
  from space 960K,  39% used [0x24480000, 0x244dfd78, 0x24570000)
  to   space 960K,   0% used [0x24570000, 0x24570000, 0x24660000)
 tenured generation   total 19304K, used 12077K [0x29240000, 0x2a51a000, 0x33cf0000)
   the space 19304K,  62% used [0x29240000, 0x29e0b5c0, 0x29e0b600, 0x2a51a000)
 compacting perm gen  total 12288K, used 3561K [0x33cf0000, 0x348f0000, 0x37cf0000)
   the space 12288K,  28% used [0x33cf0000, 0x3406a418, 0x3406a600, 0x348f0000)
    ro space 10240K,  45% used [0x37cf0000, 0x38179b28, 0x38179c00, 0x386f0000)
    rw space 12288K,  54% used [0x386f0000, 0x38d7d0e8, 0x38d7d200, 0x392f0000)
Event: 6.448 GC heap after
Heap after GC invocations=47 (full 1):
 def new generation   total 8704K, used 378K [0x23cf0000, 0x24660000, 0x29240000)
  eden space 7744K,   0% used [0x23cf0000, 0x23cf0000, 0x24480000)
  from space 960K,  39% used [0x24570000, 0x245ce820, 0x24660000)
  to   space 960K,   0% used [0x24480000, 0x24480000, 0x24570000)
 tenured generation   total 19304K, used 12093K [0x29240000, 0x2a51a000, 0x33cf0000)
   the space 19304K,  62% used [0x29240000, 0x29e0f4f0, 0x29e0f600, 0x2a51a000)
 compacting perm gen  total 12288K, used 3561K [0x33cf0000, 0x348f0000, 0x37cf0000)
   the space 12288K,  28% used [0x33cf0000, 0x3406a418, 0x3406a600, 0x348f0000)
    ro space 10240K,  45% used [0x37cf0000, 0x38179b28, 0x38179c00, 0x386f0000)
    rw space 12288K,  54% used [0x386f0000, 0x38d7d0e8, 0x38d7d200, 0x392f0000)
}
Event: 6.516 GC heap before
{Heap before GC invocations=47 (full 1):
 def new generation   total 8704K, used 8122K [0x23cf0000, 0x24660000, 0x29240000)
  eden space 7744K, 100% used [0x23cf0000, 0x24480000, 0x24480000)
  from space 960K,  39% used [0x24570000, 0x245ce820, 0x24660000)
  to   space 960K,   0% used [0x24480000, 0x24480000, 0x24570000)
 tenured generation   total 19304K, used 12093K [0x29240000, 0x2a51a000, 0x33cf0000)
   the space 19304K,  62% used [0x29240000, 0x29e0f4f0, 0x29e0f600, 0x2a51a000)
 compacting perm gen  total 12288K, used 3561K [0x33cf0000, 0x348f0000, 0x37cf0000)
   the space 12288K,  28% used [0x33cf0000, 0x3406a418, 0x3406a600, 0x348f0000)
    ro space 10240K,  45% used [0x37cf0000, 0x38179b28, 0x38179c00, 0x386f0000)
    rw space 12288K,  54% used [0x386f0000, 0x38d7d0e8, 0x38d7d200, 0x392f0000)
Event: 6.517 GC heap after
Heap after GC invocations=48 (full 1):
 def new generation   total 8704K, used 372K [0x23cf0000, 0x24660000, 0x29240000)
  eden space 7744K,   0% used [0x23cf0000, 0x23cf0000, 0x24480000)
  from space 960K,  38% used [0x24480000, 0x244dd1d8, 0x24570000)
  to   space 960K,   0% used [0x24570000, 0x24570000, 0x24660000)
 tenured generation   total 19304K, used 12108K [0x29240000, 0x2a51a000, 0x33cf0000)
   the space 19304K,  62% used [0x29240000, 0x29e13258, 0x29e13400, 0x2a51a000)
 compacting perm gen  total 12288K, used 3561K [0x33cf0000, 0x348f0000, 0x37cf0000)
   the space 12288K,  28% used [0x33cf0000, 0x3406a418, 0x3406a600, 0x348f0000)
    ro space 10240K,  45% used [0x37cf0000, 0x38179b28, 0x38179c00, 0x386f0000)
    rw space 12288K,  54% used [0x386f0000, 0x38d7d0e8, 0x38d7d200, 0x392f0000)
}

Deoptimization events (0 events):
No events

Internal exceptions (10 events):
Event: 3.004 Thread 0x04211000 Threw 0x240df3d0 at C:\jdk7u2_32P\jdk7u25\hotspot\src\share\vm\prims\jvm.cpp:1235
Event: 3.005 Thread 0x04211000 Threw 0x240e2e18 at C:\jdk7u2_32P\jdk7u25\hotspot\src\share\vm\prims\jvm.cpp:1235
Event: 3.010 Thread 0x04211000 Threw 0x24112c60 at C:\jdk7u2_32P\jdk7u25\hotspot\src\share\vm\prims\jvm.cpp:1235
Event: 3.012 Thread 0x04211000 Threw 0x2412d138 at C:\jdk7u2_32P\jdk7u25\hotspot\src\share\vm\prims\jvm.cpp:1235
Event: 3.042 Thread 0x04211000 Threw 0x23cfa9f8 at C:\jdk7u2_32P\jdk7u25\hotspot\src\share\vm\prims\jvm.cpp:1235
Event: 3.086 Thread 0x04211000 Threw 0x23e57920 at C:\jdk7u2_32P\jdk7u25\hotspot\src\share\vm\prims\jvm.cpp:1235
Event: 3.116 Thread 0x04211000 Threw 0x23e77038 at C:\jdk7u2_32P\jdk7u25\hotspot\src\share\vm\prims\jvm.cpp:1235
Event: 3.117 Thread 0x04211000 Threw 0x23e7a690 at C:\jdk7u2_32P\jdk7u25\hotspot\src\share\vm\prims\jvm.cpp:1235
Event: 3.117 Thread 0x04211000 Threw 0x23f5d770 at C:\jdk7u2_32P\jdk7u25\hotspot\src\share\vm\prims\jvm.cpp:1235
Event: 3.118 Thread 0x04211000 Threw 0x23f612f8 at C:\jdk7u2_32P\jdk7u25\hotspot\src\share\vm\prims\jvm.cpp:1235

Events (10 events):
Event: 6.387 Executing VM operation: GenCollectForAllocation
Event: 6.388 Executing VM operation: GenCollectForAllocation done
Event: 6.447 Executing VM operation: GenCollectForAllocation
Event: 6.448 Executing VM operation: GenCollectForAllocation done
Event: 6.516 Executing VM operation: GenCollectForAllocation
Event: 6.517 Executing VM operation: GenCollectForAllocation done
Event: 6.557 Thread 0x04304c00 Thread added: 0x04304c00
Event: 6.557 Thread 0x04305000 Thread added: 0x04305000
Event: 6.558 loading class 0x39312800
Event: 6.558 loading class 0x39312800 done


Dynamic libraries:
0x01250000 - 0x0127f000 	C:\Program Files\Java\jdk1.7.0_25\bin\javaw.exe
0x77810000 - 0x7794c000 	C:\Windows\SYSTEM32\ntdll.dll
0x77520000 - 0x775f4000 	C:\Windows\system32\kernel32.dll
0x75ab0000 - 0x75afb000 	C:\Windows\system32\KERNELBASE.dll
0x76d40000 - 0x76de0000 	C:\Windows\system32\ADVAPI32.dll
0x77460000 - 0x7750c000 	C:\Windows\system32\msvcrt.dll
0x77220000 - 0x77239000 	C:\Windows\SYSTEM32\sechost.dll
0x75bb0000 - 0x75c52000 	C:\Windows\system32\RPCRT4.dll
0x77300000 - 0x773c9000 	C:\Windows\system32\USER32.dll
0x76f70000 - 0x76fbe000 	C:\Windows\system32\GDI32.dll
0x77510000 - 0x7751a000 	C:\Windows\system32\LPK.dll
0x779a0000 - 0x77a3d000 	C:\Windows\system32\USP10.dll
0x74bf0000 - 0x74d8e000 	C:\Windows\WinSxS\x86_microsoft.windows.common-controls_6595b64144ccf1df_6.0.7601.17514_none_41e6975e2bd6f2b2\COMCTL32.dll
0x76fc0000 - 0x77017000 	C:\Windows\system32\SHLWAPI.dll
0x76de0000 - 0x76dff000 	C:\Windows\system32\IMM32.DLL
0x75eb0000 - 0x75f7c000 	C:\Windows\system32\MSCTF.dll
0x6d9e0000 - 0x6da9e000 	C:\Program Files\Java\jdk1.7.0_25\jre\bin\msvcr100.dll
0x65560000 - 0x658a2000 	C:\Program Files\Java\jdk1.7.0_25\jre\bin\client\jvm.dll
0x72d30000 - 0x72d37000 	C:\Windows\system32\WSOCK32.dll
0x77240000 - 0x77275000 	C:\Windows\system32\WS2_32.dll
0x76f60000 - 0x76f66000 	C:\Windows\system32\NSI.dll
0x74440000 - 0x74472000 	C:\Windows\system32\WINMM.dll
0x76d30000 - 0x76d35000 	C:\Windows\system32\PSAPI.DLL
0x73fa0000 - 0x73fac000 	C:\Program Files\Java\jdk1.7.0_25\jre\bin\verify.dll
0x73610000 - 0x73630000 	C:\Program Files\Java\jdk1.7.0_25\jre\bin\java.dll
0x73630000 - 0x73643000 	C:\Program Files\Java\jdk1.7.0_25\jre\bin\zip.dll
0x5cb80000 - 0x5ccc4000 	C:\Program Files\Java\jdk1.7.0_25\jre\bin\awt.dll
0x75e20000 - 0x75eaf000 	C:\Windows\system32\OLEAUT32.dll
0x76bd0000 - 0x76d2c000 	C:\Windows\system32\ole32.dll
0x73e10000 - 0x73e50000 	C:\Windows\system32\uxtheme.dll
0x71db0000 - 0x71e4f000 	C:\ProgramData\Tencent\TSVulFw\TSVulFW.DAT
0x74960000 - 0x74969000 	C:\Windows\system32\VERSION.dll
0x75f80000 - 0x76bca000 	C:\Windows\system32\SHELL32.dll
0x73c00000 - 0x73c13000 	C:\Windows\system32\dwmapi.dll
0x757d0000 - 0x757dc000 	C:\Windows\system32\CRYPTBASE.dll
0x10000000 - 0x1000f000 	D:\Users\Leslie\AppData\Local\Youdao\Dict\5.4.43.3217\WordStrokeHelper32.dll
0x72500000 - 0x72531000 	C:\Program Files\Java\jdk1.7.0_25\jre\bin\fontmanager.dll
0x72980000 - 0x72994000 	C:\Program Files\Java\jdk1.7.0_25\jre\bin\net.dll
0x752a0000 - 0x752dc000 	C:\Windows\system32\mswsock.dll
0x75290000 - 0x75296000 	C:\Windows\System32\wship6.dll
0x73fb0000 - 0x73fbf000 	C:\Program Files\Java\jdk1.7.0_25\jre\bin\nio.dll
0x73250000 - 0x73280000 	C:\Program Files\Java\jdk1.7.0_25\jre\bin\t2k.dll
0x773d0000 - 0x77453000 	C:\Windows\system32\CLBCatQ.DLL
0x75300000 - 0x75316000 	C:\Windows\system32\CRYPTSP.dll
0x75080000 - 0x750bb000 	C:\Windows\system32\rsaenh.dll
0x747d0000 - 0x747e7000 	C:\Windows\system32\USERENV.dll
0x75850000 - 0x7585b000 	C:\Windows\system32\profapi.dll
0x73ad0000 - 0x73ae0000 	C:\Windows\system32\NLAapi.dll
0x724b0000 - 0x724c0000 	C:\Windows\system32\napinsp.dll
0x72470000 - 0x72482000 	C:\Windows\system32\pnrpnsp.dll
0x75160000 - 0x751a4000 	C:\Windows\system32\DNSAPI.dll
0x72460000 - 0x72468000 	C:\Windows\System32\winrnr.dll
0x72450000 - 0x7245d000 	C:\Windows\system32\wshbth.dll
0x72420000 - 0x72447000 	C:\Program Files\Common Files\Microsoft Shared\Windows Live\WLIDNSP.DLL
0x723f0000 - 0x72411000 	C:\Program Files\Bonjour\mdnsNSP.dll
0x74530000 - 0x7454c000 	C:\Windows\system32\Iphlpapi.DLL
0x74520000 - 0x74527000 	C:\Windows\system32\WINNSI.DLL
0x04f20000 - 0x04f37000 	C:\Program Files\Common Files\Thunder Network\NetMon\net_monitor2.0.2.9.dll
0x7c3a0000 - 0x7c41b000 	C:\Windows\system32\MSVCP71.dll
0x7c340000 - 0x7c396000 	C:\Windows\system32\MSVCR71.dll
0x74420000 - 0x74426000 	C:\Windows\System32\wshqos.dll
0x74410000 - 0x74415000 	C:\Windows\system32\wshtcpip.DLL
0x72300000 - 0x72306000 	C:\Windows\system32\rasadhlp.dll
0x70dd0000 - 0x70e08000 	C:\Windows\System32\fwpuclnt.dll
0x06610000 - 0x06665000 	C:\Users\Leslie\AppData\Local\Temp\jna6216632531096281588.dll
0x54260000 - 0x5447f000 	E:\workspace\android\MSCPROJECT\EEGAnalysis\edk.dll
0x53ef0000 - 0x540e2000 	E:\workspace\android\MSCPROJECT\EEGAnalysis\edk_utils.dll
0x6fa80000 - 0x6fae9000 	C:\Windows\system32\MSVCP100.dll
0x77020000 - 0x771bd000 	C:\Windows\system32\SETUPAPI.dll
0x75a80000 - 0x75aa7000 	C:\Windows\system32\CFGMGR32.dll
0x75b90000 - 0x75ba2000 	C:\Windows\system32\DEVOBJ.dll
0x73ba0000 - 0x73ba9000 	C:\Windows\system32\HID.DLL
0x06740000 - 0x0679f000 	D:\Users\Leslie\AppData\Local\Youdao\Dict\5.4.43.3217\TextExtractorImpl32.dll
0x73290000 - 0x732cc000 	C:\Windows\system32\OLEACC.dll
0x75a40000 - 0x75a6e000 	C:\Windows\system32\WINTRUST.dll
0x75920000 - 0x75a40000 	C:\Windows\system32\CRYPT32.dll
0x758c0000 - 0x758cc000 	C:\Windows\system32\MSASN1.dll
0x71f50000 - 0x71f74000 	C:\Program Files\Java\jdk1.7.0_25\jre\bin\dcpr.dll
0x72d50000 - 0x72e3b000 	C:\Windows\system32\dbghelp.dll
0x75780000 - 0x757cc000 	C:\Windows\system32\apphelp.dll

VM Arguments:
jvm_args: -Dfile.encoding=GBK 
java_command: com.lw.eeg.Main.EEGAnalysis
Launcher Type: SUN_STANDARD

Environment Variables:
JAVA_HOME=C:\Program Files\Java\jdk1.7.0_25
CLASSPATH=.;.;C:\PROGRA~1\JMF21~1.1E\lib\sound.jar;C:\PROGRA~1\JMF21~1.1E\lib\jmf.jar;C:\PROGRA~1\JMF21~1.1E\lib;
PATH=C:/Program Files/Java/jre7/bin/client;C:/Program Files/Java/jre7/bin;C:/Program Files/Java/jre7/lib/i386;C:\Windows\system32;C:\Windows\System32;C:\Program Files\Java\jdk1.7.0_25\bin;D:\Program Files\LaTex\miktex\bin\;E:\dvlTools\adt-bundle-windows-x86-20130522\eclipse;
USERNAME=Leslie
OS=Windows_NT
PROCESSOR_IDENTIFIER=x86 Family 6 Model 58 Stepping 9, GenuineIntel



---------------  S Y S T E M  ---------------

OS: Windows 7 Build 7601 Service Pack 1

CPU:total 4 (2 cores per cpu, 2 threads per core) family 6 model 58 stepping 9, cmov, cx8, fxsr, mmx, sse, sse2, sse3, ssse3, sse4.1, sse4.2, popcnt, avx, ht, tsc, tscinvbit, tscinv

Memory: 4k page, physical 3412076k(881800k free), swap 6822400k(2928688k free)

vm_info: Java HotSpot(TM) Client VM (23.25-b01) for windows-x86 JRE (1.7.0_25-b16), built on Jun 12 2013 20:29:09 by "java_re" with unknown MS VC++:1600

time: Sat Aug 31 21:39:52 2013
elapsed time: 6 seconds

