#
# A fatal error has been detected by the Java Runtime Environment:
#
#  EXCEPTION_ACCESS_VIOLATION (0xc0000005) at pc=0x65605ad9, pid=11488, tid=10180
#
# JRE version: 7.0_25-b16
# Java VM: Java HotSpot(TM) Client VM (23.25-b01 mixed mode, sharing windows-x86 )
# Problematic frame:
# V  [jvm.dll+0xa5ad9]
#
# Failed to write core dump. Minidumps are not enabled by default on client versions of Windows
#
# If you would like to submit a bug report, please visit:
#   http://bugreport.sun.com/bugreport/crash.jsp
#

---------------  T H R E A D  ---------------

Current thread (0x051c1400):  JavaThread "Thread-2" daemon [_thread_in_vm, id=10180, stack(0x05850000,0x058a0000)]

siginfo: ExceptionCode=0xc0000005, reading address 0x00000000

Registers:
EAX=0x00000000, EBX=0x051d8801, ECX=0x00000000, EDX=0x00000000
ESP=0x0589ed9c, EBP=0x0589eda8, ESI=0x051c1400, EDI=0x051d8850
EIP=0x65605ad9, EFLAGS=0x00010206

Top of Stack: (sp=0x0589ed9c)
0x0589ed9c:   0589ee30 00000000 051d8850 0589f018
0x0589edac:   064342a8 051c1528 051d8850 00000000
0x0589edbc:   0589edd0 0589edf0 656a8a57 00000020
0x0589edcc:   06434220 65563d83 051c1400 68f1aa38
0x0589eddc:   00000000 0589ee14 65563d83 00000020
0x0589edec:   0643420c 00000001 051c1400 0589f050
0x0589edfc:   0589edec 0589ee10 0589f70c 68f1aa2c
0x0589ee0c:   064341ee fffffffe 0589ee28 65605dad 

Instructions: (pc=0x65605ad9)
0x65605ab9:   8e 09 00 33 f6 eb 02 8b f1 6a 06 56 e8 46 e3 f5
0x65605ac9:   ff 8b 7d 0c 83 c4 08 b3 01 85 ff 74 3d 8b 45 10
0x65605ad9:   8b 00 50 32 db e8 3d 8f f7 ff 83 c4 04 85 c0 74
0x65605ae9:   29 8b 0f 8b 49 04 8b 50 10 83 c1 08 39 44 0a f8 


Register to memory mapping:

EAX=0x00000000 is an unknown value
EBX=0x051d8801 is an unknown value
ECX=0x00000000 is an unknown value
EDX=0x00000000 is an unknown value
ESP=0x0589ed9c is pointing into the stack for thread: 0x051c1400
EBP=0x0589eda8 is pointing into the stack for thread: 0x051c1400
ESI=0x051c1400 is a thread
EDI=0x051d8850 is an unknown value


Stack: [0x05850000,0x058a0000],  sp=0x0589ed9c,  free space=315k
Native frames: (J=compiled Java code, j=interpreted, Vv=VM code, C=native code)
V  [jvm.dll+0xa5ad9]
C  0x064342a8
C  0x06434d2e
J  com.sun.jna.Function.invokeInt(I[Ljava/lang/Object;)I
J  com.sun.jna.Function.invoke([Ljava/lang/Object;Ljava/lang/Class;Z)Ljava/lang/Object;
V  [jvm.dll+0x124afa]
V  [jvm.dll+0x1d224e]
V  [jvm.dll+0x124caf]
V  [jvm.dll+0x124d17]
V  [jvm.dll+0xcf06f]
V  [jvm.dll+0x144447]
V  [jvm.dll+0x1445b0]
V  [jvm.dll+0x177bb9]
C  [msvcr100.dll+0x5c6de]  endthreadex+0x3a
C  [msvcr100.dll+0x5c788]  endthreadex+0xe4
C  [kernel32.dll+0x4ed6c]  BaseThreadInitThunk+0x12
C  [ntdll.dll+0x637eb]  RtlInitializeExceptionChain+0xef
C  [ntdll.dll+0x637be]  RtlInitializeExceptionChain+0xc2

Java frames: (J=compiled Java code, j=interpreted, Vv=VM code)
J  com.sun.jna.Function.invokeInt(I[Ljava/lang/Object;)I
J  com.sun.jna.Function.invoke([Ljava/lang/Object;Ljava/lang/Class;Z)Ljava/lang/Object;
J  com.sun.jna.Function.invoke(Ljava/lang/Class;[Ljava/lang/Object;Ljava/util/Map;)Ljava/lang/Object;
J  com.sun.jna.Library$Handler.invoke(Ljava/lang/Object;Ljava/lang/reflect/Method;[Ljava/lang/Object;)Ljava/lang/Object;
J  com.sun.proxy.$Proxy0.EE_EngineGetNextEvent(Lcom/sun/jna/Pointer;)I
J  com.lw.eeg.EEGLog.EEGLog$Thread_EEG.run()V
v  ~StubRoutines::call_stub

---------------  P R O C E S S  ---------------

Java Threads: ( => current thread )
  0x04287c00 JavaThread "Thread-0" daemon [_thread_in_native, id=11436, stack(0x04d60000,0x04db0000)]
=>0x051c1400 JavaThread "Thread-2" daemon [_thread_in_vm, id=10180, stack(0x05850000,0x058a0000)]
  0x050e7000 JavaThread "TimerQueue" daemon [_thread_blocked, id=10864, stack(0x058c0000,0x05910000)]
  0x01bdb800 JavaThread "DestroyJavaVM" [_thread_blocked, id=11348, stack(0x01a80000,0x01ad0000)]
  0x0415fc00 JavaThread "AWT-EventQueue-0" [_thread_blocked, id=11504, stack(0x046a0000,0x046f0000)]
  0x04133400 JavaThread "AWT-Shutdown" [_thread_blocked, id=10372, stack(0x03fe0000,0x04030000)]
  0x04132800 JavaThread "Java2D Disposer" daemon [_thread_blocked, id=10136, stack(0x043e0000,0x04430000)]
  0x01bb0400 JavaThread "Service Thread" daemon [_thread_blocked, id=9312, stack(0x04300000,0x04350000)]
  0x01bab400 JavaThread "C1 CompilerThread0" daemon [_thread_blocked, id=10368, stack(0x03e30000,0x03e80000)]
  0x01ba9c00 JavaThread "Attach Listener" daemon [_thread_blocked, id=11552, stack(0x04040000,0x04090000)]
  0x01ba7000 JavaThread "Signal Dispatcher" daemon [_thread_blocked, id=3640, stack(0x03ef0000,0x03f40000)]
  0x01b87800 JavaThread "Finalizer" daemon [_thread_blocked, id=8072, stack(0x03f40000,0x03f90000)]
  0x01b82c00 JavaThread "Reference Handler" daemon [_thread_blocked, id=11392, stack(0x03cf0000,0x03d40000)]

Other Threads:
  0x01b81400 VMThread [stack: 0x03de0000,0x03e30000] [id=9644]
  0x01bb1400 WatcherThread [stack: 0x03d70000,0x03dc0000] [id=10920]

VM state:not at safepoint (normal execution)

VM Mutex/Monitor currently owned by a thread: None

Heap
 def new generation   total 4928K, used 2829K [0x23cf0000, 0x24240000, 0x29240000)
  eden space 4416K,  64% used [0x23cf0000, 0x23fb2f90, 0x24140000)
  from space 512K,   0% used [0x241c0000, 0x241c05c8, 0x24240000)
  to   space 512K,   0% used [0x24140000, 0x24140000, 0x241c0000)
 tenured generation   total 10944K, used 9842K [0x29240000, 0x29cf0000, 0x33cf0000)
   the space 10944K,  89% used [0x29240000, 0x29bdca30, 0x29bdcc00, 0x29cf0000)
 compacting perm gen  total 12288K, used 3063K [0x33cf0000, 0x348f0000, 0x37cf0000)
   the space 12288K,  24% used [0x33cf0000, 0x33fede80, 0x33fee000, 0x348f0000)
    ro space 10240K,  45% used [0x37cf0000, 0x38179b28, 0x38179c00, 0x386f0000)
    rw space 12288K,  54% used [0x386f0000, 0x38d7d0e8, 0x38d7d200, 0x392f0000)

Card table byte_map: [0x03be0000,0x03c90000] byte_map_base: 0x03ac1880

Polling page: 0x00130000

Code Cache  [0x01be0000, 0x01d88000, 0x03be0000)
 total_blobs=888 nmethods=637 adapters=186 free_code_cache=31076Kb largest_free_block=31820352

Compilation events (10 events):
Event: 48.584 Thread 0x01bab400  641             sun.java2d.SunGraphics2D::validateColor (101 bytes)
Event: 48.584 Thread 0x01bab400 nmethod 641 0x01d863c8 code [0x01d86510, 0x01d866e8]
Event: 48.584 Thread 0x01bab400  642             sun.java2d.SunGraphics2D::dispose (12 bytes)
Event: 48.584 Thread 0x01bab400 nmethod 642 0x01d86808 code [0x01d86910, 0x01d869ac]
Event: 48.686 Thread 0x01bab400  643             sun.java2d.SunGraphics2D::setFont (105 bytes)
Event: 48.687 Thread 0x01bab400 nmethod 643 0x01d86a08 code [0x01d86b30, 0x01d86df8]
Event: 48.788 Thread 0x01bab400  644             javax.swing.RepaintManager::currentManager (37 bytes)
Event: 48.789 Thread 0x01bab400 nmethod 644 0x01d86f48 code [0x01d87070, 0x01d871c4]
Event: 48.856 Thread 0x01bab400  645             javax.swing.SwingUtilities::getPaintingOrigin (33 bytes)
Event: 48.857 Thread 0x01bab400 nmethod 645 0x01d872c8 code [0x01d873e0, 0x01d87518]

GC Heap History (10 events):
Event: 48.332 GC heap before
{Heap before GC invocations=366 (full 0):
 def new generation   total 4928K, used 4418K [0x23cf0000, 0x24240000, 0x29240000)
  eden space 4416K, 100% used [0x23cf0000, 0x24140000, 0x24140000)
  from space 512K,   0% used [0x24140000, 0x24140ac0, 0x241c0000)
  to   space 512K,   0% used [0x241c0000, 0x241c0000, 0x24240000)
 tenured generation   total 10944K, used 9842K [0x29240000, 0x29cf0000, 0x33cf0000)
   the space 10944K,  89% used [0x29240000, 0x29bdca30, 0x29bdcc00, 0x29cf0000)
 compacting perm gen  total 12288K, used 3061K [0x33cf0000, 0x348f0000, 0x37cf0000)
   the space 12288K,  24% used [0x33cf0000, 0x33fed540, 0x33fed600, 0x348f0000)
    ro space 10240K,  45% used [0x37cf0000, 0x38179b28, 0x38179c00, 0x386f0000)
    rw space 12288K,  54% used [0x386f0000, 0x38d7d0e8, 0x38d7d200, 0x392f0000)
Event: 48.332 GC heap after
Heap after GC invocations=367 (full 0):
 def new generation   total 4928K, used 1K [0x23cf0000, 0x24240000, 0x29240000)
  eden space 4416K,   0% used [0x23cf0000, 0x23cf0000, 0x24140000)
  from space 512K,   0% used [0x241c0000, 0x241c0710, 0x24240000)
  to   space 512K,   0% used [0x24140000, 0x24140000, 0x241c0000)
 tenured generation   total 10944K, used 9842K [0x29240000, 0x29cf0000, 0x33cf0000)
   the space 10944K,  89% used [0x29240000, 0x29bdca30, 0x29bdcc00, 0x29cf0000)
 compacting perm gen  total 12288K, used 3061K [0x33cf0000, 0x348f0000, 0x37cf0000)
   the space 12288K,  24% used [0x33cf0000, 0x33fed540, 0x33fed600, 0x348f0000)
    ro space 10240K,  45% used [0x37cf0000, 0x38179b28, 0x38179c00, 0x386f0000)
    rw space 12288K,  54% used [0x386f0000, 0x38d7d0e8, 0x38d7d200, 0x392f0000)
}
Event: 48.456 GC heap before
{Heap before GC invocations=367 (full 0):
 def new generation   total 4928K, used 4417K [0x23cf0000, 0x24240000, 0x29240000)
  eden space 4416K, 100% used [0x23cf0000, 0x24140000, 0x24140000)
  from space 512K,   0% used [0x241c0000, 0x241c0710, 0x24240000)
  to   space 512K,   0% used [0x24140000, 0x24140000, 0x241c0000)
 tenured generation   total 10944K, used 9842K [0x29240000, 0x29cf0000, 0x33cf0000)
   the space 10944K,  89% used [0x29240000, 0x29bdca30, 0x29bdcc00, 0x29cf0000)
 compacting perm gen  total 12288K, used 3061K [0x33cf0000, 0x348f0000, 0x37cf0000)
   the space 12288K,  24% used [0x33cf0000, 0x33fed540, 0x33fed600, 0x348f0000)
    ro space 10240K,  45% used [0x37cf0000, 0x38179b28, 0x38179c00, 0x386f0000)
    rw space 12288K,  54% used [0x386f0000, 0x38d7d0e8, 0x38d7d200, 0x392f0000)
Event: 48.456 GC heap after
Heap after GC invocations=368 (full 0):
 def new generation   total 4928K, used 1K [0x23cf0000, 0x24240000, 0x29240000)
  eden space 4416K,   0% used [0x23cf0000, 0x23cf0000, 0x24140000)
  from space 512K,   0% used [0x24140000, 0x24140720, 0x241c0000)
  to   space 512K,   0% used [0x241c0000, 0x241c0000, 0x24240000)
 tenured generation   total 10944K, used 9842K [0x29240000, 0x29cf0000, 0x33cf0000)
   the space 10944K,  89% used [0x29240000, 0x29bdca30, 0x29bdcc00, 0x29cf0000)
 compacting perm gen  total 12288K, used 3061K [0x33cf0000, 0x348f0000, 0x37cf0000)
   the space 12288K,  24% used [0x33cf0000, 0x33fed540, 0x33fed600, 0x348f0000)
    ro space 10240K,  45% used [0x37cf0000, 0x38179b28, 0x38179c00, 0x386f0000)
    rw space 12288K,  54% used [0x386f0000, 0x38d7d0e8, 0x38d7d200, 0x392f0000)
}
Event: 48.578 GC heap before
{Heap before GC invocations=368 (full 0):
 def new generation   total 4928K, used 4417K [0x23cf0000, 0x24240000, 0x29240000)
  eden space 4416K, 100% used [0x23cf0000, 0x24140000, 0x24140000)
  from space 512K,   0% used [0x24140000, 0x24140720, 0x241c0000)
  to   space 512K,   0% used [0x241c0000, 0x241c0000, 0x24240000)
 tenured generation   total 10944K, used 9842K [0x29240000, 0x29cf0000, 0x33cf0000)
   the space 10944K,  89% used [0x29240000, 0x29bdca30, 0x29bdcc00, 0x29cf0000)
 compacting perm gen  total 12288K, used 3061K [0x33cf0000, 0x348f0000, 0x37cf0000)
   the space 12288K,  24% used [0x33cf0000, 0x33fed540, 0x33fed600, 0x348f0000)
    ro space 10240K,  45% used [0x37cf0000, 0x38179b28, 0x38179c00, 0x386f0000)
    rw space 12288K,  54% used [0x386f0000, 0x38d7d0e8, 0x38d7d200, 0x392f0000)
Event: 48.578 GC heap after
Heap after GC invocations=369 (full 0):
 def new generation   total 4928K, used 1K [0x23cf0000, 0x24240000, 0x29240000)
  eden space 4416K,   0% used [0x23cf0000, 0x23cf0000, 0x24140000)
  from space 512K,   0% used [0x241c0000, 0x241c0720, 0x24240000)
  to   space 512K,   0% used [0x24140000, 0x24140000, 0x241c0000)
 tenured generation   total 10944K, used 9842K [0x29240000, 0x29cf0000, 0x33cf0000)
   the space 10944K,  89% used [0x29240000, 0x29bdca30, 0x29bdcc00, 0x29cf0000)
 compacting perm gen  total 12288K, used 3061K [0x33cf0000, 0x348f0000, 0x37cf0000)
   the space 12288K,  24% used [0x33cf0000, 0x33fed540, 0x33fed600, 0x348f0000)
    ro space 10240K,  45% used [0x37cf0000, 0x38179b28, 0x38179c00, 0x386f0000)
    rw space 12288K,  54% used [0x386f0000, 0x38d7d0e8, 0x38d7d200, 0x392f0000)
}
Event: 48.701 GC heap before
{Heap before GC invocations=369 (full 0):
 def new generation   total 4928K, used 4417K [0x23cf0000, 0x24240000, 0x29240000)
  eden space 4416K, 100% used [0x23cf0000, 0x24140000, 0x24140000)
  from space 512K,   0% used [0x241c0000, 0x241c0720, 0x24240000)
  to   space 512K,   0% used [0x24140000, 0x24140000, 0x241c0000)
 tenured generation   total 10944K, used 9842K [0x29240000, 0x29cf0000, 0x33cf0000)
   the space 10944K,  89% used [0x29240000, 0x29bdca30, 0x29bdcc00, 0x29cf0000)
 compacting perm gen  total 12288K, used 3061K [0x33cf0000, 0x348f0000, 0x37cf0000)
   the space 12288K,  24% used [0x33cf0000, 0x33fed550, 0x33fed600, 0x348f0000)
    ro space 10240K,  45% used [0x37cf0000, 0x38179b28, 0x38179c00, 0x386f0000)
    rw space 12288K,  54% used [0x386f0000, 0x38d7d0e8, 0x38d7d200, 0x392f0000)
Event: 48.702 GC heap after
Heap after GC invocations=370 (full 0):
 def new generation   total 4928K, used 1K [0x23cf0000, 0x24240000, 0x29240000)
  eden space 4416K,   0% used [0x23cf0000, 0x23cf0000, 0x24140000)
  from space 512K,   0% used [0x24140000, 0x241405a8, 0x241c0000)
  to   space 512K,   0% used [0x241c0000, 0x241c0000, 0x24240000)
 tenured generation   total 10944K, used 9842K [0x29240000, 0x29cf0000, 0x33cf0000)
   the space 10944K,  89% used [0x29240000, 0x29bdca30, 0x29bdcc00, 0x29cf0000)
 compacting perm gen  total 12288K, used 3061K [0x33cf0000, 0x348f0000, 0x37cf0000)
   the space 12288K,  24% used [0x33cf0000, 0x33fed550, 0x33fed600, 0x348f0000)
    ro space 10240K,  45% used [0x37cf0000, 0x38179b28, 0x38179c00, 0x386f0000)
    rw space 12288K,  54% used [0x386f0000, 0x38d7d0e8, 0x38d7d200, 0x392f0000)
}
Event: 48.821 GC heap before
{Heap before GC invocations=370 (full 0):
 def new generation   total 4928K, used 4417K [0x23cf0000, 0x24240000, 0x29240000)
  eden space 4416K, 100% used [0x23cf0000, 0x24140000, 0x24140000)
  from space 512K,   0% used [0x24140000, 0x241405a8, 0x241c0000)
  to   space 512K,   0% used [0x241c0000, 0x241c0000, 0x24240000)
 tenured generation   total 10944K, used 9842K [0x29240000, 0x29cf0000, 0x33cf0000)
   the space 10944K,  89% used [0x29240000, 0x29bdca30, 0x29bdcc00, 0x29cf0000)
 compacting perm gen  total 12288K, used 3061K [0x33cf0000, 0x348f0000, 0x37cf0000)
   the space 12288K,  24% used [0x33cf0000, 0x33fed550, 0x33fed600, 0x348f0000)
    ro space 10240K,  45% used [0x37cf0000, 0x38179b28, 0x38179c00, 0x386f0000)
    rw space 12288K,  54% used [0x386f0000, 0x38d7d0e8, 0x38d7d200, 0x392f0000)
Event: 48.822 GC heap after
Heap after GC invocations=371 (full 0):
 def new generation   total 4928K, used 1K [0x23cf0000, 0x24240000, 0x29240000)
  eden space 4416K,   0% used [0x23cf0000, 0x23cf0000, 0x24140000)
  from space 512K,   0% used [0x241c0000, 0x241c05c8, 0x24240000)
  to   space 512K,   0% used [0x24140000, 0x24140000, 0x241c0000)
 tenured generation   total 10944K, used 9842K [0x29240000, 0x29cf0000, 0x33cf0000)
   the space 10944K,  89% used [0x29240000, 0x29bdca30, 0x29bdcc00, 0x29cf0000)
 compacting perm gen  total 12288K, used 3061K [0x33cf0000, 0x348f0000, 0x37cf0000)
   the space 12288K,  24% used [0x33cf0000, 0x33fed550, 0x33fed600, 0x348f0000)
    ro space 10240K,  45% used [0x37cf0000, 0x38179b28, 0x38179c00, 0x386f0000)
    rw space 12288K,  54% used [0x386f0000, 0x38d7d0e8, 0x38d7d200, 0x392f0000)
}

Deoptimization events (0 events):
No events

Internal exceptions (10 events):
Event: 4.245 Thread 0x051c1400 Threw 0x23d34318 at C:\jdk7u2_32P\jdk7u25\hotspot\src\share\vm\prims\jvm.cpp:1235
Event: 4.245 Thread 0x051c1400 Threw 0x23d36888 at C:\jdk7u2_32P\jdk7u25\hotspot\src\share\vm\prims\jvm.cpp:1235
Event: 4.246 Thread 0x051c1400 Threw 0x23d392e0 at C:\jdk7u2_32P\jdk7u25\hotspot\src\share\vm\prims\jvm.cpp:1235
Event: 4.246 Thread 0x051c1400 Threw 0x23d3bed8 at C:\jdk7u2_32P\jdk7u25\hotspot\src\share\vm\prims\jvm.cpp:1235
Event: 4.246 Thread 0x051c1400 Threw 0x23d3eac0 at C:\jdk7u2_32P\jdk7u25\hotspot\src\share\vm\prims\jvm.cpp:1235
Event: 4.248 Thread 0x051c1400 Threw 0x23d43538 at C:\jdk7u2_32P\jdk7u25\hotspot\src\share\vm\prims\jvm.cpp:1235
Event: 4.249 Thread 0x051c1400 Threw 0x23d4c550 at C:\jdk7u2_32P\jdk7u25\hotspot\src\share\vm\prims\jvm.cpp:1235
Event: 4.250 Thread 0x051c1400 Threw 0x23d50448 at C:\jdk7u2_32P\jdk7u25\hotspot\src\share\vm\prims\jvm.cpp:1235
Event: 4.251 Thread 0x051c1400 Threw 0x23d52ba0 at C:\jdk7u2_32P\jdk7u25\hotspot\src\share\vm\prims\jvm.cpp:1235
Event: 4.260 Thread 0x051c1400 Threw 0x23d6da88 at C:\jdk7u2_32P\jdk7u25\hotspot\src\share\vm\prims\jvm.cpp:1235

Events (10 events):
Event: 48.702 Executing VM operation: GenCollectForAllocation done
Event: 48.821 Executing VM operation: GenCollectForAllocation
Event: 48.822 Executing VM operation: GenCollectForAllocation done
Event: 48.884 Thread 0x0535d800 Thread added: 0x0535d800
Event: 48.884 Thread 0x04287400 Thread added: 0x04287400
Event: 48.884 Thread 0x04287c00 Thread added: 0x04287c00
Event: 48.884 Thread 0x0535d800 Thread exited: 0x0535d800
Event: 48.895 Thread 0x04134000 Thread exited: 0x04134000
Event: 48.897 loading class 0x39312800
Event: 48.897 loading class 0x39312800 done


Dynamic libraries:
0x01250000 - 0x0127f000 	C:\Program Files\Java\jdk1.7.0_25\bin\javaw.exe
0x77810000 - 0x7794c000 	C:\Windows\SYSTEM32\ntdll.dll
0x77520000 - 0x775f4000 	C:\Windows\system32\kernel32.dll
0x75ab0000 - 0x75afb000 	C:\Windows\system32\KERNELBASE.dll
0x76d40000 - 0x76de0000 	C:\Windows\system32\ADVAPI32.dll
0x77460000 - 0x7750c000 	C:\Windows\system32\msvcrt.dll
0x77220000 - 0x77239000 	C:\Windows\SYSTEM32\sechost.dll
0x75bb0000 - 0x75c52000 	C:\Windows\system32\RPCRT4.dll
0x77300000 - 0x773c9000 	C:\Windows\system32\USER32.dll
0x76f70000 - 0x76fbe000 	C:\Windows\system32\GDI32.dll
0x77510000 - 0x7751a000 	C:\Windows\system32\LPK.dll
0x779a0000 - 0x77a3d000 	C:\Windows\system32\USP10.dll
0x74bf0000 - 0x74d8e000 	C:\Windows\WinSxS\x86_microsoft.windows.common-controls_6595b64144ccf1df_6.0.7601.17514_none_41e6975e2bd6f2b2\COMCTL32.dll
0x76fc0000 - 0x77017000 	C:\Windows\system32\SHLWAPI.dll
0x76de0000 - 0x76dff000 	C:\Windows\system32\IMM32.DLL
0x75eb0000 - 0x75f7c000 	C:\Windows\system32\MSCTF.dll
0x6d9e0000 - 0x6da9e000 	C:\Program Files\Java\jdk1.7.0_25\jre\bin\msvcr100.dll
0x65560000 - 0x658a2000 	C:\Program Files\Java\jdk1.7.0_25\jre\bin\client\jvm.dll
0x72d30000 - 0x72d37000 	C:\Windows\system32\WSOCK32.dll
0x77240000 - 0x77275000 	C:\Windows\system32\WS2_32.dll
0x76f60000 - 0x76f66000 	C:\Windows\system32\NSI.dll
0x74440000 - 0x74472000 	C:\Windows\system32\WINMM.dll
0x76d30000 - 0x76d35000 	C:\Windows\system32\PSAPI.DLL
0x73fa0000 - 0x73fac000 	C:\Program Files\Java\jdk1.7.0_25\jre\bin\verify.dll
0x73610000 - 0x73630000 	C:\Program Files\Java\jdk1.7.0_25\jre\bin\java.dll
0x73630000 - 0x73643000 	C:\Program Files\Java\jdk1.7.0_25\jre\bin\zip.dll
0x5d200000 - 0x5d344000 	C:\Program Files\Java\jdk1.7.0_25\jre\bin\awt.dll
0x75e20000 - 0x75eaf000 	C:\Windows\system32\OLEAUT32.dll
0x76bd0000 - 0x76d2c000 	C:\Windows\system32\ole32.dll
0x73e10000 - 0x73e50000 	C:\Windows\system32\uxtheme.dll
0x71db0000 - 0x71e4f000 	C:\ProgramData\Tencent\TSVulFw\TSVulFW.DAT
0x74960000 - 0x74969000 	C:\Windows\system32\VERSION.dll
0x75f80000 - 0x76bca000 	C:\Windows\system32\SHELL32.dll
0x73c00000 - 0x73c13000 	C:\Windows\system32\dwmapi.dll
0x757d0000 - 0x757dc000 	C:\Windows\system32\CRYPTBASE.dll
0x10000000 - 0x1000f000 	D:\Users\Leslie\AppData\Local\Youdao\Dict\5.4.43.3217\WordStrokeHelper32.dll
0x72500000 - 0x72531000 	C:\Program Files\Java\jdk1.7.0_25\jre\bin\fontmanager.dll
0x72980000 - 0x72994000 	C:\Program Files\Java\jdk1.7.0_25\jre\bin\net.dll
0x752a0000 - 0x752dc000 	C:\Windows\system32\mswsock.dll
0x75290000 - 0x75296000 	C:\Windows\System32\wship6.dll
0x73fb0000 - 0x73fbf000 	C:\Program Files\Java\jdk1.7.0_25\jre\bin\nio.dll
0x71f50000 - 0x71f80000 	C:\Program Files\Java\jdk1.7.0_25\jre\bin\t2k.dll
0x773d0000 - 0x77453000 	C:\Windows\system32\CLBCatQ.DLL
0x75300000 - 0x75316000 	C:\Windows\system32\CRYPTSP.dll
0x75080000 - 0x750bb000 	C:\Windows\system32\rsaenh.dll
0x747d0000 - 0x747e7000 	C:\Windows\system32\USERENV.dll
0x75850000 - 0x7585b000 	C:\Windows\system32\profapi.dll
0x73ad0000 - 0x73ae0000 	C:\Windows\system32\NLAapi.dll
0x724b0000 - 0x724c0000 	C:\Windows\system32\napinsp.dll
0x72470000 - 0x72482000 	C:\Windows\system32\pnrpnsp.dll
0x75160000 - 0x751a4000 	C:\Windows\system32\DNSAPI.dll
0x72460000 - 0x72468000 	C:\Windows\System32\winrnr.dll
0x72450000 - 0x7245d000 	C:\Windows\system32\wshbth.dll
0x72420000 - 0x72447000 	C:\Program Files\Common Files\Microsoft Shared\Windows Live\WLIDNSP.DLL
0x723f0000 - 0x72411000 	C:\Program Files\Bonjour\mdnsNSP.dll
0x74530000 - 0x7454c000 	C:\Windows\system32\Iphlpapi.DLL
0x74520000 - 0x74527000 	C:\Windows\system32\WINNSI.DLL
0x04ff0000 - 0x05007000 	C:\Program Files\Common Files\Thunder Network\NetMon\net_monitor2.0.2.9.dll
0x7c3a0000 - 0x7c41b000 	C:\Windows\system32\MSVCP71.dll
0x7c340000 - 0x7c396000 	C:\Windows\system32\MSVCR71.dll
0x74420000 - 0x74426000 	C:\Windows\System32\wshqos.dll
0x74410000 - 0x74415000 	C:\Windows\system32\wshtcpip.DLL
0x72300000 - 0x72306000 	C:\Windows\system32\rasadhlp.dll
0x70dd0000 - 0x70e08000 	C:\Windows\System32\fwpuclnt.dll
0x066b0000 - 0x0670f000 	D:\Users\Leslie\AppData\Local\Youdao\Dict\5.4.43.3217\TextExtractorImpl32.dll
0x73290000 - 0x732cc000 	C:\Windows\system32\OLEACC.dll
0x53d70000 - 0x53f8f000 	E:\workspace\android\MSCPROJECT\EEGAnalysis\edk.dll
0x53310000 - 0x53502000 	E:\workspace\android\MSCPROJECT\EEGAnalysis\edk_utils.dll
0x6fa80000 - 0x6fae9000 	C:\Windows\system32\MSVCP100.dll
0x77020000 - 0x771bd000 	C:\Windows\system32\SETUPAPI.dll
0x75a80000 - 0x75aa7000 	C:\Windows\system32\CFGMGR32.dll
0x75b90000 - 0x75ba2000 	C:\Windows\system32\DEVOBJ.dll
0x73ba0000 - 0x73ba9000 	C:\Windows\system32\HID.DLL
0x75a40000 - 0x75a6e000 	C:\Windows\system32\WINTRUST.dll
0x75920000 - 0x75a40000 	C:\Windows\system32\CRYPT32.dll
0x758c0000 - 0x758cc000 	C:\Windows\system32\MSASN1.dll
0x72d50000 - 0x72e3b000 	C:\Windows\system32\dbghelp.dll

VM Arguments:
jvm_args: -Dfile.encoding=GBK 
java_command: com.lw.eeg.Main.EEGAnalysis
Launcher Type: SUN_STANDARD

Environment Variables:
JAVA_HOME=C:\Program Files\Java\jdk1.7.0_25
CLASSPATH=.;.;C:\PROGRA~1\JMF21~1.1E\lib\sound.jar;C:\PROGRA~1\JMF21~1.1E\lib\jmf.jar;C:\PROGRA~1\JMF21~1.1E\lib;
PATH=C:/Program Files/Java/jre7/bin/client;C:/Program Files/Java/jre7/bin;C:/Program Files/Java/jre7/lib/i386;C:\Windows\system32;C:\Windows\System32;C:\Program Files\Java\jdk1.7.0_25\bin;D:\Program Files\LaTex\miktex\bin\;E:\dvlTools\adt-bundle-windows-x86-20130522\eclipse;
USERNAME=Leslie
OS=Windows_NT
PROCESSOR_IDENTIFIER=x86 Family 6 Model 58 Stepping 9, GenuineIntel



---------------  S Y S T E M  ---------------

OS: Windows 7 Build 7601 Service Pack 1

CPU:total 4 (2 cores per cpu, 2 threads per core) family 6 model 58 stepping 9, cmov, cx8, fxsr, mmx, sse, sse2, sse3, ssse3, sse4.1, sse4.2, popcnt, avx, ht, tsc, tscinvbit, tscinv

Memory: 4k page, physical 3412076k(1293432k free), swap 6822400k(3690580k free)

vm_info: Java HotSpot(TM) Client VM (23.25-b01) for windows-x86 JRE (1.7.0_25-b16), built on Jun 12 2013 20:29:09 by "java_re" with unknown MS VC++:1600

time: Sat Aug 31 14:47:50 2013
elapsed time: 48 seconds

